Log file open, 05/03/15 03:52:18
LogInit:Display: Running engine for game: RoadRunner
LogInit: Version: 4.7.5-2503383+++depot+UE4-Releases+4.7
LogInit: API Version: 2455222
LogInit: Compiled (64-bit): Apr  6 2015 23:21:51
LogInit: Compiled with Visual C++: 18.00.21005.01
LogInit: Build Configuration: Development
LogInit: Branch Name: ++depot+UE4-Releases+4.7
LogInit: Command line:  /Temp/Autosaves/Game/Maps/UEDPCPhysicsLevel -game -PIEVIACONSOLE -ResX=1280 -ResY=720  -Multiprocess 
LogInit: Base directory: C:/Program Files/Epic Games/4.7/Engine/Binaries/Win64/
LogInit: Rocket: 1
[2015.05.03-10.52.18:093][  0]LogTaskGraph: Started task graph with 3 named threads and 7 total threads.
[2015.05.03-10.52.18:153][  0]LogOnline:Warning: No default platform service specified for OnlineSubsystem
[2015.05.03-10.52.18:164][  0]LogInit: Presizing for 0 objects not considered by GC, pre-allocating 0 bytes.
[2015.05.03-10.52.18:172][  0]LogInit: Object subsystem initialized
[2015.05.03-10.52.18:174][  0]LogConsoleResponse:Warning: Skipping Unknown console variable: 'TranslucentSortAxis = (X=0.000000,Y=-1.000000,Z=0.000000)'
[2015.05.03-10.52.18:174][  0]LogConsoleResponse:Warning:   Found in ini file 'D:/RoadRunner/Saved/Config/Windows/Engine.ini', in section '[/Script/Engine.RendererSettings]'
[2015.05.03-10.52.18:174][  0]LogConsoleResponse:Warning: Skipping Unknown console variable: 'UIScaleRule = ShortestSide'
[2015.05.03-10.52.18:174][  0]LogConsoleResponse:Warning:   Found in ini file 'D:/RoadRunner/Saved/Config/Windows/Engine.ini', in section '[/Script/Engine.RendererSettings]'
[2015.05.03-10.52.18:174][  0]LogConsoleResponse:Warning: Skipping Unknown console variable: 'UIScaleCurve = (EditorCurveData=(Keys=),ExternalCurve=None)'
[2015.05.03-10.52.18:174][  0]LogConsoleResponse:Warning:   Found in ini file 'D:/RoadRunner/Saved/Config/Windows/Engine.ini', in section '[/Script/Engine.RendererSettings]'
[2015.05.03-10.52.18:174][  0]LogInit: Selected Device Profile: [Windows]
[2015.05.03-10.52.18:174][  0]LogInit: Applying CVar settings loaded from the selected device profile: [Windows]
[2015.05.03-10.52.18:177][  0]LogInit: Computer: CS210-WS-05
[2015.05.03-10.52.18:177][  0]LogInit: User: CS210
[2015.05.03-10.52.18:177][  0]LogInit: CPU Page size=4096, Cores=6
[2015.05.03-10.52.18:177][  0]LogInit: High frequency timer resolution =3.215263 MHz
[2015.05.03-10.52.18:177][  0]LogMemory: Memory total: Physical=15.9GB (16GB approx) Virtual=8192.0GB
[2015.05.03-10.52.18:177][  0]LogMemory: Platform Memory Stats for Windows
[2015.05.03-10.52.18:177][  0]LogMemory: Process Physical Memory: 49.62 MB used, 49.62 MB peak
[2015.05.03-10.52.18:177][  0]LogMemory: Process Virtual Memory: 27.59 MB used, 27.59 MB peak
[2015.05.03-10.52.18:177][  0]LogMemory: Physical Memory: 6227.91 MB used, 16271.58 MB total
[2015.05.03-10.52.18:177][  0]LogMemory: Virtual Memory: 282.66 MB used, 8388608.00 MB total
[2015.05.03-10.52.18:230][  0]LogD3D11RHI: Found D3D11 adapter 0: NVIDIA GeForce GTX 980 (Feature Level 11_0)
[2015.05.03-10.52.18:230][  0]LogD3D11RHI: Adapter has 3972MB of dedicated video memory, 0MB of dedicated system memory, and 7879MB of shared system memory, 1 output[s]
[2015.05.03-10.52.18:230][  0]LogD3D11RHI: Chosen D3D11 Adapter Id = 0
[2015.05.03-10.52.18:244][  0]LogRHI: Texture pool is 1361 MB (70% of 1945 MB)
[2015.05.03-10.52.18:254][  0]LogD3D11RHI: Async texture creation enabled
[2015.05.03-10.52.18:307][  0]LogTextLocalizationManager: The requested culture ('en_US') has no localization data; parent culture's ('en') localization data will be used.
[2015.05.03-10.52.18:360][  0]LogTextLocalizationManager:Warning: Loading localization resources contain conflicting entries for (Namespace:UICommands, Key:Save_ToolTip):
Resource: (C:/Program Files/Epic Games/4.7/Engine/Content/Localization/Editor/en/Editor.locres) Hash: (-29098895) String: (Saves the current level to disk)
Resource: (C:/Program Files/Epic Games/4.7/Engine/Content/Localization/Engine/en/Engine.locres) Hash: (-1280300587) String: (Save selected data to vlog file)
[2015.05.03-10.52.18:361][  0]LogTextLocalizationManager:Warning: Loading localization resources contain conflicting entries for (Namespace:ContentBrowser, Key:ImportAssetToolTip):
Resource: (C:/Program Files/Epic Games/4.7/Engine/Content/Localization/Editor/en/Editor.locres) Hash: (-630476809) String: (Import to {0}...)
Resource: (C:/Program Files/Epic Games/4.7/Engine/Content/Localization/Editor/en/Editor.locres) Hash: (1271782899) String: (Imports an asset from file to this folder.)
[2015.05.03-10.52.18:438][  0]LogContentStreaming: Texture pool size is 1000.000000MB
[2015.05.03-10.52.20:628][  0]LogTargetPlatformManager:Display: Building Assets For Windows
[2015.05.03-10.52.21:167][  0]LogTargetPlatformManager:Display: Building Assets For Windows
[2015.05.03-10.52.21:218][  0]LogDerivedDataCache:Display: Max Cache Size: 512 MB
[2015.05.03-10.52.21:259][  0]LogDerivedDataCache: Loaded boot cache 0.04s 39MB C:/Users/CS210/AppData/Local/UnrealEngine/4.7/DerivedDataCache/Boot.ddc.
[2015.05.03-10.52.21:259][  0]LogDerivedDataCache:Display: Loaded Boot cache: C:/Users/CS210/AppData/Local/UnrealEngine/4.7/DerivedDataCache/Boot.ddc
[2015.05.03-10.52.21:259][  0]LogDerivedDataCache: FDerivedDataBackendGraph:  Pak pak cache file D:/RoadRunner/DerivedDataCache/DDC.ddp not found, will not use a pak cache.
[2015.05.03-10.52.21:259][  0]LogDerivedDataCache: Unable to find inner node Pak for hierarchical cache Hierarchy.
[2015.05.03-10.52.21:388][  0]LogDerivedDataCache:Display: Pak cache opened for reading ../../../Engine/DerivedDataCache/Compressed.ddp.
[2015.05.03-10.52.21:400][  0]LogDerivedDataCache: Using Local data cache path C:/Users/CS210/AppData/Local/UnrealEngine/Common/DerivedDataCache: Writable
[2015.05.03-10.52.21:701][  0]LogMeshUtilities: No automatic mesh reduction module available
[2015.05.03-10.52.21:701][  0]LogMeshUtilities: No automatic mesh merging module available
[2015.05.03-10.52.22:018][  0]LogInit: WinSock: version 1.1 (2.2), MaxSocks=32767, MaxUdp=65467
[2015.05.03-10.52.22:383][  0]LogWindowsMoviePlayer: Unable to load movie: D:/RoadRunner/Content/Movies/Default_Startup.mp4
[2015.05.03-10.52.22:532][  0]LogSourceControl: RunCommandInternalRaw: 'git version'
[2015.05.03-10.52.22:532][  0]LogSourceControl: RunCommandInternalRaw: ExecProcess ReturnCode=2 OutResults=''
[2015.05.03-10.52.22:555][  0]SourceControl: Info Source control is disabled
[2015.05.03-10.52.22:555][  0]SourceControl: Info Source control is disabled
[2015.05.03-10.52.22:555][  0]SourceControl: Info Source control is disabled
[2015.05.03-10.52.22:562][  0]SourceControl: Info Source control is disabled
[2015.05.03-10.52.22:647][  0]LogObj: 23971 objects as part of root set at end of initial load.
[2015.05.03-10.52.22:647][  0]LogUObjectAllocator: 4988928 out of 0 bytes used by permanent object pool.
[2015.05.03-10.52.22:722][  0]LogAutomationTest:Warning: ERR: Transient text cannot be serialized "Testing Transient serialization detection".
[2015.05.03-10.52.22:722][  0]LogEngine: Initializing Engine...
[2015.05.03-10.52.22:727][  0]LogHMD:Warning: HMD Oculus Rift DK2, Monitor , res = 1920 x 1080, windowPos = {0, 0}
[2015.05.03-10.52.22:727][  0]LogHMD: Oculus plugin initialized. Version: 4.7.5-2503383+++depot+UE4-Releases+4.7, LibOVR: 0.4.4, built Apr  6 2015, 23:27:46
[2015.05.03-10.52.22:840][  0]LogInit: XAudio2 using 'Speakers (Sound Blaster Recon3Di)' : 2 channels at 48 kHz using 32 bits per sample (channel mask 0x3)
[2015.05.03-10.52.22:851][  0]LogInit: FAudioDevice initialized.
[2015.05.03-10.52.22:857][  0]LogInit: Texture streaming: Enabled
[2015.05.03-10.52.22:942][  0]LogAnalytics: Creating configured Analytics provider AnalyticsET
[2015.05.03-10.52.22:942][  0]LogAnalytics: ET APIKey = Rocket.Release. APIServer = http://et2.epicgames.com/ET2/. AppVersion = 4.7.5-2503383+++depot+UE4-Releases+4.7
[2015.05.03-10.52.22:942][  0]LogAnalytics: ET APIKey = Rocket.Release. DataRouterUploadURL = https://datarouter-public-service-gamedev.ol.epicgames.net/datarouter/api/v1/public/data. AppVersion = 4.7.5-2503383+++depot+UE4-Releases+4.7
[2015.05.03-10.52.22:942][  0]LogAnalytics: SetUserId d86d34d3402a841cf4326b90cfa07967|871743be8dc147e2bc510dfc1f536030|3a315af8-1361-406b-977f-a279fe964dc9
[2015.05.03-10.52.22:942][  0]LogAnalytics: AnalyticsET::StartSession [Rocket.Release]
[2015.05.03-10.52.22:985][  0]LogNet: Browse: /Temp/Autosaves/Game/Maps/UEDPCPhysicsLevel?Name=Player
[2015.05.03-10.52.22:986][  0]LogLoad: LoadMap: /Temp/Autosaves/Game/Maps/UEDPCPhysicsLevel?Name=Player
[2015.05.03-10.52.22:998][  0]LogMemory: Platform Memory Stats for Windows
[2015.05.03-10.52.22:998][  0]LogMemory: Process Physical Memory: 285.81 MB used, 294.99 MB peak
[2015.05.03-10.52.22:998][  0]LogMemory: Process Virtual Memory: 246.45 MB used, 255.37 MB peak
[2015.05.03-10.52.22:998][  0]LogMemory: Physical Memory: 6424.44 MB used, 16271.58 MB total
[2015.05.03-10.52.22:998][  0]LogMemory: Virtual Memory: 699.67 MB used, 8388608.00 MB total
[2015.05.03-10.52.22:998][  0]LogMemory: 
[2015.05.03-10.52.22:998][  0]Allocator Stats for TBB: (not implemented)
[2015.05.03-10.52.24:825][  0]LogLinker:Warning: Asset '../../../Engine/Content/EngineMeshes/Humanoid.uasset' has been saved with empty engine version. The asset will be loaded but may be incompatible.
[2015.05.03-10.52.25:694][  0]LogWorld: Game class is 'MyGameMode_C'
[2015.05.03-10.52.25:818][  0]LogAIModule: Creating AISystem for world PhysicsLevel
[2015.05.03-10.52.26:228][  0]PIE:Warning: Warning AttachTo: '/Temp/Autosaves/Game/Maps/UEDPCPhysicsLevel.PhysicsLevel:PersistentLevel.StartingPlatform.Root' is not static  (in blueprint "BP_BuildingBlockMovable"), cannot attach '/Temp/Autosaves/Game/Maps/UEDPCPhysicsLevel.PhysicsLevel:PersistentLevel.StartingPlatform.Floor' which is static to it. Aborting.
[2015.05.03-10.52.26:228][  0]PIE:Warning: Warning AttachTo: '/Temp/Autosaves/Game/Maps/UEDPCPhysicsLevel.PhysicsLevel:PersistentLevel.StartingPlatform.Root' is not static  (in blueprint "BP_BuildingBlockMovable"), cannot attach '/Temp/Autosaves/Game/Maps/UEDPCPhysicsLevel.PhysicsLevel:PersistentLevel.StartingPlatform.Ceilling' which is static to it. Aborting.
[2015.05.03-10.52.26:228][  0]PIE:Warning: Warning AttachTo: '/Temp/Autosaves/Game/Maps/UEDPCPhysicsLevel.PhysicsLevel:PersistentLevel.StartingPlatform.Root' is not static  (in blueprint "BP_BuildingBlockMovable"), cannot attach '/Temp/Autosaves/Game/Maps/UEDPCPhysicsLevel.PhysicsLevel:PersistentLevel.StartingPlatform.Wall1' which is static to it. Aborting.
[2015.05.03-10.52.26:228][  0]PIE:Warning: Warning AttachTo: '/Temp/Autosaves/Game/Maps/UEDPCPhysicsLevel.PhysicsLevel:PersistentLevel.StartingPlatform.Root' is not static  (in blueprint "BP_BuildingBlockMovable"), cannot attach '/Temp/Autosaves/Game/Maps/UEDPCPhysicsLevel.PhysicsLevel:PersistentLevel.StartingPlatform.Wall2' which is static to it. Aborting.
[2015.05.03-10.52.26:229][  0]PIE:Warning: Warning AttachTo: '/Temp/Autosaves/Game/Maps/UEDPCPhysicsLevel.PhysicsLevel:PersistentLevel.StartingPlatform.Root' is not static  (in blueprint "BP_BuildingBlockMovable"), cannot attach '/Temp/Autosaves/Game/Maps/UEDPCPhysicsLevel.PhysicsLevel:PersistentLevel.StartingPlatform.Wall3' which is static to it. Aborting.
[2015.05.03-10.52.26:229][  0]PIE:Warning: Warning AttachTo: '/Temp/Autosaves/Game/Maps/UEDPCPhysicsLevel.PhysicsLevel:PersistentLevel.StartingPlatform.Root' is not static  (in blueprint "BP_BuildingBlockMovable"), cannot attach '/Temp/Autosaves/Game/Maps/UEDPCPhysicsLevel.PhysicsLevel:PersistentLevel.StartingPlatform.Wall4' which is static to it. Aborting.
[2015.05.03-10.52.26:229][  0]PIE:Warning: Warning AttachTo: '/Temp/Autosaves/Game/Maps/UEDPCPhysicsLevel.PhysicsLevel:PersistentLevel.StartingPlatform.Root' is not static  (in blueprint "BP_BuildingBlockMovable"), cannot attach '/Temp/Autosaves/Game/Maps/UEDPCPhysicsLevel.PhysicsLevel:PersistentLevel.StartingPlatform.Support1' which is static to it. Aborting.
[2015.05.03-10.52.26:229][  0]PIE:Warning: Warning AttachTo: '/Temp/Autosaves/Game/Maps/UEDPCPhysicsLevel.PhysicsLevel:PersistentLevel.StartingPlatform.Root' is not static  (in blueprint "BP_BuildingBlockMovable"), cannot attach '/Temp/Autosaves/Game/Maps/UEDPCPhysicsLevel.PhysicsLevel:PersistentLevel.StartingPlatform.Support2' which is static to it. Aborting.
[2015.05.03-10.52.26:229][  0]PIE:Warning: Warning AttachTo: '/Temp/Autosaves/Game/Maps/UEDPCPhysicsLevel.PhysicsLevel:PersistentLevel.StartingPlatform.Root' is not static  (in blueprint "BP_BuildingBlockMovable"), cannot attach '/Temp/Autosaves/Game/Maps/UEDPCPhysicsLevel.PhysicsLevel:PersistentLevel.StartingPlatform.Support3' which is static to it. Aborting.
[2015.05.03-10.52.26:229][  0]PIE:Warning: Warning AttachTo: '/Temp/Autosaves/Game/Maps/UEDPCPhysicsLevel.PhysicsLevel:PersistentLevel.StartingPlatform.Root' is not static  (in blueprint "BP_BuildingBlockMovable"), cannot attach '/Temp/Autosaves/Game/Maps/UEDPCPhysicsLevel.PhysicsLevel:PersistentLevel.StartingPlatform.Support4' which is static to it. Aborting.
[2015.05.03-10.52.26:229][  0]PIE:Warning: Warning AttachTo: '/Temp/Autosaves/Game/Maps/UEDPCPhysicsLevel.PhysicsLevel:PersistentLevel.StartingPlatform.Root' is not static  (in blueprint "BP_BuildingBlockMovable"), cannot attach '/Temp/Autosaves/Game/Maps/UEDPCPhysicsLevel.PhysicsLevel:PersistentLevel.StartingPlatform.FillWall1Top' which is static to it. Aborting.
[2015.05.03-10.52.26:229][  0]PIE:Warning: Warning AttachTo: '/Temp/Autosaves/Game/Maps/UEDPCPhysicsLevel.PhysicsLevel:PersistentLevel.StartingPlatform.Root' is not static  (in blueprint "BP_BuildingBlockMovable"), cannot attach '/Temp/Autosaves/Game/Maps/UEDPCPhysicsLevel.PhysicsLevel:PersistentLevel.StartingPlatform.FIllWall1Bottom' which is static to it. Aborting.
[2015.05.03-10.52.26:229][  0]PIE:Warning: Warning AttachTo: '/Temp/Autosaves/Game/Maps/UEDPCPhysicsLevel.PhysicsLevel:PersistentLevel.StartingPlatform.Root' is not static  (in blueprint "BP_BuildingBlockMovable"), cannot attach '/Temp/Autosaves/Game/Maps/UEDPCPhysicsLevel.PhysicsLevel:PersistentLevel.StartingPlatform.FillWall2Top' which is static to it. Aborting.
[2015.05.03-10.52.26:230][  0]PIE:Warning: Warning AttachTo: '/Temp/Autosaves/Game/Maps/UEDPCPhysicsLevel.PhysicsLevel:PersistentLevel.StartingPlatform.Root' is not static  (in blueprint "BP_BuildingBlockMovable"), cannot attach '/Temp/Autosaves/Game/Maps/UEDPCPhysicsLevel.PhysicsLevel:PersistentLevel.StartingPlatform.FillWall2Bottom' which is static to it. Aborting.
[2015.05.03-10.52.26:230][  0]PIE:Warning: Warning AttachTo: '/Temp/Autosaves/Game/Maps/UEDPCPhysicsLevel.PhysicsLevel:PersistentLevel.StartingPlatform.Root' is not static  (in blueprint "BP_BuildingBlockMovable"), cannot attach '/Temp/Autosaves/Game/Maps/UEDPCPhysicsLevel.PhysicsLevel:PersistentLevel.StartingPlatform.FillWall3Top' which is static to it. Aborting.
[2015.05.03-10.52.26:230][  0]PIE:Warning: Warning AttachTo: '/Temp/Autosaves/Game/Maps/UEDPCPhysicsLevel.PhysicsLevel:PersistentLevel.StartingPlatform.Root' is not static  (in blueprint "BP_BuildingBlockMovable"), cannot attach '/Temp/Autosaves/Game/Maps/UEDPCPhysicsLevel.PhysicsLevel:PersistentLevel.StartingPlatform.FillWall3Bottom' which is static to it. Aborting.
[2015.05.03-10.52.26:230][  0]PIE:Warning: Warning AttachTo: '/Temp/Autosaves/Game/Maps/UEDPCPhysicsLevel.PhysicsLevel:PersistentLevel.StartingPlatform.Root' is not static  (in blueprint "BP_BuildingBlockMovable"), cannot attach '/Temp/Autosaves/Game/Maps/UEDPCPhysicsLevel.PhysicsLevel:PersistentLevel.StartingPlatform.FillWall4Top' which is static to it. Aborting.
[2015.05.03-10.52.26:230][  0]PIE:Warning: Warning AttachTo: '/Temp/Autosaves/Game/Maps/UEDPCPhysicsLevel.PhysicsLevel:PersistentLevel.StartingPlatform.Root' is not static  (in blueprint "BP_BuildingBlockMovable"), cannot attach '/Temp/Autosaves/Game/Maps/UEDPCPhysicsLevel.PhysicsLevel:PersistentLevel.StartingPlatform.FillWall4Bottom' which is static to it. Aborting.
[2015.05.03-10.52.26:647][  0]PIE:Warning: Warning AttachTo: '/Temp/Autosaves/Game/Maps/UEDPCPhysicsLevel.PhysicsLevel:PersistentLevel.StartingPlatform2.Root' is not static  (in blueprint "BP_BuildingBlockMovable"), cannot attach '/Temp/Autosaves/Game/Maps/UEDPCPhysicsLevel.PhysicsLevel:PersistentLevel.StartingPlatform2.Floor' which is static to it. Aborting.
[2015.05.03-10.52.26:647][  0]PIE:Warning: Warning AttachTo: '/Temp/Autosaves/Game/Maps/UEDPCPhysicsLevel.PhysicsLevel:PersistentLevel.StartingPlatform2.Root' is not static  (in blueprint "BP_BuildingBlockMovable"), cannot attach '/Temp/Autosaves/Game/Maps/UEDPCPhysicsLevel.PhysicsLevel:PersistentLevel.StartingPlatform2.Ceilling' which is static to it. Aborting.
[2015.05.03-10.52.26:647][  0]PIE:Warning: Warning AttachTo: '/Temp/Autosaves/Game/Maps/UEDPCPhysicsLevel.PhysicsLevel:PersistentLevel.StartingPlatform2.Root' is not static  (in blueprint "BP_BuildingBlockMovable"), cannot attach '/Temp/Autosaves/Game/Maps/UEDPCPhysicsLevel.PhysicsLevel:PersistentLevel.StartingPlatform2.Wall1' which is static to it. Aborting.
[2015.05.03-10.52.26:647][  0]PIE:Warning: Warning AttachTo: '/Temp/Autosaves/Game/Maps/UEDPCPhysicsLevel.PhysicsLevel:PersistentLevel.StartingPlatform2.Root' is not static  (in blueprint "BP_BuildingBlockMovable"), cannot attach '/Temp/Autosaves/Game/Maps/UEDPCPhysicsLevel.PhysicsLevel:PersistentLevel.StartingPlatform2.Wall2' which is static to it. Aborting.
[2015.05.03-10.52.26:647][  0]PIE:Warning: Warning AttachTo: '/Temp/Autosaves/Game/Maps/UEDPCPhysicsLevel.PhysicsLevel:PersistentLevel.StartingPlatform2.Root' is not static  (in blueprint "BP_BuildingBlockMovable"), cannot attach '/Temp/Autosaves/Game/Maps/UEDPCPhysicsLevel.PhysicsLevel:PersistentLevel.StartingPlatform2.Wall3' which is static to it. Aborting.
[2015.05.03-10.52.26:647][  0]PIE:Warning: Warning AttachTo: '/Temp/Autosaves/Game/Maps/UEDPCPhysicsLevel.PhysicsLevel:PersistentLevel.StartingPlatform2.Root' is not static  (in blueprint "BP_BuildingBlockMovable"), cannot attach '/Temp/Autosaves/Game/Maps/UEDPCPhysicsLevel.PhysicsLevel:PersistentLevel.StartingPlatform2.Wall4' which is static to it. Aborting.
[2015.05.03-10.52.26:648][  0]PIE:Warning: Warning AttachTo: '/Temp/Autosaves/Game/Maps/UEDPCPhysicsLevel.PhysicsLevel:PersistentLevel.StartingPlatform2.Root' is not static  (in blueprint "BP_BuildingBlockMovable"), cannot attach '/Temp/Autosaves/Game/Maps/UEDPCPhysicsLevel.PhysicsLevel:PersistentLevel.StartingPlatform2.Support1' which is static to it. Aborting.
[2015.05.03-10.52.26:648][  0]PIE:Warning: Warning AttachTo: '/Temp/Autosaves/Game/Maps/UEDPCPhysicsLevel.PhysicsLevel:PersistentLevel.StartingPlatform2.Root' is not static  (in blueprint "BP_BuildingBlockMovable"), cannot attach '/Temp/Autosaves/Game/Maps/UEDPCPhysicsLevel.PhysicsLevel:PersistentLevel.StartingPlatform2.Support2' which is static to it. Aborting.
[2015.05.03-10.52.26:648][  0]PIE:Warning: Warning AttachTo: '/Temp/Autosaves/Game/Maps/UEDPCPhysicsLevel.PhysicsLevel:PersistentLevel.StartingPlatform2.Root' is not static  (in blueprint "BP_BuildingBlockMovable"), cannot attach '/Temp/Autosaves/Game/Maps/UEDPCPhysicsLevel.PhysicsLevel:PersistentLevel.StartingPlatform2.Support3' which is static to it. Aborting.
[2015.05.03-10.52.26:648][  0]PIE:Warning: Warning AttachTo: '/Temp/Autosaves/Game/Maps/UEDPCPhysicsLevel.PhysicsLevel:PersistentLevel.StartingPlatform2.Root' is not static  (in blueprint "BP_BuildingBlockMovable"), cannot attach '/Temp/Autosaves/Game/Maps/UEDPCPhysicsLevel.PhysicsLevel:PersistentLevel.StartingPlatform2.Support4' which is static to it. Aborting.
[2015.05.03-10.52.26:648][  0]PIE:Warning: Warning AttachTo: '/Temp/Autosaves/Game/Maps/UEDPCPhysicsLevel.PhysicsLevel:PersistentLevel.StartingPlatform2.Root' is not static  (in blueprint "BP_BuildingBlockMovable"), cannot attach '/Temp/Autosaves/Game/Maps/UEDPCPhysicsLevel.PhysicsLevel:PersistentLevel.StartingPlatform2.FillWall1Top' which is static to it. Aborting.
[2015.05.03-10.52.26:648][  0]PIE:Warning: Warning AttachTo: '/Temp/Autosaves/Game/Maps/UEDPCPhysicsLevel.PhysicsLevel:PersistentLevel.StartingPlatform2.Root' is not static  (in blueprint "BP_BuildingBlockMovable"), cannot attach '/Temp/Autosaves/Game/Maps/UEDPCPhysicsLevel.PhysicsLevel:PersistentLevel.StartingPlatform2.FIllWall1Bottom' which is static to it. Aborting.
[2015.05.03-10.52.26:648][  0]PIE:Warning: Warning AttachTo: '/Temp/Autosaves/Game/Maps/UEDPCPhysicsLevel.PhysicsLevel:PersistentLevel.StartingPlatform2.Root' is not static  (in blueprint "BP_BuildingBlockMovable"), cannot attach '/Temp/Autosaves/Game/Maps/UEDPCPhysicsLevel.PhysicsLevel:PersistentLevel.StartingPlatform2.FillWall2Top' which is static to it. Aborting.
[2015.05.03-10.52.26:648][  0]PIE:Warning: Warning AttachTo: '/Temp/Autosaves/Game/Maps/UEDPCPhysicsLevel.PhysicsLevel:PersistentLevel.StartingPlatform2.Root' is not static  (in blueprint "BP_BuildingBlockMovable"), cannot attach '/Temp/Autosaves/Game/Maps/UEDPCPhysicsLevel.PhysicsLevel:PersistentLevel.StartingPlatform2.FillWall2Bottom' which is static to it. Aborting.
[2015.05.03-10.52.26:648][  0]PIE:Warning: Warning AttachTo: '/Temp/Autosaves/Game/Maps/UEDPCPhysicsLevel.PhysicsLevel:PersistentLevel.StartingPlatform2.Root' is not static  (in blueprint "BP_BuildingBlockMovable"), cannot attach '/Temp/Autosaves/Game/Maps/UEDPCPhysicsLevel.PhysicsLevel:PersistentLevel.StartingPlatform2.FillWall3Top' which is static to it. Aborting.
[2015.05.03-10.52.26:649][  0]PIE:Warning: Warning AttachTo: '/Temp/Autosaves/Game/Maps/UEDPCPhysicsLevel.PhysicsLevel:PersistentLevel.StartingPlatform2.Root' is not static  (in blueprint "BP_BuildingBlockMovable"), cannot attach '/Temp/Autosaves/Game/Maps/UEDPCPhysicsLevel.PhysicsLevel:PersistentLevel.StartingPlatform2.FillWall3Bottom' which is static to it. Aborting.
[2015.05.03-10.52.26:649][  0]PIE:Warning: Warning AttachTo: '/Temp/Autosaves/Game/Maps/UEDPCPhysicsLevel.PhysicsLevel:PersistentLevel.StartingPlatform2.Root' is not static  (in blueprint "BP_BuildingBlockMovable"), cannot attach '/Temp/Autosaves/Game/Maps/UEDPCPhysicsLevel.PhysicsLevel:PersistentLevel.StartingPlatform2.FillWall4Top' which is static to it. Aborting.
[2015.05.03-10.52.26:649][  0]PIE:Warning: Warning AttachTo: '/Temp/Autosaves/Game/Maps/UEDPCPhysicsLevel.PhysicsLevel:PersistentLevel.StartingPlatform2.Root' is not static  (in blueprint "BP_BuildingBlockMovable"), cannot attach '/Temp/Autosaves/Game/Maps/UEDPCPhysicsLevel.PhysicsLevel:PersistentLevel.StartingPlatform2.FillWall4Bottom' which is static to it. Aborting.
[2015.05.03-10.52.26:650][  0]LogWorld: Bringing World /Temp/Autosaves/Game/Maps/UEDPCPhysicsLevel.PhysicsLevel up for play (max tick rate 0) at 2015.05.03-03.52.26
[2015.05.03-10.52.26:667][  0]LogWorld: Bringing up level for play took: 0.849056
[2015.05.03-10.52.26:670][  0]LogInit:Display: Game Engine Initialized.
[2015.05.03-10.52.26:906][  0]LogLoad: Full Startup: 9.47 seconds (BP compile: 0.41 seconds)
[2015.05.03-10.52.27:066][  2]LogRenderer:Warning: Reallocating scene render targets to support 1280x720 (Frame:2).
[2015.05.03-10.52.32:751][682]LogRenderer:Warning: Reallocating scene render targets to support 1920x1080 (Frame:684).
[2015.05.03-10.52.32:925][682]LogRenderer:Warning: Reallocating scene render targets to support 2600x1464 (Frame:685).
[2015.05.03-10.52.33:036][684]LogRenderTargetPool:Warning: r.RenderTargetPoolMin exceeded 415/400 MB (ok in editor, bad on fixed memory platform)
[2015.05.03-10.52.43:711][978]LogHMD:Warning: Vision Tracking Acquired
[2015.05.03-10.54.19:615][932]LogPackageName: SearchForPackageOnDisk took   0.076s to resolve PhysicsLevel1.umap
[2015.05.03-10.54.19:728][933]LogPackageName: SearchForPackageOnDisk took   0.110s to resolve PhysicsLevel1.umap
[2015.05.03-10.54.19:728][933]LogNet: Browse: /Game/Maps/PhysicsLevel1
[2015.05.03-10.54.19:728][933]LogLoad: LoadMap: /Game/Maps/PhysicsLevel1
[2015.05.03-10.54.19:796][933]LogParticles: Destroying 0 GPU particle simulations for FXSystem 0x0000000019DFA200
[2015.05.03-10.54.19:815][933]LogMemory: Platform Memory Stats for Windows
[2015.05.03-10.54.19:815][933]LogMemory: Process Physical Memory: 423.61 MB used, 464.18 MB peak
[2015.05.03-10.54.19:815][933]LogMemory: Process Virtual Memory: 351.54 MB used, 396.29 MB peak
[2015.05.03-10.54.19:815][933]LogMemory: Physical Memory: 6543.43 MB used, 16271.58 MB total
[2015.05.03-10.54.19:815][933]LogMemory: Virtual Memory: 891.36 MB used, 8388608.00 MB total
[2015.05.03-10.54.19:815][933]LogMemory: 
[2015.05.03-10.54.19:815][933]Allocator Stats for TBB: (not implemented)
[2015.05.03-10.54.20:404][933]LogWorld: Game class is 'MyGameMode_C'
[2015.05.03-10.54.20:434][933]LogAIModule: Creating AISystem for world PhysicsLevel1
[2015.05.03-10.54.20:439][933]PIE:Warning: Warning AttachTo: '/Game/Maps/PhysicsLevel1.PhysicsLevel1:PersistentLevel.BP_BuildingBlockMovable_3180.Root' is not static  (in blueprint "BP_BuildingBlockMovable"), cannot attach '/Game/Maps/PhysicsLevel1.PhysicsLevel1:PersistentLevel.BP_BuildingBlockMovable_3180.Floor' which is static to it. Aborting.
[2015.05.03-10.54.20:439][933]PIE:Warning: Warning AttachTo: '/Game/Maps/PhysicsLevel1.PhysicsLevel1:PersistentLevel.BP_BuildingBlockMovable_3180.Root' is not static  (in blueprint "BP_BuildingBlockMovable"), cannot attach '/Game/Maps/PhysicsLevel1.PhysicsLevel1:PersistentLevel.BP_BuildingBlockMovable_3180.Ceilling' which is static to it. Aborting.
[2015.05.03-10.54.20:439][933]PIE:Warning: Warning AttachTo: '/Game/Maps/PhysicsLevel1.PhysicsLevel1:PersistentLevel.BP_BuildingBlockMovable_3180.Root' is not static  (in blueprint "BP_BuildingBlockMovable"), cannot attach '/Game/Maps/PhysicsLevel1.PhysicsLevel1:PersistentLevel.BP_BuildingBlockMovable_3180.Wall1' which is static to it. Aborting.
[2015.05.03-10.54.20:440][933]PIE:Warning: Warning AttachTo: '/Game/Maps/PhysicsLevel1.PhysicsLevel1:PersistentLevel.BP_BuildingBlockMovable_3180.Root' is not static  (in blueprint "BP_BuildingBlockMovable"), cannot attach '/Game/Maps/PhysicsLevel1.PhysicsLevel1:PersistentLevel.BP_BuildingBlockMovable_3180.Wall2' which is static to it. Aborting.
[2015.05.03-10.54.20:440][933]PIE:Warning: Warning AttachTo: '/Game/Maps/PhysicsLevel1.PhysicsLevel1:PersistentLevel.BP_BuildingBlockMovable_3180.Root' is not static  (in blueprint "BP_BuildingBlockMovable"), cannot attach '/Game/Maps/PhysicsLevel1.PhysicsLevel1:PersistentLevel.BP_BuildingBlockMovable_3180.Wall3' which is static to it. Aborting.
[2015.05.03-10.54.20:440][933]PIE:Warning: Warning AttachTo: '/Game/Maps/PhysicsLevel1.PhysicsLevel1:PersistentLevel.BP_BuildingBlockMovable_3180.Root' is not static  (in blueprint "BP_BuildingBlockMovable"), cannot attach '/Game/Maps/PhysicsLevel1.PhysicsLevel1:PersistentLevel.BP_BuildingBlockMovable_3180.Wall4' which is static to it. Aborting.
[2015.05.03-10.54.20:441][933]PIE:Warning: Warning AttachTo: '/Game/Maps/PhysicsLevel1.PhysicsLevel1:PersistentLevel.BP_BuildingBlockMovable_3180.Root' is not static  (in blueprint "BP_BuildingBlockMovable"), cannot attach '/Game/Maps/PhysicsLevel1.PhysicsLevel1:PersistentLevel.BP_BuildingBlockMovable_3180.Support1' which is static to it. Aborting.
[2015.05.03-10.54.20:441][933]PIE:Warning: Warning AttachTo: '/Game/Maps/PhysicsLevel1.PhysicsLevel1:PersistentLevel.BP_BuildingBlockMovable_3180.Root' is not static  (in blueprint "BP_BuildingBlockMovable"), cannot attach '/Game/Maps/PhysicsLevel1.PhysicsLevel1:PersistentLevel.BP_BuildingBlockMovable_3180.Support2' which is static to it. Aborting.
[2015.05.03-10.54.20:441][933]PIE:Warning: Warning AttachTo: '/Game/Maps/PhysicsLevel1.PhysicsLevel1:PersistentLevel.BP_BuildingBlockMovable_3180.Root' is not static  (in blueprint "BP_BuildingBlockMovable"), cannot attach '/Game/Maps/PhysicsLevel1.PhysicsLevel1:PersistentLevel.BP_BuildingBlockMovable_3180.Support3' which is static to it. Aborting.
[2015.05.03-10.54.20:442][933]PIE:Warning: Warning AttachTo: '/Game/Maps/PhysicsLevel1.PhysicsLevel1:PersistentLevel.BP_BuildingBlockMovable_3180.Root' is not static  (in blueprint "BP_BuildingBlockMovable"), cannot attach '/Game/Maps/PhysicsLevel1.PhysicsLevel1:PersistentLevel.BP_BuildingBlockMovable_3180.Support4' which is static to it. Aborting.
[2015.05.03-10.54.20:442][933]PIE:Warning: Warning AttachTo: '/Game/Maps/PhysicsLevel1.PhysicsLevel1:PersistentLevel.BP_BuildingBlockMovable_3180.Root' is not static  (in blueprint "BP_BuildingBlockMovable"), cannot attach '/Game/Maps/PhysicsLevel1.PhysicsLevel1:PersistentLevel.BP_BuildingBlockMovable_3180.FillWall1Top' which is static to it. Aborting.
[2015.05.03-10.54.20:442][933]PIE:Warning: Warning AttachTo: '/Game/Maps/PhysicsLevel1.PhysicsLevel1:PersistentLevel.BP_BuildingBlockMovable_3180.Root' is not static  (in blueprint "BP_BuildingBlockMovable"), cannot attach '/Game/Maps/PhysicsLevel1.PhysicsLevel1:PersistentLevel.BP_BuildingBlockMovable_3180.FIllWall1Bottom' which is static to it. Aborting.
[2015.05.03-10.54.20:442][933]PIE:Warning: Warning AttachTo: '/Game/Maps/PhysicsLevel1.PhysicsLevel1:PersistentLevel.BP_BuildingBlockMovable_3180.Root' is not static  (in blueprint "BP_BuildingBlockMovable"), cannot attach '/Game/Maps/PhysicsLevel1.PhysicsLevel1:PersistentLevel.BP_BuildingBlockMovable_3180.FillWall2Top' which is static to it. Aborting.
[2015.05.03-10.54.20:443][933]PIE:Warning: Warning AttachTo: '/Game/Maps/PhysicsLevel1.PhysicsLevel1:PersistentLevel.BP_BuildingBlockMovable_3180.Root' is not static  (in blueprint "BP_BuildingBlockMovable"), cannot attach '/Game/Maps/PhysicsLevel1.PhysicsLevel1:PersistentLevel.BP_BuildingBlockMovable_3180.FillWall2Bottom' which is static to it. Aborting.
[2015.05.03-10.54.20:443][933]PIE:Warning: Warning AttachTo: '/Game/Maps/PhysicsLevel1.PhysicsLevel1:PersistentLevel.BP_BuildingBlockMovable_3180.Root' is not static  (in blueprint "BP_BuildingBlockMovable"), cannot attach '/Game/Maps/PhysicsLevel1.PhysicsLevel1:PersistentLevel.BP_BuildingBlockMovable_3180.FillWall3Top' which is static to it. Aborting.
[2015.05.03-10.54.20:443][933]PIE:Warning: Warning AttachTo: '/Game/Maps/PhysicsLevel1.PhysicsLevel1:PersistentLevel.BP_BuildingBlockMovable_3180.Root' is not static  (in blueprint "BP_BuildingBlockMovable"), cannot attach '/Game/Maps/PhysicsLevel1.PhysicsLevel1:PersistentLevel.BP_BuildingBlockMovable_3180.FillWall3Bottom' which is static to it. Aborting.
[2015.05.03-10.54.20:443][933]PIE:Warning: Warning AttachTo: '/Game/Maps/PhysicsLevel1.PhysicsLevel1:PersistentLevel.BP_BuildingBlockMovable_3180.Root' is not static  (in blueprint "BP_BuildingBlockMovable"), cannot attach '/Game/Maps/PhysicsLevel1.PhysicsLevel1:PersistentLevel.BP_BuildingBlockMovable_3180.FillWall4Top' which is static to it. Aborting.
[2015.05.03-10.54.20:444][933]PIE:Warning: Warning AttachTo: '/Game/Maps/PhysicsLevel1.PhysicsLevel1:PersistentLevel.BP_BuildingBlockMovable_3180.Root' is not static  (in blueprint "BP_BuildingBlockMovable"), cannot attach '/Game/Maps/PhysicsLevel1.PhysicsLevel1:PersistentLevel.BP_BuildingBlockMovable_3180.FillWall4Bottom' which is static to it. Aborting.
[2015.05.03-10.54.20:449][933]LogWorld: Bringing World /Game/Maps/PhysicsLevel1.PhysicsLevel1 up for play (max tick rate 0) at 2015.05.03-03.54.20
[2015.05.03-10.54.20:450][933]LogWorld: Bringing up level for play took: 0.015270
[2015.05.03-10.55.12:100][800]LogBlueprintUserMessages: You Fell!
[2015.05.03-10.55.12:181][800]LogPackageName: SearchForPackageOnDisk took   0.082s to resolve PhysicsLevel1.umap
[2015.05.03-10.55.12:256][801]LogPackageName: SearchForPackageOnDisk took   0.069s to resolve PhysicsLevel1.umap
[2015.05.03-10.55.12:256][801]LogNet: Browse: /Game/Maps/PhysicsLevel1
[2015.05.03-10.55.12:256][801]LogLoad: LoadMap: /Game/Maps/PhysicsLevel1
[2015.05.03-10.55.12:280][801]LogParticles: Destroying 0 GPU particle simulations for FXSystem 0x000000000D7074C0
[2015.05.03-10.55.12:290][801]LogMemory: Platform Memory Stats for Windows
[2015.05.03-10.55.12:290][801]LogMemory: Process Physical Memory: 457.79 MB used, 471.95 MB peak
[2015.05.03-10.55.12:290][801]LogMemory: Process Virtual Memory: 385.26 MB used, 400.25 MB peak
[2015.05.03-10.55.12:290][801]LogMemory: Physical Memory: 6572.76 MB used, 16271.58 MB total
[2015.05.03-10.55.12:290][801]LogMemory: Virtual Memory: 891.61 MB used, 8388608.00 MB total
[2015.05.03-10.55.12:290][801]LogMemory: 
[2015.05.03-10.55.12:290][801]Allocator Stats for TBB: (not implemented)
[2015.05.03-10.55.12:887][801]LogWorld: Game class is 'MyGameMode_C'
[2015.05.03-10.55.12:918][801]LogAIModule: Creating AISystem for world PhysicsLevel1
[2015.05.03-10.55.12:922][801]PIE:Warning: Warning AttachTo: '/Game/Maps/PhysicsLevel1.PhysicsLevel1:PersistentLevel.BP_BuildingBlockMovable_3180.Root' is not static  (in blueprint "BP_BuildingBlockMovable"), cannot attach '/Game/Maps/PhysicsLevel1.PhysicsLevel1:PersistentLevel.BP_BuildingBlockMovable_3180.Floor' which is static to it. Aborting.
[2015.05.03-10.55.12:923][801]PIE:Warning: Warning AttachTo: '/Game/Maps/PhysicsLevel1.PhysicsLevel1:PersistentLevel.BP_BuildingBlockMovable_3180.Root' is not static  (in blueprint "BP_BuildingBlockMovable"), cannot attach '/Game/Maps/PhysicsLevel1.PhysicsLevel1:PersistentLevel.BP_BuildingBlockMovable_3180.Ceilling' which is static to it. Aborting.
[2015.05.03-10.55.12:923][801]PIE:Warning: Warning AttachTo: '/Game/Maps/PhysicsLevel1.PhysicsLevel1:PersistentLevel.BP_BuildingBlockMovable_3180.Root' is not static  (in blueprint "BP_BuildingBlockMovable"), cannot attach '/Game/Maps/PhysicsLevel1.PhysicsLevel1:PersistentLevel.BP_BuildingBlockMovable_3180.Wall1' which is static to it. Aborting.
[2015.05.03-10.55.12:923][801]PIE:Warning: Warning AttachTo: '/Game/Maps/PhysicsLevel1.PhysicsLevel1:PersistentLevel.BP_BuildingBlockMovable_3180.Root' is not static  (in blueprint "BP_BuildingBlockMovable"), cannot attach '/Game/Maps/PhysicsLevel1.PhysicsLevel1:PersistentLevel.BP_BuildingBlockMovable_3180.Wall2' which is static to it. Aborting.
[2015.05.03-10.55.12:924][801]PIE:Warning: Warning AttachTo: '/Game/Maps/PhysicsLevel1.PhysicsLevel1:PersistentLevel.BP_BuildingBlockMovable_3180.Root' is not static  (in blueprint "BP_BuildingBlockMovable"), cannot attach '/Game/Maps/PhysicsLevel1.PhysicsLevel1:PersistentLevel.BP_BuildingBlockMovable_3180.Wall3' which is static to it. Aborting.
[2015.05.03-10.55.12:924][801]PIE:Warning: Warning AttachTo: '/Game/Maps/PhysicsLevel1.PhysicsLevel1:PersistentLevel.BP_BuildingBlockMovable_3180.Root' is not static  (in blueprint "BP_BuildingBlockMovable"), cannot attach '/Game/Maps/PhysicsLevel1.PhysicsLevel1:PersistentLevel.BP_BuildingBlockMovable_3180.Wall4' which is static to it. Aborting.
[2015.05.03-10.55.12:925][801]PIE:Warning: Warning AttachTo: '/Game/Maps/PhysicsLevel1.PhysicsLevel1:PersistentLevel.BP_BuildingBlockMovable_3180.Root' is not static  (in blueprint "BP_BuildingBlockMovable"), cannot attach '/Game/Maps/PhysicsLevel1.PhysicsLevel1:PersistentLevel.BP_BuildingBlockMovable_3180.Support1' which is static to it. Aborting.
[2015.05.03-10.55.12:925][801]PIE:Warning: Warning AttachTo: '/Game/Maps/PhysicsLevel1.PhysicsLevel1:PersistentLevel.BP_BuildingBlockMovable_3180.Root' is not static  (in blueprint "BP_BuildingBlockMovable"), cannot attach '/Game/Maps/PhysicsLevel1.PhysicsLevel1:PersistentLevel.BP_BuildingBlockMovable_3180.Support2' which is static to it. Aborting.
[2015.05.03-10.55.12:925][801]PIE:Warning: Warning AttachTo: '/Game/Maps/PhysicsLevel1.PhysicsLevel1:PersistentLevel.BP_BuildingBlockMovable_3180.Root' is not static  (in blueprint "BP_BuildingBlockMovable"), cannot attach '/Game/Maps/PhysicsLevel1.PhysicsLevel1:PersistentLevel.BP_BuildingBlockMovable_3180.Support3' which is static to it. Aborting.
[2015.05.03-10.55.12:925][801]PIE:Warning: Warning AttachTo: '/Game/Maps/PhysicsLevel1.PhysicsLevel1:PersistentLevel.BP_BuildingBlockMovable_3180.Root' is not static  (in blueprint "BP_BuildingBlockMovable"), cannot attach '/Game/Maps/PhysicsLevel1.PhysicsLevel1:PersistentLevel.BP_BuildingBlockMovable_3180.Support4' which is static to it. Aborting.
[2015.05.03-10.55.12:926][801]PIE:Warning: Warning AttachTo: '/Game/Maps/PhysicsLevel1.PhysicsLevel1:PersistentLevel.BP_BuildingBlockMovable_3180.Root' is not static  (in blueprint "BP_BuildingBlockMovable"), cannot attach '/Game/Maps/PhysicsLevel1.PhysicsLevel1:PersistentLevel.BP_BuildingBlockMovable_3180.FillWall1Top' which is static to it. Aborting.
[2015.05.03-10.55.12:926][801]PIE:Warning: Warning AttachTo: '/Game/Maps/PhysicsLevel1.PhysicsLevel1:PersistentLevel.BP_BuildingBlockMovable_3180.Root' is not static  (in blueprint "BP_BuildingBlockMovable"), cannot attach '/Game/Maps/PhysicsLevel1.PhysicsLevel1:PersistentLevel.BP_BuildingBlockMovable_3180.FIllWall1Bottom' which is static to it. Aborting.
[2015.05.03-10.55.12:926][801]PIE:Warning: Warning AttachTo: '/Game/Maps/PhysicsLevel1.PhysicsLevel1:PersistentLevel.BP_BuildingBlockMovable_3180.Root' is not static  (in blueprint "BP_BuildingBlockMovable"), cannot attach '/Game/Maps/PhysicsLevel1.PhysicsLevel1:PersistentLevel.BP_BuildingBlockMovable_3180.FillWall2Top' which is static to it. Aborting.
[2015.05.03-10.55.12:927][801]PIE:Warning: Warning AttachTo: '/Game/Maps/PhysicsLevel1.PhysicsLevel1:PersistentLevel.BP_BuildingBlockMovable_3180.Root' is not static  (in blueprint "BP_BuildingBlockMovable"), cannot attach '/Game/Maps/PhysicsLevel1.PhysicsLevel1:PersistentLevel.BP_BuildingBlockMovable_3180.FillWall2Bottom' which is static to it. Aborting.
[2015.05.03-10.55.12:927][801]PIE:Warning: Warning AttachTo: '/Game/Maps/PhysicsLevel1.PhysicsLevel1:PersistentLevel.BP_BuildingBlockMovable_3180.Root' is not static  (in blueprint "BP_BuildingBlockMovable"), cannot attach '/Game/Maps/PhysicsLevel1.PhysicsLevel1:PersistentLevel.BP_BuildingBlockMovable_3180.FillWall3Top' which is static to it. Aborting.
[2015.05.03-10.55.12:927][801]PIE:Warning: Warning AttachTo: '/Game/Maps/PhysicsLevel1.PhysicsLevel1:PersistentLevel.BP_BuildingBlockMovable_3180.Root' is not static  (in blueprint "BP_BuildingBlockMovable"), cannot attach '/Game/Maps/PhysicsLevel1.PhysicsLevel1:PersistentLevel.BP_BuildingBlockMovable_3180.FillWall3Bottom' which is static to it. Aborting.
[2015.05.03-10.55.12:927][801]PIE:Warning: Warning AttachTo: '/Game/Maps/PhysicsLevel1.PhysicsLevel1:PersistentLevel.BP_BuildingBlockMovable_3180.Root' is not static  (in blueprint "BP_BuildingBlockMovable"), cannot attach '/Game/Maps/PhysicsLevel1.PhysicsLevel1:PersistentLevel.BP_BuildingBlockMovable_3180.FillWall4Top' which is static to it. Aborting.
[2015.05.03-10.55.12:928][801]PIE:Warning: Warning AttachTo: '/Game/Maps/PhysicsLevel1.PhysicsLevel1:PersistentLevel.BP_BuildingBlockMovable_3180.Root' is not static  (in blueprint "BP_BuildingBlockMovable"), cannot attach '/Game/Maps/PhysicsLevel1.PhysicsLevel1:PersistentLevel.BP_BuildingBlockMovable_3180.FillWall4Bottom' which is static to it. Aborting.
[2015.05.03-10.55.12:932][801]LogWorld: Bringing World /Game/Maps/PhysicsLevel1.PhysicsLevel1 up for play (max tick rate 0) at 2015.05.03-03.55.12
[2015.05.03-10.55.12:932][801]LogWorld: Bringing up level for play took: 0.013811
[2015.05.03-10.56.25:166][215]LogBlueprintUserMessages: You Fell!
[2015.05.03-10.56.25:271][215]LogPackageName: SearchForPackageOnDisk took   0.105s to resolve PhysicsLevel1.umap
[2015.05.03-10.56.25:369][216]LogPackageName: SearchForPackageOnDisk took   0.095s to resolve PhysicsLevel1.umap
[2015.05.03-10.56.25:369][216]LogNet: Browse: /Game/Maps/PhysicsLevel1
[2015.05.03-10.56.25:369][216]LogLoad: LoadMap: /Game/Maps/PhysicsLevel1
[2015.05.03-10.56.25:386][216]LogParticles: Destroying 0 GPU particle simulations for FXSystem 0x0000000019DE5800
[2015.05.03-10.56.25:402][216]LogMemory: Platform Memory Stats for Windows
[2015.05.03-10.56.25:402][216]LogMemory: Process Physical Memory: 452.90 MB used, 471.95 MB peak
[2015.05.03-10.56.25:402][216]LogMemory: Process Virtual Memory: 380.23 MB used, 400.25 MB peak
[2015.05.03-10.56.25:402][216]LogMemory: Physical Memory: 6565.79 MB used, 16271.58 MB total
[2015.05.03-10.56.25:402][216]LogMemory: Virtual Memory: 891.36 MB used, 8388608.00 MB total
[2015.05.03-10.56.25:402][216]LogMemory: 
[2015.05.03-10.56.25:402][216]Allocator Stats for TBB: (not implemented)
[2015.05.03-10.56.25:917][216]LogWorld: Game class is 'MyGameMode_C'
[2015.05.03-10.56.25:939][216]LogAIModule: Creating AISystem for world PhysicsLevel1
[2015.05.03-10.56.25:940][216]PIE:Warning: Warning AttachTo: '/Game/Maps/PhysicsLevel1.PhysicsLevel1:PersistentLevel.BP_BuildingBlockMovable_3180.Root' is not static  (in blueprint "BP_BuildingBlockMovable"), cannot attach '/Game/Maps/PhysicsLevel1.PhysicsLevel1:PersistentLevel.BP_BuildingBlockMovable_3180.Floor' which is static to it. Aborting.
[2015.05.03-10.56.25:941][216]PIE:Warning: Warning AttachTo: '/Game/Maps/PhysicsLevel1.PhysicsLevel1:PersistentLevel.BP_BuildingBlockMovable_3180.Root' is not static  (in blueprint "BP_BuildingBlockMovable"), cannot attach '/Game/Maps/PhysicsLevel1.PhysicsLevel1:PersistentLevel.BP_BuildingBlockMovable_3180.Ceilling' which is static to it. Aborting.
[2015.05.03-10.56.25:941][216]PIE:Warning: Warning AttachTo: '/Game/Maps/PhysicsLevel1.PhysicsLevel1:PersistentLevel.BP_BuildingBlockMovable_3180.Root' is not static  (in blueprint "BP_BuildingBlockMovable"), cannot attach '/Game/Maps/PhysicsLevel1.PhysicsLevel1:PersistentLevel.BP_BuildingBlockMovable_3180.Wall1' which is static to it. Aborting.
[2015.05.03-10.56.25:941][216]PIE:Warning: Warning AttachTo: '/Game/Maps/PhysicsLevel1.PhysicsLevel1:PersistentLevel.BP_BuildingBlockMovable_3180.Root' is not static  (in blueprint "BP_BuildingBlockMovable"), cannot attach '/Game/Maps/PhysicsLevel1.PhysicsLevel1:PersistentLevel.BP_BuildingBlockMovable_3180.Wall2' which is static to it. Aborting.
[2015.05.03-10.56.25:941][216]PIE:Warning: Warning AttachTo: '/Game/Maps/PhysicsLevel1.PhysicsLevel1:PersistentLevel.BP_BuildingBlockMovable_3180.Root' is not static  (in blueprint "BP_BuildingBlockMovable"), cannot attach '/Game/Maps/PhysicsLevel1.PhysicsLevel1:PersistentLevel.BP_BuildingBlockMovable_3180.Wall3' which is static to it. Aborting.
[2015.05.03-10.56.25:941][216]PIE:Warning: Warning AttachTo: '/Game/Maps/PhysicsLevel1.PhysicsLevel1:PersistentLevel.BP_BuildingBlockMovable_3180.Root' is not static  (in blueprint "BP_BuildingBlockMovable"), cannot attach '/Game/Maps/PhysicsLevel1.PhysicsLevel1:PersistentLevel.BP_BuildingBlockMovable_3180.Wall4' which is static to it. Aborting.
[2015.05.03-10.56.25:941][216]PIE:Warning: Warning AttachTo: '/Game/Maps/PhysicsLevel1.PhysicsLevel1:PersistentLevel.BP_BuildingBlockMovable_3180.Root' is not static  (in blueprint "BP_BuildingBlockMovable"), cannot attach '/Game/Maps/PhysicsLevel1.PhysicsLevel1:PersistentLevel.BP_BuildingBlockMovable_3180.Support1' which is static to it. Aborting.
[2015.05.03-10.56.25:941][216]PIE:Warning: Warning AttachTo: '/Game/Maps/PhysicsLevel1.PhysicsLevel1:PersistentLevel.BP_BuildingBlockMovable_3180.Root' is not static  (in blueprint "BP_BuildingBlockMovable"), cannot attach '/Game/Maps/PhysicsLevel1.PhysicsLevel1:PersistentLevel.BP_BuildingBlockMovable_3180.Support2' which is static to it. Aborting.
[2015.05.03-10.56.25:942][216]PIE:Warning: Warning AttachTo: '/Game/Maps/PhysicsLevel1.PhysicsLevel1:PersistentLevel.BP_BuildingBlockMovable_3180.Root' is not static  (in blueprint "BP_BuildingBlockMovable"), cannot attach '/Game/Maps/PhysicsLevel1.PhysicsLevel1:PersistentLevel.BP_BuildingBlockMovable_3180.Support3' which is static to it. Aborting.
[2015.05.03-10.56.25:942][216]PIE:Warning: Warning AttachTo: '/Game/Maps/PhysicsLevel1.PhysicsLevel1:PersistentLevel.BP_BuildingBlockMovable_3180.Root' is not static  (in blueprint "BP_BuildingBlockMovable"), cannot attach '/Game/Maps/PhysicsLevel1.PhysicsLevel1:PersistentLevel.BP_BuildingBlockMovable_3180.Support4' which is static to it. Aborting.
[2015.05.03-10.56.25:942][216]PIE:Warning: Warning AttachTo: '/Game/Maps/PhysicsLevel1.PhysicsLevel1:PersistentLevel.BP_BuildingBlockMovable_3180.Root' is not static  (in blueprint "BP_BuildingBlockMovable"), cannot attach '/Game/Maps/PhysicsLevel1.PhysicsLevel1:PersistentLevel.BP_BuildingBlockMovable_3180.FillWall1Top' which is static to it. Aborting.
[2015.05.03-10.56.25:942][216]PIE:Warning: Warning AttachTo: '/Game/Maps/PhysicsLevel1.PhysicsLevel1:PersistentLevel.BP_BuildingBlockMovable_3180.Root' is not static  (in blueprint "BP_BuildingBlockMovable"), cannot attach '/Game/Maps/PhysicsLevel1.PhysicsLevel1:PersistentLevel.BP_BuildingBlockMovable_3180.FIllWall1Bottom' which is static to it. Aborting.
[2015.05.03-10.56.25:942][216]PIE:Warning: Warning AttachTo: '/Game/Maps/PhysicsLevel1.PhysicsLevel1:PersistentLevel.BP_BuildingBlockMovable_3180.Root' is not static  (in blueprint "BP_BuildingBlockMovable"), cannot attach '/Game/Maps/PhysicsLevel1.PhysicsLevel1:PersistentLevel.BP_BuildingBlockMovable_3180.FillWall2Top' which is static to it. Aborting.
[2015.05.03-10.56.25:942][216]PIE:Warning: Warning AttachTo: '/Game/Maps/PhysicsLevel1.PhysicsLevel1:PersistentLevel.BP_BuildingBlockMovable_3180.Root' is not static  (in blueprint "BP_BuildingBlockMovable"), cannot attach '/Game/Maps/PhysicsLevel1.PhysicsLevel1:PersistentLevel.BP_BuildingBlockMovable_3180.FillWall2Bottom' which is static to it. Aborting.
[2015.05.03-10.56.25:942][216]PIE:Warning: Warning AttachTo: '/Game/Maps/PhysicsLevel1.PhysicsLevel1:PersistentLevel.BP_BuildingBlockMovable_3180.Root' is not static  (in blueprint "BP_BuildingBlockMovable"), cannot attach '/Game/Maps/PhysicsLevel1.PhysicsLevel1:PersistentLevel.BP_BuildingBlockMovable_3180.FillWall3Top' which is static to it. Aborting.
[2015.05.03-10.56.25:942][216]PIE:Warning: Warning AttachTo: '/Game/Maps/PhysicsLevel1.PhysicsLevel1:PersistentLevel.BP_BuildingBlockMovable_3180.Root' is not static  (in blueprint "BP_BuildingBlockMovable"), cannot attach '/Game/Maps/PhysicsLevel1.PhysicsLevel1:PersistentLevel.BP_BuildingBlockMovable_3180.FillWall3Bottom' which is static to it. Aborting.
[2015.05.03-10.56.25:942][216]PIE:Warning: Warning AttachTo: '/Game/Maps/PhysicsLevel1.PhysicsLevel1:PersistentLevel.BP_BuildingBlockMovable_3180.Root' is not static  (in blueprint "BP_BuildingBlockMovable"), cannot attach '/Game/Maps/PhysicsLevel1.PhysicsLevel1:PersistentLevel.BP_BuildingBlockMovable_3180.FillWall4Top' which is static to it. Aborting.
[2015.05.03-10.56.25:943][216]PIE:Warning: Warning AttachTo: '/Game/Maps/PhysicsLevel1.PhysicsLevel1:PersistentLevel.BP_BuildingBlockMovable_3180.Root' is not static  (in blueprint "BP_BuildingBlockMovable"), cannot attach '/Game/Maps/PhysicsLevel1.PhysicsLevel1:PersistentLevel.BP_BuildingBlockMovable_3180.FillWall4Bottom' which is static to it. Aborting.
[2015.05.03-10.56.25:945][216]LogWorld: Bringing World /Game/Maps/PhysicsLevel1.PhysicsLevel1 up for play (max tick rate 0) at 2015.05.03-03.56.25
[2015.05.03-10.56.25:945][216]LogWorld: Bringing up level for play took: 0.006078
[2015.05.03-10.57.47:980][361]LogBlueprintUserMessages: You Fell!
[2015.05.03-10.57.48:059][361]LogPackageName: SearchForPackageOnDisk took   0.079s to resolve PhysicsLevel1.umap
[2015.05.03-10.57.48:136][362]LogPackageName: SearchForPackageOnDisk took   0.075s to resolve PhysicsLevel1.umap
[2015.05.03-10.57.48:136][362]LogNet: Browse: /Game/Maps/PhysicsLevel1
[2015.05.03-10.57.48:137][362]LogLoad: LoadMap: /Game/Maps/PhysicsLevel1
[2015.05.03-10.57.48:153][362]LogParticles: Destroying 0 GPU particle simulations for FXSystem 0x000000000B3B3060
[2015.05.03-10.57.48:166][362]LogMemory: Platform Memory Stats for Windows
[2015.05.03-10.57.48:166][362]LogMemory: Process Physical Memory: 423.07 MB used, 471.95 MB peak
[2015.05.03-10.57.48:166][362]LogMemory: Process Virtual Memory: 350.23 MB used, 400.25 MB peak
[2015.05.03-10.57.48:166][362]LogMemory: Physical Memory: 6536.30 MB used, 16271.58 MB total
[2015.05.03-10.57.48:166][362]LogMemory: Virtual Memory: 861.42 MB used, 8388608.00 MB total
[2015.05.03-10.57.48:166][362]LogMemory: 
[2015.05.03-10.57.48:166][362]Allocator Stats for TBB: (not implemented)
[2015.05.03-10.57.48:676][362]LogWorld: Game class is 'MyGameMode_C'
[2015.05.03-10.57.48:706][362]LogAIModule: Creating AISystem for world PhysicsLevel1
[2015.05.03-10.57.48:709][362]PIE:Warning: Warning AttachTo: '/Game/Maps/PhysicsLevel1.PhysicsLevel1:PersistentLevel.BP_BuildingBlockMovable_3180.Root' is not static  (in blueprint "BP_BuildingBlockMovable"), cannot attach '/Game/Maps/PhysicsLevel1.PhysicsLevel1:PersistentLevel.BP_BuildingBlockMovable_3180.Floor' which is static to it. Aborting.
[2015.05.03-10.57.48:709][362]PIE:Warning: Warning AttachTo: '/Game/Maps/PhysicsLevel1.PhysicsLevel1:PersistentLevel.BP_BuildingBlockMovable_3180.Root' is not static  (in blueprint "BP_BuildingBlockMovable"), cannot attach '/Game/Maps/PhysicsLevel1.PhysicsLevel1:PersistentLevel.BP_BuildingBlockMovable_3180.Ceilling' which is static to it. Aborting.
[2015.05.03-10.57.48:709][362]PIE:Warning: Warning AttachTo: '/Game/Maps/PhysicsLevel1.PhysicsLevel1:PersistentLevel.BP_BuildingBlockMovable_3180.Root' is not static  (in blueprint "BP_BuildingBlockMovable"), cannot attach '/Game/Maps/PhysicsLevel1.PhysicsLevel1:PersistentLevel.BP_BuildingBlockMovable_3180.Wall1' which is static to it. Aborting.
[2015.05.03-10.57.48:709][362]PIE:Warning: Warning AttachTo: '/Game/Maps/PhysicsLevel1.PhysicsLevel1:PersistentLevel.BP_BuildingBlockMovable_3180.Root' is not static  (in blueprint "BP_BuildingBlockMovable"), cannot attach '/Game/Maps/PhysicsLevel1.PhysicsLevel1:PersistentLevel.BP_BuildingBlockMovable_3180.Wall2' which is static to it. Aborting.
[2015.05.03-10.57.48:709][362]PIE:Warning: Warning AttachTo: '/Game/Maps/PhysicsLevel1.PhysicsLevel1:PersistentLevel.BP_BuildingBlockMovable_3180.Root' is not static  (in blueprint "BP_BuildingBlockMovable"), cannot attach '/Game/Maps/PhysicsLevel1.PhysicsLevel1:PersistentLevel.BP_BuildingBlockMovable_3180.Wall3' which is static to it. Aborting.
[2015.05.03-10.57.48:710][362]PIE:Warning: Warning AttachTo: '/Game/Maps/PhysicsLevel1.PhysicsLevel1:PersistentLevel.BP_BuildingBlockMovable_3180.Root' is not static  (in blueprint "BP_BuildingBlockMovable"), cannot attach '/Game/Maps/PhysicsLevel1.PhysicsLevel1:PersistentLevel.BP_BuildingBlockMovable_3180.Wall4' which is static to it. Aborting.
[2015.05.03-10.57.48:710][362]PIE:Warning: Warning AttachTo: '/Game/Maps/PhysicsLevel1.PhysicsLevel1:PersistentLevel.BP_BuildingBlockMovable_3180.Root' is not static  (in blueprint "BP_BuildingBlockMovable"), cannot attach '/Game/Maps/PhysicsLevel1.PhysicsLevel1:PersistentLevel.BP_BuildingBlockMovable_3180.Support1' which is static to it. Aborting.
[2015.05.03-10.57.48:710][362]PIE:Warning: Warning AttachTo: '/Game/Maps/PhysicsLevel1.PhysicsLevel1:PersistentLevel.BP_BuildingBlockMovable_3180.Root' is not static  (in blueprint "BP_BuildingBlockMovable"), cannot attach '/Game/Maps/PhysicsLevel1.PhysicsLevel1:PersistentLevel.BP_BuildingBlockMovable_3180.Support2' which is static to it. Aborting.
[2015.05.03-10.57.48:710][362]PIE:Warning: Warning AttachTo: '/Game/Maps/PhysicsLevel1.PhysicsLevel1:PersistentLevel.BP_BuildingBlockMovable_3180.Root' is not static  (in blueprint "BP_BuildingBlockMovable"), cannot attach '/Game/Maps/PhysicsLevel1.PhysicsLevel1:PersistentLevel.BP_BuildingBlockMovable_3180.Support3' which is static to it. Aborting.
[2015.05.03-10.57.48:710][362]PIE:Warning: Warning AttachTo: '/Game/Maps/PhysicsLevel1.PhysicsLevel1:PersistentLevel.BP_BuildingBlockMovable_3180.Root' is not static  (in blueprint "BP_BuildingBlockMovable"), cannot attach '/Game/Maps/PhysicsLevel1.PhysicsLevel1:PersistentLevel.BP_BuildingBlockMovable_3180.Support4' which is static to it. Aborting.
[2015.05.03-10.57.48:710][362]PIE:Warning: Warning AttachTo: '/Game/Maps/PhysicsLevel1.PhysicsLevel1:PersistentLevel.BP_BuildingBlockMovable_3180.Root' is not static  (in blueprint "BP_BuildingBlockMovable"), cannot attach '/Game/Maps/PhysicsLevel1.PhysicsLevel1:PersistentLevel.BP_BuildingBlockMovable_3180.FillWall1Top' which is static to it. Aborting.
[2015.05.03-10.57.48:711][362]PIE:Warning: Warning AttachTo: '/Game/Maps/PhysicsLevel1.PhysicsLevel1:PersistentLevel.BP_BuildingBlockMovable_3180.Root' is not static  (in blueprint "BP_BuildingBlockMovable"), cannot attach '/Game/Maps/PhysicsLevel1.PhysicsLevel1:PersistentLevel.BP_BuildingBlockMovable_3180.FIllWall1Bottom' which is static to it. Aborting.
[2015.05.03-10.57.48:711][362]PIE:Warning: Warning AttachTo: '/Game/Maps/PhysicsLevel1.PhysicsLevel1:PersistentLevel.BP_BuildingBlockMovable_3180.Root' is not static  (in blueprint "BP_BuildingBlockMovable"), cannot attach '/Game/Maps/PhysicsLevel1.PhysicsLevel1:PersistentLevel.BP_BuildingBlockMovable_3180.FillWall2Top' which is static to it. Aborting.
[2015.05.03-10.57.48:711][362]PIE:Warning: Warning AttachTo: '/Game/Maps/PhysicsLevel1.PhysicsLevel1:PersistentLevel.BP_BuildingBlockMovable_3180.Root' is not static  (in blueprint "BP_BuildingBlockMovable"), cannot attach '/Game/Maps/PhysicsLevel1.PhysicsLevel1:PersistentLevel.BP_BuildingBlockMovable_3180.FillWall2Bottom' which is static to it. Aborting.
[2015.05.03-10.57.48:711][362]PIE:Warning: Warning AttachTo: '/Game/Maps/PhysicsLevel1.PhysicsLevel1:PersistentLevel.BP_BuildingBlockMovable_3180.Root' is not static  (in blueprint "BP_BuildingBlockMovable"), cannot attach '/Game/Maps/PhysicsLevel1.PhysicsLevel1:PersistentLevel.BP_BuildingBlockMovable_3180.FillWall3Top' which is static to it. Aborting.
[2015.05.03-10.57.48:711][362]PIE:Warning: Warning AttachTo: '/Game/Maps/PhysicsLevel1.PhysicsLevel1:PersistentLevel.BP_BuildingBlockMovable_3180.Root' is not static  (in blueprint "BP_BuildingBlockMovable"), cannot attach '/Game/Maps/PhysicsLevel1.PhysicsLevel1:PersistentLevel.BP_BuildingBlockMovable_3180.FillWall3Bottom' which is static to it. Aborting.
[2015.05.03-10.57.48:711][362]PIE:Warning: Warning AttachTo: '/Game/Maps/PhysicsLevel1.PhysicsLevel1:PersistentLevel.BP_BuildingBlockMovable_3180.Root' is not static  (in blueprint "BP_BuildingBlockMovable"), cannot attach '/Game/Maps/PhysicsLevel1.PhysicsLevel1:PersistentLevel.BP_BuildingBlockMovable_3180.FillWall4Top' which is static to it. Aborting.
[2015.05.03-10.57.48:711][362]PIE:Warning: Warning AttachTo: '/Game/Maps/PhysicsLevel1.PhysicsLevel1:PersistentLevel.BP_BuildingBlockMovable_3180.Root' is not static  (in blueprint "BP_BuildingBlockMovable"), cannot attach '/Game/Maps/PhysicsLevel1.PhysicsLevel1:PersistentLevel.BP_BuildingBlockMovable_3180.FillWall4Bottom' which is static to it. Aborting.
[2015.05.03-10.57.48:714][362]LogWorld: Bringing World /Game/Maps/PhysicsLevel1.PhysicsLevel1 up for play (max tick rate 0) at 2015.05.03-03.57.48
[2015.05.03-10.57.48:714][362]LogWorld: Bringing up level for play took: 0.007857
[2015.05.03-10.57.57:312][  4]LogHMD:Warning: Lost Vision Tracking
[2015.05.03-10.58.26:272][172]Closing by request
[2015.05.03-10.58.26:272][172]LogWindows: FPlatformMisc::RequestExit(0)
[2015.05.03-10.58.26:371][173]LogHMD: Oculus shutdown.
[2015.05.03-10.58.26:400][173]LogExit: Preparing to exit.
[2015.05.03-10.58.26:526][173]LogExit: Game engine shut down
[2015.05.03-10.58.26:578][173]LogParticles: Destroying 0 GPU particle simulations for FXSystem 0x0000000019A5C360
[2015.05.03-10.58.26:578][173]LogExit: Object subsystem successfully closed.
[2015.05.03-10.58.26:612][173]LogModuleManager: Shutting down and abandoning module AndroidDeviceDetection (106)
[2015.05.03-10.58.26:956][173]LogModuleManager: Shutting down and abandoning module AutomationWorker (105)
[2015.05.03-10.58.26:956][173]LogModuleManager: Shutting down and abandoning module CharacterAI (104)
[2015.05.03-10.58.26:956][173]LogModuleManager: Shutting down and abandoning module AITestSuite (103)
[2015.05.03-10.58.26:956][173]LogModuleManager: Shutting down and abandoning module GameplayDebugger (102)
[2015.05.03-10.58.26:956][173]LogModuleManager: Shutting down and abandoning module AIModule (101)
[2015.05.03-10.58.26:956][173]LogModuleManager: Shutting down and abandoning module GameLiveStreaming (100)
[2015.05.03-10.58.26:956][173]LogModuleManager: Shutting down and abandoning module StreamingPauseRendering (99)
[2015.05.03-10.58.26:956][173]LogModuleManager: Shutting down and abandoning module HTTP (98)
[2015.05.03-10.58.26:956][173]LogModuleManager: Shutting down and abandoning module AnalyticsET (97)
[2015.05.03-10.58.26:956][173]LogModuleManager: Shutting down and abandoning module Analytics (96)
[2015.05.03-10.58.26:956][173]LogModuleManager: Shutting down and abandoning module ProfilerService (95)
[2015.05.03-10.58.27:198][173]LogModuleManager: Shutting down and abandoning module TaskGraph (94)
[2015.05.03-10.58.27:198][173]LogModuleManager: Shutting down and abandoning module SlateRemote (93)
[2015.05.03-10.58.27:198][173]LogModuleManager: Shutting down and abandoning module CustomMeshComponent (92)
[2015.05.03-10.58.27:198][173]LogModuleManager: Shutting down and abandoning module CableComponent (91)
[2015.05.03-10.58.27:198][173]LogModuleManager: Shutting down and abandoning module DesktopPlatform (90)
[2015.05.03-10.58.27:198][173]LogModuleManager: Shutting down and abandoning module DirectoryWatcher (89)
[2015.05.03-10.58.27:198][173]LogModuleManager: Shutting down and abandoning module HotReload (88)
[2015.05.03-10.58.27:198][173]LogModuleManager: Shutting down and abandoning module VisualStudioSourceCodeAccess (87)
[2015.05.03-10.58.27:198][173]LogModuleManager: Shutting down and abandoning module UObjectPlugin (86)
[2015.05.03-10.58.27:198][173]LogModuleManager: Shutting down and abandoning module SubversionSourceControl (85)
[2015.05.03-10.58.27:198][173]LogModuleManager: Shutting down and abandoning module GitSourceControl (84)
[2015.05.03-10.58.27:198][173]LogModuleManager: Shutting down and abandoning module SourceControl (83)
[2015.05.03-10.58.27:198][173]LogModuleManager: Shutting down and abandoning module PerforceSourceControl (82)
[2015.05.03-10.58.27:198][173]LogModuleManager: Shutting down and abandoning module BlankPlugin (81)
[2015.05.03-10.58.27:198][173]LogModuleManager: Shutting down and abandoning module ScriptPlugin (80)
[2015.05.03-10.58.27:198][173]LogModuleManager: Shutting down and abandoning module UdpMessaging (79)
[2015.05.03-10.58.27:198][173]LogModuleManager: Shutting down and abandoning module Paper2D (78)
[2015.05.03-10.58.27:198][173]LogModuleManager: Shutting down and abandoning module WindowsMoviePlayer (77)
[2015.05.03-10.58.27:200][173]LogModuleManager: Shutting down and abandoning module Media (76)
[2015.05.03-10.58.27:200][173]LogModuleManager: Shutting down and abandoning module WmfMedia (75)
[2015.05.03-10.58.27:201][173]LogModuleManager: Shutting down and abandoning module OnlineBlueprintSupport (74)
[2015.05.03-10.58.27:201][173]LogModuleManager: Shutting down and abandoning module PropertyEditor (73)
[2015.05.03-10.58.27:201][173]LogModuleManager: Shutting down and abandoning module BehaviorTreeEditor (72)
[2015.05.03-10.58.27:201][173]LogModuleManager: Shutting down and abandoning module FunctionalTesting (71)
[2015.05.03-10.58.27:201][173]LogModuleManager: Shutting down and abandoning module CollisionAnalyzer (70)
[2015.05.03-10.58.27:201][173]LogModuleManager: Shutting down and abandoning module WorkspaceMenuStructure (69)
[2015.05.03-10.58.27:201][173]LogModuleManager: Shutting down and abandoning module MessageLog (68)
[2015.05.03-10.58.27:201][173]LogModuleManager: Shutting down and abandoning module Sequencer (67)
[2015.05.03-10.58.27:201][173]LogModuleManager: Shutting down and abandoning module AssetTools (66)
[2015.05.03-10.58.27:201][173]LogModuleManager: Shutting down and abandoning module UMGEditor (65)
[2015.05.03-10.58.27:201][173]LogModuleManager: Shutting down and abandoning module UMG (64)
[2015.05.03-10.58.27:201][173]LogModuleManager: Shutting down and abandoning module Slate (63)
[2015.05.03-10.58.27:201][173]LogModuleManager: Shutting down and abandoning module EditorStyle (62)
[2015.05.03-10.58.27:204][173]LogModuleManager: Shutting down and abandoning module SessionServices (61)
[2015.05.03-10.58.27:204][173]LogModuleManager: Shutting down and abandoning module SourceCodeAccess (60)
[2015.05.03-10.58.27:204][173]LogModuleManager: Shutting down and abandoning module HeadMountedDisplay (59)
[2015.05.03-10.58.27:204][173]LogModuleManager: Shutting down and abandoning module XAudio2 (58)
[2015.05.03-10.58.27:204][173]LogModuleManager: Shutting down and abandoning module Networking (56)
[2015.05.03-10.58.27:204][173]LogModuleManager: Shutting down and abandoning module Core (55)
[2015.05.03-10.58.27:204][173]LogModuleManager: Shutting down and abandoning module KismetCompiler (54)
[2015.05.03-10.58.27:204][173]LogModuleManager: Shutting down and abandoning module PhysXFormats (53)
[2015.05.03-10.58.27:204][173]LogModuleManager: Shutting down and abandoning module MeshUtilities (52)
[2015.05.03-10.58.27:204][173]LogModuleManager: Shutting down and abandoning module DerivedDataCache (51)
[2015.05.03-10.58.27:236][173]LogDerivedDataCache: Shutdown
[2015.05.03-10.58.27:236][173]LogModuleManager: Shutting down and abandoning module ShaderFormatOpenGL (50)
[2015.05.03-10.58.27:236][173]LogModuleManager: Shutting down and abandoning module ShaderFormatD3D (49)
[2015.05.03-10.58.27:236][173]LogModuleManager: Shutting down and abandoning module MetalShaderFormat (48)
[2015.05.03-10.58.27:236][173]LogModuleManager: Shutting down and abandoning module TextureFormatUncompressed (47)
[2015.05.03-10.58.27:236][173]LogModuleManager: Shutting down and abandoning module TextureFormatPVR (46)
[2015.05.03-10.58.27:236][173]LogModuleManager: Shutting down and abandoning module TextureFormatIntelISPCTexComp (45)
[2015.05.03-10.58.27:236][173]LogModuleManager: Shutting down and abandoning module TextureFormatDXT (44)
[2015.05.03-10.58.27:236][173]LogModuleManager: Shutting down and abandoning module ImageWrapper (43)
[2015.05.03-10.58.27:236][173]LogModuleManager: Shutting down and abandoning module TextureFormatASTC (42)
[2015.05.03-10.58.27:236][173]LogModuleManager: Shutting down and abandoning module TextureFormatAndroid (41)
[2015.05.03-10.58.27:236][173]LogModuleManager: Shutting down and abandoning module AudioFormatOpus (40)
[2015.05.03-10.58.27:236][173]LogModuleManager: Shutting down and abandoning module AudioFormatOgg (39)
[2015.05.03-10.58.27:236][173]LogModuleManager: Shutting down and abandoning module AudioFormatADPCM (38)
[2015.05.03-10.58.27:236][173]LogModuleManager: Shutting down and abandoning module LinuxTargetPlatform (37)
[2015.05.03-10.58.27:236][173]LogModuleManager: Shutting down and abandoning module LinuxServerTargetPlatform (36)
[2015.05.03-10.58.27:236][173]LogModuleManager: Shutting down and abandoning module LinuxNoEditorTargetPlatform (35)
[2015.05.03-10.58.27:236][173]LogModuleManager: Shutting down and abandoning module Messaging (34)
[2015.05.03-10.58.27:236][173]LogModuleManager: Shutting down and abandoning module IOSTargetPlatform (33)
[2015.05.03-10.58.27:236][173]LogModuleManager: Shutting down and abandoning module HTML5TargetPlatform (32)
[2015.05.03-10.58.27:236][173]LogModuleManager: Shutting down and abandoning module Android_PVRTCTargetPlatform (31)
[2015.05.03-10.58.27:236][173]LogModuleManager: Shutting down and abandoning module Android_ETC2TargetPlatform (30)
[2015.05.03-10.58.27:236][173]LogModuleManager: Shutting down and abandoning module Android_ETC1TargetPlatform (29)
[2015.05.03-10.58.27:236][173]LogModuleManager: Shutting down and abandoning module Android_ES31TargetPlatform (28)
[2015.05.03-10.58.27:236][173]LogModuleManager: Shutting down and abandoning module Android_DXTTargetPlatform (27)
[2015.05.03-10.58.27:236][173]LogModuleManager: Shutting down and abandoning module Android_ATCTargetPlatform (26)
[2015.05.03-10.58.27:236][173]LogModuleManager: Shutting down and abandoning module AndroidTargetPlatform (25)
[2015.05.03-10.58.27:236][173]LogModuleManager: Shutting down and abandoning module WindowsTargetPlatform (24)
[2015.05.03-10.58.27:236][173]LogModuleManager: Shutting down and abandoning module WindowsServerTargetPlatform (23)
[2015.05.03-10.58.27:236][173]LogModuleManager: Shutting down and abandoning module WindowsNoEditorTargetPlatform (22)
[2015.05.03-10.58.27:236][173]LogModuleManager: Shutting down and abandoning module WindowsClientTargetPlatform (21)
[2015.05.03-10.58.27:236][173]LogModuleManager: Shutting down and abandoning module TargetPlatform (20)
[2015.05.03-10.58.27:236][173]LogModuleManager: Shutting down and abandoning module InputCore (19)
[2015.05.03-10.58.27:236][173]LogModuleManager: Shutting down and abandoning module Settings (18)
[2015.05.03-10.58.27:236][173]LogModuleManager: Shutting down and abandoning module OnlineSubsystem (16)
[2015.05.03-10.58.27:236][173]LogModuleManager: Shutting down and abandoning module OculusRift (15)
[2015.05.03-10.58.27:236][173]LogModuleManager: Shutting down and abandoning module ExampleDeviceProfileSelector (14)
[2015.05.03-10.58.27:236][173]LogModuleManager: Shutting down and abandoning module TextureCompressor (13)
[2015.05.03-10.58.27:236][173]LogModuleManager: Shutting down and abandoning module ShaderCore (12)
[2015.05.03-10.58.27:236][173]LogModuleManager: Shutting down and abandoning module Landscape (11)
[2015.05.03-10.58.27:236][173]LogModuleManager: Shutting down and abandoning module SlateRHIRenderer (10)
[2015.05.03-10.58.27:236][173]LogModuleManager: Shutting down and abandoning module OpenGLDrv (9)
[2015.05.03-10.58.27:236][173]LogModuleManager: Shutting down and abandoning module D3D11RHI (8)
[2015.05.03-10.58.27:236][173]LogModuleManager: Shutting down and abandoning module Renderer (7)
[2015.05.03-10.58.27:236][173]LogModuleManager: Shutting down and abandoning module Engine (6)
[2015.05.03-10.58.27:236][173]LogModuleManager: Shutting down and abandoning module CoreUObject (5)
[2015.05.03-10.58.27:236][173]LogModuleManager: Shutting down and abandoning module NetworkFile (4)
[2015.05.03-10.58.27:236][173]LogModuleManager: Shutting down and abandoning module StreamingFile (3)
[2015.05.03-10.58.27:236][173]LogModuleManager: Shutting down and abandoning module SandboxFile (2)
[2015.05.03-10.58.27:236][173]LogModuleManager: Shutting down and abandoning module PakFile (1)
[2015.05.03-10.58.27:237][173]LogExit: Exiting.
[2015.05.03-10.58.27:238][173]Log file closed, 05/03/15 03:58:27
