Log file open, 05/03/15 02:33:20
LogInit:Display: Running engine for game: RoadRunner
LogInit: Version: 4.7.5-2503383+++depot+UE4-Releases+4.7
LogInit: API Version: 2455222
LogInit: Compiled (64-bit): Apr  6 2015 23:21:51
LogInit: Compiled with Visual C++: 18.00.21005.01
LogInit: Build Configuration: Development
LogInit: Branch Name: ++depot+UE4-Releases+4.7
LogInit: Command line:  /Temp/Autosaves/Game/Maps/UEDPCPhysicsLevel1 -game -PIEVIACONSOLE -ResX=1280 -ResY=720  -Multiprocess 
LogInit: Base directory: C:/Program Files/Epic Games/4.7/Engine/Binaries/Win64/
LogInit: Rocket: 1
[2015.05.03-09.33.20:327][  0]LogTaskGraph: Started task graph with 3 named threads and 7 total threads.
[2015.05.03-09.33.20:402][  0]LogOnline:Warning: No default platform service specified for OnlineSubsystem
[2015.05.03-09.33.20:414][  0]LogInit: Presizing for 0 objects not considered by GC, pre-allocating 0 bytes.
[2015.05.03-09.33.20:421][  0]LogInit: Object subsystem initialized
[2015.05.03-09.33.20:423][  0]LogConsoleResponse:Warning: Skipping Unknown console variable: 'TranslucentSortAxis = (X=0.000000,Y=-1.000000,Z=0.000000)'
[2015.05.03-09.33.20:423][  0]LogConsoleResponse:Warning:   Found in ini file 'D:/RoadRunner/Saved/Config/Windows/Engine.ini', in section '[/Script/Engine.RendererSettings]'
[2015.05.03-09.33.20:423][  0]LogConsoleResponse:Warning: Skipping Unknown console variable: 'UIScaleRule = ShortestSide'
[2015.05.03-09.33.20:423][  0]LogConsoleResponse:Warning:   Found in ini file 'D:/RoadRunner/Saved/Config/Windows/Engine.ini', in section '[/Script/Engine.RendererSettings]'
[2015.05.03-09.33.20:423][  0]LogConsoleResponse:Warning: Skipping Unknown console variable: 'UIScaleCurve = (EditorCurveData=(Keys=),ExternalCurve=None)'
[2015.05.03-09.33.20:423][  0]LogConsoleResponse:Warning:   Found in ini file 'D:/RoadRunner/Saved/Config/Windows/Engine.ini', in section '[/Script/Engine.RendererSettings]'
[2015.05.03-09.33.20:423][  0]LogInit: Selected Device Profile: [Windows]
[2015.05.03-09.33.20:423][  0]LogInit: Applying CVar settings loaded from the selected device profile: [Windows]
[2015.05.03-09.33.20:426][  0]LogInit: Computer: CS210-WS-05
[2015.05.03-09.33.20:426][  0]LogInit: User: CS210
[2015.05.03-09.33.20:426][  0]LogInit: CPU Page size=4096, Cores=6
[2015.05.03-09.33.20:426][  0]LogInit: High frequency timer resolution =3.215263 MHz
[2015.05.03-09.33.20:426][  0]LogMemory: Memory total: Physical=15.9GB (16GB approx) Virtual=8192.0GB
[2015.05.03-09.33.20:426][  0]LogMemory: Platform Memory Stats for Windows
[2015.05.03-09.33.20:426][  0]LogMemory: Process Physical Memory: 49.58 MB used, 49.58 MB peak
[2015.05.03-09.33.20:426][  0]LogMemory: Process Virtual Memory: 29.54 MB used, 29.54 MB peak
[2015.05.03-09.33.20:426][  0]LogMemory: Physical Memory: 5733.78 MB used, 16271.58 MB total
[2015.05.03-09.33.20:426][  0]LogMemory: Virtual Memory: 284.60 MB used, 8388608.00 MB total
[2015.05.03-09.33.20:476][  0]LogD3D11RHI: Found D3D11 adapter 0: NVIDIA GeForce GTX 980 (Feature Level 11_0)
[2015.05.03-09.33.20:476][  0]LogD3D11RHI: Adapter has 3972MB of dedicated video memory, 0MB of dedicated system memory, and 7879MB of shared system memory, 1 output[s]
[2015.05.03-09.33.20:476][  0]LogD3D11RHI: Chosen D3D11 Adapter Id = 0
[2015.05.03-09.33.20:490][  0]LogRHI: Texture pool is 1361 MB (70% of 1945 MB)
[2015.05.03-09.33.20:501][  0]LogD3D11RHI: Async texture creation enabled
[2015.05.03-09.33.20:558][  0]LogTextLocalizationManager: The requested culture ('en_US') has no localization data; parent culture's ('en') localization data will be used.
[2015.05.03-09.33.20:629][  0]LogTextLocalizationManager:Warning: Loading localization resources contain conflicting entries for (Namespace:UICommands, Key:Save_ToolTip):
Resource: (C:/Program Files/Epic Games/4.7/Engine/Content/Localization/Editor/en/Editor.locres) Hash: (-29098895) String: (Saves the current level to disk)
Resource: (C:/Program Files/Epic Games/4.7/Engine/Content/Localization/Engine/en/Engine.locres) Hash: (-1280300587) String: (Save selected data to vlog file)
[2015.05.03-09.33.20:630][  0]LogTextLocalizationManager:Warning: Loading localization resources contain conflicting entries for (Namespace:ContentBrowser, Key:ImportAssetToolTip):
Resource: (C:/Program Files/Epic Games/4.7/Engine/Content/Localization/Editor/en/Editor.locres) Hash: (-630476809) String: (Import to {0}...)
Resource: (C:/Program Files/Epic Games/4.7/Engine/Content/Localization/Editor/en/Editor.locres) Hash: (1271782899) String: (Imports an asset from file to this folder.)
[2015.05.03-09.33.20:713][  0]LogContentStreaming: Texture pool size is 1000.000000MB
[2015.05.03-09.33.22:786][  0]LogTargetPlatformManager:Display: Building Assets For Windows
[2015.05.03-09.33.23:348][  0]LogTargetPlatformManager:Display: Building Assets For Windows
[2015.05.03-09.33.23:402][  0]LogDerivedDataCache:Display: Max Cache Size: 512 MB
[2015.05.03-09.33.23:440][  0]LogDerivedDataCache: Loaded boot cache 0.04s 39MB C:/Users/CS210/AppData/Local/UnrealEngine/4.7/DerivedDataCache/Boot.ddc.
[2015.05.03-09.33.23:440][  0]LogDerivedDataCache:Display: Loaded Boot cache: C:/Users/CS210/AppData/Local/UnrealEngine/4.7/DerivedDataCache/Boot.ddc
[2015.05.03-09.33.23:440][  0]LogDerivedDataCache: FDerivedDataBackendGraph:  Pak pak cache file D:/RoadRunner/DerivedDataCache/DDC.ddp not found, will not use a pak cache.
[2015.05.03-09.33.23:440][  0]LogDerivedDataCache: Unable to find inner node Pak for hierarchical cache Hierarchy.
[2015.05.03-09.33.23:547][  0]LogDerivedDataCache:Display: Pak cache opened for reading ../../../Engine/DerivedDataCache/Compressed.ddp.
[2015.05.03-09.33.23:558][  0]LogDerivedDataCache: Using Local data cache path C:/Users/CS210/AppData/Local/UnrealEngine/Common/DerivedDataCache: Writable
[2015.05.03-09.33.23:793][  0]LogMeshUtilities: No automatic mesh reduction module available
[2015.05.03-09.33.23:793][  0]LogMeshUtilities: No automatic mesh merging module available
[2015.05.03-09.33.24:128][  0]LogInit: WinSock: version 1.1 (2.2), MaxSocks=32767, MaxUdp=65467
[2015.05.03-09.33.24:522][  0]LogWindowsMoviePlayer: Unable to load movie: D:/RoadRunner/Content/Movies/Default_Startup.mp4
[2015.05.03-09.33.24:664][  0]LogSourceControl: RunCommandInternalRaw: 'git version'
[2015.05.03-09.33.24:664][  0]LogSourceControl: RunCommandInternalRaw: ExecProcess ReturnCode=2 OutResults=''
[2015.05.03-09.33.24:687][  0]SourceControl: Info Source control is disabled
[2015.05.03-09.33.24:687][  0]SourceControl: Info Source control is disabled
[2015.05.03-09.33.24:687][  0]SourceControl: Info Source control is disabled
[2015.05.03-09.33.24:694][  0]SourceControl: Info Source control is disabled
[2015.05.03-09.33.24:772][  0]LogObj: 23971 objects as part of root set at end of initial load.
[2015.05.03-09.33.24:772][  0]LogUObjectAllocator: 4988928 out of 0 bytes used by permanent object pool.
[2015.05.03-09.33.24:910][  0]LogAutomationTest:Warning: ERR: Transient text cannot be serialized "Testing Transient serialization detection".
[2015.05.03-09.33.24:910][  0]LogEngine: Initializing Engine...
[2015.05.03-09.33.24:912][  0]LogHMD:Warning: HMD Oculus Rift DK2, Monitor , res = 1920 x 1080, windowPos = {0, 0}
[2015.05.03-09.33.24:912][  0]LogHMD: Oculus plugin initialized. Version: 4.7.5-2503383+++depot+UE4-Releases+4.7, LibOVR: 0.4.4, built Apr  6 2015, 23:27:46
[2015.05.03-09.33.25:080][  0]LogInit: XAudio2 using 'Speakers (Sound Blaster Recon3Di)' : 2 channels at 48 kHz using 32 bits per sample (channel mask 0x3)
[2015.05.03-09.33.25:096][  0]LogInit: FAudioDevice initialized.
[2015.05.03-09.33.25:103][  0]LogInit: Texture streaming: Enabled
[2015.05.03-09.33.25:203][  0]LogAnalytics: Creating configured Analytics provider AnalyticsET
[2015.05.03-09.33.25:203][  0]LogAnalytics: ET APIKey = Rocket.Release. APIServer = http://et2.epicgames.com/ET2/. AppVersion = 4.7.5-2503383+++depot+UE4-Releases+4.7
[2015.05.03-09.33.25:203][  0]LogAnalytics: ET APIKey = Rocket.Release. DataRouterUploadURL = https://datarouter-public-service-gamedev.ol.epicgames.net/datarouter/api/v1/public/data. AppVersion = 4.7.5-2503383+++depot+UE4-Releases+4.7
[2015.05.03-09.33.25:203][  0]LogAnalytics: SetUserId d86d34d3402a841cf4326b90cfa07967|871743be8dc147e2bc510dfc1f536030|3a315af8-1361-406b-977f-a279fe964dc9
[2015.05.03-09.33.25:203][  0]LogAnalytics: AnalyticsET::StartSession [Rocket.Release]
[2015.05.03-09.33.25:225][  0]LogNet: Browse: /Temp/Autosaves/Game/Maps/UEDPCPhysicsLevel1?Name=Player
[2015.05.03-09.33.25:225][  0]LogLoad: LoadMap: /Temp/Autosaves/Game/Maps/UEDPCPhysicsLevel1?Name=Player
[2015.05.03-09.33.25:240][  0]LogMemory: Platform Memory Stats for Windows
[2015.05.03-09.33.25:240][  0]LogMemory: Process Physical Memory: 278.71 MB used, 288.14 MB peak
[2015.05.03-09.33.25:240][  0]LogMemory: Process Virtual Memory: 239.62 MB used, 248.66 MB peak
[2015.05.03-09.33.25:240][  0]LogMemory: Physical Memory: 5920.45 MB used, 16271.58 MB total
[2015.05.03-09.33.25:240][  0]LogMemory: Virtual Memory: 693.04 MB used, 8388608.00 MB total
[2015.05.03-09.33.25:240][  0]LogMemory: 
[2015.05.03-09.33.25:240][  0]Allocator Stats for TBB: (not implemented)
[2015.05.03-09.33.25:926][  0]LogLinker:Warning: Asset '../../../Engine/Content/EngineMeshes/Humanoid.uasset' has been saved with empty engine version. The asset will be loaded but may be incompatible.
[2015.05.03-09.33.26:110][  0]LogWorld: Game class is 'MyGameMode_C'
[2015.05.03-09.33.26:179][  0]LogAIModule: Creating AISystem for world PhysicsLevel1
[2015.05.03-09.33.26:182][  0]PIE:Warning: Warning AttachTo: '/Temp/Autosaves/Game/Maps/UEDPCPhysicsLevel1.PhysicsLevel1:PersistentLevel.BP_BuildingBlockMovable_3180.Root' is not static  (in blueprint "BP_BuildingBlockMovable"), cannot attach '/Temp/Autosaves/Game/Maps/UEDPCPhysicsLevel1.PhysicsLevel1:PersistentLevel.BP_BuildingBlockMovable_3180.Floor' which is static to it. Aborting.
[2015.05.03-09.33.26:182][  0]PIE:Warning: Warning AttachTo: '/Temp/Autosaves/Game/Maps/UEDPCPhysicsLevel1.PhysicsLevel1:PersistentLevel.BP_BuildingBlockMovable_3180.Root' is not static  (in blueprint "BP_BuildingBlockMovable"), cannot attach '/Temp/Autosaves/Game/Maps/UEDPCPhysicsLevel1.PhysicsLevel1:PersistentLevel.BP_BuildingBlockMovable_3180.Ceilling' which is static to it. Aborting.
[2015.05.03-09.33.26:183][  0]PIE:Warning: Warning AttachTo: '/Temp/Autosaves/Game/Maps/UEDPCPhysicsLevel1.PhysicsLevel1:PersistentLevel.BP_BuildingBlockMovable_3180.Root' is not static  (in blueprint "BP_BuildingBlockMovable"), cannot attach '/Temp/Autosaves/Game/Maps/UEDPCPhysicsLevel1.PhysicsLevel1:PersistentLevel.BP_BuildingBlockMovable_3180.Wall1' which is static to it. Aborting.
[2015.05.03-09.33.26:183][  0]PIE:Warning: Warning AttachTo: '/Temp/Autosaves/Game/Maps/UEDPCPhysicsLevel1.PhysicsLevel1:PersistentLevel.BP_BuildingBlockMovable_3180.Root' is not static  (in blueprint "BP_BuildingBlockMovable"), cannot attach '/Temp/Autosaves/Game/Maps/UEDPCPhysicsLevel1.PhysicsLevel1:PersistentLevel.BP_BuildingBlockMovable_3180.Wall2' which is static to it. Aborting.
[2015.05.03-09.33.26:184][  0]PIE:Warning: Warning AttachTo: '/Temp/Autosaves/Game/Maps/UEDPCPhysicsLevel1.PhysicsLevel1:PersistentLevel.BP_BuildingBlockMovable_3180.Root' is not static  (in blueprint "BP_BuildingBlockMovable"), cannot attach '/Temp/Autosaves/Game/Maps/UEDPCPhysicsLevel1.PhysicsLevel1:PersistentLevel.BP_BuildingBlockMovable_3180.Wall3' which is static to it. Aborting.
[2015.05.03-09.33.26:184][  0]PIE:Warning: Warning AttachTo: '/Temp/Autosaves/Game/Maps/UEDPCPhysicsLevel1.PhysicsLevel1:PersistentLevel.BP_BuildingBlockMovable_3180.Root' is not static  (in blueprint "BP_BuildingBlockMovable"), cannot attach '/Temp/Autosaves/Game/Maps/UEDPCPhysicsLevel1.PhysicsLevel1:PersistentLevel.BP_BuildingBlockMovable_3180.Wall4' which is static to it. Aborting.
[2015.05.03-09.33.26:184][  0]PIE:Warning: Warning AttachTo: '/Temp/Autosaves/Game/Maps/UEDPCPhysicsLevel1.PhysicsLevel1:PersistentLevel.BP_BuildingBlockMovable_3180.Root' is not static  (in blueprint "BP_BuildingBlockMovable"), cannot attach '/Temp/Autosaves/Game/Maps/UEDPCPhysicsLevel1.PhysicsLevel1:PersistentLevel.BP_BuildingBlockMovable_3180.Support1' which is static to it. Aborting.
[2015.05.03-09.33.26:185][  0]PIE:Warning: Warning AttachTo: '/Temp/Autosaves/Game/Maps/UEDPCPhysicsLevel1.PhysicsLevel1:PersistentLevel.BP_BuildingBlockMovable_3180.Root' is not static  (in blueprint "BP_BuildingBlockMovable"), cannot attach '/Temp/Autosaves/Game/Maps/UEDPCPhysicsLevel1.PhysicsLevel1:PersistentLevel.BP_BuildingBlockMovable_3180.Support2' which is static to it. Aborting.
[2015.05.03-09.33.26:185][  0]PIE:Warning: Warning AttachTo: '/Temp/Autosaves/Game/Maps/UEDPCPhysicsLevel1.PhysicsLevel1:PersistentLevel.BP_BuildingBlockMovable_3180.Root' is not static  (in blueprint "BP_BuildingBlockMovable"), cannot attach '/Temp/Autosaves/Game/Maps/UEDPCPhysicsLevel1.PhysicsLevel1:PersistentLevel.BP_BuildingBlockMovable_3180.Support3' which is static to it. Aborting.
[2015.05.03-09.33.26:185][  0]PIE:Warning: Warning AttachTo: '/Temp/Autosaves/Game/Maps/UEDPCPhysicsLevel1.PhysicsLevel1:PersistentLevel.BP_BuildingBlockMovable_3180.Root' is not static  (in blueprint "BP_BuildingBlockMovable"), cannot attach '/Temp/Autosaves/Game/Maps/UEDPCPhysicsLevel1.PhysicsLevel1:PersistentLevel.BP_BuildingBlockMovable_3180.Support4' which is static to it. Aborting.
[2015.05.03-09.33.26:186][  0]PIE:Warning: Warning AttachTo: '/Temp/Autosaves/Game/Maps/UEDPCPhysicsLevel1.PhysicsLevel1:PersistentLevel.BP_BuildingBlockMovable_3180.Root' is not static  (in blueprint "BP_BuildingBlockMovable"), cannot attach '/Temp/Autosaves/Game/Maps/UEDPCPhysicsLevel1.PhysicsLevel1:PersistentLevel.BP_BuildingBlockMovable_3180.FillWall1Top' which is static to it. Aborting.
[2015.05.03-09.33.26:186][  0]PIE:Warning: Warning AttachTo: '/Temp/Autosaves/Game/Maps/UEDPCPhysicsLevel1.PhysicsLevel1:PersistentLevel.BP_BuildingBlockMovable_3180.Root' is not static  (in blueprint "BP_BuildingBlockMovable"), cannot attach '/Temp/Autosaves/Game/Maps/UEDPCPhysicsLevel1.PhysicsLevel1:PersistentLevel.BP_BuildingBlockMovable_3180.FIllWall1Bottom' which is static to it. Aborting.
[2015.05.03-09.33.26:186][  0]PIE:Warning: Warning AttachTo: '/Temp/Autosaves/Game/Maps/UEDPCPhysicsLevel1.PhysicsLevel1:PersistentLevel.BP_BuildingBlockMovable_3180.Root' is not static  (in blueprint "BP_BuildingBlockMovable"), cannot attach '/Temp/Autosaves/Game/Maps/UEDPCPhysicsLevel1.PhysicsLevel1:PersistentLevel.BP_BuildingBlockMovable_3180.FillWall2Top' which is static to it. Aborting.
[2015.05.03-09.33.26:186][  0]PIE:Warning: Warning AttachTo: '/Temp/Autosaves/Game/Maps/UEDPCPhysicsLevel1.PhysicsLevel1:PersistentLevel.BP_BuildingBlockMovable_3180.Root' is not static  (in blueprint "BP_BuildingBlockMovable"), cannot attach '/Temp/Autosaves/Game/Maps/UEDPCPhysicsLevel1.PhysicsLevel1:PersistentLevel.BP_BuildingBlockMovable_3180.FillWall2Bottom' which is static to it. Aborting.
[2015.05.03-09.33.26:187][  0]PIE:Warning: Warning AttachTo: '/Temp/Autosaves/Game/Maps/UEDPCPhysicsLevel1.PhysicsLevel1:PersistentLevel.BP_BuildingBlockMovable_3180.Root' is not static  (in blueprint "BP_BuildingBlockMovable"), cannot attach '/Temp/Autosaves/Game/Maps/UEDPCPhysicsLevel1.PhysicsLevel1:PersistentLevel.BP_BuildingBlockMovable_3180.FillWall3Top' which is static to it. Aborting.
[2015.05.03-09.33.26:187][  0]PIE:Warning: Warning AttachTo: '/Temp/Autosaves/Game/Maps/UEDPCPhysicsLevel1.PhysicsLevel1:PersistentLevel.BP_BuildingBlockMovable_3180.Root' is not static  (in blueprint "BP_BuildingBlockMovable"), cannot attach '/Temp/Autosaves/Game/Maps/UEDPCPhysicsLevel1.PhysicsLevel1:PersistentLevel.BP_BuildingBlockMovable_3180.FillWall3Bottom' which is static to it. Aborting.
[2015.05.03-09.33.26:187][  0]PIE:Warning: Warning AttachTo: '/Temp/Autosaves/Game/Maps/UEDPCPhysicsLevel1.PhysicsLevel1:PersistentLevel.BP_BuildingBlockMovable_3180.Root' is not static  (in blueprint "BP_BuildingBlockMovable"), cannot attach '/Temp/Autosaves/Game/Maps/UEDPCPhysicsLevel1.PhysicsLevel1:PersistentLevel.BP_BuildingBlockMovable_3180.FillWall4Top' which is static to it. Aborting.
[2015.05.03-09.33.26:187][  0]PIE:Warning: Warning AttachTo: '/Temp/Autosaves/Game/Maps/UEDPCPhysicsLevel1.PhysicsLevel1:PersistentLevel.BP_BuildingBlockMovable_3180.Root' is not static  (in blueprint "BP_BuildingBlockMovable"), cannot attach '/Temp/Autosaves/Game/Maps/UEDPCPhysicsLevel1.PhysicsLevel1:PersistentLevel.BP_BuildingBlockMovable_3180.FillWall4Bottom' which is static to it. Aborting.
[2015.05.03-09.33.26:192][  0]LogWorld: Bringing World /Temp/Autosaves/Game/Maps/UEDPCPhysicsLevel1.PhysicsLevel1 up for play (max tick rate 0) at 2015.05.03-02.33.26
[2015.05.03-09.33.26:193][  0]LogWorld: Bringing up level for play took: 0.013856
[2015.05.03-09.33.26:199][  0]LogInit:Display: Game Engine Initialized.
[2015.05.03-09.33.26:445][  0]LogLoad: Full Startup: 6.92 seconds (BP compile: 0.30 seconds)
[2015.05.03-09.33.26:554][  2]LogRenderer:Warning: Reallocating scene render targets to support 1280x720 (Frame:2).
[2015.05.03-09.33.28:241][895]LogBlueprintUserMessages: Dropping Arrow!
[2015.05.03-09.33.46:889][196]Closing by request
[2015.05.03-09.33.46:889][196]LogWindows: FPlatformMisc::RequestExit(0)
[2015.05.03-09.33.46:969][197]LogHMD: Oculus shutdown.
[2015.05.03-09.33.46:996][197]LogExit: Preparing to exit.
[2015.05.03-09.33.47:136][197]LogParticles: Destroying 0 GPU particle simulations for FXSystem 0x000000000C9A56C0
[2015.05.03-09.33.47:136][197]LogExit: Game engine shut down
[2015.05.03-09.33.47:193][197]LogExit: Object subsystem successfully closed.
[2015.05.03-09.33.47:246][197]LogModuleManager: Shutting down and abandoning module AndroidDeviceDetection (106)
[2015.05.03-09.33.47:460][197]LogModuleManager: Shutting down and abandoning module AutomationWorker (105)
[2015.05.03-09.33.47:460][197]LogModuleManager: Shutting down and abandoning module CharacterAI (104)
[2015.05.03-09.33.47:460][197]LogModuleManager: Shutting down and abandoning module AITestSuite (103)
[2015.05.03-09.33.47:460][197]LogModuleManager: Shutting down and abandoning module GameplayDebugger (102)
[2015.05.03-09.33.47:460][197]LogModuleManager: Shutting down and abandoning module AIModule (101)
[2015.05.03-09.33.47:460][197]LogModuleManager: Shutting down and abandoning module GameLiveStreaming (100)
[2015.05.03-09.33.47:460][197]LogModuleManager: Shutting down and abandoning module StreamingPauseRendering (99)
[2015.05.03-09.33.47:460][197]LogModuleManager: Shutting down and abandoning module HTTP (98)
[2015.05.03-09.33.47:460][197]LogModuleManager: Shutting down and abandoning module AnalyticsET (97)
[2015.05.03-09.33.47:460][197]LogModuleManager: Shutting down and abandoning module Analytics (96)
[2015.05.03-09.33.47:460][197]LogModuleManager: Shutting down and abandoning module ProfilerService (95)
[2015.05.03-09.33.47:568][197]LogModuleManager: Shutting down and abandoning module TaskGraph (94)
[2015.05.03-09.33.47:568][197]LogModuleManager: Shutting down and abandoning module SlateRemote (93)
[2015.05.03-09.33.47:568][197]LogModuleManager: Shutting down and abandoning module CustomMeshComponent (92)
[2015.05.03-09.33.47:568][197]LogModuleManager: Shutting down and abandoning module CableComponent (91)
[2015.05.03-09.33.47:568][197]LogModuleManager: Shutting down and abandoning module DesktopPlatform (90)
[2015.05.03-09.33.47:568][197]LogModuleManager: Shutting down and abandoning module DirectoryWatcher (89)
[2015.05.03-09.33.47:568][197]LogModuleManager: Shutting down and abandoning module HotReload (88)
[2015.05.03-09.33.47:568][197]LogModuleManager: Shutting down and abandoning module VisualStudioSourceCodeAccess (87)
[2015.05.03-09.33.47:568][197]LogModuleManager: Shutting down and abandoning module UObjectPlugin (86)
[2015.05.03-09.33.47:568][197]LogModuleManager: Shutting down and abandoning module SubversionSourceControl (85)
[2015.05.03-09.33.47:568][197]LogModuleManager: Shutting down and abandoning module GitSourceControl (84)
[2015.05.03-09.33.47:568][197]LogModuleManager: Shutting down and abandoning module SourceControl (83)
[2015.05.03-09.33.47:568][197]LogModuleManager: Shutting down and abandoning module PerforceSourceControl (82)
[2015.05.03-09.33.47:568][197]LogModuleManager: Shutting down and abandoning module BlankPlugin (81)
[2015.05.03-09.33.47:568][197]LogModuleManager: Shutting down and abandoning module ScriptPlugin (80)
[2015.05.03-09.33.47:568][197]LogModuleManager: Shutting down and abandoning module UdpMessaging (79)
[2015.05.03-09.33.47:568][197]LogModuleManager: Shutting down and abandoning module Paper2D (78)
[2015.05.03-09.33.47:568][197]LogModuleManager: Shutting down and abandoning module WindowsMoviePlayer (77)
[2015.05.03-09.33.47:573][197]LogModuleManager: Shutting down and abandoning module Media (76)
[2015.05.03-09.33.47:573][197]LogModuleManager: Shutting down and abandoning module WmfMedia (75)
[2015.05.03-09.33.47:573][197]LogModuleManager: Shutting down and abandoning module OnlineBlueprintSupport (74)
[2015.05.03-09.33.47:573][197]LogModuleManager: Shutting down and abandoning module PropertyEditor (73)
[2015.05.03-09.33.47:573][197]LogModuleManager: Shutting down and abandoning module BehaviorTreeEditor (72)
[2015.05.03-09.33.47:573][197]LogModuleManager: Shutting down and abandoning module FunctionalTesting (71)
[2015.05.03-09.33.47:573][197]LogModuleManager: Shutting down and abandoning module CollisionAnalyzer (70)
[2015.05.03-09.33.47:573][197]LogModuleManager: Shutting down and abandoning module WorkspaceMenuStructure (69)
[2015.05.03-09.33.47:573][197]LogModuleManager: Shutting down and abandoning module MessageLog (68)
[2015.05.03-09.33.47:573][197]LogModuleManager: Shutting down and abandoning module Sequencer (67)
[2015.05.03-09.33.47:573][197]LogModuleManager: Shutting down and abandoning module AssetTools (66)
[2015.05.03-09.33.47:574][197]LogModuleManager: Shutting down and abandoning module UMGEditor (65)
[2015.05.03-09.33.47:574][197]LogModuleManager: Shutting down and abandoning module UMG (64)
[2015.05.03-09.33.47:574][197]LogModuleManager: Shutting down and abandoning module Slate (63)
[2015.05.03-09.33.47:574][197]LogModuleManager: Shutting down and abandoning module EditorStyle (62)
[2015.05.03-09.33.47:580][197]LogModuleManager: Shutting down and abandoning module SessionServices (61)
[2015.05.03-09.33.47:580][197]LogModuleManager: Shutting down and abandoning module SourceCodeAccess (60)
[2015.05.03-09.33.47:580][197]LogModuleManager: Shutting down and abandoning module HeadMountedDisplay (59)
[2015.05.03-09.33.47:580][197]LogModuleManager: Shutting down and abandoning module XAudio2 (58)
[2015.05.03-09.33.47:580][197]LogModuleManager: Shutting down and abandoning module Networking (56)
[2015.05.03-09.33.47:580][197]LogModuleManager: Shutting down and abandoning module Core (55)
[2015.05.03-09.33.47:580][197]LogModuleManager: Shutting down and abandoning module KismetCompiler (54)
[2015.05.03-09.33.47:580][197]LogModuleManager: Shutting down and abandoning module PhysXFormats (53)
[2015.05.03-09.33.47:580][197]LogModuleManager: Shutting down and abandoning module MeshUtilities (52)
[2015.05.03-09.33.47:581][197]LogModuleManager: Shutting down and abandoning module DerivedDataCache (51)
[2015.05.03-09.33.48:051][197]LogDerivedDataCache: Shutdown
[2015.05.03-09.33.48:051][197]LogModuleManager: Shutting down and abandoning module ShaderFormatOpenGL (50)
[2015.05.03-09.33.48:051][197]LogModuleManager: Shutting down and abandoning module ShaderFormatD3D (49)
[2015.05.03-09.33.48:051][197]LogModuleManager: Shutting down and abandoning module MetalShaderFormat (48)
[2015.05.03-09.33.48:051][197]LogModuleManager: Shutting down and abandoning module TextureFormatUncompressed (47)
[2015.05.03-09.33.48:051][197]LogModuleManager: Shutting down and abandoning module TextureFormatPVR (46)
[2015.05.03-09.33.48:051][197]LogModuleManager: Shutting down and abandoning module TextureFormatIntelISPCTexComp (45)
[2015.05.03-09.33.48:051][197]LogModuleManager: Shutting down and abandoning module TextureFormatDXT (44)
[2015.05.03-09.33.48:051][197]LogModuleManager: Shutting down and abandoning module ImageWrapper (43)
[2015.05.03-09.33.48:051][197]LogModuleManager: Shutting down and abandoning module TextureFormatASTC (42)
[2015.05.03-09.33.48:051][197]LogModuleManager: Shutting down and abandoning module TextureFormatAndroid (41)
[2015.05.03-09.33.48:051][197]LogModuleManager: Shutting down and abandoning module AudioFormatOpus (40)
[2015.05.03-09.33.48:051][197]LogModuleManager: Shutting down and abandoning module AudioFormatOgg (39)
[2015.05.03-09.33.48:051][197]LogModuleManager: Shutting down and abandoning module AudioFormatADPCM (38)
[2015.05.03-09.33.48:051][197]LogModuleManager: Shutting down and abandoning module LinuxTargetPlatform (37)
[2015.05.03-09.33.48:051][197]LogModuleManager: Shutting down and abandoning module LinuxServerTargetPlatform (36)
[2015.05.03-09.33.48:051][197]LogModuleManager: Shutting down and abandoning module LinuxNoEditorTargetPlatform (35)
[2015.05.03-09.33.48:051][197]LogModuleManager: Shutting down and abandoning module Messaging (34)
[2015.05.03-09.33.48:051][197]LogModuleManager: Shutting down and abandoning module IOSTargetPlatform (33)
[2015.05.03-09.33.48:051][197]LogModuleManager: Shutting down and abandoning module HTML5TargetPlatform (32)
[2015.05.03-09.33.48:051][197]LogModuleManager: Shutting down and abandoning module Android_PVRTCTargetPlatform (31)
[2015.05.03-09.33.48:051][197]LogModuleManager: Shutting down and abandoning module Android_ETC2TargetPlatform (30)
[2015.05.03-09.33.48:051][197]LogModuleManager: Shutting down and abandoning module Android_ETC1TargetPlatform (29)
[2015.05.03-09.33.48:052][197]LogModuleManager: Shutting down and abandoning module Android_ES31TargetPlatform (28)
[2015.05.03-09.33.48:052][197]LogModuleManager: Shutting down and abandoning module Android_DXTTargetPlatform (27)
[2015.05.03-09.33.48:052][197]LogModuleManager: Shutting down and abandoning module Android_ATCTargetPlatform (26)
[2015.05.03-09.33.48:052][197]LogModuleManager: Shutting down and abandoning module AndroidTargetPlatform (25)
[2015.05.03-09.33.48:052][197]LogModuleManager: Shutting down and abandoning module WindowsTargetPlatform (24)
[2015.05.03-09.33.48:052][197]LogModuleManager: Shutting down and abandoning module WindowsServerTargetPlatform (23)
[2015.05.03-09.33.48:052][197]LogModuleManager: Shutting down and abandoning module WindowsNoEditorTargetPlatform (22)
[2015.05.03-09.33.48:052][197]LogModuleManager: Shutting down and abandoning module WindowsClientTargetPlatform (21)
[2015.05.03-09.33.48:052][197]LogModuleManager: Shutting down and abandoning module TargetPlatform (20)
[2015.05.03-09.33.48:052][197]LogModuleManager: Shutting down and abandoning module InputCore (19)
[2015.05.03-09.33.48:052][197]LogModuleManager: Shutting down and abandoning module Settings (18)
[2015.05.03-09.33.48:052][197]LogModuleManager: Shutting down and abandoning module OnlineSubsystem (16)
[2015.05.03-09.33.48:052][197]LogModuleManager: Shutting down and abandoning module OculusRift (15)
[2015.05.03-09.33.48:052][197]LogModuleManager: Shutting down and abandoning module ExampleDeviceProfileSelector (14)
[2015.05.03-09.33.48:052][197]LogModuleManager: Shutting down and abandoning module TextureCompressor (13)
[2015.05.03-09.33.48:052][197]LogModuleManager: Shutting down and abandoning module ShaderCore (12)
[2015.05.03-09.33.48:052][197]LogModuleManager: Shutting down and abandoning module Landscape (11)
[2015.05.03-09.33.48:052][197]LogModuleManager: Shutting down and abandoning module SlateRHIRenderer (10)
[2015.05.03-09.33.48:052][197]LogModuleManager: Shutting down and abandoning module OpenGLDrv (9)
[2015.05.03-09.33.48:052][197]LogModuleManager: Shutting down and abandoning module D3D11RHI (8)
[2015.05.03-09.33.48:052][197]LogModuleManager: Shutting down and abandoning module Renderer (7)
[2015.05.03-09.33.48:052][197]LogModuleManager: Shutting down and abandoning module Engine (6)
[2015.05.03-09.33.48:052][197]LogModuleManager: Shutting down and abandoning module CoreUObject (5)
[2015.05.03-09.33.48:052][197]LogModuleManager: Shutting down and abandoning module NetworkFile (4)
[2015.05.03-09.33.48:052][197]LogModuleManager: Shutting down and abandoning module StreamingFile (3)
[2015.05.03-09.33.48:053][197]LogModuleManager: Shutting down and abandoning module SandboxFile (2)
[2015.05.03-09.33.48:053][197]LogModuleManager: Shutting down and abandoning module PakFile (1)
[2015.05.03-09.33.48:053][197]LogExit: Exiting.
[2015.05.03-09.33.48:055][197]Log file closed, 05/03/15 02:33:48
