Log file open, 05/02/15 19:23:55
LogInit:Display: Running engine for game: RoadRunner
LogInit: Version: 4.7.5-2503383+++depot+UE4-Releases+4.7
LogInit: API Version: 2455222
LogInit: Compiled (64-bit): Apr  6 2015 23:21:51
LogInit: Compiled with Visual C++: 18.00.21005.01
LogInit: Build Configuration: Development
LogInit: Branch Name: ++depot+UE4-Releases+4.7
LogInit: Command line:  /Temp/Autosaves/Game/Maps/UEDPCMaze -game -PIEVIACONSOLE -ResX=1280 -ResY=720  -Multiprocess 
LogInit: Base directory: C:/Program Files/Epic Games/4.7/Engine/Binaries/Win64/
LogInit: Rocket: 1
[2015.05.03-02.23.55:281][  0]LogTaskGraph: Started task graph with 3 named threads and 7 total threads.
[2015.05.03-02.23.55:354][  0]LogOnline:Warning: No default platform service specified for OnlineSubsystem
[2015.05.03-02.23.55:369][  0]LogInit: Presizing for 0 objects not considered by GC, pre-allocating 0 bytes.
[2015.05.03-02.23.55:378][  0]LogInit: Object subsystem initialized
[2015.05.03-02.23.55:380][  0]LogConsoleResponse:Warning: Skipping Unknown console variable: 'TranslucentSortAxis = (X=0.000000,Y=-1.000000,Z=0.000000)'
[2015.05.03-02.23.55:380][  0]LogConsoleResponse:Warning:   Found in ini file 'D:/RoadRunner/Saved/Config/Windows/Engine.ini', in section '[/Script/Engine.RendererSettings]'
[2015.05.03-02.23.55:380][  0]LogConsoleResponse:Warning: Skipping Unknown console variable: 'UIScaleRule = ShortestSide'
[2015.05.03-02.23.55:380][  0]LogConsoleResponse:Warning:   Found in ini file 'D:/RoadRunner/Saved/Config/Windows/Engine.ini', in section '[/Script/Engine.RendererSettings]'
[2015.05.03-02.23.55:380][  0]LogConsoleResponse:Warning: Skipping Unknown console variable: 'UIScaleCurve = (EditorCurveData=(Keys=),ExternalCurve=None)'
[2015.05.03-02.23.55:380][  0]LogConsoleResponse:Warning:   Found in ini file 'D:/RoadRunner/Saved/Config/Windows/Engine.ini', in section '[/Script/Engine.RendererSettings]'
[2015.05.03-02.23.55:380][  0]LogInit: Selected Device Profile: [Windows]
[2015.05.03-02.23.55:380][  0]LogInit: Applying CVar settings loaded from the selected device profile: [Windows]
[2015.05.03-02.23.55:383][  0]LogInit: Computer: CS210-WS-05
[2015.05.03-02.23.55:383][  0]LogInit: User: CS210
[2015.05.03-02.23.55:383][  0]LogInit: CPU Page size=4096, Cores=6
[2015.05.03-02.23.55:383][  0]LogInit: High frequency timer resolution =3.215263 MHz
[2015.05.03-02.23.55:383][  0]LogMemory: Memory total: Physical=15.9GB (16GB approx) Virtual=8192.0GB
[2015.05.03-02.23.55:383][  0]LogMemory: Platform Memory Stats for Windows
[2015.05.03-02.23.55:383][  0]LogMemory: Process Physical Memory: 49.40 MB used, 49.40 MB peak
[2015.05.03-02.23.55:383][  0]LogMemory: Process Virtual Memory: 29.41 MB used, 29.41 MB peak
[2015.05.03-02.23.55:383][  0]LogMemory: Physical Memory: 4155.50 MB used, 16271.58 MB total
[2015.05.03-02.23.55:383][  0]LogMemory: Virtual Memory: 282.82 MB used, 8388608.00 MB total
[2015.05.03-02.23.55:411][  0]LogD3D11RHI: Found D3D11 adapter 0: NVIDIA GeForce GTX 980 (Feature Level 11_0)
[2015.05.03-02.23.55:411][  0]LogD3D11RHI: Adapter has 3972MB of dedicated video memory, 0MB of dedicated system memory, and 7879MB of shared system memory, 1 output[s]
[2015.05.03-02.23.55:411][  0]LogD3D11RHI: Chosen D3D11 Adapter Id = 0
[2015.05.03-02.23.55:415][  0]LogRHI: Texture pool is 1361 MB (70% of 1945 MB)
[2015.05.03-02.23.55:422][  0]LogD3D11RHI: Async texture creation enabled
[2015.05.03-02.23.55:476][  0]LogTextLocalizationManager: The requested culture ('en_US') has no localization data; parent culture's ('en') localization data will be used.
[2015.05.03-02.23.55:544][  0]LogTextLocalizationManager:Warning: Loading localization resources contain conflicting entries for (Namespace:UICommands, Key:Save_ToolTip):
Resource: (C:/Program Files/Epic Games/4.7/Engine/Content/Localization/Editor/en/Editor.locres) Hash: (-29098895) String: (Saves the current level to disk)
Resource: (C:/Program Files/Epic Games/4.7/Engine/Content/Localization/Engine/en/Engine.locres) Hash: (-1280300587) String: (Save selected data to vlog file)
[2015.05.03-02.23.55:544][  0]LogTextLocalizationManager:Warning: Loading localization resources contain conflicting entries for (Namespace:ContentBrowser, Key:ImportAssetToolTip):
Resource: (C:/Program Files/Epic Games/4.7/Engine/Content/Localization/Editor/en/Editor.locres) Hash: (-630476809) String: (Import to {0}...)
Resource: (C:/Program Files/Epic Games/4.7/Engine/Content/Localization/Editor/en/Editor.locres) Hash: (1271782899) String: (Imports an asset from file to this folder.)
[2015.05.03-02.23.55:622][  0]LogContentStreaming: Texture pool size is 1000.000000MB
[2015.05.03-02.23.57:805][  0]LogTargetPlatformManager:Display: Building Assets For Windows
[2015.05.03-02.23.58:281][  0]LogTargetPlatformManager:Display: Building Assets For Windows
[2015.05.03-02.23.58:354][  0]LogDerivedDataCache:Display: Max Cache Size: 512 MB
[2015.05.03-02.23.58:400][  0]LogDerivedDataCache: Loaded boot cache 0.05s 39MB C:/Users/CS210/AppData/Local/UnrealEngine/4.7/DerivedDataCache/Boot.ddc.
[2015.05.03-02.23.58:400][  0]LogDerivedDataCache:Display: Loaded Boot cache: C:/Users/CS210/AppData/Local/UnrealEngine/4.7/DerivedDataCache/Boot.ddc
[2015.05.03-02.23.58:400][  0]LogDerivedDataCache: FDerivedDataBackendGraph:  Pak pak cache file D:/RoadRunner/DerivedDataCache/DDC.ddp not found, will not use a pak cache.
[2015.05.03-02.23.58:400][  0]LogDerivedDataCache: Unable to find inner node Pak for hierarchical cache Hierarchy.
[2015.05.03-02.23.58:508][  0]LogDerivedDataCache:Display: Pak cache opened for reading ../../../Engine/DerivedDataCache/Compressed.ddp.
[2015.05.03-02.23.58:519][  0]LogDerivedDataCache: Using Local data cache path C:/Users/CS210/AppData/Local/UnrealEngine/Common/DerivedDataCache: Writable
[2015.05.03-02.23.58:826][  0]LogMeshUtilities: No automatic mesh reduction module available
[2015.05.03-02.23.58:826][  0]LogMeshUtilities: No automatic mesh merging module available
[2015.05.03-02.23.59:131][  0]LogInit: WinSock: version 1.1 (2.2), MaxSocks=32767, MaxUdp=65467
[2015.05.03-02.23.59:524][  0]LogWindowsMoviePlayer: Unable to load movie: D:/RoadRunner/Content/Movies/Default_Startup.mp4
[2015.05.03-02.23.59:675][  0]LogSourceControl: RunCommandInternalRaw: 'git version'
[2015.05.03-02.23.59:675][  0]LogSourceControl: RunCommandInternalRaw: ExecProcess ReturnCode=2 OutResults=''
[2015.05.03-02.23.59:698][  0]SourceControl: Info Source control is disabled
[2015.05.03-02.23.59:698][  0]SourceControl: Info Source control is disabled
[2015.05.03-02.23.59:698][  0]SourceControl: Info Source control is disabled
[2015.05.03-02.23.59:706][  0]SourceControl: Info Source control is disabled
[2015.05.03-02.23.59:802][  0]LogObj: 23971 objects as part of root set at end of initial load.
[2015.05.03-02.23.59:802][  0]LogUObjectAllocator: 4988928 out of 0 bytes used by permanent object pool.
[2015.05.03-02.23.59:866][  0]LogAutomationTest:Warning: ERR: Transient text cannot be serialized "Testing Transient serialization detection".
[2015.05.03-02.23.59:866][  0]LogEngine: Initializing Engine...
[2015.05.03-02.24.02:007][  0]LogInit: XAudio2 using 'Speakers (Sound Blaster Recon3Di)' : 2 channels at 48 kHz using 32 bits per sample (channel mask 0x3)
[2015.05.03-02.24.02:019][  0]LogInit: FAudioDevice initialized.
[2015.05.03-02.24.02:024][  0]LogInit: Texture streaming: Enabled
[2015.05.03-02.24.02:089][  0]LogAnalytics: Creating configured Analytics provider AnalyticsET
[2015.05.03-02.24.02:089][  0]LogAnalytics: ET APIKey = Rocket.Release. APIServer = http://et2.epicgames.com/ET2/. AppVersion = 4.7.5-2503383+++depot+UE4-Releases+4.7
[2015.05.03-02.24.02:089][  0]LogAnalytics: ET APIKey = Rocket.Release. DataRouterUploadURL = https://datarouter-public-service-gamedev.ol.epicgames.net/datarouter/api/v1/public/data. AppVersion = 4.7.5-2503383+++depot+UE4-Releases+4.7
[2015.05.03-02.24.02:089][  0]LogAnalytics: SetUserId d86d34d3402a841cf4326b90cfa07967|871743be8dc147e2bc510dfc1f536030|3a315af8-1361-406b-977f-a279fe964dc9
[2015.05.03-02.24.02:089][  0]LogAnalytics: AnalyticsET::StartSession [Rocket.Release]
[2015.05.03-02.24.02:111][  0]LogNet: Browse: /Temp/Autosaves/Game/Maps/UEDPCMaze?Name=Player
[2015.05.03-02.24.02:111][  0]LogLoad: LoadMap: /Temp/Autosaves/Game/Maps/UEDPCMaze?Name=Player
[2015.05.03-02.24.02:125][  0]LogMemory: Platform Memory Stats for Windows
[2015.05.03-02.24.02:125][  0]LogMemory: Process Physical Memory: 286.05 MB used, 295.12 MB peak
[2015.05.03-02.24.02:125][  0]LogMemory: Process Virtual Memory: 246.79 MB used, 256.45 MB peak
[2015.05.03-02.24.02:125][  0]LogMemory: Physical Memory: 4347.61 MB used, 16271.58 MB total
[2015.05.03-02.24.02:125][  0]LogMemory: Virtual Memory: 694.20 MB used, 8388608.00 MB total
[2015.05.03-02.24.02:125][  0]LogMemory: 
[2015.05.03-02.24.02:125][  0]Allocator Stats for TBB: (not implemented)
[2015.05.03-02.24.03:356][  0]LogLinker:Warning: Asset '../../../Engine/Content/EngineMeshes/Humanoid.uasset' has been saved with empty engine version. The asset will be loaded but may be incompatible.
[2015.05.03-02.24.03:837][  0]LogWorld: Game class is 'MyGameMode_C'
[2015.05.03-02.24.03:902][  0]LogAIModule: Creating AISystem for world Maze
[2015.05.03-02.24.04:227][  0]PIE:Warning: Warning AttachTo: '/Temp/Autosaves/Game/Maps/UEDPCMaze.Maze:PersistentLevel.StartingPlatform.Root' is not static  (in blueprint "BP_BuildingBlockMovable"), cannot attach '/Temp/Autosaves/Game/Maps/UEDPCMaze.Maze:PersistentLevel.StartingPlatform.Floor' which is static to it. Aborting.
[2015.05.03-02.24.04:227][  0]PIE:Warning: Warning AttachTo: '/Temp/Autosaves/Game/Maps/UEDPCMaze.Maze:PersistentLevel.StartingPlatform.Root' is not static  (in blueprint "BP_BuildingBlockMovable"), cannot attach '/Temp/Autosaves/Game/Maps/UEDPCMaze.Maze:PersistentLevel.StartingPlatform.Ceilling' which is static to it. Aborting.
[2015.05.03-02.24.04:227][  0]PIE:Warning: Warning AttachTo: '/Temp/Autosaves/Game/Maps/UEDPCMaze.Maze:PersistentLevel.StartingPlatform.Root' is not static  (in blueprint "BP_BuildingBlockMovable"), cannot attach '/Temp/Autosaves/Game/Maps/UEDPCMaze.Maze:PersistentLevel.StartingPlatform.Wall1' which is static to it. Aborting.
[2015.05.03-02.24.04:227][  0]PIE:Warning: Warning AttachTo: '/Temp/Autosaves/Game/Maps/UEDPCMaze.Maze:PersistentLevel.StartingPlatform.Root' is not static  (in blueprint "BP_BuildingBlockMovable"), cannot attach '/Temp/Autosaves/Game/Maps/UEDPCMaze.Maze:PersistentLevel.StartingPlatform.Wall2' which is static to it. Aborting.
[2015.05.03-02.24.04:228][  0]PIE:Warning: Warning AttachTo: '/Temp/Autosaves/Game/Maps/UEDPCMaze.Maze:PersistentLevel.StartingPlatform.Root' is not static  (in blueprint "BP_BuildingBlockMovable"), cannot attach '/Temp/Autosaves/Game/Maps/UEDPCMaze.Maze:PersistentLevel.StartingPlatform.Wall3' which is static to it. Aborting.
[2015.05.03-02.24.04:228][  0]PIE:Warning: Warning AttachTo: '/Temp/Autosaves/Game/Maps/UEDPCMaze.Maze:PersistentLevel.StartingPlatform.Root' is not static  (in blueprint "BP_BuildingBlockMovable"), cannot attach '/Temp/Autosaves/Game/Maps/UEDPCMaze.Maze:PersistentLevel.StartingPlatform.Wall4' which is static to it. Aborting.
[2015.05.03-02.24.04:228][  0]PIE:Warning: Warning AttachTo: '/Temp/Autosaves/Game/Maps/UEDPCMaze.Maze:PersistentLevel.StartingPlatform.Root' is not static  (in blueprint "BP_BuildingBlockMovable"), cannot attach '/Temp/Autosaves/Game/Maps/UEDPCMaze.Maze:PersistentLevel.StartingPlatform.Support1' which is static to it. Aborting.
[2015.05.03-02.24.04:228][  0]PIE:Warning: Warning AttachTo: '/Temp/Autosaves/Game/Maps/UEDPCMaze.Maze:PersistentLevel.StartingPlatform.Root' is not static  (in blueprint "BP_BuildingBlockMovable"), cannot attach '/Temp/Autosaves/Game/Maps/UEDPCMaze.Maze:PersistentLevel.StartingPlatform.Support2' which is static to it. Aborting.
[2015.05.03-02.24.04:228][  0]PIE:Warning: Warning AttachTo: '/Temp/Autosaves/Game/Maps/UEDPCMaze.Maze:PersistentLevel.StartingPlatform.Root' is not static  (in blueprint "BP_BuildingBlockMovable"), cannot attach '/Temp/Autosaves/Game/Maps/UEDPCMaze.Maze:PersistentLevel.StartingPlatform.Support3' which is static to it. Aborting.
[2015.05.03-02.24.04:228][  0]PIE:Warning: Warning AttachTo: '/Temp/Autosaves/Game/Maps/UEDPCMaze.Maze:PersistentLevel.StartingPlatform.Root' is not static  (in blueprint "BP_BuildingBlockMovable"), cannot attach '/Temp/Autosaves/Game/Maps/UEDPCMaze.Maze:PersistentLevel.StartingPlatform.Support4' which is static to it. Aborting.
[2015.05.03-02.24.04:228][  0]PIE:Warning: Warning AttachTo: '/Temp/Autosaves/Game/Maps/UEDPCMaze.Maze:PersistentLevel.StartingPlatform.Root' is not static  (in blueprint "BP_BuildingBlockMovable"), cannot attach '/Temp/Autosaves/Game/Maps/UEDPCMaze.Maze:PersistentLevel.StartingPlatform.FillWall1Top' which is static to it. Aborting.
[2015.05.03-02.24.04:228][  0]PIE:Warning: Warning AttachTo: '/Temp/Autosaves/Game/Maps/UEDPCMaze.Maze:PersistentLevel.StartingPlatform.Root' is not static  (in blueprint "BP_BuildingBlockMovable"), cannot attach '/Temp/Autosaves/Game/Maps/UEDPCMaze.Maze:PersistentLevel.StartingPlatform.FIllWall1Bottom' which is static to it. Aborting.
[2015.05.03-02.24.04:228][  0]PIE:Warning: Warning AttachTo: '/Temp/Autosaves/Game/Maps/UEDPCMaze.Maze:PersistentLevel.StartingPlatform.Root' is not static  (in blueprint "BP_BuildingBlockMovable"), cannot attach '/Temp/Autosaves/Game/Maps/UEDPCMaze.Maze:PersistentLevel.StartingPlatform.FillWall2Top' which is static to it. Aborting.
[2015.05.03-02.24.04:229][  0]PIE:Warning: Warning AttachTo: '/Temp/Autosaves/Game/Maps/UEDPCMaze.Maze:PersistentLevel.StartingPlatform.Root' is not static  (in blueprint "BP_BuildingBlockMovable"), cannot attach '/Temp/Autosaves/Game/Maps/UEDPCMaze.Maze:PersistentLevel.StartingPlatform.FillWall2Bottom' which is static to it. Aborting.
[2015.05.03-02.24.04:229][  0]PIE:Warning: Warning AttachTo: '/Temp/Autosaves/Game/Maps/UEDPCMaze.Maze:PersistentLevel.StartingPlatform.Root' is not static  (in blueprint "BP_BuildingBlockMovable"), cannot attach '/Temp/Autosaves/Game/Maps/UEDPCMaze.Maze:PersistentLevel.StartingPlatform.FillWall3Top' which is static to it. Aborting.
[2015.05.03-02.24.04:229][  0]PIE:Warning: Warning AttachTo: '/Temp/Autosaves/Game/Maps/UEDPCMaze.Maze:PersistentLevel.StartingPlatform.Root' is not static  (in blueprint "BP_BuildingBlockMovable"), cannot attach '/Temp/Autosaves/Game/Maps/UEDPCMaze.Maze:PersistentLevel.StartingPlatform.FillWall3Bottom' which is static to it. Aborting.
[2015.05.03-02.24.04:229][  0]PIE:Warning: Warning AttachTo: '/Temp/Autosaves/Game/Maps/UEDPCMaze.Maze:PersistentLevel.StartingPlatform.Root' is not static  (in blueprint "BP_BuildingBlockMovable"), cannot attach '/Temp/Autosaves/Game/Maps/UEDPCMaze.Maze:PersistentLevel.StartingPlatform.FillWall4Top' which is static to it. Aborting.
[2015.05.03-02.24.04:229][  0]PIE:Warning: Warning AttachTo: '/Temp/Autosaves/Game/Maps/UEDPCMaze.Maze:PersistentLevel.StartingPlatform.Root' is not static  (in blueprint "BP_BuildingBlockMovable"), cannot attach '/Temp/Autosaves/Game/Maps/UEDPCMaze.Maze:PersistentLevel.StartingPlatform.FillWall4Bottom' which is static to it. Aborting.
[2015.05.03-02.24.04:232][  0]LogWorld: Bringing World /Temp/Autosaves/Game/Maps/UEDPCMaze.Maze up for play (max tick rate 0) at 2015.05.02-19.24.04
[2015.05.03-02.24.04:240][  0]LogWorld: Bringing up level for play took: 0.338074
[2015.05.03-02.24.04:243][  0]LogInit:Display: Game Engine Initialized.
[2015.05.03-02.24.04:476][  0]LogLoad: Full Startup: 9.82 seconds (BP compile: 0.32 seconds)
[2015.05.03-02.24.04:625][  2]LogRenderer:Warning: Reallocating scene render targets to support 1280x720 (Frame:2).
[2015.05.03-02.24.35:236][893]PIE:Warning: Warning BP_TargetIncrement_C_2.Ring3 SM_Ring has to have 'Simulate Physics' enabled if you'd like to AddForceAtLocation. 
[2015.05.03-02.24.35:253][894]PIE:Warning: Warning BP_TargetIncrement_C_2.Ring3 SM_Ring has to have 'Simulate Physics' enabled if you'd like to AddForceAtLocation. 
[2015.05.03-02.24.35:269][895]PIE:Warning: Warning BP_TargetIncrement_C_2.Ring3 SM_Ring has to have 'Simulate Physics' enabled if you'd like to AddForceAtLocation. 
[2015.05.03-02.24.35:285][896]PIE:Warning: Warning BP_TargetIncrement_C_2.Ring3 SM_Ring has to have 'Simulate Physics' enabled if you'd like to AddForceAtLocation. 
[2015.05.03-02.24.35:301][897]PIE:Warning: Warning BP_TargetIncrement_C_2.Ring3 SM_Ring has to have 'Simulate Physics' enabled if you'd like to AddForceAtLocation. 
[2015.05.03-02.24.35:317][898]PIE:Warning: Warning BP_TargetIncrement_C_2.Ring3 SM_Ring has to have 'Simulate Physics' enabled if you'd like to AddForceAtLocation. 
[2015.05.03-02.24.35:333][899]PIE:Warning: Warning BP_TargetIncrement_C_2.Ring3 SM_Ring has to have 'Simulate Physics' enabled if you'd like to AddForceAtLocation. 
[2015.05.03-02.24.35:349][900]PIE:Warning: Warning BP_TargetIncrement_C_2.Ring3 SM_Ring has to have 'Simulate Physics' enabled if you'd like to AddForceAtLocation. 
[2015.05.03-02.24.35:365][901]PIE:Warning: Warning BP_TargetIncrement_C_2.Ring3 SM_Ring has to have 'Simulate Physics' enabled if you'd like to AddForceAtLocation. 
[2015.05.03-02.24.35:382][902]PIE:Warning: Warning BP_TargetIncrement_C_2.Ring3 SM_Ring has to have 'Simulate Physics' enabled if you'd like to AddForceAtLocation. 
[2015.05.03-02.24.35:398][903]PIE:Warning: Warning BP_TargetIncrement_C_2.Ring3 SM_Ring has to have 'Simulate Physics' enabled if you'd like to AddForceAtLocation. 
[2015.05.03-02.24.35:414][904]PIE:Warning: Warning BP_TargetIncrement_C_2.Ring3 SM_Ring has to have 'Simulate Physics' enabled if you'd like to AddForceAtLocation. 
[2015.05.03-02.24.35:430][905]PIE:Warning: Warning BP_TargetIncrement_C_2.Ring3 SM_Ring has to have 'Simulate Physics' enabled if you'd like to AddForceAtLocation. 
[2015.05.03-02.24.35:446][906]PIE:Warning: Warning BP_TargetIncrement_C_2.Ring3 SM_Ring has to have 'Simulate Physics' enabled if you'd like to AddForceAtLocation. 
[2015.05.03-02.24.35:462][907]PIE:Warning: Warning BP_TargetIncrement_C_2.Ring3 SM_Ring has to have 'Simulate Physics' enabled if you'd like to AddForceAtLocation. 
[2015.05.03-02.24.35:478][908]PIE:Warning: Warning BP_TargetIncrement_C_2.Ring3 SM_Ring has to have 'Simulate Physics' enabled if you'd like to AddForceAtLocation. 
[2015.05.03-02.24.35:494][909]PIE:Warning: Warning BP_TargetIncrement_C_2.Ring3 SM_Ring has to have 'Simulate Physics' enabled if you'd like to AddForceAtLocation. 
[2015.05.03-02.24.35:511][910]PIE:Warning: Warning BP_TargetIncrement_C_2.Ring3 SM_Ring has to have 'Simulate Physics' enabled if you'd like to AddForceAtLocation. 
[2015.05.03-02.24.35:527][911]PIE:Warning: Warning BP_TargetIncrement_C_2.Ring3 SM_Ring has to have 'Simulate Physics' enabled if you'd like to AddForceAtLocation. 
[2015.05.03-02.24.35:543][912]PIE:Warning: Warning BP_TargetIncrement_C_2.Ring3 SM_Ring has to have 'Simulate Physics' enabled if you'd like to AddForceAtLocation. 
[2015.05.03-02.24.35:559][913]PIE:Warning: Warning BP_TargetIncrement_C_2.Ring3 SM_Ring has to have 'Simulate Physics' enabled if you'd like to AddForceAtLocation. 
[2015.05.03-02.24.35:575][914]PIE:Warning: Warning BP_TargetIncrement_C_2.Ring3 SM_Ring has to have 'Simulate Physics' enabled if you'd like to AddForceAtLocation. 
[2015.05.03-02.24.35:591][915]PIE:Warning: Warning BP_TargetIncrement_C_2.Ring3 SM_Ring has to have 'Simulate Physics' enabled if you'd like to AddForceAtLocation. 
[2015.05.03-02.24.35:607][916]PIE:Warning: Warning BP_TargetIncrement_C_2.Ring3 SM_Ring has to have 'Simulate Physics' enabled if you'd like to AddForceAtLocation. 
[2015.05.03-02.24.35:623][917]PIE:Warning: Warning BP_TargetIncrement_C_2.Ring3 SM_Ring has to have 'Simulate Physics' enabled if you'd like to AddForceAtLocation. 
[2015.05.03-02.24.35:640][918]PIE:Warning: Warning BP_TargetIncrement_C_2.Ring3 SM_Ring has to have 'Simulate Physics' enabled if you'd like to AddForceAtLocation. 
[2015.05.03-02.24.35:656][919]PIE:Warning: Warning BP_TargetIncrement_C_2.Ring3 SM_Ring has to have 'Simulate Physics' enabled if you'd like to AddForceAtLocation. 
[2015.05.03-02.24.35:672][920]PIE:Warning: Warning BP_TargetIncrement_C_2.Ring3 SM_Ring has to have 'Simulate Physics' enabled if you'd like to AddForceAtLocation. 
[2015.05.03-02.24.35:688][921]PIE:Warning: Warning BP_TargetIncrement_C_2.Ring3 SM_Ring has to have 'Simulate Physics' enabled if you'd like to AddForceAtLocation. 
[2015.05.03-02.24.35:704][922]PIE:Warning: Warning BP_TargetIncrement_C_2.Ring3 SM_Ring has to have 'Simulate Physics' enabled if you'd like to AddForceAtLocation. 
[2015.05.03-02.24.35:720][923]PIE:Warning: Warning BP_TargetIncrement_C_2.Ring3 SM_Ring has to have 'Simulate Physics' enabled if you'd like to AddForceAtLocation. 
[2015.05.03-02.24.35:736][924]PIE:Warning: Warning BP_TargetIncrement_C_2.Ring3 SM_Ring has to have 'Simulate Physics' enabled if you'd like to AddForceAtLocation. 
[2015.05.03-02.24.35:752][925]PIE:Warning: Warning BP_TargetIncrement_C_2.Ring3 SM_Ring has to have 'Simulate Physics' enabled if you'd like to AddForceAtLocation. 
[2015.05.03-02.24.35:769][926]PIE:Warning: Warning BP_TargetIncrement_C_2.Ring3 SM_Ring has to have 'Simulate Physics' enabled if you'd like to AddForceAtLocation. 
[2015.05.03-02.24.35:785][927]PIE:Warning: Warning BP_TargetIncrement_C_2.Ring3 SM_Ring has to have 'Simulate Physics' enabled if you'd like to AddForceAtLocation. 
[2015.05.03-02.24.35:801][928]PIE:Warning: Warning BP_TargetIncrement_C_2.Ring3 SM_Ring has to have 'Simulate Physics' enabled if you'd like to AddForceAtLocation. 
[2015.05.03-02.24.35:817][929]PIE:Warning: Warning BP_TargetIncrement_C_2.Ring3 SM_Ring has to have 'Simulate Physics' enabled if you'd like to AddForceAtLocation. 
[2015.05.03-02.24.35:833][930]PIE:Warning: Warning BP_TargetIncrement_C_2.Ring3 SM_Ring has to have 'Simulate Physics' enabled if you'd like to AddForceAtLocation. 
[2015.05.03-02.24.35:849][931]PIE:Warning: Warning BP_TargetIncrement_C_2.Ring3 SM_Ring has to have 'Simulate Physics' enabled if you'd like to AddForceAtLocation. 
[2015.05.03-02.24.35:865][932]PIE:Warning: Warning BP_TargetIncrement_C_2.Ring3 SM_Ring has to have 'Simulate Physics' enabled if you'd like to AddForceAtLocation. 
[2015.05.03-02.24.35:882][933]PIE:Warning: Warning BP_TargetIncrement_C_2.Ring3 SM_Ring has to have 'Simulate Physics' enabled if you'd like to AddForceAtLocation. 
[2015.05.03-02.24.35:898][934]PIE:Warning: Warning BP_TargetIncrement_C_2.Ring3 SM_Ring has to have 'Simulate Physics' enabled if you'd like to AddForceAtLocation. 
[2015.05.03-02.24.35:914][935]PIE:Warning: Warning BP_TargetIncrement_C_2.Ring3 SM_Ring has to have 'Simulate Physics' enabled if you'd like to AddForceAtLocation. 
[2015.05.03-02.24.35:930][936]PIE:Warning: Warning BP_TargetIncrement_C_2.Ring3 SM_Ring has to have 'Simulate Physics' enabled if you'd like to AddForceAtLocation. 
[2015.05.03-02.24.35:946][937]PIE:Warning: Warning BP_TargetIncrement_C_2.Ring3 SM_Ring has to have 'Simulate Physics' enabled if you'd like to AddForceAtLocation. 
[2015.05.03-02.24.35:962][938]PIE:Warning: Warning BP_TargetIncrement_C_2.Ring3 SM_Ring has to have 'Simulate Physics' enabled if you'd like to AddForceAtLocation. 
[2015.05.03-02.24.35:978][939]PIE:Warning: Warning BP_TargetIncrement_C_2.Ring3 SM_Ring has to have 'Simulate Physics' enabled if you'd like to AddForceAtLocation. 
[2015.05.03-02.24.35:994][940]PIE:Warning: Warning BP_TargetIncrement_C_2.Ring3 SM_Ring has to have 'Simulate Physics' enabled if you'd like to AddForceAtLocation. 
[2015.05.03-02.24.36:011][941]PIE:Warning: Warning BP_TargetIncrement_C_2.Ring3 SM_Ring has to have 'Simulate Physics' enabled if you'd like to AddForceAtLocation. 
[2015.05.03-02.24.36:027][942]PIE:Warning: Warning BP_TargetIncrement_C_2.Ring3 SM_Ring has to have 'Simulate Physics' enabled if you'd like to AddForceAtLocation. 
[2015.05.03-02.24.36:043][943]PIE:Warning: Warning BP_TargetIncrement_C_2.Ring3 SM_Ring has to have 'Simulate Physics' enabled if you'd like to AddForceAtLocation. 
[2015.05.03-02.24.36:059][944]PIE:Warning: Warning BP_TargetIncrement_C_2.Ring3 SM_Ring has to have 'Simulate Physics' enabled if you'd like to AddForceAtLocation. 
[2015.05.03-02.24.36:075][945]PIE:Warning: Warning BP_TargetIncrement_C_2.Ring3 SM_Ring has to have 'Simulate Physics' enabled if you'd like to AddForceAtLocation. 
[2015.05.03-02.24.36:091][946]PIE:Warning: Warning BP_TargetIncrement_C_2.Ring3 SM_Ring has to have 'Simulate Physics' enabled if you'd like to AddForceAtLocation. 
[2015.05.03-02.24.36:107][947]PIE:Warning: Warning BP_TargetIncrement_C_2.Ring3 SM_Ring has to have 'Simulate Physics' enabled if you'd like to AddForceAtLocation. 
[2015.05.03-02.24.36:123][948]PIE:Warning: Warning BP_TargetIncrement_C_2.Ring3 SM_Ring has to have 'Simulate Physics' enabled if you'd like to AddForceAtLocation. 
[2015.05.03-02.24.36:140][949]PIE:Warning: Warning BP_TargetIncrement_C_2.Ring3 SM_Ring has to have 'Simulate Physics' enabled if you'd like to AddForceAtLocation. 
[2015.05.03-02.24.36:156][950]PIE:Warning: Warning BP_TargetIncrement_C_2.Ring3 SM_Ring has to have 'Simulate Physics' enabled if you'd like to AddForceAtLocation. 
[2015.05.03-02.24.36:172][951]PIE:Warning: Warning BP_TargetIncrement_C_2.Ring3 SM_Ring has to have 'Simulate Physics' enabled if you'd like to AddForceAtLocation. 
[2015.05.03-02.24.36:188][952]PIE:Warning: Warning BP_TargetIncrement_C_2.Ring3 SM_Ring has to have 'Simulate Physics' enabled if you'd like to AddForceAtLocation. 
[2015.05.03-02.24.36:204][953]PIE:Warning: Warning BP_TargetIncrement_C_2.Ring3 SM_Ring has to have 'Simulate Physics' enabled if you'd like to AddForceAtLocation. 
[2015.05.03-02.24.36:220][954]PIE:Warning: Warning BP_TargetIncrement_C_2.Ring3 SM_Ring has to have 'Simulate Physics' enabled if you'd like to AddForceAtLocation. 
[2015.05.03-02.24.36:236][955]PIE:Warning: Warning BP_TargetIncrement_C_2.Ring3 SM_Ring has to have 'Simulate Physics' enabled if you'd like to AddForceAtLocation. 
[2015.05.03-02.24.36:252][956]PIE:Warning: Warning BP_TargetIncrement_C_2.Ring3 SM_Ring has to have 'Simulate Physics' enabled if you'd like to AddForceAtLocation. 
[2015.05.03-02.24.36:269][957]PIE:Warning: Warning BP_TargetIncrement_C_2.Ring3 SM_Ring has to have 'Simulate Physics' enabled if you'd like to AddForceAtLocation. 
[2015.05.03-02.24.36:285][958]PIE:Warning: Warning BP_TargetIncrement_C_2.Ring3 SM_Ring has to have 'Simulate Physics' enabled if you'd like to AddForceAtLocation. 
[2015.05.03-02.24.36:301][959]PIE:Warning: Warning BP_TargetIncrement_C_2.Ring3 SM_Ring has to have 'Simulate Physics' enabled if you'd like to AddForceAtLocation. 
[2015.05.03-02.24.36:317][960]PIE:Warning: Warning BP_TargetIncrement_C_2.Ring3 SM_Ring has to have 'Simulate Physics' enabled if you'd like to AddForceAtLocation. 
[2015.05.03-02.24.36:333][961]PIE:Warning: Warning BP_TargetIncrement_C_2.Ring3 SM_Ring has to have 'Simulate Physics' enabled if you'd like to AddForceAtLocation. 
[2015.05.03-02.24.36:349][962]PIE:Warning: Warning BP_TargetIncrement_C_2.Ring3 SM_Ring has to have 'Simulate Physics' enabled if you'd like to AddForceAtLocation. 
[2015.05.03-02.24.36:365][963]PIE:Warning: Warning BP_TargetIncrement_C_2.Ring3 SM_Ring has to have 'Simulate Physics' enabled if you'd like to AddForceAtLocation. 
[2015.05.03-02.24.36:381][964]PIE:Warning: Warning BP_TargetIncrement_C_2.Ring3 SM_Ring has to have 'Simulate Physics' enabled if you'd like to AddForceAtLocation. 
[2015.05.03-02.24.36:398][965]PIE:Warning: Warning BP_TargetIncrement_C_2.Ring3 SM_Ring has to have 'Simulate Physics' enabled if you'd like to AddForceAtLocation. 
[2015.05.03-02.24.36:414][966]PIE:Warning: Warning BP_TargetIncrement_C_2.Ring3 SM_Ring has to have 'Simulate Physics' enabled if you'd like to AddForceAtLocation. 
[2015.05.03-02.24.36:430][967]PIE:Warning: Warning BP_TargetIncrement_C_2.Ring3 SM_Ring has to have 'Simulate Physics' enabled if you'd like to AddForceAtLocation. 
[2015.05.03-02.24.36:446][968]PIE:Warning: Warning BP_TargetIncrement_C_2.Ring3 SM_Ring has to have 'Simulate Physics' enabled if you'd like to AddForceAtLocation. 
[2015.05.03-02.24.36:462][969]PIE:Warning: Warning BP_TargetIncrement_C_2.Ring3 SM_Ring has to have 'Simulate Physics' enabled if you'd like to AddForceAtLocation. 
[2015.05.03-02.24.36:478][970]PIE:Warning: Warning BP_TargetIncrement_C_2.Ring3 SM_Ring has to have 'Simulate Physics' enabled if you'd like to AddForceAtLocation. 
[2015.05.03-02.24.36:494][971]PIE:Warning: Warning BP_TargetIncrement_C_2.Ring3 SM_Ring has to have 'Simulate Physics' enabled if you'd like to AddForceAtLocation. 
[2015.05.03-02.24.36:511][972]PIE:Warning: Warning BP_TargetIncrement_C_2.Ring3 SM_Ring has to have 'Simulate Physics' enabled if you'd like to AddForceAtLocation. 
[2015.05.03-02.24.36:527][973]PIE:Warning: Warning BP_TargetIncrement_C_2.Ring3 SM_Ring has to have 'Simulate Physics' enabled if you'd like to AddForceAtLocation. 
[2015.05.03-02.24.36:543][974]PIE:Warning: Warning BP_TargetIncrement_C_2.Ring3 SM_Ring has to have 'Simulate Physics' enabled if you'd like to AddForceAtLocation. 
[2015.05.03-02.24.36:559][975]PIE:Warning: Warning BP_TargetIncrement_C_2.Ring3 SM_Ring has to have 'Simulate Physics' enabled if you'd like to AddForceAtLocation. 
[2015.05.03-02.24.36:575][976]PIE:Warning: Warning BP_TargetIncrement_C_2.Ring3 SM_Ring has to have 'Simulate Physics' enabled if you'd like to AddForceAtLocation. 
[2015.05.03-02.24.36:591][977]PIE:Warning: Warning BP_TargetIncrement_C_2.Ring3 SM_Ring has to have 'Simulate Physics' enabled if you'd like to AddForceAtLocation. 
[2015.05.03-02.24.36:607][978]PIE:Warning: Warning BP_TargetIncrement_C_2.Ring3 SM_Ring has to have 'Simulate Physics' enabled if you'd like to AddForceAtLocation. 
[2015.05.03-02.24.36:623][979]PIE:Warning: Warning BP_TargetIncrement_C_2.Ring3 SM_Ring has to have 'Simulate Physics' enabled if you'd like to AddForceAtLocation. 
[2015.05.03-02.24.36:640][980]PIE:Warning: Warning BP_TargetIncrement_C_2.Ring3 SM_Ring has to have 'Simulate Physics' enabled if you'd like to AddForceAtLocation. 
[2015.05.03-02.24.36:656][981]PIE:Warning: Warning BP_TargetIncrement_C_2.Ring3 SM_Ring has to have 'Simulate Physics' enabled if you'd like to AddForceAtLocation. 
[2015.05.03-02.24.36:672][982]PIE:Warning: Warning BP_TargetIncrement_C_2.Ring3 SM_Ring has to have 'Simulate Physics' enabled if you'd like to AddForceAtLocation. 
[2015.05.03-02.24.36:688][983]PIE:Warning: Warning BP_TargetIncrement_C_2.Ring3 SM_Ring has to have 'Simulate Physics' enabled if you'd like to AddForceAtLocation. 
[2015.05.03-02.24.36:704][984]PIE:Warning: Warning BP_TargetIncrement_C_2.Ring3 SM_Ring has to have 'Simulate Physics' enabled if you'd like to AddForceAtLocation. 
[2015.05.03-02.24.36:720][985]PIE:Warning: Warning BP_TargetIncrement_C_2.Ring3 SM_Ring has to have 'Simulate Physics' enabled if you'd like to AddForceAtLocation. 
[2015.05.03-02.24.36:736][986]PIE:Warning: Warning BP_TargetIncrement_C_2.Ring3 SM_Ring has to have 'Simulate Physics' enabled if you'd like to AddForceAtLocation. 
[2015.05.03-02.24.36:752][987]PIE:Warning: Warning BP_TargetIncrement_C_2.Ring3 SM_Ring has to have 'Simulate Physics' enabled if you'd like to AddForceAtLocation. 
[2015.05.03-02.24.36:769][988]PIE:Warning: Warning BP_TargetIncrement_C_2.Ring3 SM_Ring has to have 'Simulate Physics' enabled if you'd like to AddForceAtLocation. 
[2015.05.03-02.24.36:785][989]PIE:Warning: Warning BP_TargetIncrement_C_2.Ring3 SM_Ring has to have 'Simulate Physics' enabled if you'd like to AddForceAtLocation. 
[2015.05.03-02.24.36:801][990]PIE:Warning: Warning BP_TargetIncrement_C_2.Ring3 SM_Ring has to have 'Simulate Physics' enabled if you'd like to AddForceAtLocation. 
[2015.05.03-02.24.36:817][991]PIE:Warning: Warning BP_TargetIncrement_C_2.Ring3 SM_Ring has to have 'Simulate Physics' enabled if you'd like to AddForceAtLocation. 
[2015.05.03-02.24.36:833][992]PIE:Warning: Warning BP_TargetIncrement_C_2.Ring3 SM_Ring has to have 'Simulate Physics' enabled if you'd like to AddForceAtLocation. 
[2015.05.03-02.24.36:849][993]PIE:Warning: Warning BP_TargetIncrement_C_2.Ring3 SM_Ring has to have 'Simulate Physics' enabled if you'd like to AddForceAtLocation. 
[2015.05.03-02.24.36:865][994]PIE:Warning: Warning BP_TargetIncrement_C_2.Ring3 SM_Ring has to have 'Simulate Physics' enabled if you'd like to AddForceAtLocation. 
[2015.05.03-02.24.36:882][995]PIE:Warning: Warning BP_TargetIncrement_C_2.Ring3 SM_Ring has to have 'Simulate Physics' enabled if you'd like to AddForceAtLocation. 
[2015.05.03-02.24.36:898][996]PIE:Warning: Warning BP_TargetIncrement_C_2.Ring3 SM_Ring has to have 'Simulate Physics' enabled if you'd like to AddForceAtLocation. 
[2015.05.03-02.24.36:914][997]PIE:Warning: Warning BP_TargetIncrement_C_2.Ring3 SM_Ring has to have 'Simulate Physics' enabled if you'd like to AddForceAtLocation. 
[2015.05.03-02.24.36:930][998]PIE:Warning: Warning BP_TargetIncrement_C_2.Ring3 SM_Ring has to have 'Simulate Physics' enabled if you'd like to AddForceAtLocation. 
[2015.05.03-02.24.36:946][999]PIE:Warning: Warning BP_TargetIncrement_C_2.Ring3 SM_Ring has to have 'Simulate Physics' enabled if you'd like to AddForceAtLocation. 
[2015.05.03-02.24.36:962][  0]PIE:Warning: Warning BP_TargetIncrement_C_2.Ring3 SM_Ring has to have 'Simulate Physics' enabled if you'd like to AddForceAtLocation. 
[2015.05.03-02.24.36:978][  1]PIE:Warning: Warning BP_TargetIncrement_C_2.Ring3 SM_Ring has to have 'Simulate Physics' enabled if you'd like to AddForceAtLocation. 
[2015.05.03-02.24.36:994][  2]PIE:Warning: Warning BP_TargetIncrement_C_2.Ring3 SM_Ring has to have 'Simulate Physics' enabled if you'd like to AddForceAtLocation. 
[2015.05.03-02.24.37:011][  3]PIE:Warning: Warning BP_TargetIncrement_C_2.Ring3 SM_Ring has to have 'Simulate Physics' enabled if you'd like to AddForceAtLocation. 
[2015.05.03-02.24.37:027][  4]PIE:Warning: Warning BP_TargetIncrement_C_2.Ring3 SM_Ring has to have 'Simulate Physics' enabled if you'd like to AddForceAtLocation. 
[2015.05.03-02.24.37:043][  5]PIE:Warning: Warning BP_TargetIncrement_C_2.Ring3 SM_Ring has to have 'Simulate Physics' enabled if you'd like to AddForceAtLocation. 
[2015.05.03-02.24.37:059][  6]PIE:Warning: Warning BP_TargetIncrement_C_2.Ring3 SM_Ring has to have 'Simulate Physics' enabled if you'd like to AddForceAtLocation. 
[2015.05.03-02.24.37:075][  7]PIE:Warning: Warning BP_TargetIncrement_C_2.Ring3 SM_Ring has to have 'Simulate Physics' enabled if you'd like to AddForceAtLocation. 
[2015.05.03-02.24.37:091][  8]PIE:Warning: Warning BP_TargetIncrement_C_2.Ring3 SM_Ring has to have 'Simulate Physics' enabled if you'd like to AddForceAtLocation. 
[2015.05.03-02.24.37:107][  9]PIE:Warning: Warning BP_TargetIncrement_C_2.Ring3 SM_Ring has to have 'Simulate Physics' enabled if you'd like to AddForceAtLocation. 
[2015.05.03-02.24.37:123][ 10]PIE:Warning: Warning BP_TargetIncrement_C_2.Ring3 SM_Ring has to have 'Simulate Physics' enabled if you'd like to AddForceAtLocation. 
[2015.05.03-02.24.37:140][ 11]PIE:Warning: Warning BP_TargetIncrement_C_2.Ring3 SM_Ring has to have 'Simulate Physics' enabled if you'd like to AddForceAtLocation. 
[2015.05.03-02.24.37:156][ 12]PIE:Warning: Warning BP_TargetIncrement_C_2.Ring3 SM_Ring has to have 'Simulate Physics' enabled if you'd like to AddForceAtLocation. 
[2015.05.03-02.24.37:172][ 13]PIE:Warning: Warning BP_TargetIncrement_C_2.Ring3 SM_Ring has to have 'Simulate Physics' enabled if you'd like to AddForceAtLocation. 
[2015.05.03-02.24.37:188][ 14]PIE:Warning: Warning BP_TargetIncrement_C_2.Ring3 SM_Ring has to have 'Simulate Physics' enabled if you'd like to AddForceAtLocation. 
[2015.05.03-02.24.37:204][ 15]PIE:Warning: Warning BP_TargetIncrement_C_2.Ring3 SM_Ring has to have 'Simulate Physics' enabled if you'd like to AddForceAtLocation. 
[2015.05.03-02.24.37:220][ 16]PIE:Warning: Warning BP_TargetIncrement_C_2.Ring3 SM_Ring has to have 'Simulate Physics' enabled if you'd like to AddForceAtLocation. 
[2015.05.03-02.24.37:236][ 17]PIE:Warning: Warning BP_TargetIncrement_C_2.Ring3 SM_Ring has to have 'Simulate Physics' enabled if you'd like to AddForceAtLocation. 
[2015.05.03-02.24.37:252][ 18]PIE:Warning: Warning BP_TargetIncrement_C_2.Ring3 SM_Ring has to have 'Simulate Physics' enabled if you'd like to AddForceAtLocation. 
[2015.05.03-02.24.37:269][ 19]PIE:Warning: Warning BP_TargetIncrement_C_2.Ring3 SM_Ring has to have 'Simulate Physics' enabled if you'd like to AddForceAtLocation. 
[2015.05.03-02.24.37:285][ 20]PIE:Warning: Warning BP_TargetIncrement_C_2.Ring3 SM_Ring has to have 'Simulate Physics' enabled if you'd like to AddForceAtLocation. 
[2015.05.03-02.24.37:301][ 21]PIE:Warning: Warning BP_TargetIncrement_C_2.Ring3 SM_Ring has to have 'Simulate Physics' enabled if you'd like to AddForceAtLocation. 
[2015.05.03-02.24.37:317][ 22]PIE:Warning: Warning BP_TargetIncrement_C_2.Ring3 SM_Ring has to have 'Simulate Physics' enabled if you'd like to AddForceAtLocation. 
[2015.05.03-02.24.37:333][ 23]PIE:Warning: Warning BP_TargetIncrement_C_2.Ring3 SM_Ring has to have 'Simulate Physics' enabled if you'd like to AddForceAtLocation. 
[2015.05.03-02.24.37:349][ 24]PIE:Warning: Warning BP_TargetIncrement_C_2.Ring3 SM_Ring has to have 'Simulate Physics' enabled if you'd like to AddForceAtLocation. 
[2015.05.03-02.24.37:365][ 25]PIE:Warning: Warning BP_TargetIncrement_C_2.Ring3 SM_Ring has to have 'Simulate Physics' enabled if you'd like to AddForceAtLocation. 
[2015.05.03-02.24.37:381][ 26]PIE:Warning: Warning BP_TargetIncrement_C_2.Ring3 SM_Ring has to have 'Simulate Physics' enabled if you'd like to AddForceAtLocation. 
[2015.05.03-02.24.37:398][ 27]PIE:Warning: Warning BP_TargetIncrement_C_2.Ring3 SM_Ring has to have 'Simulate Physics' enabled if you'd like to AddForceAtLocation. 
[2015.05.03-02.24.37:414][ 28]PIE:Warning: Warning BP_TargetIncrement_C_2.Ring3 SM_Ring has to have 'Simulate Physics' enabled if you'd like to AddForceAtLocation. 
[2015.05.03-02.24.37:430][ 29]PIE:Warning: Warning BP_TargetIncrement_C_2.Ring3 SM_Ring has to have 'Simulate Physics' enabled if you'd like to AddForceAtLocation. 
[2015.05.03-02.24.37:446][ 30]PIE:Warning: Warning BP_TargetIncrement_C_2.Ring3 SM_Ring has to have 'Simulate Physics' enabled if you'd like to AddForceAtLocation. 
[2015.05.03-02.24.37:462][ 31]PIE:Warning: Warning BP_TargetIncrement_C_2.Ring3 SM_Ring has to have 'Simulate Physics' enabled if you'd like to AddForceAtLocation. 
[2015.05.03-02.24.37:478][ 32]PIE:Warning: Warning BP_TargetIncrement_C_2.Ring3 SM_Ring has to have 'Simulate Physics' enabled if you'd like to AddForceAtLocation. 
[2015.05.03-02.24.37:494][ 33]PIE:Warning: Warning BP_TargetIncrement_C_2.Ring3 SM_Ring has to have 'Simulate Physics' enabled if you'd like to AddForceAtLocation. 
[2015.05.03-02.24.37:510][ 34]PIE:Warning: Warning BP_TargetIncrement_C_2.Ring3 SM_Ring has to have 'Simulate Physics' enabled if you'd like to AddForceAtLocation. 
[2015.05.03-02.24.37:527][ 35]PIE:Warning: Warning BP_TargetIncrement_C_2.Ring3 SM_Ring has to have 'Simulate Physics' enabled if you'd like to AddForceAtLocation. 
[2015.05.03-02.24.37:543][ 36]PIE:Warning: Warning BP_TargetIncrement_C_2.Ring3 SM_Ring has to have 'Simulate Physics' enabled if you'd like to AddForceAtLocation. 
[2015.05.03-02.24.37:559][ 37]PIE:Warning: Warning BP_TargetIncrement_C_2.Ring3 SM_Ring has to have 'Simulate Physics' enabled if you'd like to AddForceAtLocation. 
[2015.05.03-02.24.37:575][ 38]PIE:Warning: Warning BP_TargetIncrement_C_2.Ring3 SM_Ring has to have 'Simulate Physics' enabled if you'd like to AddForceAtLocation. 
[2015.05.03-02.24.37:591][ 39]PIE:Warning: Warning BP_TargetIncrement_C_2.Ring3 SM_Ring has to have 'Simulate Physics' enabled if you'd like to AddForceAtLocation. 
[2015.05.03-02.24.37:607][ 40]PIE:Warning: Warning BP_TargetIncrement_C_2.Ring3 SM_Ring has to have 'Simulate Physics' enabled if you'd like to AddForceAtLocation. 
[2015.05.03-02.24.37:623][ 41]PIE:Warning: Warning BP_TargetIncrement_C_2.Ring3 SM_Ring has to have 'Simulate Physics' enabled if you'd like to AddForceAtLocation. 
[2015.05.03-02.24.37:640][ 42]PIE:Warning: Warning BP_TargetIncrement_C_2.Ring3 SM_Ring has to have 'Simulate Physics' enabled if you'd like to AddForceAtLocation. 
[2015.05.03-02.24.37:656][ 43]PIE:Warning: Warning BP_TargetIncrement_C_2.Ring3 SM_Ring has to have 'Simulate Physics' enabled if you'd like to AddForceAtLocation. 
[2015.05.03-02.24.37:672][ 44]PIE:Warning: Warning BP_TargetIncrement_C_2.Ring3 SM_Ring has to have 'Simulate Physics' enabled if you'd like to AddForceAtLocation. 
[2015.05.03-02.24.37:688][ 45]PIE:Warning: Warning BP_TargetIncrement_C_2.Ring3 SM_Ring has to have 'Simulate Physics' enabled if you'd like to AddForceAtLocation. 
[2015.05.03-02.24.37:704][ 46]PIE:Warning: Warning BP_TargetIncrement_C_2.Ring3 SM_Ring has to have 'Simulate Physics' enabled if you'd like to AddForceAtLocation. 
[2015.05.03-02.24.37:720][ 47]PIE:Warning: Warning BP_TargetIncrement_C_2.Ring3 SM_Ring has to have 'Simulate Physics' enabled if you'd like to AddForceAtLocation. 
[2015.05.03-02.24.37:736][ 48]PIE:Warning: Warning BP_TargetIncrement_C_2.Ring3 SM_Ring has to have 'Simulate Physics' enabled if you'd like to AddForceAtLocation. 
[2015.05.03-02.24.37:752][ 49]PIE:Warning: Warning BP_TargetIncrement_C_2.Ring3 SM_Ring has to have 'Simulate Physics' enabled if you'd like to AddForceAtLocation. 
[2015.05.03-02.24.37:769][ 50]PIE:Warning: Warning BP_TargetIncrement_C_2.Ring3 SM_Ring has to have 'Simulate Physics' enabled if you'd like to AddForceAtLocation. 
[2015.05.03-02.24.37:785][ 51]PIE:Warning: Warning BP_TargetIncrement_C_2.Ring3 SM_Ring has to have 'Simulate Physics' enabled if you'd like to AddForceAtLocation. 
[2015.05.03-02.24.37:801][ 52]PIE:Warning: Warning BP_TargetIncrement_C_2.Ring3 SM_Ring has to have 'Simulate Physics' enabled if you'd like to AddForceAtLocation. 
[2015.05.03-02.24.37:817][ 53]PIE:Warning: Warning BP_TargetIncrement_C_2.Ring3 SM_Ring has to have 'Simulate Physics' enabled if you'd like to AddForceAtLocation. 
[2015.05.03-02.24.37:833][ 54]PIE:Warning: Warning BP_TargetIncrement_C_2.Ring3 SM_Ring has to have 'Simulate Physics' enabled if you'd like to AddForceAtLocation. 
[2015.05.03-02.24.37:849][ 55]PIE:Warning: Warning BP_TargetIncrement_C_2.Ring3 SM_Ring has to have 'Simulate Physics' enabled if you'd like to AddForceAtLocation. 
[2015.05.03-02.24.37:865][ 56]PIE:Warning: Warning BP_TargetIncrement_C_2.Ring3 SM_Ring has to have 'Simulate Physics' enabled if you'd like to AddForceAtLocation. 
[2015.05.03-02.24.37:881][ 57]PIE:Warning: Warning BP_TargetIncrement_C_2.Ring3 SM_Ring has to have 'Simulate Physics' enabled if you'd like to AddForceAtLocation. 
[2015.05.03-02.24.37:898][ 58]PIE:Warning: Warning BP_TargetIncrement_C_2.Ring3 SM_Ring has to have 'Simulate Physics' enabled if you'd like to AddForceAtLocation. 
[2015.05.03-02.24.37:914][ 59]PIE:Warning: Warning BP_TargetIncrement_C_2.Ring3 SM_Ring has to have 'Simulate Physics' enabled if you'd like to AddForceAtLocation. 
[2015.05.03-02.24.37:930][ 60]PIE:Warning: Warning BP_TargetIncrement_C_2.Ring3 SM_Ring has to have 'Simulate Physics' enabled if you'd like to AddForceAtLocation. 
[2015.05.03-02.24.37:946][ 61]PIE:Warning: Warning BP_TargetIncrement_C_2.Ring3 SM_Ring has to have 'Simulate Physics' enabled if you'd like to AddForceAtLocation. 
[2015.05.03-02.24.37:962][ 62]PIE:Warning: Warning BP_TargetIncrement_C_2.Ring3 SM_Ring has to have 'Simulate Physics' enabled if you'd like to AddForceAtLocation. 
[2015.05.03-02.24.37:978][ 63]PIE:Warning: Warning BP_TargetIncrement_C_2.Ring3 SM_Ring has to have 'Simulate Physics' enabled if you'd like to AddForceAtLocation. 
[2015.05.03-02.24.37:994][ 64]PIE:Warning: Warning BP_TargetIncrement_C_2.Ring3 SM_Ring has to have 'Simulate Physics' enabled if you'd like to AddForceAtLocation. 
[2015.05.03-02.24.38:010][ 65]PIE:Warning: Warning BP_TargetIncrement_C_2.Ring3 SM_Ring has to have 'Simulate Physics' enabled if you'd like to AddForceAtLocation. 
[2015.05.03-02.24.38:027][ 66]PIE:Warning: Warning BP_TargetIncrement_C_2.Ring3 SM_Ring has to have 'Simulate Physics' enabled if you'd like to AddForceAtLocation. 
[2015.05.03-02.24.38:043][ 67]PIE:Warning: Warning BP_TargetIncrement_C_2.Ring3 SM_Ring has to have 'Simulate Physics' enabled if you'd like to AddForceAtLocation. 
[2015.05.03-02.24.38:059][ 68]PIE:Warning: Warning BP_TargetIncrement_C_2.Ring3 SM_Ring has to have 'Simulate Physics' enabled if you'd like to AddForceAtLocation. 
[2015.05.03-02.24.38:075][ 69]PIE:Warning: Warning BP_TargetIncrement_C_2.Ring3 SM_Ring has to have 'Simulate Physics' enabled if you'd like to AddForceAtLocation. 
[2015.05.03-02.24.38:091][ 70]PIE:Warning: Warning BP_TargetIncrement_C_2.Ring3 SM_Ring has to have 'Simulate Physics' enabled if you'd like to AddForceAtLocation. 
[2015.05.03-02.24.38:107][ 71]PIE:Warning: Warning BP_TargetIncrement_C_2.Ring3 SM_Ring has to have 'Simulate Physics' enabled if you'd like to AddForceAtLocation. 
[2015.05.03-02.24.38:123][ 72]PIE:Warning: Warning BP_TargetIncrement_C_2.Ring3 SM_Ring has to have 'Simulate Physics' enabled if you'd like to AddForceAtLocation. 
[2015.05.03-02.24.38:140][ 73]PIE:Warning: Warning BP_TargetIncrement_C_2.Ring3 SM_Ring has to have 'Simulate Physics' enabled if you'd like to AddForceAtLocation. 
[2015.05.03-02.24.38:156][ 74]PIE:Warning: Warning BP_TargetIncrement_C_2.Ring3 SM_Ring has to have 'Simulate Physics' enabled if you'd like to AddForceAtLocation. 
[2015.05.03-02.24.38:172][ 75]PIE:Warning: Warning BP_TargetIncrement_C_2.Ring3 SM_Ring has to have 'Simulate Physics' enabled if you'd like to AddForceAtLocation. 
[2015.05.03-02.24.38:188][ 76]PIE:Warning: Warning BP_TargetIncrement_C_2.Ring3 SM_Ring has to have 'Simulate Physics' enabled if you'd like to AddForceAtLocation. 
[2015.05.03-02.24.38:204][ 77]PIE:Warning: Warning BP_TargetIncrement_C_2.Ring3 SM_Ring has to have 'Simulate Physics' enabled if you'd like to AddForceAtLocation. 
[2015.05.03-02.24.45:946][557]Closing by request
[2015.05.03-02.24.45:946][557]LogWindows: FPlatformMisc::RequestExit(0)
[2015.05.03-02.24.46:010][558]LogExit: Preparing to exit.
[2015.05.03-02.24.46:132][558]LogParticles: Destroying 0 GPU particle simulations for FXSystem 0x000000000CFBE200
[2015.05.03-02.24.46:132][558]LogExit: Game engine shut down
[2015.05.03-02.24.46:187][558]LogExit: Object subsystem successfully closed.
[2015.05.03-02.24.46:223][558]LogModuleManager: Shutting down and abandoning module AndroidDeviceDetection (106)
[2015.05.03-02.24.46:501][558]LogModuleManager: Shutting down and abandoning module AutomationWorker (105)
[2015.05.03-02.24.46:501][558]LogModuleManager: Shutting down and abandoning module CharacterAI (104)
[2015.05.03-02.24.46:501][558]LogModuleManager: Shutting down and abandoning module AITestSuite (103)
[2015.05.03-02.24.46:501][558]LogModuleManager: Shutting down and abandoning module GameplayDebugger (102)
[2015.05.03-02.24.46:501][558]LogModuleManager: Shutting down and abandoning module AIModule (101)
[2015.05.03-02.24.46:501][558]LogModuleManager: Shutting down and abandoning module GameLiveStreaming (100)
[2015.05.03-02.24.46:501][558]LogModuleManager: Shutting down and abandoning module StreamingPauseRendering (99)
[2015.05.03-02.24.46:501][558]LogModuleManager: Shutting down and abandoning module HTTP (98)
[2015.05.03-02.24.46:501][558]LogModuleManager: Shutting down and abandoning module AnalyticsET (97)
[2015.05.03-02.24.46:501][558]LogModuleManager: Shutting down and abandoning module Analytics (96)
[2015.05.03-02.24.46:501][558]LogModuleManager: Shutting down and abandoning module ProfilerService (95)
[2015.05.03-02.24.46:575][558]LogModuleManager: Shutting down and abandoning module TaskGraph (94)
[2015.05.03-02.24.46:575][558]LogModuleManager: Shutting down and abandoning module SlateRemote (93)
[2015.05.03-02.24.46:575][558]LogModuleManager: Shutting down and abandoning module CustomMeshComponent (92)
[2015.05.03-02.24.46:575][558]LogModuleManager: Shutting down and abandoning module CableComponent (91)
[2015.05.03-02.24.46:575][558]LogModuleManager: Shutting down and abandoning module DesktopPlatform (90)
[2015.05.03-02.24.46:575][558]LogModuleManager: Shutting down and abandoning module DirectoryWatcher (89)
[2015.05.03-02.24.46:575][558]LogModuleManager: Shutting down and abandoning module HotReload (88)
[2015.05.03-02.24.46:575][558]LogModuleManager: Shutting down and abandoning module VisualStudioSourceCodeAccess (87)
[2015.05.03-02.24.46:575][558]LogModuleManager: Shutting down and abandoning module UObjectPlugin (86)
[2015.05.03-02.24.46:575][558]LogModuleManager: Shutting down and abandoning module SubversionSourceControl (85)
[2015.05.03-02.24.46:575][558]LogModuleManager: Shutting down and abandoning module GitSourceControl (84)
[2015.05.03-02.24.46:575][558]LogModuleManager: Shutting down and abandoning module SourceControl (83)
[2015.05.03-02.24.46:575][558]LogModuleManager: Shutting down and abandoning module PerforceSourceControl (82)
[2015.05.03-02.24.46:575][558]LogModuleManager: Shutting down and abandoning module BlankPlugin (81)
[2015.05.03-02.24.46:575][558]LogModuleManager: Shutting down and abandoning module ScriptPlugin (80)
[2015.05.03-02.24.46:575][558]LogModuleManager: Shutting down and abandoning module UdpMessaging (79)
[2015.05.03-02.24.46:575][558]LogModuleManager: Shutting down and abandoning module Paper2D (78)
[2015.05.03-02.24.46:575][558]LogModuleManager: Shutting down and abandoning module WindowsMoviePlayer (77)
[2015.05.03-02.24.46:577][558]LogModuleManager: Shutting down and abandoning module Media (76)
[2015.05.03-02.24.46:577][558]LogModuleManager: Shutting down and abandoning module WmfMedia (75)
[2015.05.03-02.24.46:577][558]LogModuleManager: Shutting down and abandoning module OnlineBlueprintSupport (74)
[2015.05.03-02.24.46:577][558]LogModuleManager: Shutting down and abandoning module PropertyEditor (73)
[2015.05.03-02.24.46:577][558]LogModuleManager: Shutting down and abandoning module BehaviorTreeEditor (72)
[2015.05.03-02.24.46:577][558]LogModuleManager: Shutting down and abandoning module FunctionalTesting (71)
[2015.05.03-02.24.46:577][558]LogModuleManager: Shutting down and abandoning module CollisionAnalyzer (70)
[2015.05.03-02.24.46:577][558]LogModuleManager: Shutting down and abandoning module WorkspaceMenuStructure (69)
[2015.05.03-02.24.46:577][558]LogModuleManager: Shutting down and abandoning module MessageLog (68)
[2015.05.03-02.24.46:577][558]LogModuleManager: Shutting down and abandoning module Sequencer (67)
[2015.05.03-02.24.46:577][558]LogModuleManager: Shutting down and abandoning module AssetTools (66)
[2015.05.03-02.24.46:577][558]LogModuleManager: Shutting down and abandoning module UMGEditor (65)
[2015.05.03-02.24.46:577][558]LogModuleManager: Shutting down and abandoning module UMG (64)
[2015.05.03-02.24.46:577][558]LogModuleManager: Shutting down and abandoning module Slate (63)
[2015.05.03-02.24.46:577][558]LogModuleManager: Shutting down and abandoning module EditorStyle (62)
[2015.05.03-02.24.46:580][558]LogModuleManager: Shutting down and abandoning module SessionServices (61)
[2015.05.03-02.24.46:580][558]LogModuleManager: Shutting down and abandoning module SourceCodeAccess (60)
[2015.05.03-02.24.46:580][558]LogModuleManager: Shutting down and abandoning module HeadMountedDisplay (59)
[2015.05.03-02.24.46:580][558]LogModuleManager: Shutting down and abandoning module XAudio2 (58)
[2015.05.03-02.24.46:580][558]LogModuleManager: Shutting down and abandoning module Networking (56)
[2015.05.03-02.24.46:580][558]LogModuleManager: Shutting down and abandoning module Core (55)
[2015.05.03-02.24.46:580][558]LogModuleManager: Shutting down and abandoning module KismetCompiler (54)
[2015.05.03-02.24.46:580][558]LogModuleManager: Shutting down and abandoning module PhysXFormats (53)
[2015.05.03-02.24.46:580][558]LogModuleManager: Shutting down and abandoning module MeshUtilities (52)
[2015.05.03-02.24.46:580][558]LogModuleManager: Shutting down and abandoning module DerivedDataCache (51)
[2015.05.03-02.24.47:013][558]LogDerivedDataCache: Shutdown
[2015.05.03-02.24.47:013][558]LogModuleManager: Shutting down and abandoning module ShaderFormatOpenGL (50)
[2015.05.03-02.24.47:013][558]LogModuleManager: Shutting down and abandoning module ShaderFormatD3D (49)
[2015.05.03-02.24.47:013][558]LogModuleManager: Shutting down and abandoning module MetalShaderFormat (48)
[2015.05.03-02.24.47:013][558]LogModuleManager: Shutting down and abandoning module TextureFormatUncompressed (47)
[2015.05.03-02.24.47:013][558]LogModuleManager: Shutting down and abandoning module TextureFormatPVR (46)
[2015.05.03-02.24.47:013][558]LogModuleManager: Shutting down and abandoning module TextureFormatIntelISPCTexComp (45)
[2015.05.03-02.24.47:013][558]LogModuleManager: Shutting down and abandoning module TextureFormatDXT (44)
[2015.05.03-02.24.47:013][558]LogModuleManager: Shutting down and abandoning module ImageWrapper (43)
[2015.05.03-02.24.47:013][558]LogModuleManager: Shutting down and abandoning module TextureFormatASTC (42)
[2015.05.03-02.24.47:013][558]LogModuleManager: Shutting down and abandoning module TextureFormatAndroid (41)
[2015.05.03-02.24.47:013][558]LogModuleManager: Shutting down and abandoning module AudioFormatOpus (40)
[2015.05.03-02.24.47:013][558]LogModuleManager: Shutting down and abandoning module AudioFormatOgg (39)
[2015.05.03-02.24.47:013][558]LogModuleManager: Shutting down and abandoning module AudioFormatADPCM (38)
[2015.05.03-02.24.47:013][558]LogModuleManager: Shutting down and abandoning module LinuxTargetPlatform (37)
[2015.05.03-02.24.47:013][558]LogModuleManager: Shutting down and abandoning module LinuxServerTargetPlatform (36)
[2015.05.03-02.24.47:013][558]LogModuleManager: Shutting down and abandoning module LinuxNoEditorTargetPlatform (35)
[2015.05.03-02.24.47:013][558]LogModuleManager: Shutting down and abandoning module Messaging (34)
[2015.05.03-02.24.47:013][558]LogModuleManager: Shutting down and abandoning module IOSTargetPlatform (33)
[2015.05.03-02.24.47:013][558]LogModuleManager: Shutting down and abandoning module HTML5TargetPlatform (32)
[2015.05.03-02.24.47:013][558]LogModuleManager: Shutting down and abandoning module Android_PVRTCTargetPlatform (31)
[2015.05.03-02.24.47:013][558]LogModuleManager: Shutting down and abandoning module Android_ETC2TargetPlatform (30)
[2015.05.03-02.24.47:013][558]LogModuleManager: Shutting down and abandoning module Android_ETC1TargetPlatform (29)
[2015.05.03-02.24.47:013][558]LogModuleManager: Shutting down and abandoning module Android_ES31TargetPlatform (28)
[2015.05.03-02.24.47:013][558]LogModuleManager: Shutting down and abandoning module Android_DXTTargetPlatform (27)
[2015.05.03-02.24.47:013][558]LogModuleManager: Shutting down and abandoning module Android_ATCTargetPlatform (26)
[2015.05.03-02.24.47:013][558]LogModuleManager: Shutting down and abandoning module AndroidTargetPlatform (25)
[2015.05.03-02.24.47:013][558]LogModuleManager: Shutting down and abandoning module WindowsTargetPlatform (24)
[2015.05.03-02.24.47:013][558]LogModuleManager: Shutting down and abandoning module WindowsServerTargetPlatform (23)
[2015.05.03-02.24.47:013][558]LogModuleManager: Shutting down and abandoning module WindowsNoEditorTargetPlatform (22)
[2015.05.03-02.24.47:013][558]LogModuleManager: Shutting down and abandoning module WindowsClientTargetPlatform (21)
[2015.05.03-02.24.47:013][558]LogModuleManager: Shutting down and abandoning module TargetPlatform (20)
[2015.05.03-02.24.47:013][558]LogModuleManager: Shutting down and abandoning module InputCore (19)
[2015.05.03-02.24.47:013][558]LogModuleManager: Shutting down and abandoning module Settings (18)
[2015.05.03-02.24.47:013][558]LogModuleManager: Shutting down and abandoning module OnlineSubsystem (16)
[2015.05.03-02.24.47:013][558]LogModuleManager: Shutting down and abandoning module OculusRift (15)
[2015.05.03-02.24.47:013][558]LogModuleManager: Shutting down and abandoning module ExampleDeviceProfileSelector (14)
[2015.05.03-02.24.47:013][558]LogModuleManager: Shutting down and abandoning module TextureCompressor (13)
[2015.05.03-02.24.47:013][558]LogModuleManager: Shutting down and abandoning module ShaderCore (12)
[2015.05.03-02.24.47:013][558]LogModuleManager: Shutting down and abandoning module Landscape (11)
[2015.05.03-02.24.47:013][558]LogModuleManager: Shutting down and abandoning module SlateRHIRenderer (10)
[2015.05.03-02.24.47:014][558]LogModuleManager: Shutting down and abandoning module OpenGLDrv (9)
[2015.05.03-02.24.47:014][558]LogModuleManager: Shutting down and abandoning module D3D11RHI (8)
[2015.05.03-02.24.47:014][558]LogModuleManager: Shutting down and abandoning module Renderer (7)
[2015.05.03-02.24.47:014][558]LogModuleManager: Shutting down and abandoning module Engine (6)
[2015.05.03-02.24.47:014][558]LogModuleManager: Shutting down and abandoning module CoreUObject (5)
[2015.05.03-02.24.47:014][558]LogModuleManager: Shutting down and abandoning module NetworkFile (4)
[2015.05.03-02.24.47:014][558]LogModuleManager: Shutting down and abandoning module StreamingFile (3)
[2015.05.03-02.24.47:014][558]LogModuleManager: Shutting down and abandoning module SandboxFile (2)
[2015.05.03-02.24.47:014][558]LogModuleManager: Shutting down and abandoning module PakFile (1)
[2015.05.03-02.24.47:014][558]LogExit: Exiting.
[2015.05.03-02.24.47:015][558]Log file closed, 05/02/15 19:24:47
