Log file open, 05/02/15 23:59:14
LogInit:Display: Running engine for game: RoadRunner
LogInit: Version: 4.7.5-2503383+++depot+UE4-Releases+4.7
LogInit: API Version: 2455222
LogInit: Compiled (64-bit): Apr  6 2015 23:21:51
LogInit: Compiled with Visual C++: 18.00.21005.01
LogInit: Build Configuration: Development
LogInit: Branch Name: ++depot+UE4-Releases+4.7
LogInit: Command line:  /Temp/Autosaves/Game/Maps/UEDPCPhysicsLevel1 -game -PIEVIACONSOLE -ResX=1280 -ResY=720  -Multiprocess 
LogInit: Base directory: C:/Program Files/Epic Games/4.7/Engine/Binaries/Win64/
LogInit: Rocket: 1
[2015.05.03-06.59.14:503][  0]LogTaskGraph: Started task graph with 3 named threads and 7 total threads.
[2015.05.03-06.59.14:563][  0]LogOnline:Warning: No default platform service specified for OnlineSubsystem
[2015.05.03-06.59.14:574][  0]LogInit: Presizing for 0 objects not considered by GC, pre-allocating 0 bytes.
[2015.05.03-06.59.14:583][  0]LogInit: Object subsystem initialized
[2015.05.03-06.59.14:584][  0]LogConsoleResponse:Warning: Skipping Unknown console variable: 'TranslucentSortAxis = (X=0.000000,Y=-1.000000,Z=0.000000)'
[2015.05.03-06.59.14:584][  0]LogConsoleResponse:Warning:   Found in ini file 'D:/RoadRunner/Saved/Config/Windows/Engine.ini', in section '[/Script/Engine.RendererSettings]'
[2015.05.03-06.59.14:584][  0]LogConsoleResponse:Warning: Skipping Unknown console variable: 'UIScaleRule = ShortestSide'
[2015.05.03-06.59.14:584][  0]LogConsoleResponse:Warning:   Found in ini file 'D:/RoadRunner/Saved/Config/Windows/Engine.ini', in section '[/Script/Engine.RendererSettings]'
[2015.05.03-06.59.14:584][  0]LogConsoleResponse:Warning: Skipping Unknown console variable: 'UIScaleCurve = (EditorCurveData=(Keys=),ExternalCurve=None)'
[2015.05.03-06.59.14:584][  0]LogConsoleResponse:Warning:   Found in ini file 'D:/RoadRunner/Saved/Config/Windows/Engine.ini', in section '[/Script/Engine.RendererSettings]'
[2015.05.03-06.59.14:585][  0]LogInit: Selected Device Profile: [Windows]
[2015.05.03-06.59.14:585][  0]LogInit: Applying CVar settings loaded from the selected device profile: [Windows]
[2015.05.03-06.59.14:587][  0]LogInit: Computer: CS210-WS-05
[2015.05.03-06.59.14:588][  0]LogInit: User: CS210
[2015.05.03-06.59.14:588][  0]LogInit: CPU Page size=4096, Cores=6
[2015.05.03-06.59.14:588][  0]LogInit: High frequency timer resolution =3.215263 MHz
[2015.05.03-06.59.14:588][  0]LogMemory: Memory total: Physical=15.9GB (16GB approx) Virtual=8192.0GB
[2015.05.03-06.59.14:588][  0]LogMemory: Platform Memory Stats for Windows
[2015.05.03-06.59.14:588][  0]LogMemory: Process Physical Memory: 49.36 MB used, 49.36 MB peak
[2015.05.03-06.59.14:588][  0]LogMemory: Process Virtual Memory: 29.40 MB used, 29.40 MB peak
[2015.05.03-06.59.14:588][  0]LogMemory: Physical Memory: 5143.05 MB used, 16271.58 MB total
[2015.05.03-06.59.14:588][  0]LogMemory: Virtual Memory: 282.82 MB used, 8388608.00 MB total
[2015.05.03-06.59.14:644][  0]LogD3D11RHI: Found D3D11 adapter 0: NVIDIA GeForce GTX 980 (Feature Level 11_0)
[2015.05.03-06.59.14:644][  0]LogD3D11RHI: Adapter has 3972MB of dedicated video memory, 0MB of dedicated system memory, and 7879MB of shared system memory, 1 output[s]
[2015.05.03-06.59.14:644][  0]LogD3D11RHI: Chosen D3D11 Adapter Id = 0
[2015.05.03-06.59.14:649][  0]LogRHI: Texture pool is 1361 MB (70% of 1945 MB)
[2015.05.03-06.59.14:656][  0]LogD3D11RHI: Async texture creation enabled
[2015.05.03-06.59.14:708][  0]LogTextLocalizationManager: The requested culture ('en_US') has no localization data; parent culture's ('en') localization data will be used.
[2015.05.03-06.59.14:763][  0]LogTextLocalizationManager:Warning: Loading localization resources contain conflicting entries for (Namespace:UICommands, Key:Save_ToolTip):
Resource: (C:/Program Files/Epic Games/4.7/Engine/Content/Localization/Editor/en/Editor.locres) Hash: (-29098895) String: (Saves the current level to disk)
Resource: (C:/Program Files/Epic Games/4.7/Engine/Content/Localization/Engine/en/Engine.locres) Hash: (-1280300587) String: (Save selected data to vlog file)
[2015.05.03-06.59.14:763][  0]LogTextLocalizationManager:Warning: Loading localization resources contain conflicting entries for (Namespace:ContentBrowser, Key:ImportAssetToolTip):
Resource: (C:/Program Files/Epic Games/4.7/Engine/Content/Localization/Editor/en/Editor.locres) Hash: (-630476809) String: (Import to {0}...)
Resource: (C:/Program Files/Epic Games/4.7/Engine/Content/Localization/Editor/en/Editor.locres) Hash: (1271782899) String: (Imports an asset from file to this folder.)
[2015.05.03-06.59.14:855][  0]LogContentStreaming: Texture pool size is 1000.000000MB
[2015.05.03-06.59.16:811][  0]LogTargetPlatformManager:Display: Building Assets For Windows
[2015.05.03-06.59.17:294][  0]LogTargetPlatformManager:Display: Building Assets For Windows
[2015.05.03-06.59.17:340][  0]LogDerivedDataCache:Display: Max Cache Size: 512 MB
[2015.05.03-06.59.17:394][  0]LogDerivedDataCache: Loaded boot cache 0.05s 39MB C:/Users/CS210/AppData/Local/UnrealEngine/4.7/DerivedDataCache/Boot.ddc.
[2015.05.03-06.59.17:394][  0]LogDerivedDataCache:Display: Loaded Boot cache: C:/Users/CS210/AppData/Local/UnrealEngine/4.7/DerivedDataCache/Boot.ddc
[2015.05.03-06.59.17:395][  0]LogDerivedDataCache: FDerivedDataBackendGraph:  Pak pak cache file D:/RoadRunner/DerivedDataCache/DDC.ddp not found, will not use a pak cache.
[2015.05.03-06.59.17:395][  0]LogDerivedDataCache: Unable to find inner node Pak for hierarchical cache Hierarchy.
[2015.05.03-06.59.17:507][  0]LogDerivedDataCache:Display: Pak cache opened for reading ../../../Engine/DerivedDataCache/Compressed.ddp.
[2015.05.03-06.59.17:518][  0]LogDerivedDataCache: Using Local data cache path C:/Users/CS210/AppData/Local/UnrealEngine/Common/DerivedDataCache: Writable
[2015.05.03-06.59.17:756][  0]LogMeshUtilities: No automatic mesh reduction module available
[2015.05.03-06.59.17:756][  0]LogMeshUtilities: No automatic mesh merging module available
[2015.05.03-06.59.18:048][  0]LogInit: WinSock: version 1.1 (2.2), MaxSocks=32767, MaxUdp=65467
[2015.05.03-06.59.18:537][  0]LogWindowsMoviePlayer: Unable to load movie: D:/RoadRunner/Content/Movies/Default_Startup.mp4
[2015.05.03-06.59.18:687][  0]LogSourceControl: RunCommandInternalRaw: 'git version'
[2015.05.03-06.59.18:687][  0]LogSourceControl: RunCommandInternalRaw: ExecProcess ReturnCode=2 OutResults=''
[2015.05.03-06.59.18:712][  0]SourceControl: Info Source control is disabled
[2015.05.03-06.59.18:713][  0]SourceControl: Info Source control is disabled
[2015.05.03-06.59.18:713][  0]SourceControl: Info Source control is disabled
[2015.05.03-06.59.18:720][  0]SourceControl: Info Source control is disabled
[2015.05.03-06.59.18:822][  0]LogObj: 23971 objects as part of root set at end of initial load.
[2015.05.03-06.59.18:822][  0]LogUObjectAllocator: 4988928 out of 0 bytes used by permanent object pool.
[2015.05.03-06.59.18:917][  0]LogAutomationTest:Warning: ERR: Transient text cannot be serialized "Testing Transient serialization detection".
[2015.05.03-06.59.18:917][  0]LogEngine: Initializing Engine...
[2015.05.03-06.59.21:077][  0]LogInit: XAudio2 using 'Speakers (Sound Blaster Recon3Di)' : 2 channels at 48 kHz using 32 bits per sample (channel mask 0x3)
[2015.05.03-06.59.21:093][  0]LogInit: FAudioDevice initialized.
[2015.05.03-06.59.21:099][  0]LogInit: Texture streaming: Enabled
[2015.05.03-06.59.21:181][  0]LogAnalytics: Creating configured Analytics provider AnalyticsET
[2015.05.03-06.59.21:181][  0]LogAnalytics: ET APIKey = Rocket.Release. APIServer = http://et2.epicgames.com/ET2/. AppVersion = 4.7.5-2503383+++depot+UE4-Releases+4.7
[2015.05.03-06.59.21:181][  0]LogAnalytics: ET APIKey = Rocket.Release. DataRouterUploadURL = https://datarouter-public-service-gamedev.ol.epicgames.net/datarouter/api/v1/public/data. AppVersion = 4.7.5-2503383+++depot+UE4-Releases+4.7
[2015.05.03-06.59.21:181][  0]LogAnalytics: SetUserId d86d34d3402a841cf4326b90cfa07967|871743be8dc147e2bc510dfc1f536030|3a315af8-1361-406b-977f-a279fe964dc9
[2015.05.03-06.59.21:181][  0]LogAnalytics: AnalyticsET::StartSession [Rocket.Release]
[2015.05.03-06.59.21:203][  0]LogNet: Browse: /Temp/Autosaves/Game/Maps/UEDPCPhysicsLevel1?Name=Player
[2015.05.03-06.59.21:203][  0]LogLoad: LoadMap: /Temp/Autosaves/Game/Maps/UEDPCPhysicsLevel1?Name=Player
[2015.05.03-06.59.21:220][  0]LogMemory: Platform Memory Stats for Windows
[2015.05.03-06.59.21:220][  0]LogMemory: Process Physical Memory: 286.04 MB used, 295.39 MB peak
[2015.05.03-06.59.21:220][  0]LogMemory: Process Virtual Memory: 246.64 MB used, 256.33 MB peak
[2015.05.03-06.59.21:220][  0]LogMemory: Physical Memory: 5336.40 MB used, 16271.58 MB total
[2015.05.03-06.59.21:220][  0]LogMemory: Virtual Memory: 694.07 MB used, 8388608.00 MB total
[2015.05.03-06.59.21:220][  0]LogMemory: 
[2015.05.03-06.59.21:220][  0]Allocator Stats for TBB: (not implemented)
[2015.05.03-06.59.21:910][  0]LogLinker:Warning: Asset '../../../Engine/Content/EngineMeshes/Humanoid.uasset' has been saved with empty engine version. The asset will be loaded but may be incompatible.
[2015.05.03-06.59.22:042][  0]LogWorld: Game class is 'MyGameMode_C'
[2015.05.03-06.59.22:077][  0]LogAIModule: Creating AISystem for world PhysicsLevel1
[2015.05.03-06.59.22:080][  0]PIE:Warning: Warning AttachTo: '/Temp/Autosaves/Game/Maps/UEDPCPhysicsLevel1.PhysicsLevel1:PersistentLevel.BP_BuildingBlockMovable_3180.Root' is not static  (in blueprint "BP_BuildingBlockMovable"), cannot attach '/Temp/Autosaves/Game/Maps/UEDPCPhysicsLevel1.PhysicsLevel1:PersistentLevel.BP_BuildingBlockMovable_3180.Floor' which is static to it. Aborting.
[2015.05.03-06.59.22:080][  0]PIE:Warning: Warning AttachTo: '/Temp/Autosaves/Game/Maps/UEDPCPhysicsLevel1.PhysicsLevel1:PersistentLevel.BP_BuildingBlockMovable_3180.Root' is not static  (in blueprint "BP_BuildingBlockMovable"), cannot attach '/Temp/Autosaves/Game/Maps/UEDPCPhysicsLevel1.PhysicsLevel1:PersistentLevel.BP_BuildingBlockMovable_3180.Ceilling' which is static to it. Aborting.
[2015.05.03-06.59.22:080][  0]PIE:Warning: Warning AttachTo: '/Temp/Autosaves/Game/Maps/UEDPCPhysicsLevel1.PhysicsLevel1:PersistentLevel.BP_BuildingBlockMovable_3180.Root' is not static  (in blueprint "BP_BuildingBlockMovable"), cannot attach '/Temp/Autosaves/Game/Maps/UEDPCPhysicsLevel1.PhysicsLevel1:PersistentLevel.BP_BuildingBlockMovable_3180.Wall1' which is static to it. Aborting.
[2015.05.03-06.59.22:080][  0]PIE:Warning: Warning AttachTo: '/Temp/Autosaves/Game/Maps/UEDPCPhysicsLevel1.PhysicsLevel1:PersistentLevel.BP_BuildingBlockMovable_3180.Root' is not static  (in blueprint "BP_BuildingBlockMovable"), cannot attach '/Temp/Autosaves/Game/Maps/UEDPCPhysicsLevel1.PhysicsLevel1:PersistentLevel.BP_BuildingBlockMovable_3180.Wall2' which is static to it. Aborting.
[2015.05.03-06.59.22:081][  0]PIE:Warning: Warning AttachTo: '/Temp/Autosaves/Game/Maps/UEDPCPhysicsLevel1.PhysicsLevel1:PersistentLevel.BP_BuildingBlockMovable_3180.Root' is not static  (in blueprint "BP_BuildingBlockMovable"), cannot attach '/Temp/Autosaves/Game/Maps/UEDPCPhysicsLevel1.PhysicsLevel1:PersistentLevel.BP_BuildingBlockMovable_3180.Wall3' which is static to it. Aborting.
[2015.05.03-06.59.22:081][  0]PIE:Warning: Warning AttachTo: '/Temp/Autosaves/Game/Maps/UEDPCPhysicsLevel1.PhysicsLevel1:PersistentLevel.BP_BuildingBlockMovable_3180.Root' is not static  (in blueprint "BP_BuildingBlockMovable"), cannot attach '/Temp/Autosaves/Game/Maps/UEDPCPhysicsLevel1.PhysicsLevel1:PersistentLevel.BP_BuildingBlockMovable_3180.Wall4' which is static to it. Aborting.
[2015.05.03-06.59.22:081][  0]PIE:Warning: Warning AttachTo: '/Temp/Autosaves/Game/Maps/UEDPCPhysicsLevel1.PhysicsLevel1:PersistentLevel.BP_BuildingBlockMovable_3180.Root' is not static  (in blueprint "BP_BuildingBlockMovable"), cannot attach '/Temp/Autosaves/Game/Maps/UEDPCPhysicsLevel1.PhysicsLevel1:PersistentLevel.BP_BuildingBlockMovable_3180.Support1' which is static to it. Aborting.
[2015.05.03-06.59.22:081][  0]PIE:Warning: Warning AttachTo: '/Temp/Autosaves/Game/Maps/UEDPCPhysicsLevel1.PhysicsLevel1:PersistentLevel.BP_BuildingBlockMovable_3180.Root' is not static  (in blueprint "BP_BuildingBlockMovable"), cannot attach '/Temp/Autosaves/Game/Maps/UEDPCPhysicsLevel1.PhysicsLevel1:PersistentLevel.BP_BuildingBlockMovable_3180.Support2' which is static to it. Aborting.
[2015.05.03-06.59.22:081][  0]PIE:Warning: Warning AttachTo: '/Temp/Autosaves/Game/Maps/UEDPCPhysicsLevel1.PhysicsLevel1:PersistentLevel.BP_BuildingBlockMovable_3180.Root' is not static  (in blueprint "BP_BuildingBlockMovable"), cannot attach '/Temp/Autosaves/Game/Maps/UEDPCPhysicsLevel1.PhysicsLevel1:PersistentLevel.BP_BuildingBlockMovable_3180.Support3' which is static to it. Aborting.
[2015.05.03-06.59.22:081][  0]PIE:Warning: Warning AttachTo: '/Temp/Autosaves/Game/Maps/UEDPCPhysicsLevel1.PhysicsLevel1:PersistentLevel.BP_BuildingBlockMovable_3180.Root' is not static  (in blueprint "BP_BuildingBlockMovable"), cannot attach '/Temp/Autosaves/Game/Maps/UEDPCPhysicsLevel1.PhysicsLevel1:PersistentLevel.BP_BuildingBlockMovable_3180.Support4' which is static to it. Aborting.
[2015.05.03-06.59.22:081][  0]PIE:Warning: Warning AttachTo: '/Temp/Autosaves/Game/Maps/UEDPCPhysicsLevel1.PhysicsLevel1:PersistentLevel.BP_BuildingBlockMovable_3180.Root' is not static  (in blueprint "BP_BuildingBlockMovable"), cannot attach '/Temp/Autosaves/Game/Maps/UEDPCPhysicsLevel1.PhysicsLevel1:PersistentLevel.BP_BuildingBlockMovable_3180.FillWall1Top' which is static to it. Aborting.
[2015.05.03-06.59.22:082][  0]PIE:Warning: Warning AttachTo: '/Temp/Autosaves/Game/Maps/UEDPCPhysicsLevel1.PhysicsLevel1:PersistentLevel.BP_BuildingBlockMovable_3180.Root' is not static  (in blueprint "BP_BuildingBlockMovable"), cannot attach '/Temp/Autosaves/Game/Maps/UEDPCPhysicsLevel1.PhysicsLevel1:PersistentLevel.BP_BuildingBlockMovable_3180.FIllWall1Bottom' which is static to it. Aborting.
[2015.05.03-06.59.22:082][  0]PIE:Warning: Warning AttachTo: '/Temp/Autosaves/Game/Maps/UEDPCPhysicsLevel1.PhysicsLevel1:PersistentLevel.BP_BuildingBlockMovable_3180.Root' is not static  (in blueprint "BP_BuildingBlockMovable"), cannot attach '/Temp/Autosaves/Game/Maps/UEDPCPhysicsLevel1.PhysicsLevel1:PersistentLevel.BP_BuildingBlockMovable_3180.FillWall2Top' which is static to it. Aborting.
[2015.05.03-06.59.22:082][  0]PIE:Warning: Warning AttachTo: '/Temp/Autosaves/Game/Maps/UEDPCPhysicsLevel1.PhysicsLevel1:PersistentLevel.BP_BuildingBlockMovable_3180.Root' is not static  (in blueprint "BP_BuildingBlockMovable"), cannot attach '/Temp/Autosaves/Game/Maps/UEDPCPhysicsLevel1.PhysicsLevel1:PersistentLevel.BP_BuildingBlockMovable_3180.FillWall2Bottom' which is static to it. Aborting.
[2015.05.03-06.59.22:082][  0]PIE:Warning: Warning AttachTo: '/Temp/Autosaves/Game/Maps/UEDPCPhysicsLevel1.PhysicsLevel1:PersistentLevel.BP_BuildingBlockMovable_3180.Root' is not static  (in blueprint "BP_BuildingBlockMovable"), cannot attach '/Temp/Autosaves/Game/Maps/UEDPCPhysicsLevel1.PhysicsLevel1:PersistentLevel.BP_BuildingBlockMovable_3180.FillWall3Top' which is static to it. Aborting.
[2015.05.03-06.59.22:082][  0]PIE:Warning: Warning AttachTo: '/Temp/Autosaves/Game/Maps/UEDPCPhysicsLevel1.PhysicsLevel1:PersistentLevel.BP_BuildingBlockMovable_3180.Root' is not static  (in blueprint "BP_BuildingBlockMovable"), cannot attach '/Temp/Autosaves/Game/Maps/UEDPCPhysicsLevel1.PhysicsLevel1:PersistentLevel.BP_BuildingBlockMovable_3180.FillWall3Bottom' which is static to it. Aborting.
[2015.05.03-06.59.22:082][  0]PIE:Warning: Warning AttachTo: '/Temp/Autosaves/Game/Maps/UEDPCPhysicsLevel1.PhysicsLevel1:PersistentLevel.BP_BuildingBlockMovable_3180.Root' is not static  (in blueprint "BP_BuildingBlockMovable"), cannot attach '/Temp/Autosaves/Game/Maps/UEDPCPhysicsLevel1.PhysicsLevel1:PersistentLevel.BP_BuildingBlockMovable_3180.FillWall4Top' which is static to it. Aborting.
[2015.05.03-06.59.22:082][  0]PIE:Warning: Warning AttachTo: '/Temp/Autosaves/Game/Maps/UEDPCPhysicsLevel1.PhysicsLevel1:PersistentLevel.BP_BuildingBlockMovable_3180.Root' is not static  (in blueprint "BP_BuildingBlockMovable"), cannot attach '/Temp/Autosaves/Game/Maps/UEDPCPhysicsLevel1.PhysicsLevel1:PersistentLevel.BP_BuildingBlockMovable_3180.FillWall4Bottom' which is static to it. Aborting.
[2015.05.03-06.59.22:086][  0]LogWorld: Bringing World /Temp/Autosaves/Game/Maps/UEDPCPhysicsLevel1.PhysicsLevel1 up for play (max tick rate 0) at 2015.05.02-23.59.22
[2015.05.03-06.59.22:087][  0]LogWorld: Bringing up level for play took: 0.009769
[2015.05.03-06.59.22:093][  0]LogInit:Display: Game Engine Initialized.
[2015.05.03-06.59.22:341][  0]LogLoad: Full Startup: 8.48 seconds (BP compile: 0.30 seconds)
[2015.05.03-06.59.22:476][  2]LogRenderer:Warning: Reallocating scene render targets to support 1280x720 (Frame:2).
[2015.05.03-06.59.29:179][413]LogBlueprintUserMessages: Dropping Arrow!
[2015.05.03-07.00.19:390][526]LogCharacterMovement: MyFPNotBroke_C_0 is stuck and failed to move!
[2015.05.03-07.00.19:681][544]LogCharacterMovement: MyFPNotBroke_C_0 is stuck and failed to move!
[2015.05.03-07.00.19:729][547]LogCharacterMovement: MyFPNotBroke_C_0 is stuck and failed to move!
[2015.05.03-07.00.19:777][550]LogCharacterMovement: MyFPNotBroke_C_0 is stuck and failed to move!
[2015.05.03-07.00.19:858][555]LogCharacterMovement: MyFPNotBroke_C_0 is stuck and failed to move!
[2015.05.03-07.00.22:068][692]LogCharacterMovement: MyFPNotBroke_C_0 is stuck and failed to move!
[2015.05.03-07.00.22:164][698]LogCharacterMovement: MyFPNotBroke_C_0 is stuck and failed to move!
[2015.05.03-07.00.22:501][717]LogCharacterMovement: MyFPNotBroke_C_0 is stuck and failed to move!
[2015.05.03-07.00.23:130][756]LogCharacterMovement: MyFPNotBroke_C_0 is stuck and failed to move!
[2015.05.03-07.00.23:517][780]LogCharacterMovement: MyFPNotBroke_C_0 is stuck and failed to move!
[2015.05.03-07.00.23:614][786]LogCharacterMovement: MyFPNotBroke_C_0 is stuck and failed to move!
[2015.05.03-07.00.23:727][793]LogCharacterMovement: MyFPNotBroke_C_0 is stuck and failed to move!
[2015.05.03-07.00.23:968][808]LogCharacterMovement: MyFPNotBroke_C_0 is stuck and failed to move!
[2015.05.03-07.00.25:065][876]LogCharacterMovement: MyFPNotBroke_C_0 is stuck and failed to move!
[2015.05.03-07.00.25:178][883]LogCharacterMovement: MyFPNotBroke_C_0 is stuck and failed to move!
[2015.05.03-07.00.25:243][887]LogCharacterMovement: MyFPNotBroke_C_0 is stuck and failed to move!
[2015.05.03-07.00.25:791][921]LogCharacterMovement: MyFPNotBroke_C_0 is stuck and failed to move!
[2015.05.03-07.00.38:276][695]LogCharacterMovement: MyFPNotBroke_C_0 is stuck and failed to move!
[2015.05.03-07.00.38:292][696]LogCharacterMovement: MyFPNotBroke_C_0 is stuck and failed to move!
[2015.05.03-07.00.38:550][712]LogCharacterMovement: MyFPNotBroke_C_0 is stuck and failed to move!
[2015.05.03-07.00.38:566][713]LogCharacterMovement: MyFPNotBroke_C_0 is stuck and failed to move!
[2015.05.03-07.00.38:824][729]LogCharacterMovement: MyFPNotBroke_C_0 is stuck and failed to move!
[2015.05.03-07.00.38:840][730]LogCharacterMovement: MyFPNotBroke_C_0 is stuck and failed to move!
[2015.05.03-07.00.38:856][731]LogCharacterMovement: MyFPNotBroke_C_0 is stuck and failed to move!
[2015.05.03-07.00.38:872][732]LogCharacterMovement: MyFPNotBroke_C_0 is stuck and failed to move!
[2015.05.03-07.00.38:889][733]LogCharacterMovement: MyFPNotBroke_C_0 is stuck and failed to move!
[2015.05.03-07.00.38:905][734]LogCharacterMovement: MyFPNotBroke_C_0 is stuck and failed to move!
[2015.05.03-07.00.38:921][735]LogCharacterMovement: MyFPNotBroke_C_0 is stuck and failed to move!
[2015.05.03-07.00.38:937][736]LogCharacterMovement: MyFPNotBroke_C_0 is stuck and failed to move!
[2015.05.03-07.00.38:953][737]LogCharacterMovement: MyFPNotBroke_C_0 is stuck and failed to move!
[2015.05.03-07.00.38:969][738]LogCharacterMovement: MyFPNotBroke_C_0 is stuck and failed to move!
[2015.05.03-07.00.38:985][739]LogCharacterMovement: MyFPNotBroke_C_0 is stuck and failed to move!
[2015.05.03-07.00.39:001][740]LogCharacterMovement: MyFPNotBroke_C_0 is stuck and failed to move!
[2015.05.03-07.00.39:018][741]LogCharacterMovement: MyFPNotBroke_C_0 is stuck and failed to move!
[2015.05.03-07.00.39:034][742]LogCharacterMovement: MyFPNotBroke_C_0 is stuck and failed to move!
[2015.05.03-07.00.39:050][743]LogCharacterMovement: MyFPNotBroke_C_0 is stuck and failed to move!
[2015.05.03-07.00.39:066][744]LogCharacterMovement: MyFPNotBroke_C_0 is stuck and failed to move!
[2015.05.03-07.00.39:082][745]LogCharacterMovement: MyFPNotBroke_C_0 is stuck and failed to move!
[2015.05.03-07.00.39:098][746]LogCharacterMovement: MyFPNotBroke_C_0 is stuck and failed to move!
[2015.05.03-07.00.39:114][747]LogCharacterMovement: MyFPNotBroke_C_0 is stuck and failed to move!
[2015.05.03-07.00.39:130][748]LogCharacterMovement: MyFPNotBroke_C_0 is stuck and failed to move!
[2015.05.03-07.00.39:147][749]LogCharacterMovement: MyFPNotBroke_C_0 is stuck and failed to move!
[2015.05.03-07.00.39:163][750]LogCharacterMovement: MyFPNotBroke_C_0 is stuck and failed to move!
[2015.05.03-07.00.39:179][751]LogCharacterMovement: MyFPNotBroke_C_0 is stuck and failed to move!
[2015.05.03-07.00.39:195][752]LogCharacterMovement: MyFPNotBroke_C_0 is stuck and failed to move!
[2015.05.03-07.00.39:211][753]LogCharacterMovement: MyFPNotBroke_C_0 is stuck and failed to move!
[2015.05.03-07.00.39:227][754]LogCharacterMovement: MyFPNotBroke_C_0 is stuck and failed to move!
[2015.05.03-07.00.39:243][755]LogCharacterMovement: MyFPNotBroke_C_0 is stuck and failed to move!
[2015.05.03-07.00.39:259][756]LogCharacterMovement: MyFPNotBroke_C_0 is stuck and failed to move!
[2015.05.03-07.00.39:276][757]LogCharacterMovement: MyFPNotBroke_C_0 is stuck and failed to move!
[2015.05.03-07.00.39:292][758]LogCharacterMovement: MyFPNotBroke_C_0 is stuck and failed to move!
[2015.05.03-07.00.39:308][759]LogCharacterMovement: MyFPNotBroke_C_0 is stuck and failed to move!
[2015.05.03-07.00.39:324][760]LogCharacterMovement: MyFPNotBroke_C_0 is stuck and failed to move!
[2015.05.03-07.00.39:340][761]LogCharacterMovement: MyFPNotBroke_C_0 is stuck and failed to move!
[2015.05.03-07.00.39:356][762]LogCharacterMovement: MyFPNotBroke_C_0 is stuck and failed to move!
[2015.05.03-07.00.39:372][763]LogCharacterMovement: MyFPNotBroke_C_0 is stuck and failed to move!
[2015.05.03-07.00.39:389][764]LogCharacterMovement: MyFPNotBroke_C_0 is stuck and failed to move!
[2015.05.03-07.00.39:405][765]LogCharacterMovement: MyFPNotBroke_C_0 is stuck and failed to move!
[2015.05.03-07.00.39:421][766]LogCharacterMovement: MyFPNotBroke_C_0 is stuck and failed to move!
[2015.05.03-07.00.39:437][767]LogCharacterMovement: MyFPNotBroke_C_0 is stuck and failed to move!
[2015.05.03-07.00.39:453][768]LogCharacterMovement: MyFPNotBroke_C_0 is stuck and failed to move!
[2015.05.03-07.00.39:469][769]LogCharacterMovement: MyFPNotBroke_C_0 is stuck and failed to move!
[2015.05.03-07.00.39:485][770]LogCharacterMovement: MyFPNotBroke_C_0 is stuck and failed to move!
[2015.05.03-07.00.39:501][771]LogCharacterMovement: MyFPNotBroke_C_0 is stuck and failed to move!
[2015.05.03-07.00.39:518][772]LogCharacterMovement: MyFPNotBroke_C_0 is stuck and failed to move!
[2015.05.03-07.00.39:534][773]LogCharacterMovement: MyFPNotBroke_C_0 is stuck and failed to move!
[2015.05.03-07.00.39:550][774]LogCharacterMovement: MyFPNotBroke_C_0 is stuck and failed to move!
[2015.05.03-07.00.39:566][775]LogCharacterMovement: MyFPNotBroke_C_0 is stuck and failed to move!
[2015.05.03-07.00.39:582][776]LogCharacterMovement: MyFPNotBroke_C_0 is stuck and failed to move!
[2015.05.03-07.00.39:598][777]LogCharacterMovement: MyFPNotBroke_C_0 is stuck and failed to move!
[2015.05.03-07.00.39:614][778]LogCharacterMovement: MyFPNotBroke_C_0 is stuck and failed to move!
[2015.05.03-07.00.39:630][779]LogCharacterMovement: MyFPNotBroke_C_0 is stuck and failed to move!
[2015.05.03-07.00.39:647][780]LogCharacterMovement: MyFPNotBroke_C_0 is stuck and failed to move!
[2015.05.03-07.00.39:663][781]LogCharacterMovement: MyFPNotBroke_C_0 is stuck and failed to move!
[2015.05.03-07.00.39:679][782]LogCharacterMovement: MyFPNotBroke_C_0 is stuck and failed to move!
[2015.05.03-07.00.39:695][783]LogCharacterMovement: MyFPNotBroke_C_0 is stuck and failed to move!
[2015.05.03-07.00.39:711][784]LogCharacterMovement: MyFPNotBroke_C_0 is stuck and failed to move!
[2015.05.03-07.00.39:727][785]LogCharacterMovement: MyFPNotBroke_C_0 is stuck and failed to move!
[2015.05.03-07.00.39:743][786]LogCharacterMovement: MyFPNotBroke_C_0 is stuck and failed to move!
[2015.05.03-07.00.39:759][787]LogCharacterMovement: MyFPNotBroke_C_0 is stuck and failed to move!
[2015.05.03-07.00.39:776][788]LogCharacterMovement: MyFPNotBroke_C_0 is stuck and failed to move!
[2015.05.03-07.00.39:792][789]LogCharacterMovement: MyFPNotBroke_C_0 is stuck and failed to move!
[2015.05.03-07.00.39:808][790]LogCharacterMovement: MyFPNotBroke_C_0 is stuck and failed to move!
[2015.05.03-07.00.39:824][791]LogCharacterMovement: MyFPNotBroke_C_0 is stuck and failed to move!
[2015.05.03-07.00.39:840][792]LogCharacterMovement: MyFPNotBroke_C_0 is stuck and failed to move!
[2015.05.03-07.00.39:856][793]LogCharacterMovement: MyFPNotBroke_C_0 is stuck and failed to move!
[2015.05.03-07.00.39:872][794]LogCharacterMovement: MyFPNotBroke_C_0 is stuck and failed to move!
[2015.05.03-07.00.39:889][795]LogCharacterMovement: MyFPNotBroke_C_0 is stuck and failed to move!
[2015.05.03-07.00.39:905][796]LogCharacterMovement: MyFPNotBroke_C_0 is stuck and failed to move!
[2015.05.03-07.00.39:921][797]LogCharacterMovement: MyFPNotBroke_C_0 is stuck and failed to move!
[2015.05.03-07.00.39:937][798]LogCharacterMovement: MyFPNotBroke_C_0 is stuck and failed to move!
[2015.05.03-07.00.39:953][799]LogCharacterMovement: MyFPNotBroke_C_0 is stuck and failed to move!
[2015.05.03-07.00.39:969][800]LogCharacterMovement: MyFPNotBroke_C_0 is stuck and failed to move!
[2015.05.03-07.00.39:985][801]LogCharacterMovement: MyFPNotBroke_C_0 is stuck and failed to move!
[2015.05.03-07.00.40:001][802]LogCharacterMovement: MyFPNotBroke_C_0 is stuck and failed to move!
[2015.05.03-07.00.40:018][803]LogCharacterMovement: MyFPNotBroke_C_0 is stuck and failed to move!
[2015.05.03-07.00.40:034][804]LogCharacterMovement: MyFPNotBroke_C_0 is stuck and failed to move!
[2015.05.03-07.00.40:050][805]LogCharacterMovement: MyFPNotBroke_C_0 is stuck and failed to move!
[2015.05.03-07.00.40:066][806]LogCharacterMovement: MyFPNotBroke_C_0 is stuck and failed to move!
[2015.05.03-07.00.40:082][807]LogCharacterMovement: MyFPNotBroke_C_0 is stuck and failed to move!
[2015.05.03-07.00.40:098][808]LogCharacterMovement: MyFPNotBroke_C_0 is stuck and failed to move!
[2015.05.03-07.00.40:114][809]LogCharacterMovement: MyFPNotBroke_C_0 is stuck and failed to move!
[2015.05.03-07.00.40:130][810]LogCharacterMovement: MyFPNotBroke_C_0 is stuck and failed to move!
[2015.05.03-07.00.40:147][811]LogCharacterMovement: MyFPNotBroke_C_0 is stuck and failed to move!
[2015.05.03-07.00.40:163][812]LogCharacterMovement: MyFPNotBroke_C_0 is stuck and failed to move!
[2015.05.03-07.00.40:179][813]LogCharacterMovement: MyFPNotBroke_C_0 is stuck and failed to move!
[2015.05.03-07.00.40:195][814]LogCharacterMovement: MyFPNotBroke_C_0 is stuck and failed to move!
[2015.05.03-07.00.40:211][815]LogCharacterMovement: MyFPNotBroke_C_0 is stuck and failed to move!
[2015.05.03-07.00.40:227][816]LogCharacterMovement: MyFPNotBroke_C_0 is stuck and failed to move!
[2015.05.03-07.00.40:243][817]LogCharacterMovement: MyFPNotBroke_C_0 is stuck and failed to move!
[2015.05.03-07.00.40:259][818]LogCharacterMovement: MyFPNotBroke_C_0 is stuck and failed to move!
[2015.05.03-07.00.40:276][819]LogCharacterMovement: MyFPNotBroke_C_0 is stuck and failed to move!
[2015.05.03-07.00.40:292][820]LogCharacterMovement: MyFPNotBroke_C_0 is stuck and failed to move!
[2015.05.03-07.00.40:308][821]LogCharacterMovement: MyFPNotBroke_C_0 is stuck and failed to move!
[2015.05.03-07.00.40:324][822]LogCharacterMovement: MyFPNotBroke_C_0 is stuck and failed to move!
[2015.05.03-07.00.40:340][823]LogCharacterMovement: MyFPNotBroke_C_0 is stuck and failed to move!
[2015.05.03-07.00.40:356][824]LogCharacterMovement: MyFPNotBroke_C_0 is stuck and failed to move!
[2015.05.03-07.00.40:372][825]LogCharacterMovement: MyFPNotBroke_C_0 is stuck and failed to move!
[2015.05.03-07.00.40:388][826]LogCharacterMovement: MyFPNotBroke_C_0 is stuck and failed to move!
[2015.05.03-07.00.40:405][827]LogCharacterMovement: MyFPNotBroke_C_0 is stuck and failed to move!
[2015.05.03-07.00.40:421][828]LogCharacterMovement: MyFPNotBroke_C_0 is stuck and failed to move!
[2015.05.03-07.00.40:437][829]LogCharacterMovement: MyFPNotBroke_C_0 is stuck and failed to move!
[2015.05.03-07.00.40:453][830]LogCharacterMovement: MyFPNotBroke_C_0 is stuck and failed to move!
[2015.05.03-07.00.40:469][831]LogCharacterMovement: MyFPNotBroke_C_0 is stuck and failed to move!
[2015.05.03-07.00.40:485][832]LogCharacterMovement: MyFPNotBroke_C_0 is stuck and failed to move!
[2015.05.03-07.00.40:501][833]LogCharacterMovement: MyFPNotBroke_C_0 is stuck and failed to move!
[2015.05.03-07.00.40:517][834]LogCharacterMovement: MyFPNotBroke_C_0 is stuck and failed to move!
[2015.05.03-07.00.40:534][835]LogCharacterMovement: MyFPNotBroke_C_0 is stuck and failed to move!
[2015.05.03-07.00.40:550][836]LogCharacterMovement: MyFPNotBroke_C_0 is stuck and failed to move!
[2015.05.03-07.00.40:566][837]LogCharacterMovement: MyFPNotBroke_C_0 is stuck and failed to move!
[2015.05.03-07.00.40:582][838]LogCharacterMovement: MyFPNotBroke_C_0 is stuck and failed to move!
[2015.05.03-07.00.40:598][839]LogCharacterMovement: MyFPNotBroke_C_0 is stuck and failed to move!
[2015.05.03-07.00.40:614][840]LogCharacterMovement: MyFPNotBroke_C_0 is stuck and failed to move!
[2015.05.03-07.00.40:630][841]LogCharacterMovement: MyFPNotBroke_C_0 is stuck and failed to move!
[2015.05.03-07.00.40:647][842]LogCharacterMovement: MyFPNotBroke_C_0 is stuck and failed to move!
[2015.05.03-07.00.40:663][843]LogCharacterMovement: MyFPNotBroke_C_0 is stuck and failed to move!
[2015.05.03-07.00.40:679][844]LogCharacterMovement: MyFPNotBroke_C_0 is stuck and failed to move!
[2015.05.03-07.00.40:695][845]LogCharacterMovement: MyFPNotBroke_C_0 is stuck and failed to move!
[2015.05.03-07.00.40:711][846]LogCharacterMovement: MyFPNotBroke_C_0 is stuck and failed to move!
[2015.05.03-07.00.40:727][847]LogCharacterMovement: MyFPNotBroke_C_0 is stuck and failed to move!
[2015.05.03-07.00.40:743][848]LogCharacterMovement: MyFPNotBroke_C_0 is stuck and failed to move!
[2015.05.03-07.00.40:759][849]LogCharacterMovement: MyFPNotBroke_C_0 is stuck and failed to move!
[2015.05.03-07.00.40:776][850]LogCharacterMovement: MyFPNotBroke_C_0 is stuck and failed to move!
[2015.05.03-07.00.40:792][851]LogCharacterMovement: MyFPNotBroke_C_0 is stuck and failed to move!
[2015.05.03-07.00.40:808][852]LogCharacterMovement: MyFPNotBroke_C_0 is stuck and failed to move!
[2015.05.03-07.00.40:824][853]LogCharacterMovement: MyFPNotBroke_C_0 is stuck and failed to move!
[2015.05.03-07.00.40:840][854]LogCharacterMovement: MyFPNotBroke_C_0 is stuck and failed to move!
[2015.05.03-07.00.40:856][855]LogCharacterMovement: MyFPNotBroke_C_0 is stuck and failed to move!
[2015.05.03-07.00.40:872][856]LogCharacterMovement: MyFPNotBroke_C_0 is stuck and failed to move!
[2015.05.03-07.00.40:889][857]LogCharacterMovement: MyFPNotBroke_C_0 is stuck and failed to move!
[2015.05.03-07.00.40:905][858]LogCharacterMovement: MyFPNotBroke_C_0 is stuck and failed to move!
[2015.05.03-07.00.40:921][859]LogCharacterMovement: MyFPNotBroke_C_0 is stuck and failed to move!
[2015.05.03-07.00.40:937][860]LogCharacterMovement: MyFPNotBroke_C_0 is stuck and failed to move!
[2015.05.03-07.00.40:953][861]LogCharacterMovement: MyFPNotBroke_C_0 is stuck and failed to move!
[2015.05.03-07.00.40:969][862]LogCharacterMovement: MyFPNotBroke_C_0 is stuck and failed to move!
[2015.05.03-07.00.40:985][863]LogCharacterMovement: MyFPNotBroke_C_0 is stuck and failed to move!
[2015.05.03-07.00.41:840][916]LogCharacterMovement: MyFPNotBroke_C_0 is stuck and failed to move!
[2015.05.03-07.00.41:856][917]LogCharacterMovement: MyFPNotBroke_C_0 is stuck and failed to move!
[2015.05.03-07.00.41:872][918]LogCharacterMovement: MyFPNotBroke_C_0 is stuck and failed to move!
[2015.05.03-07.00.41:888][919]LogCharacterMovement: MyFPNotBroke_C_0 is stuck and failed to move!
[2015.05.03-07.00.41:905][920]LogCharacterMovement: MyFPNotBroke_C_0 is stuck and failed to move!
[2015.05.03-07.00.41:921][921]LogCharacterMovement: MyFPNotBroke_C_0 is stuck and failed to move!
[2015.05.03-07.00.41:937][922]LogCharacterMovement: MyFPNotBroke_C_0 is stuck and failed to move!
[2015.05.03-07.00.41:953][923]LogCharacterMovement: MyFPNotBroke_C_0 is stuck and failed to move!
[2015.05.03-07.00.41:969][924]LogCharacterMovement: MyFPNotBroke_C_0 is stuck and failed to move!
[2015.05.03-07.00.41:985][925]LogCharacterMovement: MyFPNotBroke_C_0 is stuck and failed to move!
[2015.05.03-07.00.42:001][926]LogCharacterMovement: MyFPNotBroke_C_0 is stuck and failed to move!
[2015.05.03-07.00.42:017][927]LogCharacterMovement: MyFPNotBroke_C_0 is stuck and failed to move!
[2015.05.03-07.00.42:034][928]LogCharacterMovement: MyFPNotBroke_C_0 is stuck and failed to move!
[2015.05.03-07.00.42:050][929]LogCharacterMovement: MyFPNotBroke_C_0 is stuck and failed to move!
[2015.05.03-07.00.42:066][930]LogCharacterMovement: MyFPNotBroke_C_0 is stuck and failed to move!
[2015.05.03-07.00.42:082][931]LogCharacterMovement: MyFPNotBroke_C_0 is stuck and failed to move!
[2015.05.03-07.00.42:098][932]LogCharacterMovement: MyFPNotBroke_C_0 is stuck and failed to move!
[2015.05.03-07.00.42:114][933]LogCharacterMovement: MyFPNotBroke_C_0 is stuck and failed to move!
[2015.05.03-07.00.42:130][934]LogCharacterMovement: MyFPNotBroke_C_0 is stuck and failed to move!
[2015.05.03-07.00.42:146][935]LogCharacterMovement: MyFPNotBroke_C_0 is stuck and failed to move!
[2015.05.03-07.00.42:163][936]LogCharacterMovement: MyFPNotBroke_C_0 is stuck and failed to move!
[2015.05.03-07.00.42:179][937]LogCharacterMovement: MyFPNotBroke_C_0 is stuck and failed to move!
[2015.05.03-07.00.42:195][938]LogCharacterMovement: MyFPNotBroke_C_0 is stuck and failed to move!
[2015.05.03-07.00.42:211][939]LogCharacterMovement: MyFPNotBroke_C_0 is stuck and failed to move!
[2015.05.03-07.00.42:227][940]LogCharacterMovement: MyFPNotBroke_C_0 is stuck and failed to move!
[2015.05.03-07.00.42:243][941]LogCharacterMovement: MyFPNotBroke_C_0 is stuck and failed to move!
[2015.05.03-07.00.42:259][942]LogCharacterMovement: MyFPNotBroke_C_0 is stuck and failed to move!
[2015.05.03-07.00.42:276][943]LogCharacterMovement: MyFPNotBroke_C_0 is stuck and failed to move!
[2015.05.03-07.00.42:292][944]LogCharacterMovement: MyFPNotBroke_C_0 is stuck and failed to move!
[2015.05.03-07.00.42:308][945]LogCharacterMovement: MyFPNotBroke_C_0 is stuck and failed to move!
[2015.05.03-07.00.42:324][946]LogCharacterMovement: MyFPNotBroke_C_0 is stuck and failed to move!
[2015.05.03-07.00.42:340][947]LogCharacterMovement: MyFPNotBroke_C_0 is stuck and failed to move!
[2015.05.03-07.00.42:356][948]LogCharacterMovement: MyFPNotBroke_C_0 is stuck and failed to move!
[2015.05.03-07.00.42:372][949]LogCharacterMovement: MyFPNotBroke_C_0 is stuck and failed to move!
[2015.05.03-07.00.42:388][950]LogCharacterMovement: MyFPNotBroke_C_0 is stuck and failed to move!
[2015.05.03-07.00.42:405][951]LogCharacterMovement: MyFPNotBroke_C_0 is stuck and failed to move!
[2015.05.03-07.00.42:421][952]LogCharacterMovement: MyFPNotBroke_C_0 is stuck and failed to move!
[2015.05.03-07.00.42:437][953]LogCharacterMovement: MyFPNotBroke_C_0 is stuck and failed to move!
[2015.05.03-07.00.42:453][954]LogCharacterMovement: MyFPNotBroke_C_0 is stuck and failed to move!
[2015.05.03-07.00.42:469][955]LogCharacterMovement: MyFPNotBroke_C_0 is stuck and failed to move!
[2015.05.03-07.00.42:485][956]LogCharacterMovement: MyFPNotBroke_C_0 is stuck and failed to move!
[2015.05.03-07.00.42:501][957]LogCharacterMovement: MyFPNotBroke_C_0 is stuck and failed to move!
[2015.05.03-07.00.42:517][958]LogCharacterMovement: MyFPNotBroke_C_0 is stuck and failed to move!
[2015.05.03-07.00.42:534][959]LogCharacterMovement: MyFPNotBroke_C_0 is stuck and failed to move!
[2015.05.03-07.00.42:550][960]LogCharacterMovement: MyFPNotBroke_C_0 is stuck and failed to move!
[2015.05.03-07.00.42:566][961]LogCharacterMovement: MyFPNotBroke_C_0 is stuck and failed to move!
[2015.05.03-07.00.42:582][962]LogCharacterMovement: MyFPNotBroke_C_0 is stuck and failed to move!
[2015.05.03-07.00.42:598][963]LogCharacterMovement: MyFPNotBroke_C_0 is stuck and failed to move!
[2015.05.03-07.00.48:211][311]LogCharacterMovement: MyFPNotBroke_C_0 is stuck and failed to move!
[2015.05.03-07.00.48:227][312]LogCharacterMovement: MyFPNotBroke_C_0 is stuck and failed to move!
[2015.05.03-07.00.48:243][313]LogCharacterMovement: MyFPNotBroke_C_0 is stuck and failed to move!
[2015.05.03-07.00.48:259][314]LogCharacterMovement: MyFPNotBroke_C_0 is stuck and failed to move!
[2015.05.03-07.00.48:276][315]LogCharacterMovement: MyFPNotBroke_C_0 is stuck and failed to move!
[2015.05.03-07.00.48:292][316]LogCharacterMovement: MyFPNotBroke_C_0 is stuck and failed to move!
[2015.05.03-07.00.48:308][317]LogCharacterMovement: MyFPNotBroke_C_0 is stuck and failed to move!
[2015.05.03-07.00.48:324][318]LogCharacterMovement: MyFPNotBroke_C_0 is stuck and failed to move!
[2015.05.03-07.00.48:340][319]LogCharacterMovement: MyFPNotBroke_C_0 is stuck and failed to move!
[2015.05.03-07.00.48:356][320]LogCharacterMovement: MyFPNotBroke_C_0 is stuck and failed to move!
[2015.05.03-07.00.48:372][321]LogCharacterMovement: MyFPNotBroke_C_0 is stuck and failed to move!
[2015.05.03-07.00.48:388][322]LogCharacterMovement: MyFPNotBroke_C_0 is stuck and failed to move!
[2015.05.03-07.00.48:404][323]LogCharacterMovement: MyFPNotBroke_C_0 is stuck and failed to move!
[2015.05.03-07.00.48:421][324]LogCharacterMovement: MyFPNotBroke_C_0 is stuck and failed to move!
[2015.05.03-07.00.48:437][325]LogCharacterMovement: MyFPNotBroke_C_0 is stuck and failed to move!
[2015.05.03-07.00.48:453][326]LogCharacterMovement: MyFPNotBroke_C_0 is stuck and failed to move!
[2015.05.03-07.00.48:469][327]LogCharacterMovement: MyFPNotBroke_C_0 is stuck and failed to move!
[2015.05.03-07.00.48:485][328]LogCharacterMovement: MyFPNotBroke_C_0 is stuck and failed to move!
[2015.05.03-07.00.48:501][329]LogCharacterMovement: MyFPNotBroke_C_0 is stuck and failed to move!
[2015.05.03-07.00.48:517][330]LogCharacterMovement: MyFPNotBroke_C_0 is stuck and failed to move!
[2015.05.03-07.00.48:534][331]LogCharacterMovement: MyFPNotBroke_C_0 is stuck and failed to move!
[2015.05.03-07.00.48:550][332]LogCharacterMovement: MyFPNotBroke_C_0 is stuck and failed to move!
[2015.05.03-07.00.48:566][333]LogCharacterMovement: MyFPNotBroke_C_0 is stuck and failed to move!
[2015.05.03-07.00.48:582][334]LogCharacterMovement: MyFPNotBroke_C_0 is stuck and failed to move!
[2015.05.03-07.00.48:598][335]LogCharacterMovement: MyFPNotBroke_C_0 is stuck and failed to move!
[2015.05.03-07.00.48:614][336]LogCharacterMovement: MyFPNotBroke_C_0 is stuck and failed to move!
[2015.05.03-07.00.48:630][337]LogCharacterMovement: MyFPNotBroke_C_0 is stuck and failed to move!
[2015.05.03-07.00.48:646][338]LogCharacterMovement: MyFPNotBroke_C_0 is stuck and failed to move!
[2015.05.03-07.00.48:663][339]LogCharacterMovement: MyFPNotBroke_C_0 is stuck and failed to move!
[2015.05.03-07.00.48:679][340]LogCharacterMovement: MyFPNotBroke_C_0 is stuck and failed to move!
[2015.05.03-07.00.48:695][341]LogCharacterMovement: MyFPNotBroke_C_0 is stuck and failed to move!
[2015.05.03-07.00.48:711][342]LogCharacterMovement: MyFPNotBroke_C_0 is stuck and failed to move!
[2015.05.03-07.00.48:727][343]LogCharacterMovement: MyFPNotBroke_C_0 is stuck and failed to move!
[2015.05.03-07.00.48:743][344]LogCharacterMovement: MyFPNotBroke_C_0 is stuck and failed to move!
[2015.05.03-07.00.48:759][345]LogCharacterMovement: MyFPNotBroke_C_0 is stuck and failed to move!
[2015.05.03-07.00.48:775][346]LogCharacterMovement: MyFPNotBroke_C_0 is stuck and failed to move!
[2015.05.03-07.00.48:792][347]LogCharacterMovement: MyFPNotBroke_C_0 is stuck and failed to move!
[2015.05.03-07.00.48:808][348]LogCharacterMovement: MyFPNotBroke_C_0 is stuck and failed to move!
[2015.05.03-07.00.48:824][349]LogCharacterMovement: MyFPNotBroke_C_0 is stuck and failed to move!
[2015.05.03-07.00.48:840][350]LogCharacterMovement: MyFPNotBroke_C_0 is stuck and failed to move!
[2015.05.03-07.00.48:856][351]LogCharacterMovement: MyFPNotBroke_C_0 is stuck and failed to move!
[2015.05.03-07.00.48:872][352]LogCharacterMovement: MyFPNotBroke_C_0 is stuck and failed to move!
[2015.05.03-07.00.48:888][353]LogCharacterMovement: MyFPNotBroke_C_0 is stuck and failed to move!
[2015.05.03-07.00.48:904][354]LogCharacterMovement: MyFPNotBroke_C_0 is stuck and failed to move!
[2015.05.03-07.00.48:921][355]LogCharacterMovement: MyFPNotBroke_C_0 is stuck and failed to move!
[2015.05.03-07.00.48:937][356]LogCharacterMovement: MyFPNotBroke_C_0 is stuck and failed to move!
[2015.05.03-07.00.48:953][357]LogCharacterMovement: MyFPNotBroke_C_0 is stuck and failed to move!
[2015.05.03-07.00.48:969][358]LogCharacterMovement: MyFPNotBroke_C_0 is stuck and failed to move!
[2015.05.03-07.00.48:985][359]LogCharacterMovement: MyFPNotBroke_C_0 is stuck and failed to move!
[2015.05.03-07.00.49:001][360]LogCharacterMovement: MyFPNotBroke_C_0 is stuck and failed to move!
[2015.05.03-07.00.49:017][361]LogCharacterMovement: MyFPNotBroke_C_0 is stuck and failed to move!
[2015.05.03-07.00.49:034][362]LogCharacterMovement: MyFPNotBroke_C_0 is stuck and failed to move!
[2015.05.03-07.00.49:050][363]LogCharacterMovement: MyFPNotBroke_C_0 is stuck and failed to move!
[2015.05.03-07.00.49:066][364]LogCharacterMovement: MyFPNotBroke_C_0 is stuck and failed to move!
[2015.05.03-07.00.49:082][365]LogCharacterMovement: MyFPNotBroke_C_0 is stuck and failed to move!
[2015.05.03-07.00.49:098][366]LogCharacterMovement: MyFPNotBroke_C_0 is stuck and failed to move!
[2015.05.03-07.00.55:938][790]LogCharacterMovement: MyFPNotBroke_C_0 is stuck and failed to move!
[2015.05.03-07.00.55:954][791]LogCharacterMovement: MyFPNotBroke_C_0 is stuck and failed to move!
[2015.05.03-07.00.55:970][792]LogCharacterMovement: MyFPNotBroke_C_0 is stuck and failed to move!
[2015.05.03-07.00.55:986][793]LogCharacterMovement: MyFPNotBroke_C_0 is stuck and failed to move!
[2015.05.03-07.00.56:002][794]LogCharacterMovement: MyFPNotBroke_C_0 is stuck and failed to move!
[2015.05.03-07.00.56:018][795]LogCharacterMovement: MyFPNotBroke_C_0 is stuck and failed to move!
[2015.05.03-07.00.56:034][796]LogCharacterMovement: MyFPNotBroke_C_0 is stuck and failed to move!
[2015.05.03-07.00.56:051][797]LogCharacterMovement: MyFPNotBroke_C_0 is stuck and failed to move!
[2015.05.03-07.00.56:067][798]LogCharacterMovement: MyFPNotBroke_C_0 is stuck and failed to move!
[2015.05.03-07.00.56:083][799]LogCharacterMovement: MyFPNotBroke_C_0 is stuck and failed to move!
[2015.05.03-07.00.56:099][800]LogCharacterMovement: MyFPNotBroke_C_0 is stuck and failed to move!
[2015.05.03-07.00.56:115][801]LogCharacterMovement: MyFPNotBroke_C_0 is stuck and failed to move!
[2015.05.03-07.00.56:131][802]LogCharacterMovement: MyFPNotBroke_C_0 is stuck and failed to move!
[2015.05.03-07.00.56:147][803]LogCharacterMovement: MyFPNotBroke_C_0 is stuck and failed to move!
[2015.05.03-07.00.56:163][804]LogCharacterMovement: MyFPNotBroke_C_0 is stuck and failed to move!
[2015.05.03-07.00.56:180][805]LogCharacterMovement: MyFPNotBroke_C_0 is stuck and failed to move!
[2015.05.03-07.00.56:196][806]LogCharacterMovement: MyFPNotBroke_C_0 is stuck and failed to move!
[2015.05.03-07.00.56:212][807]LogCharacterMovement: MyFPNotBroke_C_0 is stuck and failed to move!
[2015.05.03-07.00.56:228][808]LogCharacterMovement: MyFPNotBroke_C_0 is stuck and failed to move!
[2015.05.03-07.00.56:244][809]LogCharacterMovement: MyFPNotBroke_C_0 is stuck and failed to move!
[2015.05.03-07.00.56:260][810]LogCharacterMovement: MyFPNotBroke_C_0 is stuck and failed to move!
[2015.05.03-07.00.56:276][811]LogCharacterMovement: MyFPNotBroke_C_0 is stuck and failed to move!
[2015.05.03-07.00.56:292][812]LogCharacterMovement: MyFPNotBroke_C_0 is stuck and failed to move!
[2015.05.03-07.00.56:309][813]LogCharacterMovement: MyFPNotBroke_C_0 is stuck and failed to move!
[2015.05.03-07.00.56:325][814]LogCharacterMovement: MyFPNotBroke_C_0 is stuck and failed to move!
[2015.05.03-07.00.56:341][815]LogCharacterMovement: MyFPNotBroke_C_0 is stuck and failed to move!
[2015.05.03-07.00.56:357][816]LogCharacterMovement: MyFPNotBroke_C_0 is stuck and failed to move!
[2015.05.03-07.00.56:373][817]LogCharacterMovement: MyFPNotBroke_C_0 is stuck and failed to move!
[2015.05.03-07.00.56:389][818]LogCharacterMovement: MyFPNotBroke_C_0 is stuck and failed to move!
[2015.05.03-07.00.56:405][819]LogCharacterMovement: MyFPNotBroke_C_0 is stuck and failed to move!
[2015.05.03-07.00.56:422][820]LogCharacterMovement: MyFPNotBroke_C_0 is stuck and failed to move!
[2015.05.03-07.00.56:438][821]LogCharacterMovement: MyFPNotBroke_C_0 is stuck and failed to move!
[2015.05.03-07.00.56:454][822]LogCharacterMovement: MyFPNotBroke_C_0 is stuck and failed to move!
[2015.05.03-07.00.56:470][823]LogCharacterMovement: MyFPNotBroke_C_0 is stuck and failed to move!
[2015.05.03-07.00.56:486][824]LogCharacterMovement: MyFPNotBroke_C_0 is stuck and failed to move!
[2015.05.03-07.00.56:502][825]LogCharacterMovement: MyFPNotBroke_C_0 is stuck and failed to move!
[2015.05.03-07.00.56:518][826]LogCharacterMovement: MyFPNotBroke_C_0 is stuck and failed to move!
[2015.05.03-07.00.56:534][827]LogCharacterMovement: MyFPNotBroke_C_0 is stuck and failed to move!
[2015.05.03-07.00.56:551][828]LogCharacterMovement: MyFPNotBroke_C_0 is stuck and failed to move!
[2015.05.03-07.00.56:567][829]LogCharacterMovement: MyFPNotBroke_C_0 is stuck and failed to move!
[2015.05.03-07.00.56:583][830]LogCharacterMovement: MyFPNotBroke_C_0 is stuck and failed to move!
[2015.05.03-07.00.56:599][831]LogCharacterMovement: MyFPNotBroke_C_0 is stuck and failed to move!
[2015.05.03-07.00.56:615][832]LogCharacterMovement: MyFPNotBroke_C_0 is stuck and failed to move!
[2015.05.03-07.00.56:631][833]LogCharacterMovement: MyFPNotBroke_C_0 is stuck and failed to move!
[2015.05.03-07.00.56:647][834]LogCharacterMovement: MyFPNotBroke_C_0 is stuck and failed to move!
[2015.05.03-07.00.56:664][835]LogCharacterMovement: MyFPNotBroke_C_0 is stuck and failed to move!
[2015.05.03-07.00.56:680][836]LogCharacterMovement: MyFPNotBroke_C_0 is stuck and failed to move!
[2015.05.03-07.00.56:696][837]LogCharacterMovement: MyFPNotBroke_C_0 is stuck and failed to move!
[2015.05.03-07.00.56:712][838]LogCharacterMovement: MyFPNotBroke_C_0 is stuck and failed to move!
[2015.05.03-07.00.56:728][839]LogCharacterMovement: MyFPNotBroke_C_0 is stuck and failed to move!
[2015.05.03-07.00.56:744][840]LogCharacterMovement: MyFPNotBroke_C_0 is stuck and failed to move!
[2015.05.03-07.00.56:760][841]LogCharacterMovement: MyFPNotBroke_C_0 is stuck and failed to move!
[2015.05.03-07.00.56:776][842]LogCharacterMovement: MyFPNotBroke_C_0 is stuck and failed to move!
[2015.05.03-07.00.56:792][843]LogCharacterMovement: MyFPNotBroke_C_0 is stuck and failed to move!
[2015.05.03-07.00.56:809][844]LogCharacterMovement: MyFPNotBroke_C_0 is stuck and failed to move!
[2015.05.03-07.00.56:825][845]LogCharacterMovement: MyFPNotBroke_C_0 is stuck and failed to move!
[2015.05.03-07.00.56:841][846]LogCharacterMovement: MyFPNotBroke_C_0 is stuck and failed to move!
[2015.05.03-07.00.56:857][847]LogCharacterMovement: MyFPNotBroke_C_0 is stuck and failed to move!
[2015.05.03-07.00.56:873][848]LogCharacterMovement: MyFPNotBroke_C_0 is stuck and failed to move!
[2015.05.03-07.00.56:889][849]LogCharacterMovement: MyFPNotBroke_C_0 is stuck and failed to move!
[2015.05.03-07.00.56:905][850]LogCharacterMovement: MyFPNotBroke_C_0 is stuck and failed to move!
[2015.05.03-07.00.56:921][851]LogCharacterMovement: MyFPNotBroke_C_0 is stuck and failed to move!
[2015.05.03-07.00.56:938][852]LogCharacterMovement: MyFPNotBroke_C_0 is stuck and failed to move!
[2015.05.03-07.00.56:954][853]LogCharacterMovement: MyFPNotBroke_C_0 is stuck and failed to move!
[2015.05.03-07.00.57:083][861]LogCharacterMovement: MyFPNotBroke_C_0 is stuck and failed to move!
[2015.05.03-07.00.57:099][862]LogCharacterMovement: MyFPNotBroke_C_0 is stuck and failed to move!
[2015.05.03-07.00.57:115][863]LogCharacterMovement: MyFPNotBroke_C_0 is stuck and failed to move!
[2015.05.03-07.00.57:131][864]LogCharacterMovement: MyFPNotBroke_C_0 is stuck and failed to move!
[2015.05.03-07.00.57:147][865]LogCharacterMovement: MyFPNotBroke_C_0 is stuck and failed to move!
[2015.05.03-07.00.57:164][866]LogCharacterMovement: MyFPNotBroke_C_0 is stuck and failed to move!
[2015.05.03-07.00.57:180][867]LogCharacterMovement: MyFPNotBroke_C_0 is stuck and failed to move!
[2015.05.03-07.00.57:196][868]LogCharacterMovement: MyFPNotBroke_C_0 is stuck and failed to move!
[2015.05.03-07.00.57:212][869]LogCharacterMovement: MyFPNotBroke_C_0 is stuck and failed to move!
[2015.05.03-07.00.57:228][870]LogCharacterMovement: MyFPNotBroke_C_0 is stuck and failed to move!
[2015.05.03-07.00.57:244][871]LogCharacterMovement: MyFPNotBroke_C_0 is stuck and failed to move!
[2015.05.03-07.00.57:260][872]LogCharacterMovement: MyFPNotBroke_C_0 is stuck and failed to move!
[2015.05.03-07.00.57:277][873]LogCharacterMovement: MyFPNotBroke_C_0 is stuck and failed to move!
[2015.05.03-07.00.57:292][874]LogCharacterMovement: MyFPNotBroke_C_0 is stuck and failed to move!
[2015.05.03-07.00.57:308][875]LogCharacterMovement: MyFPNotBroke_C_0 is stuck and failed to move!
[2015.05.03-07.00.57:325][876]LogCharacterMovement: MyFPNotBroke_C_0 is stuck and failed to move!
[2015.05.03-07.00.57:341][877]LogCharacterMovement: MyFPNotBroke_C_0 is stuck and failed to move!
[2015.05.03-07.00.57:357][878]LogCharacterMovement: MyFPNotBroke_C_0 is stuck and failed to move!
[2015.05.03-07.00.57:373][879]LogCharacterMovement: MyFPNotBroke_C_0 is stuck and failed to move!
[2015.05.03-07.00.57:389][880]LogCharacterMovement: MyFPNotBroke_C_0 is stuck and failed to move!
[2015.05.03-07.00.57:405][881]LogCharacterMovement: MyFPNotBroke_C_0 is stuck and failed to move!
[2015.05.03-07.00.57:421][882]LogCharacterMovement: MyFPNotBroke_C_0 is stuck and failed to move!
[2015.05.03-07.00.57:438][883]LogCharacterMovement: MyFPNotBroke_C_0 is stuck and failed to move!
[2015.05.03-07.00.57:454][884]LogCharacterMovement: MyFPNotBroke_C_0 is stuck and failed to move!
[2015.05.03-07.00.57:470][885]LogCharacterMovement: MyFPNotBroke_C_0 is stuck and failed to move!
[2015.05.03-07.00.57:486][886]LogCharacterMovement: MyFPNotBroke_C_0 is stuck and failed to move!
[2015.05.03-07.00.57:502][887]LogCharacterMovement: MyFPNotBroke_C_0 is stuck and failed to move!
[2015.05.03-07.00.57:518][888]LogCharacterMovement: MyFPNotBroke_C_0 is stuck and failed to move!
[2015.05.03-07.00.57:534][889]LogCharacterMovement: MyFPNotBroke_C_0 is stuck and failed to move!
[2015.05.03-07.00.57:744][902]LogCharacterMovement: MyFPNotBroke_C_0 is stuck and failed to move!
[2015.05.03-07.00.57:760][903]LogCharacterMovement: MyFPNotBroke_C_0 is stuck and failed to move!
[2015.05.03-07.00.57:776][904]LogCharacterMovement: MyFPNotBroke_C_0 is stuck and failed to move!
[2015.05.03-07.00.57:792][905]LogCharacterMovement: MyFPNotBroke_C_0 is stuck and failed to move!
[2015.05.03-07.00.57:809][906]LogCharacterMovement: MyFPNotBroke_C_0 is stuck and failed to move!
[2015.05.03-07.00.57:825][907]LogCharacterMovement: MyFPNotBroke_C_0 is stuck and failed to move!
[2015.05.03-07.00.57:841][908]LogCharacterMovement: MyFPNotBroke_C_0 is stuck and failed to move!
[2015.05.03-07.00.57:857][909]LogCharacterMovement: MyFPNotBroke_C_0 is stuck and failed to move!
[2015.05.03-07.00.57:873][910]LogCharacterMovement: MyFPNotBroke_C_0 is stuck and failed to move!
[2015.05.03-07.00.57:889][911]LogCharacterMovement: MyFPNotBroke_C_0 is stuck and failed to move!
[2015.05.03-07.00.57:905][912]LogCharacterMovement: MyFPNotBroke_C_0 is stuck and failed to move!
[2015.05.03-07.00.57:921][913]LogCharacterMovement: MyFPNotBroke_C_0 is stuck and failed to move!
[2015.05.03-07.00.57:938][914]LogCharacterMovement: MyFPNotBroke_C_0 is stuck and failed to move!
[2015.05.03-07.00.57:954][915]LogCharacterMovement: MyFPNotBroke_C_0 is stuck and failed to move!
[2015.05.03-07.00.57:970][916]LogCharacterMovement: MyFPNotBroke_C_0 is stuck and failed to move!
[2015.05.03-07.00.57:986][917]LogCharacterMovement: MyFPNotBroke_C_0 is stuck and failed to move!
[2015.05.03-07.00.58:002][918]LogCharacterMovement: MyFPNotBroke_C_0 is stuck and failed to move!
[2015.05.03-07.00.58:018][919]LogCharacterMovement: MyFPNotBroke_C_0 is stuck and failed to move!
[2015.05.03-07.00.58:034][920]LogCharacterMovement: MyFPNotBroke_C_0 is stuck and failed to move!
[2015.05.03-07.00.58:050][921]LogCharacterMovement: MyFPNotBroke_C_0 is stuck and failed to move!
[2015.05.03-07.00.58:067][922]LogCharacterMovement: MyFPNotBroke_C_0 is stuck and failed to move!
[2015.05.03-07.00.58:083][923]LogCharacterMovement: MyFPNotBroke_C_0 is stuck and failed to move!
[2015.05.03-07.00.58:099][924]LogCharacterMovement: MyFPNotBroke_C_0 is stuck and failed to move!
[2015.05.03-07.00.58:115][925]LogCharacterMovement: MyFPNotBroke_C_0 is stuck and failed to move!
[2015.05.03-07.00.58:131][926]LogCharacterMovement: MyFPNotBroke_C_0 is stuck and failed to move!
[2015.05.03-07.00.58:147][927]LogCharacterMovement: MyFPNotBroke_C_0 is stuck and failed to move!
[2015.05.03-07.00.58:163][928]LogCharacterMovement: MyFPNotBroke_C_0 is stuck and failed to move!
[2015.05.03-07.00.58:179][929]LogCharacterMovement: MyFPNotBroke_C_0 is stuck and failed to move!
[2015.05.03-07.00.58:196][930]LogCharacterMovement: MyFPNotBroke_C_0 is stuck and failed to move!
[2015.05.03-07.00.58:212][931]LogCharacterMovement: MyFPNotBroke_C_0 is stuck and failed to move!
[2015.05.03-07.00.58:228][932]LogCharacterMovement: MyFPNotBroke_C_0 is stuck and failed to move!
[2015.05.03-07.00.58:244][933]LogCharacterMovement: MyFPNotBroke_C_0 is stuck and failed to move!
[2015.05.03-07.00.58:260][934]LogCharacterMovement: MyFPNotBroke_C_0 is stuck and failed to move!
[2015.05.03-07.00.58:276][935]LogCharacterMovement: MyFPNotBroke_C_0 is stuck and failed to move!
[2015.05.03-07.00.58:292][936]LogCharacterMovement: MyFPNotBroke_C_0 is stuck and failed to move!
[2015.05.03-07.00.58:309][937]LogCharacterMovement: MyFPNotBroke_C_0 is stuck and failed to move!
[2015.05.03-07.00.58:325][938]LogCharacterMovement: MyFPNotBroke_C_0 is stuck and failed to move!
[2015.05.03-07.00.58:341][939]LogCharacterMovement: MyFPNotBroke_C_0 is stuck and failed to move!
[2015.05.03-07.00.58:357][940]LogCharacterMovement: MyFPNotBroke_C_0 is stuck and failed to move!
[2015.05.03-07.00.58:373][941]LogCharacterMovement: MyFPNotBroke_C_0 is stuck and failed to move!
[2015.05.03-07.00.58:389][942]LogCharacterMovement: MyFPNotBroke_C_0 is stuck and failed to move!
[2015.05.03-07.00.58:405][943]LogCharacterMovement: MyFPNotBroke_C_0 is stuck and failed to move!
[2015.05.03-07.00.58:421][944]LogCharacterMovement: MyFPNotBroke_C_0 is stuck and failed to move!
[2015.05.03-07.00.58:438][945]LogCharacterMovement: MyFPNotBroke_C_0 is stuck and failed to move!
[2015.05.03-07.00.58:454][946]LogCharacterMovement: MyFPNotBroke_C_0 is stuck and failed to move!
[2015.05.03-07.00.58:470][947]LogCharacterMovement: MyFPNotBroke_C_0 is stuck and failed to move!
[2015.05.03-07.00.58:486][948]LogCharacterMovement: MyFPNotBroke_C_0 is stuck and failed to move!
[2015.05.03-07.00.58:502][949]LogCharacterMovement: MyFPNotBroke_C_0 is stuck and failed to move!
[2015.05.03-07.00.58:518][950]LogCharacterMovement: MyFPNotBroke_C_0 is stuck and failed to move!
[2015.05.03-07.00.58:534][951]LogCharacterMovement: MyFPNotBroke_C_0 is stuck and failed to move!
[2015.05.03-07.00.58:551][952]LogCharacterMovement: MyFPNotBroke_C_0 is stuck and failed to move!
[2015.05.03-07.00.58:567][953]LogCharacterMovement: MyFPNotBroke_C_0 is stuck and failed to move!
[2015.05.03-07.00.58:583][954]LogCharacterMovement: MyFPNotBroke_C_0 is stuck and failed to move!
[2015.05.03-07.00.58:599][955]LogCharacterMovement: MyFPNotBroke_C_0 is stuck and failed to move!
[2015.05.03-07.00.58:615][956]LogCharacterMovement: MyFPNotBroke_C_0 is stuck and failed to move!
[2015.05.03-07.00.58:631][957]LogCharacterMovement: MyFPNotBroke_C_0 is stuck and failed to move!
[2015.05.03-07.00.58:647][958]LogCharacterMovement: MyFPNotBroke_C_0 is stuck and failed to move!
[2015.05.03-07.00.58:663][959]LogCharacterMovement: MyFPNotBroke_C_0 is stuck and failed to move!
[2015.05.03-07.00.58:679][960]LogCharacterMovement: MyFPNotBroke_C_0 is stuck and failed to move!
[2015.05.03-07.00.58:696][961]LogCharacterMovement: MyFPNotBroke_C_0 is stuck and failed to move!
[2015.05.03-07.00.58:712][962]LogCharacterMovement: MyFPNotBroke_C_0 is stuck and failed to move!
[2015.05.03-07.00.58:728][963]LogCharacterMovement: MyFPNotBroke_C_0 is stuck and failed to move!
[2015.05.03-07.00.58:744][964]LogCharacterMovement: MyFPNotBroke_C_0 is stuck and failed to move!
[2015.05.03-07.00.58:760][965]LogCharacterMovement: MyFPNotBroke_C_0 is stuck and failed to move!
[2015.05.03-07.00.58:776][966]LogCharacterMovement: MyFPNotBroke_C_0 is stuck and failed to move!
[2015.05.03-07.00.58:792][967]LogCharacterMovement: MyFPNotBroke_C_0 is stuck and failed to move!
[2015.05.03-07.00.58:808][968]LogCharacterMovement: MyFPNotBroke_C_0 is stuck and failed to move!
[2015.05.03-07.00.58:825][969]LogCharacterMovement: MyFPNotBroke_C_0 is stuck and failed to move!
[2015.05.03-07.00.58:841][970]LogCharacterMovement: MyFPNotBroke_C_0 is stuck and failed to move!
[2015.05.03-07.00.58:857][971]LogCharacterMovement: MyFPNotBroke_C_0 is stuck and failed to move!
[2015.05.03-07.00.58:873][972]LogCharacterMovement: MyFPNotBroke_C_0 is stuck and failed to move!
[2015.05.03-07.00.58:889][973]LogCharacterMovement: MyFPNotBroke_C_0 is stuck and failed to move!
[2015.05.03-07.00.58:905][974]LogCharacterMovement: MyFPNotBroke_C_0 is stuck and failed to move!
[2015.05.03-07.00.58:921][975]LogCharacterMovement: MyFPNotBroke_C_0 is stuck and failed to move!
[2015.05.03-07.00.58:938][976]LogCharacterMovement: MyFPNotBroke_C_0 is stuck and failed to move!
[2015.05.03-07.00.58:954][977]LogCharacterMovement: MyFPNotBroke_C_0 is stuck and failed to move!
[2015.05.03-07.00.58:970][978]LogCharacterMovement: MyFPNotBroke_C_0 is stuck and failed to move!
[2015.05.03-07.00.58:986][979]LogCharacterMovement: MyFPNotBroke_C_0 is stuck and failed to move!
[2015.05.03-07.00.59:002][980]LogCharacterMovement: MyFPNotBroke_C_0 is stuck and failed to move!
[2015.05.03-07.00.59:018][981]LogCharacterMovement: MyFPNotBroke_C_0 is stuck and failed to move!
[2015.05.03-07.00.59:034][982]LogCharacterMovement: MyFPNotBroke_C_0 is stuck and failed to move!
[2015.05.03-07.00.59:050][983]LogCharacterMovement: MyFPNotBroke_C_0 is stuck and failed to move!
[2015.05.03-07.00.59:067][984]LogCharacterMovement: MyFPNotBroke_C_0 is stuck and failed to move!
[2015.05.03-07.00.59:083][985]LogCharacterMovement: MyFPNotBroke_C_0 is stuck and failed to move!
[2015.05.03-07.00.59:099][986]LogCharacterMovement: MyFPNotBroke_C_0 is stuck and failed to move!
[2015.05.03-07.00.59:115][987]LogCharacterMovement: MyFPNotBroke_C_0 is stuck and failed to move!
[2015.05.03-07.00.59:131][988]LogCharacterMovement: MyFPNotBroke_C_0 is stuck and failed to move!
[2015.05.03-07.00.59:147][989]LogCharacterMovement: MyFPNotBroke_C_0 is stuck and failed to move!
[2015.05.03-07.00.59:163][990]LogCharacterMovement: MyFPNotBroke_C_0 is stuck and failed to move!
[2015.05.03-07.00.59:179][991]LogCharacterMovement: MyFPNotBroke_C_0 is stuck and failed to move!
[2015.05.03-07.00.59:196][992]LogCharacterMovement: MyFPNotBroke_C_0 is stuck and failed to move!
[2015.05.03-07.00.59:212][993]LogCharacterMovement: MyFPNotBroke_C_0 is stuck and failed to move!
[2015.05.03-07.00.59:228][994]LogCharacterMovement: MyFPNotBroke_C_0 is stuck and failed to move!
[2015.05.03-07.00.59:244][995]LogCharacterMovement: MyFPNotBroke_C_0 is stuck and failed to move!
[2015.05.03-07.00.59:260][996]LogCharacterMovement: MyFPNotBroke_C_0 is stuck and failed to move!
[2015.05.03-07.00.59:276][997]LogCharacterMovement: MyFPNotBroke_C_0 is stuck and failed to move!
[2015.05.03-07.00.59:292][998]LogCharacterMovement: MyFPNotBroke_C_0 is stuck and failed to move!
[2015.05.03-07.00.59:309][999]LogCharacterMovement: MyFPNotBroke_C_0 is stuck and failed to move!
[2015.05.03-07.00.59:325][  0]LogCharacterMovement: MyFPNotBroke_C_0 is stuck and failed to move!
[2015.05.03-07.00.59:341][  1]LogCharacterMovement: MyFPNotBroke_C_0 is stuck and failed to move!
[2015.05.03-07.00.59:357][  2]LogCharacterMovement: MyFPNotBroke_C_0 is stuck and failed to move!
[2015.05.03-07.00.59:373][  3]LogCharacterMovement: MyFPNotBroke_C_0 is stuck and failed to move!
[2015.05.03-07.03.38:104][844]Closing by request
[2015.05.03-07.03.38:104][844]LogWindows: FPlatformMisc::RequestExit(0)
[2015.05.03-07.03.38:144][845]LogExit: Preparing to exit.
[2015.05.03-07.03.38:240][845]LogExit: Game engine shut down
[2015.05.03-07.03.38:240][845]LogParticles: Destroying 0 GPU particle simulations for FXSystem 0x000000000CA579C0
[2015.05.03-07.03.38:290][845]LogExit: Object subsystem successfully closed.
[2015.05.03-07.03.38:320][845]LogModuleManager: Shutting down and abandoning module AndroidDeviceDetection (106)
[2015.05.03-07.03.38:392][845]LogModuleManager: Shutting down and abandoning module AutomationWorker (105)
[2015.05.03-07.03.38:392][845]LogModuleManager: Shutting down and abandoning module CharacterAI (104)
[2015.05.03-07.03.38:392][845]LogModuleManager: Shutting down and abandoning module AITestSuite (103)
[2015.05.03-07.03.38:392][845]LogModuleManager: Shutting down and abandoning module GameplayDebugger (102)
[2015.05.03-07.03.38:392][845]LogModuleManager: Shutting down and abandoning module AIModule (101)
[2015.05.03-07.03.38:392][845]LogModuleManager: Shutting down and abandoning module GameLiveStreaming (100)
[2015.05.03-07.03.38:392][845]LogModuleManager: Shutting down and abandoning module StreamingPauseRendering (99)
[2015.05.03-07.03.38:392][845]LogModuleManager: Shutting down and abandoning module HTTP (98)
[2015.05.03-07.03.38:392][845]LogModuleManager: Shutting down and abandoning module AnalyticsET (97)
[2015.05.03-07.03.38:392][845]LogModuleManager: Shutting down and abandoning module Analytics (96)
[2015.05.03-07.03.38:392][845]LogModuleManager: Shutting down and abandoning module ProfilerService (95)
[2015.05.03-07.03.38:629][845]LogModuleManager: Shutting down and abandoning module TaskGraph (94)
[2015.05.03-07.03.38:629][845]LogModuleManager: Shutting down and abandoning module SlateRemote (93)
[2015.05.03-07.03.38:629][845]LogModuleManager: Shutting down and abandoning module CustomMeshComponent (92)
[2015.05.03-07.03.38:629][845]LogModuleManager: Shutting down and abandoning module CableComponent (91)
[2015.05.03-07.03.38:629][845]LogModuleManager: Shutting down and abandoning module DesktopPlatform (90)
[2015.05.03-07.03.38:629][845]LogModuleManager: Shutting down and abandoning module DirectoryWatcher (89)
[2015.05.03-07.03.38:629][845]LogModuleManager: Shutting down and abandoning module HotReload (88)
[2015.05.03-07.03.38:629][845]LogModuleManager: Shutting down and abandoning module VisualStudioSourceCodeAccess (87)
[2015.05.03-07.03.38:629][845]LogModuleManager: Shutting down and abandoning module UObjectPlugin (86)
[2015.05.03-07.03.38:629][845]LogModuleManager: Shutting down and abandoning module SubversionSourceControl (85)
[2015.05.03-07.03.38:629][845]LogModuleManager: Shutting down and abandoning module GitSourceControl (84)
[2015.05.03-07.03.38:629][845]LogModuleManager: Shutting down and abandoning module SourceControl (83)
[2015.05.03-07.03.38:629][845]LogModuleManager: Shutting down and abandoning module PerforceSourceControl (82)
[2015.05.03-07.03.38:629][845]LogModuleManager: Shutting down and abandoning module BlankPlugin (81)
[2015.05.03-07.03.38:629][845]LogModuleManager: Shutting down and abandoning module ScriptPlugin (80)
[2015.05.03-07.03.38:629][845]LogModuleManager: Shutting down and abandoning module UdpMessaging (79)
[2015.05.03-07.03.38:629][845]LogModuleManager: Shutting down and abandoning module Paper2D (78)
[2015.05.03-07.03.38:629][845]LogModuleManager: Shutting down and abandoning module WindowsMoviePlayer (77)
[2015.05.03-07.03.38:631][845]LogModuleManager: Shutting down and abandoning module Media (76)
[2015.05.03-07.03.38:631][845]LogModuleManager: Shutting down and abandoning module WmfMedia (75)
[2015.05.03-07.03.38:632][845]LogModuleManager: Shutting down and abandoning module OnlineBlueprintSupport (74)
[2015.05.03-07.03.38:632][845]LogModuleManager: Shutting down and abandoning module PropertyEditor (73)
[2015.05.03-07.03.38:632][845]LogModuleManager: Shutting down and abandoning module BehaviorTreeEditor (72)
[2015.05.03-07.03.38:632][845]LogModuleManager: Shutting down and abandoning module FunctionalTesting (71)
[2015.05.03-07.03.38:632][845]LogModuleManager: Shutting down and abandoning module CollisionAnalyzer (70)
[2015.05.03-07.03.38:632][845]LogModuleManager: Shutting down and abandoning module WorkspaceMenuStructure (69)
[2015.05.03-07.03.38:632][845]LogModuleManager: Shutting down and abandoning module MessageLog (68)
[2015.05.03-07.03.38:632][845]LogModuleManager: Shutting down and abandoning module Sequencer (67)
[2015.05.03-07.03.38:632][845]LogModuleManager: Shutting down and abandoning module AssetTools (66)
[2015.05.03-07.03.38:632][845]LogModuleManager: Shutting down and abandoning module UMGEditor (65)
[2015.05.03-07.03.38:632][845]LogModuleManager: Shutting down and abandoning module UMG (64)
[2015.05.03-07.03.38:632][845]LogModuleManager: Shutting down and abandoning module Slate (63)
[2015.05.03-07.03.38:632][845]LogModuleManager: Shutting down and abandoning module EditorStyle (62)
[2015.05.03-07.03.38:639][845]LogModuleManager: Shutting down and abandoning module SessionServices (61)
[2015.05.03-07.03.38:639][845]LogModuleManager: Shutting down and abandoning module SourceCodeAccess (60)
[2015.05.03-07.03.38:639][845]LogModuleManager: Shutting down and abandoning module HeadMountedDisplay (59)
[2015.05.03-07.03.38:639][845]LogModuleManager: Shutting down and abandoning module XAudio2 (58)
[2015.05.03-07.03.38:639][845]LogModuleManager: Shutting down and abandoning module Networking (56)
[2015.05.03-07.03.38:639][845]LogModuleManager: Shutting down and abandoning module Core (55)
[2015.05.03-07.03.38:639][845]LogModuleManager: Shutting down and abandoning module KismetCompiler (54)
[2015.05.03-07.03.38:639][845]LogModuleManager: Shutting down and abandoning module PhysXFormats (53)
[2015.05.03-07.03.38:639][845]LogModuleManager: Shutting down and abandoning module MeshUtilities (52)
[2015.05.03-07.03.38:639][845]LogModuleManager: Shutting down and abandoning module DerivedDataCache (51)
[2015.05.03-07.03.38:648][845]LogDerivedDataCache: Shutdown
[2015.05.03-07.03.38:648][845]LogModuleManager: Shutting down and abandoning module ShaderFormatOpenGL (50)
[2015.05.03-07.03.38:648][845]LogModuleManager: Shutting down and abandoning module ShaderFormatD3D (49)
[2015.05.03-07.03.38:648][845]LogModuleManager: Shutting down and abandoning module MetalShaderFormat (48)
[2015.05.03-07.03.38:648][845]LogModuleManager: Shutting down and abandoning module TextureFormatUncompressed (47)
[2015.05.03-07.03.38:648][845]LogModuleManager: Shutting down and abandoning module TextureFormatPVR (46)
[2015.05.03-07.03.38:648][845]LogModuleManager: Shutting down and abandoning module TextureFormatIntelISPCTexComp (45)
[2015.05.03-07.03.38:648][845]LogModuleManager: Shutting down and abandoning module TextureFormatDXT (44)
[2015.05.03-07.03.38:648][845]LogModuleManager: Shutting down and abandoning module ImageWrapper (43)
[2015.05.03-07.03.38:648][845]LogModuleManager: Shutting down and abandoning module TextureFormatASTC (42)
[2015.05.03-07.03.38:648][845]LogModuleManager: Shutting down and abandoning module TextureFormatAndroid (41)
[2015.05.03-07.03.38:648][845]LogModuleManager: Shutting down and abandoning module AudioFormatOpus (40)
[2015.05.03-07.03.38:648][845]LogModuleManager: Shutting down and abandoning module AudioFormatOgg (39)
[2015.05.03-07.03.38:648][845]LogModuleManager: Shutting down and abandoning module AudioFormatADPCM (38)
[2015.05.03-07.03.38:648][845]LogModuleManager: Shutting down and abandoning module LinuxTargetPlatform (37)
[2015.05.03-07.03.38:648][845]LogModuleManager: Shutting down and abandoning module LinuxServerTargetPlatform (36)
[2015.05.03-07.03.38:648][845]LogModuleManager: Shutting down and abandoning module LinuxNoEditorTargetPlatform (35)
[2015.05.03-07.03.38:648][845]LogModuleManager: Shutting down and abandoning module Messaging (34)
[2015.05.03-07.03.38:648][845]LogModuleManager: Shutting down and abandoning module IOSTargetPlatform (33)
[2015.05.03-07.03.38:648][845]LogModuleManager: Shutting down and abandoning module HTML5TargetPlatform (32)
[2015.05.03-07.03.38:648][845]LogModuleManager: Shutting down and abandoning module Android_PVRTCTargetPlatform (31)
[2015.05.03-07.03.38:648][845]LogModuleManager: Shutting down and abandoning module Android_ETC2TargetPlatform (30)
[2015.05.03-07.03.38:648][845]LogModuleManager: Shutting down and abandoning module Android_ETC1TargetPlatform (29)
[2015.05.03-07.03.38:648][845]LogModuleManager: Shutting down and abandoning module Android_ES31TargetPlatform (28)
[2015.05.03-07.03.38:648][845]LogModuleManager: Shutting down and abandoning module Android_DXTTargetPlatform (27)
[2015.05.03-07.03.38:648][845]LogModuleManager: Shutting down and abandoning module Android_ATCTargetPlatform (26)
[2015.05.03-07.03.38:648][845]LogModuleManager: Shutting down and abandoning module AndroidTargetPlatform (25)
[2015.05.03-07.03.38:648][845]LogModuleManager: Shutting down and abandoning module WindowsTargetPlatform (24)
[2015.05.03-07.03.38:648][845]LogModuleManager: Shutting down and abandoning module WindowsServerTargetPlatform (23)
[2015.05.03-07.03.38:648][845]LogModuleManager: Shutting down and abandoning module WindowsNoEditorTargetPlatform (22)
[2015.05.03-07.03.38:648][845]LogModuleManager: Shutting down and abandoning module WindowsClientTargetPlatform (21)
[2015.05.03-07.03.38:648][845]LogModuleManager: Shutting down and abandoning module TargetPlatform (20)
[2015.05.03-07.03.38:648][845]LogModuleManager: Shutting down and abandoning module InputCore (19)
[2015.05.03-07.03.38:648][845]LogModuleManager: Shutting down and abandoning module Settings (18)
[2015.05.03-07.03.38:648][845]LogModuleManager: Shutting down and abandoning module OnlineSubsystem (16)
[2015.05.03-07.03.38:648][845]LogModuleManager: Shutting down and abandoning module OculusRift (15)
[2015.05.03-07.03.38:648][845]LogModuleManager: Shutting down and abandoning module ExampleDeviceProfileSelector (14)
[2015.05.03-07.03.38:648][845]LogModuleManager: Shutting down and abandoning module TextureCompressor (13)
[2015.05.03-07.03.38:648][845]LogModuleManager: Shutting down and abandoning module ShaderCore (12)
[2015.05.03-07.03.38:648][845]LogModuleManager: Shutting down and abandoning module Landscape (11)
[2015.05.03-07.03.38:648][845]LogModuleManager: Shutting down and abandoning module SlateRHIRenderer (10)
[2015.05.03-07.03.38:648][845]LogModuleManager: Shutting down and abandoning module OpenGLDrv (9)
[2015.05.03-07.03.38:648][845]LogModuleManager: Shutting down and abandoning module D3D11RHI (8)
[2015.05.03-07.03.38:648][845]LogModuleManager: Shutting down and abandoning module Renderer (7)
[2015.05.03-07.03.38:648][845]LogModuleManager: Shutting down and abandoning module Engine (6)
[2015.05.03-07.03.38:648][845]LogModuleManager: Shutting down and abandoning module CoreUObject (5)
[2015.05.03-07.03.38:648][845]LogModuleManager: Shutting down and abandoning module NetworkFile (4)
[2015.05.03-07.03.38:648][845]LogModuleManager: Shutting down and abandoning module StreamingFile (3)
[2015.05.03-07.03.38:649][845]LogModuleManager: Shutting down and abandoning module SandboxFile (2)
[2015.05.03-07.03.38:649][845]LogModuleManager: Shutting down and abandoning module PakFile (1)
[2015.05.03-07.03.38:649][845]LogExit: Exiting.
[2015.05.03-07.03.38:650][845]Log file closed, 05/03/15 00:03:38
