Log file open, 05/02/15 22:47:16
LogInit:Display: Running engine for game: RoadRunner
LogInit: Version: 4.7.5-2503383+++depot+UE4-Releases+4.7
LogInit: API Version: 2455222
LogInit: Compiled (64-bit): Apr  6 2015 23:21:51
LogInit: Compiled with Visual C++: 18.00.21005.01
LogInit: Build Configuration: Development
LogInit: Branch Name: ++depot+UE4-Releases+4.7
LogInit: Command line:  /Temp/Autosaves/Game/Maps/UEDPCPhysicsLevel -game -PIEVIACONSOLE -ResX=1280 -ResY=720  -Multiprocess 
LogInit: Base directory: C:/Program Files/Epic Games/4.7/Engine/Binaries/Win64/
LogInit: Rocket: 1
[2015.05.03-05.47.16:870][  0]LogTaskGraph: Started task graph with 3 named threads and 7 total threads.
[2015.05.03-05.47.16:946][  0]LogOnline:Warning: No default platform service specified for OnlineSubsystem
[2015.05.03-05.47.16:961][  0]LogInit: Presizing for 0 objects not considered by GC, pre-allocating 0 bytes.
[2015.05.03-05.47.16:970][  0]LogInit: Object subsystem initialized
[2015.05.03-05.47.16:971][  0]LogConsoleResponse:Warning: Skipping Unknown console variable: 'TranslucentSortAxis = (X=0.000000,Y=-1.000000,Z=0.000000)'
[2015.05.03-05.47.16:971][  0]LogConsoleResponse:Warning:   Found in ini file 'D:/RoadRunner/Saved/Config/Windows/Engine.ini', in section '[/Script/Engine.RendererSettings]'
[2015.05.03-05.47.16:972][  0]LogConsoleResponse:Warning: Skipping Unknown console variable: 'UIScaleRule = ShortestSide'
[2015.05.03-05.47.16:972][  0]LogConsoleResponse:Warning:   Found in ini file 'D:/RoadRunner/Saved/Config/Windows/Engine.ini', in section '[/Script/Engine.RendererSettings]'
[2015.05.03-05.47.16:972][  0]LogConsoleResponse:Warning: Skipping Unknown console variable: 'UIScaleCurve = (EditorCurveData=(Keys=),ExternalCurve=None)'
[2015.05.03-05.47.16:972][  0]LogConsoleResponse:Warning:   Found in ini file 'D:/RoadRunner/Saved/Config/Windows/Engine.ini', in section '[/Script/Engine.RendererSettings]'
[2015.05.03-05.47.16:972][  0]LogInit: Selected Device Profile: [Windows]
[2015.05.03-05.47.16:972][  0]LogInit: Applying CVar settings loaded from the selected device profile: [Windows]
[2015.05.03-05.47.16:975][  0]LogInit: Computer: CS210-WS-05
[2015.05.03-05.47.16:975][  0]LogInit: User: CS210
[2015.05.03-05.47.16:975][  0]LogInit: CPU Page size=4096, Cores=6
[2015.05.03-05.47.16:975][  0]LogInit: High frequency timer resolution =3.215263 MHz
[2015.05.03-05.47.16:975][  0]LogMemory: Memory total: Physical=15.9GB (16GB approx) Virtual=8192.0GB
[2015.05.03-05.47.16:975][  0]LogMemory: Platform Memory Stats for Windows
[2015.05.03-05.47.16:975][  0]LogMemory: Process Physical Memory: 49.33 MB used, 49.33 MB peak
[2015.05.03-05.47.16:975][  0]LogMemory: Process Virtual Memory: 27.46 MB used, 27.46 MB peak
[2015.05.03-05.47.16:975][  0]LogMemory: Physical Memory: 4967.07 MB used, 16271.58 MB total
[2015.05.03-05.47.16:975][  0]LogMemory: Virtual Memory: 280.89 MB used, 8388608.00 MB total
[2015.05.03-05.47.17:016][  0]LogD3D11RHI: Found D3D11 adapter 0: NVIDIA GeForce GTX 980 (Feature Level 11_0)
[2015.05.03-05.47.17:016][  0]LogD3D11RHI: Adapter has 3972MB of dedicated video memory, 0MB of dedicated system memory, and 7879MB of shared system memory, 1 output[s]
[2015.05.03-05.47.17:016][  0]LogD3D11RHI: Chosen D3D11 Adapter Id = 0
[2015.05.03-05.47.17:021][  0]LogRHI: Texture pool is 1361 MB (70% of 1945 MB)
[2015.05.03-05.47.17:032][  0]LogD3D11RHI: Async texture creation enabled
[2015.05.03-05.47.17:088][  0]LogTextLocalizationManager: The requested culture ('en_US') has no localization data; parent culture's ('en') localization data will be used.
[2015.05.03-05.47.17:148][  0]LogTextLocalizationManager:Warning: Loading localization resources contain conflicting entries for (Namespace:UICommands, Key:Save_ToolTip):
Resource: (C:/Program Files/Epic Games/4.7/Engine/Content/Localization/Editor/en/Editor.locres) Hash: (-29098895) String: (Saves the current level to disk)
Resource: (C:/Program Files/Epic Games/4.7/Engine/Content/Localization/Engine/en/Engine.locres) Hash: (-1280300587) String: (Save selected data to vlog file)
[2015.05.03-05.47.17:148][  0]LogTextLocalizationManager:Warning: Loading localization resources contain conflicting entries for (Namespace:ContentBrowser, Key:ImportAssetToolTip):
Resource: (C:/Program Files/Epic Games/4.7/Engine/Content/Localization/Editor/en/Editor.locres) Hash: (-630476809) String: (Import to {0}...)
Resource: (C:/Program Files/Epic Games/4.7/Engine/Content/Localization/Editor/en/Editor.locres) Hash: (1271782899) String: (Imports an asset from file to this folder.)
[2015.05.03-05.47.17:254][  0]LogContentStreaming: Texture pool size is 1000.000000MB
[2015.05.03-05.47.19:205][  0]LogTargetPlatformManager:Display: Building Assets For Windows
[2015.05.03-05.47.19:687][  0]LogTargetPlatformManager:Display: Building Assets For Windows
[2015.05.03-05.47.19:738][  0]LogDerivedDataCache:Display: Max Cache Size: 512 MB
[2015.05.03-05.47.19:774][  0]LogDerivedDataCache: Loaded boot cache 0.04s 39MB C:/Users/CS210/AppData/Local/UnrealEngine/4.7/DerivedDataCache/Boot.ddc.
[2015.05.03-05.47.19:774][  0]LogDerivedDataCache:Display: Loaded Boot cache: C:/Users/CS210/AppData/Local/UnrealEngine/4.7/DerivedDataCache/Boot.ddc
[2015.05.03-05.47.19:774][  0]LogDerivedDataCache: FDerivedDataBackendGraph:  Pak pak cache file D:/RoadRunner/DerivedDataCache/DDC.ddp not found, will not use a pak cache.
[2015.05.03-05.47.19:774][  0]LogDerivedDataCache: Unable to find inner node Pak for hierarchical cache Hierarchy.
[2015.05.03-05.47.19:881][  0]LogDerivedDataCache:Display: Pak cache opened for reading ../../../Engine/DerivedDataCache/Compressed.ddp.
[2015.05.03-05.47.19:892][  0]LogDerivedDataCache: Using Local data cache path C:/Users/CS210/AppData/Local/UnrealEngine/Common/DerivedDataCache: Writable
[2015.05.03-05.47.20:172][  0]LogMeshUtilities: No automatic mesh reduction module available
[2015.05.03-05.47.20:172][  0]LogMeshUtilities: No automatic mesh merging module available
[2015.05.03-05.47.20:475][  0]LogInit: WinSock: version 1.1 (2.2), MaxSocks=32767, MaxUdp=65467
[2015.05.03-05.47.20:805][  0]LogWindowsMoviePlayer: Unable to load movie: D:/RoadRunner/Content/Movies/Default_Startup.mp4
[2015.05.03-05.47.20:944][  0]LogSourceControl: RunCommandInternalRaw: 'git version'
[2015.05.03-05.47.20:945][  0]LogSourceControl: RunCommandInternalRaw: ExecProcess ReturnCode=2 OutResults=''
[2015.05.03-05.47.20:967][  0]SourceControl: Info Source control is disabled
[2015.05.03-05.47.20:968][  0]SourceControl: Info Source control is disabled
[2015.05.03-05.47.20:968][  0]SourceControl: Info Source control is disabled
[2015.05.03-05.47.20:975][  0]SourceControl: Info Source control is disabled
[2015.05.03-05.47.21:097][  0]LogObj: 23971 objects as part of root set at end of initial load.
[2015.05.03-05.47.21:097][  0]LogUObjectAllocator: 4988928 out of 0 bytes used by permanent object pool.
[2015.05.03-05.47.21:190][  0]LogAutomationTest:Warning: ERR: Transient text cannot be serialized "Testing Transient serialization detection".
[2015.05.03-05.47.21:190][  0]LogEngine: Initializing Engine...
[2015.05.03-05.47.23:312][  0]LogInit: XAudio2 using 'Speakers (Sound Blaster Recon3Di)' : 2 channels at 48 kHz using 32 bits per sample (channel mask 0x3)
[2015.05.03-05.47.23:328][  0]LogInit: FAudioDevice initialized.
[2015.05.03-05.47.23:334][  0]LogInit: Texture streaming: Enabled
[2015.05.03-05.47.23:426][  0]LogAnalytics: Creating configured Analytics provider AnalyticsET
[2015.05.03-05.47.23:426][  0]LogAnalytics: ET APIKey = Rocket.Release. APIServer = http://et2.epicgames.com/ET2/. AppVersion = 4.7.5-2503383+++depot+UE4-Releases+4.7
[2015.05.03-05.47.23:426][  0]LogAnalytics: ET APIKey = Rocket.Release. DataRouterUploadURL = https://datarouter-public-service-gamedev.ol.epicgames.net/datarouter/api/v1/public/data. AppVersion = 4.7.5-2503383+++depot+UE4-Releases+4.7
[2015.05.03-05.47.23:426][  0]LogAnalytics: SetUserId d86d34d3402a841cf4326b90cfa07967|871743be8dc147e2bc510dfc1f536030|3a315af8-1361-406b-977f-a279fe964dc9
[2015.05.03-05.47.23:426][  0]LogAnalytics: AnalyticsET::StartSession [Rocket.Release]
[2015.05.03-05.47.23:470][  0]LogNet: Browse: /Temp/Autosaves/Game/Maps/UEDPCPhysicsLevel?Name=Player
[2015.05.03-05.47.23:470][  0]LogLoad: LoadMap: /Temp/Autosaves/Game/Maps/UEDPCPhysicsLevel?Name=Player
[2015.05.03-05.47.23:485][  0]LogMemory: Platform Memory Stats for Windows
[2015.05.03-05.47.23:486][  0]LogMemory: Process Physical Memory: 285.19 MB used, 294.47 MB peak
[2015.05.03-05.47.23:486][  0]LogMemory: Process Virtual Memory: 245.80 MB used, 255.18 MB peak
[2015.05.03-05.47.23:486][  0]LogMemory: Physical Memory: 5160.72 MB used, 16271.58 MB total
[2015.05.03-05.47.23:486][  0]LogMemory: Virtual Memory: 693.13 MB used, 8388608.00 MB total
[2015.05.03-05.47.23:486][  0]LogMemory: 
[2015.05.03-05.47.23:486][  0]Allocator Stats for TBB: (not implemented)
[2015.05.03-05.47.25:299][  0]LogLinker:Warning: Asset '../../../Engine/Content/EngineMeshes/Humanoid.uasset' has been saved with empty engine version. The asset will be loaded but may be incompatible.
[2015.05.03-05.47.26:201][  0]LogWorld: Game class is 'MyGameMode_C'
[2015.05.03-05.47.26:275][  0]LogAIModule: Creating AISystem for world PhysicsLevel
[2015.05.03-05.47.26:680][  0]PIE:Warning: Warning AttachTo: '/Temp/Autosaves/Game/Maps/UEDPCPhysicsLevel.PhysicsLevel:PersistentLevel.StartingPlatform.Root' is not static  (in blueprint "BP_BuildingBlockMovable"), cannot attach '/Temp/Autosaves/Game/Maps/UEDPCPhysicsLevel.PhysicsLevel:PersistentLevel.StartingPlatform.Floor' which is static to it. Aborting.
[2015.05.03-05.47.26:680][  0]PIE:Warning: Warning AttachTo: '/Temp/Autosaves/Game/Maps/UEDPCPhysicsLevel.PhysicsLevel:PersistentLevel.StartingPlatform.Root' is not static  (in blueprint "BP_BuildingBlockMovable"), cannot attach '/Temp/Autosaves/Game/Maps/UEDPCPhysicsLevel.PhysicsLevel:PersistentLevel.StartingPlatform.Ceilling' which is static to it. Aborting.
[2015.05.03-05.47.26:680][  0]PIE:Warning: Warning AttachTo: '/Temp/Autosaves/Game/Maps/UEDPCPhysicsLevel.PhysicsLevel:PersistentLevel.StartingPlatform.Root' is not static  (in blueprint "BP_BuildingBlockMovable"), cannot attach '/Temp/Autosaves/Game/Maps/UEDPCPhysicsLevel.PhysicsLevel:PersistentLevel.StartingPlatform.Wall1' which is static to it. Aborting.
[2015.05.03-05.47.26:680][  0]PIE:Warning: Warning AttachTo: '/Temp/Autosaves/Game/Maps/UEDPCPhysicsLevel.PhysicsLevel:PersistentLevel.StartingPlatform.Root' is not static  (in blueprint "BP_BuildingBlockMovable"), cannot attach '/Temp/Autosaves/Game/Maps/UEDPCPhysicsLevel.PhysicsLevel:PersistentLevel.StartingPlatform.Wall2' which is static to it. Aborting.
[2015.05.03-05.47.26:680][  0]PIE:Warning: Warning AttachTo: '/Temp/Autosaves/Game/Maps/UEDPCPhysicsLevel.PhysicsLevel:PersistentLevel.StartingPlatform.Root' is not static  (in blueprint "BP_BuildingBlockMovable"), cannot attach '/Temp/Autosaves/Game/Maps/UEDPCPhysicsLevel.PhysicsLevel:PersistentLevel.StartingPlatform.Wall3' which is static to it. Aborting.
[2015.05.03-05.47.26:680][  0]PIE:Warning: Warning AttachTo: '/Temp/Autosaves/Game/Maps/UEDPCPhysicsLevel.PhysicsLevel:PersistentLevel.StartingPlatform.Root' is not static  (in blueprint "BP_BuildingBlockMovable"), cannot attach '/Temp/Autosaves/Game/Maps/UEDPCPhysicsLevel.PhysicsLevel:PersistentLevel.StartingPlatform.Wall4' which is static to it. Aborting.
[2015.05.03-05.47.26:681][  0]PIE:Warning: Warning AttachTo: '/Temp/Autosaves/Game/Maps/UEDPCPhysicsLevel.PhysicsLevel:PersistentLevel.StartingPlatform.Root' is not static  (in blueprint "BP_BuildingBlockMovable"), cannot attach '/Temp/Autosaves/Game/Maps/UEDPCPhysicsLevel.PhysicsLevel:PersistentLevel.StartingPlatform.Support1' which is static to it. Aborting.
[2015.05.03-05.47.26:681][  0]PIE:Warning: Warning AttachTo: '/Temp/Autosaves/Game/Maps/UEDPCPhysicsLevel.PhysicsLevel:PersistentLevel.StartingPlatform.Root' is not static  (in blueprint "BP_BuildingBlockMovable"), cannot attach '/Temp/Autosaves/Game/Maps/UEDPCPhysicsLevel.PhysicsLevel:PersistentLevel.StartingPlatform.Support2' which is static to it. Aborting.
[2015.05.03-05.47.26:681][  0]PIE:Warning: Warning AttachTo: '/Temp/Autosaves/Game/Maps/UEDPCPhysicsLevel.PhysicsLevel:PersistentLevel.StartingPlatform.Root' is not static  (in blueprint "BP_BuildingBlockMovable"), cannot attach '/Temp/Autosaves/Game/Maps/UEDPCPhysicsLevel.PhysicsLevel:PersistentLevel.StartingPlatform.Support3' which is static to it. Aborting.
[2015.05.03-05.47.26:681][  0]PIE:Warning: Warning AttachTo: '/Temp/Autosaves/Game/Maps/UEDPCPhysicsLevel.PhysicsLevel:PersistentLevel.StartingPlatform.Root' is not static  (in blueprint "BP_BuildingBlockMovable"), cannot attach '/Temp/Autosaves/Game/Maps/UEDPCPhysicsLevel.PhysicsLevel:PersistentLevel.StartingPlatform.Support4' which is static to it. Aborting.
[2015.05.03-05.47.26:681][  0]PIE:Warning: Warning AttachTo: '/Temp/Autosaves/Game/Maps/UEDPCPhysicsLevel.PhysicsLevel:PersistentLevel.StartingPlatform.Root' is not static  (in blueprint "BP_BuildingBlockMovable"), cannot attach '/Temp/Autosaves/Game/Maps/UEDPCPhysicsLevel.PhysicsLevel:PersistentLevel.StartingPlatform.FillWall1Top' which is static to it. Aborting.
[2015.05.03-05.47.26:681][  0]PIE:Warning: Warning AttachTo: '/Temp/Autosaves/Game/Maps/UEDPCPhysicsLevel.PhysicsLevel:PersistentLevel.StartingPlatform.Root' is not static  (in blueprint "BP_BuildingBlockMovable"), cannot attach '/Temp/Autosaves/Game/Maps/UEDPCPhysicsLevel.PhysicsLevel:PersistentLevel.StartingPlatform.FIllWall1Bottom' which is static to it. Aborting.
[2015.05.03-05.47.26:681][  0]PIE:Warning: Warning AttachTo: '/Temp/Autosaves/Game/Maps/UEDPCPhysicsLevel.PhysicsLevel:PersistentLevel.StartingPlatform.Root' is not static  (in blueprint "BP_BuildingBlockMovable"), cannot attach '/Temp/Autosaves/Game/Maps/UEDPCPhysicsLevel.PhysicsLevel:PersistentLevel.StartingPlatform.FillWall2Top' which is static to it. Aborting.
[2015.05.03-05.47.26:681][  0]PIE:Warning: Warning AttachTo: '/Temp/Autosaves/Game/Maps/UEDPCPhysicsLevel.PhysicsLevel:PersistentLevel.StartingPlatform.Root' is not static  (in blueprint "BP_BuildingBlockMovable"), cannot attach '/Temp/Autosaves/Game/Maps/UEDPCPhysicsLevel.PhysicsLevel:PersistentLevel.StartingPlatform.FillWall2Bottom' which is static to it. Aborting.
[2015.05.03-05.47.26:681][  0]PIE:Warning: Warning AttachTo: '/Temp/Autosaves/Game/Maps/UEDPCPhysicsLevel.PhysicsLevel:PersistentLevel.StartingPlatform.Root' is not static  (in blueprint "BP_BuildingBlockMovable"), cannot attach '/Temp/Autosaves/Game/Maps/UEDPCPhysicsLevel.PhysicsLevel:PersistentLevel.StartingPlatform.FillWall3Top' which is static to it. Aborting.
[2015.05.03-05.47.26:681][  0]PIE:Warning: Warning AttachTo: '/Temp/Autosaves/Game/Maps/UEDPCPhysicsLevel.PhysicsLevel:PersistentLevel.StartingPlatform.Root' is not static  (in blueprint "BP_BuildingBlockMovable"), cannot attach '/Temp/Autosaves/Game/Maps/UEDPCPhysicsLevel.PhysicsLevel:PersistentLevel.StartingPlatform.FillWall3Bottom' which is static to it. Aborting.
[2015.05.03-05.47.26:682][  0]PIE:Warning: Warning AttachTo: '/Temp/Autosaves/Game/Maps/UEDPCPhysicsLevel.PhysicsLevel:PersistentLevel.StartingPlatform.Root' is not static  (in blueprint "BP_BuildingBlockMovable"), cannot attach '/Temp/Autosaves/Game/Maps/UEDPCPhysicsLevel.PhysicsLevel:PersistentLevel.StartingPlatform.FillWall4Top' which is static to it. Aborting.
[2015.05.03-05.47.26:682][  0]PIE:Warning: Warning AttachTo: '/Temp/Autosaves/Game/Maps/UEDPCPhysicsLevel.PhysicsLevel:PersistentLevel.StartingPlatform.Root' is not static  (in blueprint "BP_BuildingBlockMovable"), cannot attach '/Temp/Autosaves/Game/Maps/UEDPCPhysicsLevel.PhysicsLevel:PersistentLevel.StartingPlatform.FillWall4Bottom' which is static to it. Aborting.
[2015.05.03-05.47.27:075][  0]PIE:Warning: Warning AttachTo: '/Temp/Autosaves/Game/Maps/UEDPCPhysicsLevel.PhysicsLevel:PersistentLevel.StartingPlatform2.Root' is not static  (in blueprint "BP_BuildingBlockMovable"), cannot attach '/Temp/Autosaves/Game/Maps/UEDPCPhysicsLevel.PhysicsLevel:PersistentLevel.StartingPlatform2.Floor' which is static to it. Aborting.
[2015.05.03-05.47.27:075][  0]PIE:Warning: Warning AttachTo: '/Temp/Autosaves/Game/Maps/UEDPCPhysicsLevel.PhysicsLevel:PersistentLevel.StartingPlatform2.Root' is not static  (in blueprint "BP_BuildingBlockMovable"), cannot attach '/Temp/Autosaves/Game/Maps/UEDPCPhysicsLevel.PhysicsLevel:PersistentLevel.StartingPlatform2.Ceilling' which is static to it. Aborting.
[2015.05.03-05.47.27:075][  0]PIE:Warning: Warning AttachTo: '/Temp/Autosaves/Game/Maps/UEDPCPhysicsLevel.PhysicsLevel:PersistentLevel.StartingPlatform2.Root' is not static  (in blueprint "BP_BuildingBlockMovable"), cannot attach '/Temp/Autosaves/Game/Maps/UEDPCPhysicsLevel.PhysicsLevel:PersistentLevel.StartingPlatform2.Wall1' which is static to it. Aborting.
[2015.05.03-05.47.27:075][  0]PIE:Warning: Warning AttachTo: '/Temp/Autosaves/Game/Maps/UEDPCPhysicsLevel.PhysicsLevel:PersistentLevel.StartingPlatform2.Root' is not static  (in blueprint "BP_BuildingBlockMovable"), cannot attach '/Temp/Autosaves/Game/Maps/UEDPCPhysicsLevel.PhysicsLevel:PersistentLevel.StartingPlatform2.Wall2' which is static to it. Aborting.
[2015.05.03-05.47.27:075][  0]PIE:Warning: Warning AttachTo: '/Temp/Autosaves/Game/Maps/UEDPCPhysicsLevel.PhysicsLevel:PersistentLevel.StartingPlatform2.Root' is not static  (in blueprint "BP_BuildingBlockMovable"), cannot attach '/Temp/Autosaves/Game/Maps/UEDPCPhysicsLevel.PhysicsLevel:PersistentLevel.StartingPlatform2.Wall3' which is static to it. Aborting.
[2015.05.03-05.47.27:075][  0]PIE:Warning: Warning AttachTo: '/Temp/Autosaves/Game/Maps/UEDPCPhysicsLevel.PhysicsLevel:PersistentLevel.StartingPlatform2.Root' is not static  (in blueprint "BP_BuildingBlockMovable"), cannot attach '/Temp/Autosaves/Game/Maps/UEDPCPhysicsLevel.PhysicsLevel:PersistentLevel.StartingPlatform2.Wall4' which is static to it. Aborting.
[2015.05.03-05.47.27:076][  0]PIE:Warning: Warning AttachTo: '/Temp/Autosaves/Game/Maps/UEDPCPhysicsLevel.PhysicsLevel:PersistentLevel.StartingPlatform2.Root' is not static  (in blueprint "BP_BuildingBlockMovable"), cannot attach '/Temp/Autosaves/Game/Maps/UEDPCPhysicsLevel.PhysicsLevel:PersistentLevel.StartingPlatform2.Support1' which is static to it. Aborting.
[2015.05.03-05.47.27:076][  0]PIE:Warning: Warning AttachTo: '/Temp/Autosaves/Game/Maps/UEDPCPhysicsLevel.PhysicsLevel:PersistentLevel.StartingPlatform2.Root' is not static  (in blueprint "BP_BuildingBlockMovable"), cannot attach '/Temp/Autosaves/Game/Maps/UEDPCPhysicsLevel.PhysicsLevel:PersistentLevel.StartingPlatform2.Support2' which is static to it. Aborting.
[2015.05.03-05.47.27:076][  0]PIE:Warning: Warning AttachTo: '/Temp/Autosaves/Game/Maps/UEDPCPhysicsLevel.PhysicsLevel:PersistentLevel.StartingPlatform2.Root' is not static  (in blueprint "BP_BuildingBlockMovable"), cannot attach '/Temp/Autosaves/Game/Maps/UEDPCPhysicsLevel.PhysicsLevel:PersistentLevel.StartingPlatform2.Support3' which is static to it. Aborting.
[2015.05.03-05.47.27:076][  0]PIE:Warning: Warning AttachTo: '/Temp/Autosaves/Game/Maps/UEDPCPhysicsLevel.PhysicsLevel:PersistentLevel.StartingPlatform2.Root' is not static  (in blueprint "BP_BuildingBlockMovable"), cannot attach '/Temp/Autosaves/Game/Maps/UEDPCPhysicsLevel.PhysicsLevel:PersistentLevel.StartingPlatform2.Support4' which is static to it. Aborting.
[2015.05.03-05.47.27:076][  0]PIE:Warning: Warning AttachTo: '/Temp/Autosaves/Game/Maps/UEDPCPhysicsLevel.PhysicsLevel:PersistentLevel.StartingPlatform2.Root' is not static  (in blueprint "BP_BuildingBlockMovable"), cannot attach '/Temp/Autosaves/Game/Maps/UEDPCPhysicsLevel.PhysicsLevel:PersistentLevel.StartingPlatform2.FillWall1Top' which is static to it. Aborting.
[2015.05.03-05.47.27:076][  0]PIE:Warning: Warning AttachTo: '/Temp/Autosaves/Game/Maps/UEDPCPhysicsLevel.PhysicsLevel:PersistentLevel.StartingPlatform2.Root' is not static  (in blueprint "BP_BuildingBlockMovable"), cannot attach '/Temp/Autosaves/Game/Maps/UEDPCPhysicsLevel.PhysicsLevel:PersistentLevel.StartingPlatform2.FIllWall1Bottom' which is static to it. Aborting.
[2015.05.03-05.47.27:076][  0]PIE:Warning: Warning AttachTo: '/Temp/Autosaves/Game/Maps/UEDPCPhysicsLevel.PhysicsLevel:PersistentLevel.StartingPlatform2.Root' is not static  (in blueprint "BP_BuildingBlockMovable"), cannot attach '/Temp/Autosaves/Game/Maps/UEDPCPhysicsLevel.PhysicsLevel:PersistentLevel.StartingPlatform2.FillWall2Top' which is static to it. Aborting.
[2015.05.03-05.47.27:076][  0]PIE:Warning: Warning AttachTo: '/Temp/Autosaves/Game/Maps/UEDPCPhysicsLevel.PhysicsLevel:PersistentLevel.StartingPlatform2.Root' is not static  (in blueprint "BP_BuildingBlockMovable"), cannot attach '/Temp/Autosaves/Game/Maps/UEDPCPhysicsLevel.PhysicsLevel:PersistentLevel.StartingPlatform2.FillWall2Bottom' which is static to it. Aborting.
[2015.05.03-05.47.27:076][  0]PIE:Warning: Warning AttachTo: '/Temp/Autosaves/Game/Maps/UEDPCPhysicsLevel.PhysicsLevel:PersistentLevel.StartingPlatform2.Root' is not static  (in blueprint "BP_BuildingBlockMovable"), cannot attach '/Temp/Autosaves/Game/Maps/UEDPCPhysicsLevel.PhysicsLevel:PersistentLevel.StartingPlatform2.FillWall3Top' which is static to it. Aborting.
[2015.05.03-05.47.27:076][  0]PIE:Warning: Warning AttachTo: '/Temp/Autosaves/Game/Maps/UEDPCPhysicsLevel.PhysicsLevel:PersistentLevel.StartingPlatform2.Root' is not static  (in blueprint "BP_BuildingBlockMovable"), cannot attach '/Temp/Autosaves/Game/Maps/UEDPCPhysicsLevel.PhysicsLevel:PersistentLevel.StartingPlatform2.FillWall3Bottom' which is static to it. Aborting.
[2015.05.03-05.47.27:077][  0]PIE:Warning: Warning AttachTo: '/Temp/Autosaves/Game/Maps/UEDPCPhysicsLevel.PhysicsLevel:PersistentLevel.StartingPlatform2.Root' is not static  (in blueprint "BP_BuildingBlockMovable"), cannot attach '/Temp/Autosaves/Game/Maps/UEDPCPhysicsLevel.PhysicsLevel:PersistentLevel.StartingPlatform2.FillWall4Top' which is static to it. Aborting.
[2015.05.03-05.47.27:077][  0]PIE:Warning: Warning AttachTo: '/Temp/Autosaves/Game/Maps/UEDPCPhysicsLevel.PhysicsLevel:PersistentLevel.StartingPlatform2.Root' is not static  (in blueprint "BP_BuildingBlockMovable"), cannot attach '/Temp/Autosaves/Game/Maps/UEDPCPhysicsLevel.PhysicsLevel:PersistentLevel.StartingPlatform2.FillWall4Bottom' which is static to it. Aborting.
[2015.05.03-05.47.27:078][  0]LogWorld: Bringing World /Temp/Autosaves/Game/Maps/UEDPCPhysicsLevel.PhysicsLevel up for play (max tick rate 0) at 2015.05.02-22.47.27
[2015.05.03-05.47.27:094][  0]LogWorld: Bringing up level for play took: 0.819383
[2015.05.03-05.47.27:097][  0]LogInit:Display: Game Engine Initialized.
[2015.05.03-05.47.27:332][  0]LogLoad: Full Startup: 11.15 seconds (BP compile: 0.34 seconds)
[2015.05.03-05.47.27:504][  2]LogRenderer:Warning: Reallocating scene render targets to support 1280x720 (Frame:2).
[2015.05.03-05.47.32:846][321]LogBlueprintUserMessages: Dropping Arrow!
[2015.05.03-05.48.05:446][335]LogPackageName: SearchForPackageOnDisk took   0.073s to resolve PhysicsLevel1.umap
[2015.05.03-05.48.05:519][336]LogPackageName: SearchForPackageOnDisk took   0.071s to resolve PhysicsLevel1.umap
[2015.05.03-05.48.05:519][336]LogNet: Browse: /Game/Maps/PhysicsLevel1
[2015.05.03-05.48.05:519][336]LogLoad: LoadMap: /Game/Maps/PhysicsLevel1
[2015.05.03-05.48.05:617][336]LogParticles: Destroying 0 GPU particle simulations for FXSystem 0x000000000D2C4540
[2015.05.03-05.48.05:651][336]LogMemory: Platform Memory Stats for Windows
[2015.05.03-05.48.05:652][336]LogMemory: Process Physical Memory: 399.72 MB used, 423.23 MB peak
[2015.05.03-05.48.05:652][336]LogMemory: Process Virtual Memory: 334.49 MB used, 360.90 MB peak
[2015.05.03-05.48.05:652][336]LogMemory: Physical Memory: 5254.20 MB used, 16271.58 MB total
[2015.05.03-05.48.05:652][336]LogMemory: Virtual Memory: 832.94 MB used, 8388608.00 MB total
[2015.05.03-05.48.05:652][336]LogMemory: 
[2015.05.03-05.48.05:652][336]Allocator Stats for TBB: (not implemented)
[2015.05.03-05.48.05:974][336]LogWorld: Game class is 'MyGameMode_C'
[2015.05.03-05.48.05:977][336]LogAIModule: Creating AISystem for world PhysicsLevel1
[2015.05.03-05.48.05:979][336]PIE:Warning: Warning AttachTo: '/Game/Maps/PhysicsLevel1.PhysicsLevel1:PersistentLevel.BP_BuildingBlockMovable_3180.Root' is not static  (in blueprint "BP_BuildingBlockMovable"), cannot attach '/Game/Maps/PhysicsLevel1.PhysicsLevel1:PersistentLevel.BP_BuildingBlockMovable_3180.Floor' which is static to it. Aborting.
[2015.05.03-05.48.05:979][336]PIE:Warning: Warning AttachTo: '/Game/Maps/PhysicsLevel1.PhysicsLevel1:PersistentLevel.BP_BuildingBlockMovable_3180.Root' is not static  (in blueprint "BP_BuildingBlockMovable"), cannot attach '/Game/Maps/PhysicsLevel1.PhysicsLevel1:PersistentLevel.BP_BuildingBlockMovable_3180.Ceilling' which is static to it. Aborting.
[2015.05.03-05.48.05:980][336]PIE:Warning: Warning AttachTo: '/Game/Maps/PhysicsLevel1.PhysicsLevel1:PersistentLevel.BP_BuildingBlockMovable_3180.Root' is not static  (in blueprint "BP_BuildingBlockMovable"), cannot attach '/Game/Maps/PhysicsLevel1.PhysicsLevel1:PersistentLevel.BP_BuildingBlockMovable_3180.Wall1' which is static to it. Aborting.
[2015.05.03-05.48.05:980][336]PIE:Warning: Warning AttachTo: '/Game/Maps/PhysicsLevel1.PhysicsLevel1:PersistentLevel.BP_BuildingBlockMovable_3180.Root' is not static  (in blueprint "BP_BuildingBlockMovable"), cannot attach '/Game/Maps/PhysicsLevel1.PhysicsLevel1:PersistentLevel.BP_BuildingBlockMovable_3180.Wall2' which is static to it. Aborting.
[2015.05.03-05.48.05:980][336]PIE:Warning: Warning AttachTo: '/Game/Maps/PhysicsLevel1.PhysicsLevel1:PersistentLevel.BP_BuildingBlockMovable_3180.Root' is not static  (in blueprint "BP_BuildingBlockMovable"), cannot attach '/Game/Maps/PhysicsLevel1.PhysicsLevel1:PersistentLevel.BP_BuildingBlockMovable_3180.Wall3' which is static to it. Aborting.
[2015.05.03-05.48.05:980][336]PIE:Warning: Warning AttachTo: '/Game/Maps/PhysicsLevel1.PhysicsLevel1:PersistentLevel.BP_BuildingBlockMovable_3180.Root' is not static  (in blueprint "BP_BuildingBlockMovable"), cannot attach '/Game/Maps/PhysicsLevel1.PhysicsLevel1:PersistentLevel.BP_BuildingBlockMovable_3180.Wall4' which is static to it. Aborting.
[2015.05.03-05.48.05:980][336]PIE:Warning: Warning AttachTo: '/Game/Maps/PhysicsLevel1.PhysicsLevel1:PersistentLevel.BP_BuildingBlockMovable_3180.Root' is not static  (in blueprint "BP_BuildingBlockMovable"), cannot attach '/Game/Maps/PhysicsLevel1.PhysicsLevel1:PersistentLevel.BP_BuildingBlockMovable_3180.Support1' which is static to it. Aborting.
[2015.05.03-05.48.05:980][336]PIE:Warning: Warning AttachTo: '/Game/Maps/PhysicsLevel1.PhysicsLevel1:PersistentLevel.BP_BuildingBlockMovable_3180.Root' is not static  (in blueprint "BP_BuildingBlockMovable"), cannot attach '/Game/Maps/PhysicsLevel1.PhysicsLevel1:PersistentLevel.BP_BuildingBlockMovable_3180.Support2' which is static to it. Aborting.
[2015.05.03-05.48.05:981][336]PIE:Warning: Warning AttachTo: '/Game/Maps/PhysicsLevel1.PhysicsLevel1:PersistentLevel.BP_BuildingBlockMovable_3180.Root' is not static  (in blueprint "BP_BuildingBlockMovable"), cannot attach '/Game/Maps/PhysicsLevel1.PhysicsLevel1:PersistentLevel.BP_BuildingBlockMovable_3180.Support3' which is static to it. Aborting.
[2015.05.03-05.48.05:981][336]PIE:Warning: Warning AttachTo: '/Game/Maps/PhysicsLevel1.PhysicsLevel1:PersistentLevel.BP_BuildingBlockMovable_3180.Root' is not static  (in blueprint "BP_BuildingBlockMovable"), cannot attach '/Game/Maps/PhysicsLevel1.PhysicsLevel1:PersistentLevel.BP_BuildingBlockMovable_3180.Support4' which is static to it. Aborting.
[2015.05.03-05.48.05:981][336]PIE:Warning: Warning AttachTo: '/Game/Maps/PhysicsLevel1.PhysicsLevel1:PersistentLevel.BP_BuildingBlockMovable_3180.Root' is not static  (in blueprint "BP_BuildingBlockMovable"), cannot attach '/Game/Maps/PhysicsLevel1.PhysicsLevel1:PersistentLevel.BP_BuildingBlockMovable_3180.FillWall1Top' which is static to it. Aborting.
[2015.05.03-05.48.05:981][336]PIE:Warning: Warning AttachTo: '/Game/Maps/PhysicsLevel1.PhysicsLevel1:PersistentLevel.BP_BuildingBlockMovable_3180.Root' is not static  (in blueprint "BP_BuildingBlockMovable"), cannot attach '/Game/Maps/PhysicsLevel1.PhysicsLevel1:PersistentLevel.BP_BuildingBlockMovable_3180.FIllWall1Bottom' which is static to it. Aborting.
[2015.05.03-05.48.05:981][336]PIE:Warning: Warning AttachTo: '/Game/Maps/PhysicsLevel1.PhysicsLevel1:PersistentLevel.BP_BuildingBlockMovable_3180.Root' is not static  (in blueprint "BP_BuildingBlockMovable"), cannot attach '/Game/Maps/PhysicsLevel1.PhysicsLevel1:PersistentLevel.BP_BuildingBlockMovable_3180.FillWall2Top' which is static to it. Aborting.
[2015.05.03-05.48.05:981][336]PIE:Warning: Warning AttachTo: '/Game/Maps/PhysicsLevel1.PhysicsLevel1:PersistentLevel.BP_BuildingBlockMovable_3180.Root' is not static  (in blueprint "BP_BuildingBlockMovable"), cannot attach '/Game/Maps/PhysicsLevel1.PhysicsLevel1:PersistentLevel.BP_BuildingBlockMovable_3180.FillWall2Bottom' which is static to it. Aborting.
[2015.05.03-05.48.05:981][336]PIE:Warning: Warning AttachTo: '/Game/Maps/PhysicsLevel1.PhysicsLevel1:PersistentLevel.BP_BuildingBlockMovable_3180.Root' is not static  (in blueprint "BP_BuildingBlockMovable"), cannot attach '/Game/Maps/PhysicsLevel1.PhysicsLevel1:PersistentLevel.BP_BuildingBlockMovable_3180.FillWall3Top' which is static to it. Aborting.
[2015.05.03-05.48.05:981][336]PIE:Warning: Warning AttachTo: '/Game/Maps/PhysicsLevel1.PhysicsLevel1:PersistentLevel.BP_BuildingBlockMovable_3180.Root' is not static  (in blueprint "BP_BuildingBlockMovable"), cannot attach '/Game/Maps/PhysicsLevel1.PhysicsLevel1:PersistentLevel.BP_BuildingBlockMovable_3180.FillWall3Bottom' which is static to it. Aborting.
[2015.05.03-05.48.05:981][336]PIE:Warning: Warning AttachTo: '/Game/Maps/PhysicsLevel1.PhysicsLevel1:PersistentLevel.BP_BuildingBlockMovable_3180.Root' is not static  (in blueprint "BP_BuildingBlockMovable"), cannot attach '/Game/Maps/PhysicsLevel1.PhysicsLevel1:PersistentLevel.BP_BuildingBlockMovable_3180.FillWall4Top' which is static to it. Aborting.
[2015.05.03-05.48.05:982][336]PIE:Warning: Warning AttachTo: '/Game/Maps/PhysicsLevel1.PhysicsLevel1:PersistentLevel.BP_BuildingBlockMovable_3180.Root' is not static  (in blueprint "BP_BuildingBlockMovable"), cannot attach '/Game/Maps/PhysicsLevel1.PhysicsLevel1:PersistentLevel.BP_BuildingBlockMovable_3180.FillWall4Bottom' which is static to it. Aborting.
[2015.05.03-05.48.05:983][336]LogWorld: Bringing World /Game/Maps/PhysicsLevel1.PhysicsLevel1 up for play (max tick rate 0) at 2015.05.02-22.48.05
[2015.05.03-05.48.05:983][336]LogWorld: Bringing up level for play took: 0.005674
[2015.05.03-05.48.17:490][ 50]Closing by request
[2015.05.03-05.48.17:490][ 50]LogWindows: FPlatformMisc::RequestExit(0)
[2015.05.03-05.48.17:548][ 51]LogExit: Preparing to exit.
[2015.05.03-05.48.17:626][ 51]LogExit: Game engine shut down
[2015.05.03-05.48.17:684][ 51]LogParticles: Destroying 0 GPU particle simulations for FXSystem 0x0000000011AC4860
[2015.05.03-05.48.17:684][ 51]LogExit: Object subsystem successfully closed.
[2015.05.03-05.48.17:727][ 51]LogModuleManager: Shutting down and abandoning module AndroidDeviceDetection (106)
[2015.05.03-05.48.18:369][ 51]LogModuleManager: Shutting down and abandoning module AutomationWorker (105)
[2015.05.03-05.48.18:369][ 51]LogModuleManager: Shutting down and abandoning module CharacterAI (104)
[2015.05.03-05.48.18:369][ 51]LogModuleManager: Shutting down and abandoning module AITestSuite (103)
[2015.05.03-05.48.18:369][ 51]LogModuleManager: Shutting down and abandoning module GameplayDebugger (102)
[2015.05.03-05.48.18:369][ 51]LogModuleManager: Shutting down and abandoning module AIModule (101)
[2015.05.03-05.48.18:369][ 51]LogModuleManager: Shutting down and abandoning module GameLiveStreaming (100)
[2015.05.03-05.48.18:369][ 51]LogModuleManager: Shutting down and abandoning module StreamingPauseRendering (99)
[2015.05.03-05.48.18:369][ 51]LogModuleManager: Shutting down and abandoning module HTTP (98)
[2015.05.03-05.48.18:369][ 51]LogModuleManager: Shutting down and abandoning module AnalyticsET (97)
[2015.05.03-05.48.18:369][ 51]LogModuleManager: Shutting down and abandoning module Analytics (96)
[2015.05.03-05.48.18:369][ 51]LogModuleManager: Shutting down and abandoning module ProfilerService (95)
[2015.05.03-05.48.18:374][ 51]LogModuleManager: Shutting down and abandoning module TaskGraph (94)
[2015.05.03-05.48.18:374][ 51]LogModuleManager: Shutting down and abandoning module SlateRemote (93)
[2015.05.03-05.48.18:374][ 51]LogModuleManager: Shutting down and abandoning module CustomMeshComponent (92)
[2015.05.03-05.48.18:374][ 51]LogModuleManager: Shutting down and abandoning module CableComponent (91)
[2015.05.03-05.48.18:374][ 51]LogModuleManager: Shutting down and abandoning module DesktopPlatform (90)
[2015.05.03-05.48.18:374][ 51]LogModuleManager: Shutting down and abandoning module DirectoryWatcher (89)
[2015.05.03-05.48.18:374][ 51]LogModuleManager: Shutting down and abandoning module HotReload (88)
[2015.05.03-05.48.18:374][ 51]LogModuleManager: Shutting down and abandoning module VisualStudioSourceCodeAccess (87)
[2015.05.03-05.48.18:374][ 51]LogModuleManager: Shutting down and abandoning module UObjectPlugin (86)
[2015.05.03-05.48.18:374][ 51]LogModuleManager: Shutting down and abandoning module SubversionSourceControl (85)
[2015.05.03-05.48.18:374][ 51]LogModuleManager: Shutting down and abandoning module GitSourceControl (84)
[2015.05.03-05.48.18:374][ 51]LogModuleManager: Shutting down and abandoning module SourceControl (83)
[2015.05.03-05.48.18:374][ 51]LogModuleManager: Shutting down and abandoning module PerforceSourceControl (82)
[2015.05.03-05.48.18:374][ 51]LogModuleManager: Shutting down and abandoning module BlankPlugin (81)
[2015.05.03-05.48.18:374][ 51]LogModuleManager: Shutting down and abandoning module ScriptPlugin (80)
[2015.05.03-05.48.18:374][ 51]LogModuleManager: Shutting down and abandoning module UdpMessaging (79)
[2015.05.03-05.48.18:374][ 51]LogModuleManager: Shutting down and abandoning module Paper2D (78)
[2015.05.03-05.48.18:374][ 51]LogModuleManager: Shutting down and abandoning module WindowsMoviePlayer (77)
[2015.05.03-05.48.18:379][ 51]LogModuleManager: Shutting down and abandoning module Media (76)
[2015.05.03-05.48.18:379][ 51]LogModuleManager: Shutting down and abandoning module WmfMedia (75)
[2015.05.03-05.48.18:379][ 51]LogModuleManager: Shutting down and abandoning module OnlineBlueprintSupport (74)
[2015.05.03-05.48.18:379][ 51]LogModuleManager: Shutting down and abandoning module PropertyEditor (73)
[2015.05.03-05.48.18:379][ 51]LogModuleManager: Shutting down and abandoning module BehaviorTreeEditor (72)
[2015.05.03-05.48.18:379][ 51]LogModuleManager: Shutting down and abandoning module FunctionalTesting (71)
[2015.05.03-05.48.18:379][ 51]LogModuleManager: Shutting down and abandoning module CollisionAnalyzer (70)
[2015.05.03-05.48.18:379][ 51]LogModuleManager: Shutting down and abandoning module WorkspaceMenuStructure (69)
[2015.05.03-05.48.18:379][ 51]LogModuleManager: Shutting down and abandoning module MessageLog (68)
[2015.05.03-05.48.18:379][ 51]LogModuleManager: Shutting down and abandoning module Sequencer (67)
[2015.05.03-05.48.18:379][ 51]LogModuleManager: Shutting down and abandoning module AssetTools (66)
[2015.05.03-05.48.18:379][ 51]LogModuleManager: Shutting down and abandoning module UMGEditor (65)
[2015.05.03-05.48.18:380][ 51]LogModuleManager: Shutting down and abandoning module UMG (64)
[2015.05.03-05.48.18:380][ 51]LogModuleManager: Shutting down and abandoning module Slate (63)
[2015.05.03-05.48.18:380][ 51]LogModuleManager: Shutting down and abandoning module EditorStyle (62)
[2015.05.03-05.48.18:386][ 51]LogModuleManager: Shutting down and abandoning module SessionServices (61)
[2015.05.03-05.48.18:386][ 51]LogModuleManager: Shutting down and abandoning module SourceCodeAccess (60)
[2015.05.03-05.48.18:386][ 51]LogModuleManager: Shutting down and abandoning module HeadMountedDisplay (59)
[2015.05.03-05.48.18:386][ 51]LogModuleManager: Shutting down and abandoning module XAudio2 (58)
[2015.05.03-05.48.18:386][ 51]LogModuleManager: Shutting down and abandoning module Networking (56)
[2015.05.03-05.48.18:386][ 51]LogModuleManager: Shutting down and abandoning module Core (55)
[2015.05.03-05.48.18:386][ 51]LogModuleManager: Shutting down and abandoning module KismetCompiler (54)
[2015.05.03-05.48.18:386][ 51]LogModuleManager: Shutting down and abandoning module PhysXFormats (53)
[2015.05.03-05.48.18:386][ 51]LogModuleManager: Shutting down and abandoning module MeshUtilities (52)
[2015.05.03-05.48.18:386][ 51]LogModuleManager: Shutting down and abandoning module DerivedDataCache (51)
[2015.05.03-05.48.18:888][ 51]LogDerivedDataCache: Shutdown
[2015.05.03-05.48.18:888][ 51]LogModuleManager: Shutting down and abandoning module ShaderFormatOpenGL (50)
[2015.05.03-05.48.18:888][ 51]LogModuleManager: Shutting down and abandoning module ShaderFormatD3D (49)
[2015.05.03-05.48.18:888][ 51]LogModuleManager: Shutting down and abandoning module MetalShaderFormat (48)
[2015.05.03-05.48.18:888][ 51]LogModuleManager: Shutting down and abandoning module TextureFormatUncompressed (47)
[2015.05.03-05.48.18:888][ 51]LogModuleManager: Shutting down and abandoning module TextureFormatPVR (46)
[2015.05.03-05.48.18:888][ 51]LogModuleManager: Shutting down and abandoning module TextureFormatIntelISPCTexComp (45)
[2015.05.03-05.48.18:888][ 51]LogModuleManager: Shutting down and abandoning module TextureFormatDXT (44)
[2015.05.03-05.48.18:888][ 51]LogModuleManager: Shutting down and abandoning module ImageWrapper (43)
[2015.05.03-05.48.18:888][ 51]LogModuleManager: Shutting down and abandoning module TextureFormatASTC (42)
[2015.05.03-05.48.18:888][ 51]LogModuleManager: Shutting down and abandoning module TextureFormatAndroid (41)
[2015.05.03-05.48.18:888][ 51]LogModuleManager: Shutting down and abandoning module AudioFormatOpus (40)
[2015.05.03-05.48.18:888][ 51]LogModuleManager: Shutting down and abandoning module AudioFormatOgg (39)
[2015.05.03-05.48.18:888][ 51]LogModuleManager: Shutting down and abandoning module AudioFormatADPCM (38)
[2015.05.03-05.48.18:888][ 51]LogModuleManager: Shutting down and abandoning module LinuxTargetPlatform (37)
[2015.05.03-05.48.18:888][ 51]LogModuleManager: Shutting down and abandoning module LinuxServerTargetPlatform (36)
[2015.05.03-05.48.18:888][ 51]LogModuleManager: Shutting down and abandoning module LinuxNoEditorTargetPlatform (35)
[2015.05.03-05.48.18:888][ 51]LogModuleManager: Shutting down and abandoning module Messaging (34)
[2015.05.03-05.48.18:888][ 51]LogModuleManager: Shutting down and abandoning module IOSTargetPlatform (33)
[2015.05.03-05.48.18:888][ 51]LogModuleManager: Shutting down and abandoning module HTML5TargetPlatform (32)
[2015.05.03-05.48.18:888][ 51]LogModuleManager: Shutting down and abandoning module Android_PVRTCTargetPlatform (31)
[2015.05.03-05.48.18:888][ 51]LogModuleManager: Shutting down and abandoning module Android_ETC2TargetPlatform (30)
[2015.05.03-05.48.18:888][ 51]LogModuleManager: Shutting down and abandoning module Android_ETC1TargetPlatform (29)
[2015.05.03-05.48.18:888][ 51]LogModuleManager: Shutting down and abandoning module Android_ES31TargetPlatform (28)
[2015.05.03-05.48.18:888][ 51]LogModuleManager: Shutting down and abandoning module Android_DXTTargetPlatform (27)
[2015.05.03-05.48.18:889][ 51]LogModuleManager: Shutting down and abandoning module Android_ATCTargetPlatform (26)
[2015.05.03-05.48.18:889][ 51]LogModuleManager: Shutting down and abandoning module AndroidTargetPlatform (25)
[2015.05.03-05.48.18:889][ 51]LogModuleManager: Shutting down and abandoning module WindowsTargetPlatform (24)
[2015.05.03-05.48.18:889][ 51]LogModuleManager: Shutting down and abandoning module WindowsServerTargetPlatform (23)
[2015.05.03-05.48.18:889][ 51]LogModuleManager: Shutting down and abandoning module WindowsNoEditorTargetPlatform (22)
[2015.05.03-05.48.18:889][ 51]LogModuleManager: Shutting down and abandoning module WindowsClientTargetPlatform (21)
[2015.05.03-05.48.18:889][ 51]LogModuleManager: Shutting down and abandoning module TargetPlatform (20)
[2015.05.03-05.48.18:889][ 51]LogModuleManager: Shutting down and abandoning module InputCore (19)
[2015.05.03-05.48.18:889][ 51]LogModuleManager: Shutting down and abandoning module Settings (18)
[2015.05.03-05.48.18:889][ 51]LogModuleManager: Shutting down and abandoning module OnlineSubsystem (16)
[2015.05.03-05.48.18:889][ 51]LogModuleManager: Shutting down and abandoning module OculusRift (15)
[2015.05.03-05.48.18:889][ 51]LogModuleManager: Shutting down and abandoning module ExampleDeviceProfileSelector (14)
[2015.05.03-05.48.18:889][ 51]LogModuleManager: Shutting down and abandoning module TextureCompressor (13)
[2015.05.03-05.48.18:889][ 51]LogModuleManager: Shutting down and abandoning module ShaderCore (12)
[2015.05.03-05.48.18:889][ 51]LogModuleManager: Shutting down and abandoning module Landscape (11)
[2015.05.03-05.48.18:889][ 51]LogModuleManager: Shutting down and abandoning module SlateRHIRenderer (10)
[2015.05.03-05.48.18:889][ 51]LogModuleManager: Shutting down and abandoning module OpenGLDrv (9)
[2015.05.03-05.48.18:889][ 51]LogModuleManager: Shutting down and abandoning module D3D11RHI (8)
[2015.05.03-05.48.18:889][ 51]LogModuleManager: Shutting down and abandoning module Renderer (7)
[2015.05.03-05.48.18:889][ 51]LogModuleManager: Shutting down and abandoning module Engine (6)
[2015.05.03-05.48.18:889][ 51]LogModuleManager: Shutting down and abandoning module CoreUObject (5)
[2015.05.03-05.48.18:889][ 51]LogModuleManager: Shutting down and abandoning module NetworkFile (4)
[2015.05.03-05.48.18:890][ 51]LogModuleManager: Shutting down and abandoning module StreamingFile (3)
[2015.05.03-05.48.18:890][ 51]LogModuleManager: Shutting down and abandoning module SandboxFile (2)
[2015.05.03-05.48.18:890][ 51]LogModuleManager: Shutting down and abandoning module PakFile (1)
[2015.05.03-05.48.18:890][ 51]LogExit: Exiting.
[2015.05.03-05.48.18:892][ 51]Log file closed, 05/02/15 22:48:18
