Log file open, 05/02/15 19:09:43
LogInit:Display: Running engine for game: RoadRunner
LogInit: Version: 4.7.5-2503383+++depot+UE4-Releases+4.7
LogInit: API Version: 2455222
LogInit: Compiled (64-bit): Apr  6 2015 23:21:51
LogInit: Compiled with Visual C++: 18.00.21005.01
LogInit: Build Configuration: Development
LogInit: Branch Name: ++depot+UE4-Releases+4.7
LogInit: Command line:  /Temp/Autosaves/Game/Maps/UEDPCMaze -game -PIEVIACONSOLE -ResX=1280 -ResY=720  -Multiprocess 
LogInit: Base directory: C:/Program Files/Epic Games/4.7/Engine/Binaries/Win64/
LogInit: Rocket: 1
[2015.05.03-02.09.43:099][  0]LogTaskGraph: Started task graph with 3 named threads and 7 total threads.
[2015.05.03-02.09.43:173][  0]LogOnline:Warning: No default platform service specified for OnlineSubsystem
[2015.05.03-02.09.43:186][  0]LogInit: Presizing for 0 objects not considered by GC, pre-allocating 0 bytes.
[2015.05.03-02.09.43:196][  0]LogInit: Object subsystem initialized
[2015.05.03-02.09.43:198][  0]LogConsoleResponse:Warning: Skipping Unknown console variable: 'TranslucentSortAxis = (X=0.000000,Y=-1.000000,Z=0.000000)'
[2015.05.03-02.09.43:198][  0]LogConsoleResponse:Warning:   Found in ini file 'D:/RoadRunner/Saved/Config/Windows/Engine.ini', in section '[/Script/Engine.RendererSettings]'
[2015.05.03-02.09.43:198][  0]LogConsoleResponse:Warning: Skipping Unknown console variable: 'UIScaleRule = ShortestSide'
[2015.05.03-02.09.43:198][  0]LogConsoleResponse:Warning:   Found in ini file 'D:/RoadRunner/Saved/Config/Windows/Engine.ini', in section '[/Script/Engine.RendererSettings]'
[2015.05.03-02.09.43:198][  0]LogConsoleResponse:Warning: Skipping Unknown console variable: 'UIScaleCurve = (EditorCurveData=(Keys=),ExternalCurve=None)'
[2015.05.03-02.09.43:198][  0]LogConsoleResponse:Warning:   Found in ini file 'D:/RoadRunner/Saved/Config/Windows/Engine.ini', in section '[/Script/Engine.RendererSettings]'
[2015.05.03-02.09.43:198][  0]LogInit: Selected Device Profile: [Windows]
[2015.05.03-02.09.43:198][  0]LogInit: Applying CVar settings loaded from the selected device profile: [Windows]
[2015.05.03-02.09.43:202][  0]LogInit: Computer: CS210-WS-05
[2015.05.03-02.09.43:202][  0]LogInit: User: CS210
[2015.05.03-02.09.43:202][  0]LogInit: CPU Page size=4096, Cores=6
[2015.05.03-02.09.43:202][  0]LogInit: High frequency timer resolution =3.215263 MHz
[2015.05.03-02.09.43:202][  0]LogMemory: Memory total: Physical=15.9GB (16GB approx) Virtual=8192.0GB
[2015.05.03-02.09.43:203][  0]LogMemory: Platform Memory Stats for Windows
[2015.05.03-02.09.43:203][  0]LogMemory: Process Physical Memory: 49.46 MB used, 49.46 MB peak
[2015.05.03-02.09.43:203][  0]LogMemory: Process Virtual Memory: 31.47 MB used, 31.47 MB peak
[2015.05.03-02.09.43:203][  0]LogMemory: Physical Memory: 4122.37 MB used, 16271.58 MB total
[2015.05.03-02.09.43:203][  0]LogMemory: Virtual Memory: 284.89 MB used, 8388608.00 MB total
[2015.05.03-02.09.43:229][  0]LogD3D11RHI: Found D3D11 adapter 0: NVIDIA GeForce GTX 980 (Feature Level 11_0)
[2015.05.03-02.09.43:229][  0]LogD3D11RHI: Adapter has 3972MB of dedicated video memory, 0MB of dedicated system memory, and 7879MB of shared system memory, 1 output[s]
[2015.05.03-02.09.43:229][  0]LogD3D11RHI: Chosen D3D11 Adapter Id = 0
[2015.05.03-02.09.43:234][  0]LogRHI: Texture pool is 1361 MB (70% of 1945 MB)
[2015.05.03-02.09.43:241][  0]LogD3D11RHI: Async texture creation enabled
[2015.05.03-02.09.43:293][  0]LogTextLocalizationManager: The requested culture ('en_US') has no localization data; parent culture's ('en') localization data will be used.
[2015.05.03-02.09.43:363][  0]LogTextLocalizationManager:Warning: Loading localization resources contain conflicting entries for (Namespace:UICommands, Key:Save_ToolTip):
Resource: (C:/Program Files/Epic Games/4.7/Engine/Content/Localization/Editor/en/Editor.locres) Hash: (-29098895) String: (Saves the current level to disk)
Resource: (C:/Program Files/Epic Games/4.7/Engine/Content/Localization/Engine/en/Engine.locres) Hash: (-1280300587) String: (Save selected data to vlog file)
[2015.05.03-02.09.43:364][  0]LogTextLocalizationManager:Warning: Loading localization resources contain conflicting entries for (Namespace:ContentBrowser, Key:ImportAssetToolTip):
Resource: (C:/Program Files/Epic Games/4.7/Engine/Content/Localization/Editor/en/Editor.locres) Hash: (-630476809) String: (Import to {0}...)
Resource: (C:/Program Files/Epic Games/4.7/Engine/Content/Localization/Editor/en/Editor.locres) Hash: (1271782899) String: (Imports an asset from file to this folder.)
[2015.05.03-02.09.43:479][  0]LogContentStreaming: Texture pool size is 1000.000000MB
[2015.05.03-02.09.45:374][  0]LogTargetPlatformManager:Display: Building Assets For Windows
[2015.05.03-02.09.45:820][  0]LogTargetPlatformManager:Display: Building Assets For Windows
[2015.05.03-02.09.45:872][  0]LogDerivedDataCache:Display: Max Cache Size: 512 MB
[2015.05.03-02.09.45:922][  0]LogDerivedDataCache: Loaded boot cache 0.05s 39MB C:/Users/CS210/AppData/Local/UnrealEngine/4.7/DerivedDataCache/Boot.ddc.
[2015.05.03-02.09.45:922][  0]LogDerivedDataCache:Display: Loaded Boot cache: C:/Users/CS210/AppData/Local/UnrealEngine/4.7/DerivedDataCache/Boot.ddc
[2015.05.03-02.09.45:922][  0]LogDerivedDataCache: FDerivedDataBackendGraph:  Pak pak cache file D:/RoadRunner/DerivedDataCache/DDC.ddp not found, will not use a pak cache.
[2015.05.03-02.09.45:922][  0]LogDerivedDataCache: Unable to find inner node Pak for hierarchical cache Hierarchy.
[2015.05.03-02.09.46:029][  0]LogDerivedDataCache:Display: Pak cache opened for reading ../../../Engine/DerivedDataCache/Compressed.ddp.
[2015.05.03-02.09.46:040][  0]LogDerivedDataCache: Using Local data cache path C:/Users/CS210/AppData/Local/UnrealEngine/Common/DerivedDataCache: Writable
[2015.05.03-02.09.46:304][  0]LogMeshUtilities: No automatic mesh reduction module available
[2015.05.03-02.09.46:304][  0]LogMeshUtilities: No automatic mesh merging module available
[2015.05.03-02.09.46:642][  0]LogInit: WinSock: version 1.1 (2.2), MaxSocks=32767, MaxUdp=65467
[2015.05.03-02.09.47:009][  0]LogWindowsMoviePlayer: Unable to load movie: D:/RoadRunner/Content/Movies/Default_Startup.mp4
[2015.05.03-02.09.47:202][  0]LogSourceControl: RunCommandInternalRaw: 'git version'
[2015.05.03-02.09.47:202][  0]LogSourceControl: RunCommandInternalRaw: ExecProcess ReturnCode=2 OutResults=''
[2015.05.03-02.09.47:227][  0]SourceControl: Info Source control is disabled
[2015.05.03-02.09.47:227][  0]SourceControl: Info Source control is disabled
[2015.05.03-02.09.47:227][  0]SourceControl: Info Source control is disabled
[2015.05.03-02.09.47:234][  0]SourceControl: Info Source control is disabled
[2015.05.03-02.09.47:332][  0]LogObj: 23971 objects as part of root set at end of initial load.
[2015.05.03-02.09.47:332][  0]LogUObjectAllocator: 4988928 out of 0 bytes used by permanent object pool.
[2015.05.03-02.09.47:396][  0]LogAutomationTest:Warning: ERR: Transient text cannot be serialized "Testing Transient serialization detection".
[2015.05.03-02.09.47:396][  0]LogEngine: Initializing Engine...
[2015.05.03-02.09.49:568][  0]LogInit: XAudio2 using 'Speakers (Sound Blaster Recon3Di)' : 2 channels at 48 kHz using 32 bits per sample (channel mask 0x3)
[2015.05.03-02.09.49:584][  0]LogInit: FAudioDevice initialized.
[2015.05.03-02.09.49:591][  0]LogInit: Texture streaming: Enabled
[2015.05.03-02.09.49:678][  0]LogAnalytics: Creating configured Analytics provider AnalyticsET
[2015.05.03-02.09.49:678][  0]LogAnalytics: ET APIKey = Rocket.Release. APIServer = http://et2.epicgames.com/ET2/. AppVersion = 4.7.5-2503383+++depot+UE4-Releases+4.7
[2015.05.03-02.09.49:678][  0]LogAnalytics: ET APIKey = Rocket.Release. DataRouterUploadURL = https://datarouter-public-service-gamedev.ol.epicgames.net/datarouter/api/v1/public/data. AppVersion = 4.7.5-2503383+++depot+UE4-Releases+4.7
[2015.05.03-02.09.49:678][  0]LogAnalytics: SetUserId d86d34d3402a841cf4326b90cfa07967|871743be8dc147e2bc510dfc1f536030|3a315af8-1361-406b-977f-a279fe964dc9
[2015.05.03-02.09.49:678][  0]LogAnalytics: AnalyticsET::StartSession [Rocket.Release]
[2015.05.03-02.09.49:700][  0]LogNet: Browse: /Temp/Autosaves/Game/Maps/UEDPCMaze?Name=Player
[2015.05.03-02.09.49:700][  0]LogLoad: LoadMap: /Temp/Autosaves/Game/Maps/UEDPCMaze?Name=Player
[2015.05.03-02.09.49:715][  0]LogMemory: Platform Memory Stats for Windows
[2015.05.03-02.09.49:715][  0]LogMemory: Process Physical Memory: 285.10 MB used, 294.00 MB peak
[2015.05.03-02.09.49:715][  0]LogMemory: Process Virtual Memory: 245.71 MB used, 255.36 MB peak
[2015.05.03-02.09.49:715][  0]LogMemory: Physical Memory: 4312.25 MB used, 16271.58 MB total
[2015.05.03-02.09.49:715][  0]LogMemory: Virtual Memory: 693.13 MB used, 8388608.00 MB total
[2015.05.03-02.09.49:716][  0]LogMemory: 
[2015.05.03-02.09.49:716][  0]Allocator Stats for TBB: (not implemented)
[2015.05.03-02.09.50:924][  0]LogLinker:Warning: Asset '../../../Engine/Content/EngineMeshes/Humanoid.uasset' has been saved with empty engine version. The asset will be loaded but may be incompatible.
[2015.05.03-02.09.51:441][  0]LogWorld: Game class is 'MyGameMode_C'
[2015.05.03-02.09.51:487][  0]LogAIModule: Creating AISystem for world Maze
[2015.05.03-02.09.51:845][  0]PIE:Warning: Warning AttachTo: '/Temp/Autosaves/Game/Maps/UEDPCMaze.Maze:PersistentLevel.StartingPlatform.Root' is not static  (in blueprint "BP_BuildingBlockMovable"), cannot attach '/Temp/Autosaves/Game/Maps/UEDPCMaze.Maze:PersistentLevel.StartingPlatform.Floor' which is static to it. Aborting.
[2015.05.03-02.09.51:845][  0]PIE:Warning: Warning AttachTo: '/Temp/Autosaves/Game/Maps/UEDPCMaze.Maze:PersistentLevel.StartingPlatform.Root' is not static  (in blueprint "BP_BuildingBlockMovable"), cannot attach '/Temp/Autosaves/Game/Maps/UEDPCMaze.Maze:PersistentLevel.StartingPlatform.Ceilling' which is static to it. Aborting.
[2015.05.03-02.09.51:845][  0]PIE:Warning: Warning AttachTo: '/Temp/Autosaves/Game/Maps/UEDPCMaze.Maze:PersistentLevel.StartingPlatform.Root' is not static  (in blueprint "BP_BuildingBlockMovable"), cannot attach '/Temp/Autosaves/Game/Maps/UEDPCMaze.Maze:PersistentLevel.StartingPlatform.Wall1' which is static to it. Aborting.
[2015.05.03-02.09.51:845][  0]PIE:Warning: Warning AttachTo: '/Temp/Autosaves/Game/Maps/UEDPCMaze.Maze:PersistentLevel.StartingPlatform.Root' is not static  (in blueprint "BP_BuildingBlockMovable"), cannot attach '/Temp/Autosaves/Game/Maps/UEDPCMaze.Maze:PersistentLevel.StartingPlatform.Wall2' which is static to it. Aborting.
[2015.05.03-02.09.51:845][  0]PIE:Warning: Warning AttachTo: '/Temp/Autosaves/Game/Maps/UEDPCMaze.Maze:PersistentLevel.StartingPlatform.Root' is not static  (in blueprint "BP_BuildingBlockMovable"), cannot attach '/Temp/Autosaves/Game/Maps/UEDPCMaze.Maze:PersistentLevel.StartingPlatform.Wall3' which is static to it. Aborting.
[2015.05.03-02.09.51:845][  0]PIE:Warning: Warning AttachTo: '/Temp/Autosaves/Game/Maps/UEDPCMaze.Maze:PersistentLevel.StartingPlatform.Root' is not static  (in blueprint "BP_BuildingBlockMovable"), cannot attach '/Temp/Autosaves/Game/Maps/UEDPCMaze.Maze:PersistentLevel.StartingPlatform.Wall4' which is static to it. Aborting.
[2015.05.03-02.09.51:845][  0]PIE:Warning: Warning AttachTo: '/Temp/Autosaves/Game/Maps/UEDPCMaze.Maze:PersistentLevel.StartingPlatform.Root' is not static  (in blueprint "BP_BuildingBlockMovable"), cannot attach '/Temp/Autosaves/Game/Maps/UEDPCMaze.Maze:PersistentLevel.StartingPlatform.Support1' which is static to it. Aborting.
[2015.05.03-02.09.51:845][  0]PIE:Warning: Warning AttachTo: '/Temp/Autosaves/Game/Maps/UEDPCMaze.Maze:PersistentLevel.StartingPlatform.Root' is not static  (in blueprint "BP_BuildingBlockMovable"), cannot attach '/Temp/Autosaves/Game/Maps/UEDPCMaze.Maze:PersistentLevel.StartingPlatform.Support2' which is static to it. Aborting.
[2015.05.03-02.09.51:846][  0]PIE:Warning: Warning AttachTo: '/Temp/Autosaves/Game/Maps/UEDPCMaze.Maze:PersistentLevel.StartingPlatform.Root' is not static  (in blueprint "BP_BuildingBlockMovable"), cannot attach '/Temp/Autosaves/Game/Maps/UEDPCMaze.Maze:PersistentLevel.StartingPlatform.Support3' which is static to it. Aborting.
[2015.05.03-02.09.51:846][  0]PIE:Warning: Warning AttachTo: '/Temp/Autosaves/Game/Maps/UEDPCMaze.Maze:PersistentLevel.StartingPlatform.Root' is not static  (in blueprint "BP_BuildingBlockMovable"), cannot attach '/Temp/Autosaves/Game/Maps/UEDPCMaze.Maze:PersistentLevel.StartingPlatform.Support4' which is static to it. Aborting.
[2015.05.03-02.09.51:846][  0]PIE:Warning: Warning AttachTo: '/Temp/Autosaves/Game/Maps/UEDPCMaze.Maze:PersistentLevel.StartingPlatform.Root' is not static  (in blueprint "BP_BuildingBlockMovable"), cannot attach '/Temp/Autosaves/Game/Maps/UEDPCMaze.Maze:PersistentLevel.StartingPlatform.FillWall1Top' which is static to it. Aborting.
[2015.05.03-02.09.51:846][  0]PIE:Warning: Warning AttachTo: '/Temp/Autosaves/Game/Maps/UEDPCMaze.Maze:PersistentLevel.StartingPlatform.Root' is not static  (in blueprint "BP_BuildingBlockMovable"), cannot attach '/Temp/Autosaves/Game/Maps/UEDPCMaze.Maze:PersistentLevel.StartingPlatform.FIllWall1Bottom' which is static to it. Aborting.
[2015.05.03-02.09.51:846][  0]PIE:Warning: Warning AttachTo: '/Temp/Autosaves/Game/Maps/UEDPCMaze.Maze:PersistentLevel.StartingPlatform.Root' is not static  (in blueprint "BP_BuildingBlockMovable"), cannot attach '/Temp/Autosaves/Game/Maps/UEDPCMaze.Maze:PersistentLevel.StartingPlatform.FillWall2Top' which is static to it. Aborting.
[2015.05.03-02.09.51:846][  0]PIE:Warning: Warning AttachTo: '/Temp/Autosaves/Game/Maps/UEDPCMaze.Maze:PersistentLevel.StartingPlatform.Root' is not static  (in blueprint "BP_BuildingBlockMovable"), cannot attach '/Temp/Autosaves/Game/Maps/UEDPCMaze.Maze:PersistentLevel.StartingPlatform.FillWall2Bottom' which is static to it. Aborting.
[2015.05.03-02.09.51:846][  0]PIE:Warning: Warning AttachTo: '/Temp/Autosaves/Game/Maps/UEDPCMaze.Maze:PersistentLevel.StartingPlatform.Root' is not static  (in blueprint "BP_BuildingBlockMovable"), cannot attach '/Temp/Autosaves/Game/Maps/UEDPCMaze.Maze:PersistentLevel.StartingPlatform.FillWall3Top' which is static to it. Aborting.
[2015.05.03-02.09.51:846][  0]PIE:Warning: Warning AttachTo: '/Temp/Autosaves/Game/Maps/UEDPCMaze.Maze:PersistentLevel.StartingPlatform.Root' is not static  (in blueprint "BP_BuildingBlockMovable"), cannot attach '/Temp/Autosaves/Game/Maps/UEDPCMaze.Maze:PersistentLevel.StartingPlatform.FillWall3Bottom' which is static to it. Aborting.
[2015.05.03-02.09.51:846][  0]PIE:Warning: Warning AttachTo: '/Temp/Autosaves/Game/Maps/UEDPCMaze.Maze:PersistentLevel.StartingPlatform.Root' is not static  (in blueprint "BP_BuildingBlockMovable"), cannot attach '/Temp/Autosaves/Game/Maps/UEDPCMaze.Maze:PersistentLevel.StartingPlatform.FillWall4Top' which is static to it. Aborting.
[2015.05.03-02.09.51:846][  0]PIE:Warning: Warning AttachTo: '/Temp/Autosaves/Game/Maps/UEDPCMaze.Maze:PersistentLevel.StartingPlatform.Root' is not static  (in blueprint "BP_BuildingBlockMovable"), cannot attach '/Temp/Autosaves/Game/Maps/UEDPCMaze.Maze:PersistentLevel.StartingPlatform.FillWall4Bottom' which is static to it. Aborting.
[2015.05.03-02.09.51:849][  0]LogWorld: Bringing World /Temp/Autosaves/Game/Maps/UEDPCMaze.Maze up for play (max tick rate 0) at 2015.05.02-19.09.51
[2015.05.03-02.09.51:858][  0]LogWorld: Bringing up level for play took: 0.370847
[2015.05.03-02.09.51:861][  0]LogInit:Display: Game Engine Initialized.
[2015.05.03-02.09.52:097][  0]LogLoad: Full Startup: 9.64 seconds (BP compile: 0.32 seconds)
[2015.05.03-02.09.52:232][  2]LogRenderer:Warning: Reallocating scene render targets to support 1280x720 (Frame:2).
[2015.05.03-02.13.26:541][280]PIE:Warning: Warning BP_TargetIncrement2_1271.Ring3 SM_Ring has to have 'Simulate Physics' enabled if you'd like to AddForceAtLocation. 
[2015.05.03-02.13.26:557][281]PIE:Warning: Warning BP_TargetIncrement2_1271.Ring3 SM_Ring has to have 'Simulate Physics' enabled if you'd like to AddForceAtLocation. 
[2015.05.03-02.13.26:573][282]PIE:Warning: Warning BP_TargetIncrement2_1271.Ring3 SM_Ring has to have 'Simulate Physics' enabled if you'd like to AddForceAtLocation. 
[2015.05.03-02.13.26:589][283]PIE:Warning: Warning BP_TargetIncrement2_1271.Ring3 SM_Ring has to have 'Simulate Physics' enabled if you'd like to AddForceAtLocation. 
[2015.05.03-02.13.26:605][284]PIE:Warning: Warning BP_TargetIncrement2_1271.Ring3 SM_Ring has to have 'Simulate Physics' enabled if you'd like to AddForceAtLocation. 
[2015.05.03-02.13.26:621][285]PIE:Warning: Warning BP_TargetIncrement2_1271.Ring3 SM_Ring has to have 'Simulate Physics' enabled if you'd like to AddForceAtLocation. 
[2015.05.03-02.13.26:637][286]PIE:Warning: Warning BP_TargetIncrement2_1271.Ring3 SM_Ring has to have 'Simulate Physics' enabled if you'd like to AddForceAtLocation. 
[2015.05.03-02.13.26:653][287]PIE:Warning: Warning BP_TargetIncrement2_1271.Ring3 SM_Ring has to have 'Simulate Physics' enabled if you'd like to AddForceAtLocation. 
[2015.05.03-02.13.26:669][288]PIE:Warning: Warning BP_TargetIncrement2_1271.Ring3 SM_Ring has to have 'Simulate Physics' enabled if you'd like to AddForceAtLocation. 
[2015.05.03-02.13.26:686][289]PIE:Warning: Warning BP_TargetIncrement2_1271.Ring3 SM_Ring has to have 'Simulate Physics' enabled if you'd like to AddForceAtLocation. 
[2015.05.03-02.13.26:702][290]PIE:Warning: Warning BP_TargetIncrement2_1271.Ring3 SM_Ring has to have 'Simulate Physics' enabled if you'd like to AddForceAtLocation. 
[2015.05.03-02.13.26:718][291]PIE:Warning: Warning BP_TargetIncrement2_1271.Ring3 SM_Ring has to have 'Simulate Physics' enabled if you'd like to AddForceAtLocation. 
[2015.05.03-02.13.26:734][292]PIE:Warning: Warning BP_TargetIncrement2_1271.Ring3 SM_Ring has to have 'Simulate Physics' enabled if you'd like to AddForceAtLocation. 
[2015.05.03-02.13.26:750][293]PIE:Warning: Warning BP_TargetIncrement2_1271.Ring3 SM_Ring has to have 'Simulate Physics' enabled if you'd like to AddForceAtLocation. 
[2015.05.03-02.13.26:766][294]PIE:Warning: Warning BP_TargetIncrement2_1271.Ring3 SM_Ring has to have 'Simulate Physics' enabled if you'd like to AddForceAtLocation. 
[2015.05.03-02.13.26:782][295]PIE:Warning: Warning BP_TargetIncrement2_1271.Ring3 SM_Ring has to have 'Simulate Physics' enabled if you'd like to AddForceAtLocation. 
[2015.05.03-02.13.26:799][296]PIE:Warning: Warning BP_TargetIncrement2_1271.Ring3 SM_Ring has to have 'Simulate Physics' enabled if you'd like to AddForceAtLocation. 
[2015.05.03-02.13.26:815][297]PIE:Warning: Warning BP_TargetIncrement2_1271.Ring3 SM_Ring has to have 'Simulate Physics' enabled if you'd like to AddForceAtLocation. 
[2015.05.03-02.13.26:831][298]PIE:Warning: Warning BP_TargetIncrement2_1271.Ring3 SM_Ring has to have 'Simulate Physics' enabled if you'd like to AddForceAtLocation. 
[2015.05.03-02.13.26:847][299]PIE:Warning: Warning BP_TargetIncrement2_1271.Ring3 SM_Ring has to have 'Simulate Physics' enabled if you'd like to AddForceAtLocation. 
[2015.05.03-02.13.26:863][300]PIE:Warning: Warning BP_TargetIncrement2_1271.Ring3 SM_Ring has to have 'Simulate Physics' enabled if you'd like to AddForceAtLocation. 
[2015.05.03-02.13.26:879][301]PIE:Warning: Warning BP_TargetIncrement2_1271.Ring3 SM_Ring has to have 'Simulate Physics' enabled if you'd like to AddForceAtLocation. 
[2015.05.03-02.13.26:895][302]PIE:Warning: Warning BP_TargetIncrement2_1271.Ring3 SM_Ring has to have 'Simulate Physics' enabled if you'd like to AddForceAtLocation. 
[2015.05.03-02.13.26:912][303]PIE:Warning: Warning BP_TargetIncrement2_1271.Ring3 SM_Ring has to have 'Simulate Physics' enabled if you'd like to AddForceAtLocation. 
[2015.05.03-02.13.26:928][304]PIE:Warning: Warning BP_TargetIncrement2_1271.Ring3 SM_Ring has to have 'Simulate Physics' enabled if you'd like to AddForceAtLocation. 
[2015.05.03-02.13.26:944][305]PIE:Warning: Warning BP_TargetIncrement2_1271.Ring3 SM_Ring has to have 'Simulate Physics' enabled if you'd like to AddForceAtLocation. 
[2015.05.03-02.13.26:960][306]PIE:Warning: Warning BP_TargetIncrement2_1271.Ring3 SM_Ring has to have 'Simulate Physics' enabled if you'd like to AddForceAtLocation. 
[2015.05.03-02.13.26:976][307]PIE:Warning: Warning BP_TargetIncrement2_1271.Ring3 SM_Ring has to have 'Simulate Physics' enabled if you'd like to AddForceAtLocation. 
[2015.05.03-02.13.26:992][308]PIE:Warning: Warning BP_TargetIncrement2_1271.Ring3 SM_Ring has to have 'Simulate Physics' enabled if you'd like to AddForceAtLocation. 
[2015.05.03-02.13.27:008][309]PIE:Warning: Warning BP_TargetIncrement2_1271.Ring3 SM_Ring has to have 'Simulate Physics' enabled if you'd like to AddForceAtLocation. 
[2015.05.03-02.13.27:024][310]PIE:Warning: Warning BP_TargetIncrement2_1271.Ring3 SM_Ring has to have 'Simulate Physics' enabled if you'd like to AddForceAtLocation. 
[2015.05.03-02.13.27:040][311]PIE:Warning: Warning BP_TargetIncrement2_1271.Ring3 SM_Ring has to have 'Simulate Physics' enabled if you'd like to AddForceAtLocation. 
[2015.05.03-02.13.27:057][312]PIE:Warning: Warning BP_TargetIncrement2_1271.Ring3 SM_Ring has to have 'Simulate Physics' enabled if you'd like to AddForceAtLocation. 
[2015.05.03-02.13.27:073][313]PIE:Warning: Warning BP_TargetIncrement2_1271.Ring3 SM_Ring has to have 'Simulate Physics' enabled if you'd like to AddForceAtLocation. 
[2015.05.03-02.13.27:089][314]PIE:Warning: Warning BP_TargetIncrement2_1271.Ring3 SM_Ring has to have 'Simulate Physics' enabled if you'd like to AddForceAtLocation. 
[2015.05.03-02.13.27:105][315]PIE:Warning: Warning BP_TargetIncrement2_1271.Ring3 SM_Ring has to have 'Simulate Physics' enabled if you'd like to AddForceAtLocation. 
[2015.05.03-02.13.27:121][316]PIE:Warning: Warning BP_TargetIncrement2_1271.Ring3 SM_Ring has to have 'Simulate Physics' enabled if you'd like to AddForceAtLocation. 
[2015.05.03-02.13.27:137][317]PIE:Warning: Warning BP_TargetIncrement2_1271.Ring3 SM_Ring has to have 'Simulate Physics' enabled if you'd like to AddForceAtLocation. 
[2015.05.03-02.13.27:154][318]PIE:Warning: Warning BP_TargetIncrement2_1271.Ring3 SM_Ring has to have 'Simulate Physics' enabled if you'd like to AddForceAtLocation. 
[2015.05.03-02.13.27:170][319]PIE:Warning: Warning BP_TargetIncrement2_1271.Ring3 SM_Ring has to have 'Simulate Physics' enabled if you'd like to AddForceAtLocation. 
[2015.05.03-02.13.27:186][320]PIE:Warning: Warning BP_TargetIncrement2_1271.Ring3 SM_Ring has to have 'Simulate Physics' enabled if you'd like to AddForceAtLocation. 
[2015.05.03-02.13.27:202][321]PIE:Warning: Warning BP_TargetIncrement2_1271.Ring3 SM_Ring has to have 'Simulate Physics' enabled if you'd like to AddForceAtLocation. 
[2015.05.03-02.13.27:218][322]PIE:Warning: Warning BP_TargetIncrement2_1271.Ring3 SM_Ring has to have 'Simulate Physics' enabled if you'd like to AddForceAtLocation. 
[2015.05.03-02.13.27:234][323]PIE:Warning: Warning BP_TargetIncrement2_1271.Ring3 SM_Ring has to have 'Simulate Physics' enabled if you'd like to AddForceAtLocation. 
[2015.05.03-02.13.27:250][324]PIE:Warning: Warning BP_TargetIncrement2_1271.Ring3 SM_Ring has to have 'Simulate Physics' enabled if you'd like to AddForceAtLocation. 
[2015.05.03-02.13.27:267][325]PIE:Warning: Warning BP_TargetIncrement2_1271.Ring3 SM_Ring has to have 'Simulate Physics' enabled if you'd like to AddForceAtLocation. 
[2015.05.03-02.13.27:283][326]PIE:Warning: Warning BP_TargetIncrement2_1271.Ring3 SM_Ring has to have 'Simulate Physics' enabled if you'd like to AddForceAtLocation. 
[2015.05.03-02.13.27:299][327]PIE:Warning: Warning BP_TargetIncrement2_1271.Ring3 SM_Ring has to have 'Simulate Physics' enabled if you'd like to AddForceAtLocation. 
[2015.05.03-02.13.27:315][328]PIE:Warning: Warning BP_TargetIncrement2_1271.Ring3 SM_Ring has to have 'Simulate Physics' enabled if you'd like to AddForceAtLocation. 
[2015.05.03-02.13.27:331][329]PIE:Warning: Warning BP_TargetIncrement2_1271.Ring3 SM_Ring has to have 'Simulate Physics' enabled if you'd like to AddForceAtLocation. 
[2015.05.03-02.13.27:347][330]PIE:Warning: Warning BP_TargetIncrement2_1271.Ring3 SM_Ring has to have 'Simulate Physics' enabled if you'd like to AddForceAtLocation. 
[2015.05.03-02.13.27:363][331]PIE:Warning: Warning BP_TargetIncrement2_1271.Ring3 SM_Ring has to have 'Simulate Physics' enabled if you'd like to AddForceAtLocation. 
[2015.05.03-02.13.27:379][332]PIE:Warning: Warning BP_TargetIncrement2_1271.Ring3 SM_Ring has to have 'Simulate Physics' enabled if you'd like to AddForceAtLocation. 
[2015.05.03-02.13.27:395][333]PIE:Warning: Warning BP_TargetIncrement2_1271.Ring3 SM_Ring has to have 'Simulate Physics' enabled if you'd like to AddForceAtLocation. 
[2015.05.03-02.13.27:412][334]PIE:Warning: Warning BP_TargetIncrement2_1271.Ring3 SM_Ring has to have 'Simulate Physics' enabled if you'd like to AddForceAtLocation. 
[2015.05.03-02.13.27:428][335]PIE:Warning: Warning BP_TargetIncrement2_1271.Ring3 SM_Ring has to have 'Simulate Physics' enabled if you'd like to AddForceAtLocation. 
[2015.05.03-02.13.27:444][336]PIE:Warning: Warning BP_TargetIncrement2_1271.Ring3 SM_Ring has to have 'Simulate Physics' enabled if you'd like to AddForceAtLocation. 
[2015.05.03-02.13.27:460][337]PIE:Warning: Warning BP_TargetIncrement2_1271.Ring3 SM_Ring has to have 'Simulate Physics' enabled if you'd like to AddForceAtLocation. 
[2015.05.03-02.13.27:476][338]PIE:Warning: Warning BP_TargetIncrement2_1271.Ring3 SM_Ring has to have 'Simulate Physics' enabled if you'd like to AddForceAtLocation. 
[2015.05.03-02.13.27:492][339]PIE:Warning: Warning BP_TargetIncrement2_1271.Ring3 SM_Ring has to have 'Simulate Physics' enabled if you'd like to AddForceAtLocation. 
[2015.05.03-02.13.27:509][340]PIE:Warning: Warning BP_TargetIncrement2_1271.Ring3 SM_Ring has to have 'Simulate Physics' enabled if you'd like to AddForceAtLocation. 
[2015.05.03-02.13.27:524][341]PIE:Warning: Warning BP_TargetIncrement2_1271.Ring3 SM_Ring has to have 'Simulate Physics' enabled if you'd like to AddForceAtLocation. 
[2015.05.03-02.13.27:540][342]PIE:Warning: Warning BP_TargetIncrement2_1271.Ring3 SM_Ring has to have 'Simulate Physics' enabled if you'd like to AddForceAtLocation. 
[2015.05.03-02.13.27:557][343]PIE:Warning: Warning BP_TargetIncrement2_1271.Ring3 SM_Ring has to have 'Simulate Physics' enabled if you'd like to AddForceAtLocation. 
[2015.05.03-02.13.27:573][344]PIE:Warning: Warning BP_TargetIncrement2_1271.Ring3 SM_Ring has to have 'Simulate Physics' enabled if you'd like to AddForceAtLocation. 
[2015.05.03-02.13.27:589][345]PIE:Warning: Warning BP_TargetIncrement2_1271.Ring3 SM_Ring has to have 'Simulate Physics' enabled if you'd like to AddForceAtLocation. 
[2015.05.03-02.13.27:605][346]PIE:Warning: Warning BP_TargetIncrement2_1271.Ring3 SM_Ring has to have 'Simulate Physics' enabled if you'd like to AddForceAtLocation. 
[2015.05.03-02.13.27:621][347]PIE:Warning: Warning BP_TargetIncrement2_1271.Ring3 SM_Ring has to have 'Simulate Physics' enabled if you'd like to AddForceAtLocation. 
[2015.05.03-02.13.27:637][348]PIE:Warning: Warning BP_TargetIncrement2_1271.Ring3 SM_Ring has to have 'Simulate Physics' enabled if you'd like to AddForceAtLocation. 
[2015.05.03-02.13.27:654][349]PIE:Warning: Warning BP_TargetIncrement2_1271.Ring3 SM_Ring has to have 'Simulate Physics' enabled if you'd like to AddForceAtLocation. 
[2015.05.03-02.13.27:670][350]PIE:Warning: Warning BP_TargetIncrement2_1271.Ring3 SM_Ring has to have 'Simulate Physics' enabled if you'd like to AddForceAtLocation. 
[2015.05.03-02.13.27:686][351]PIE:Warning: Warning BP_TargetIncrement2_1271.Ring3 SM_Ring has to have 'Simulate Physics' enabled if you'd like to AddForceAtLocation. 
[2015.05.03-02.13.27:702][352]PIE:Warning: Warning BP_TargetIncrement2_1271.Ring3 SM_Ring has to have 'Simulate Physics' enabled if you'd like to AddForceAtLocation. 
[2015.05.03-02.13.27:718][353]PIE:Warning: Warning BP_TargetIncrement2_1271.Ring3 SM_Ring has to have 'Simulate Physics' enabled if you'd like to AddForceAtLocation. 
[2015.05.03-02.13.27:734][354]PIE:Warning: Warning BP_TargetIncrement2_1271.Ring3 SM_Ring has to have 'Simulate Physics' enabled if you'd like to AddForceAtLocation. 
[2015.05.03-02.13.27:750][355]PIE:Warning: Warning BP_TargetIncrement2_1271.Ring3 SM_Ring has to have 'Simulate Physics' enabled if you'd like to AddForceAtLocation. 
[2015.05.03-02.13.27:767][356]PIE:Warning: Warning BP_TargetIncrement2_1271.Ring3 SM_Ring has to have 'Simulate Physics' enabled if you'd like to AddForceAtLocation. 
[2015.05.03-02.13.27:783][357]PIE:Warning: Warning BP_TargetIncrement2_1271.Ring3 SM_Ring has to have 'Simulate Physics' enabled if you'd like to AddForceAtLocation. 
[2015.05.03-02.13.27:799][358]PIE:Warning: Warning BP_TargetIncrement2_1271.Ring3 SM_Ring has to have 'Simulate Physics' enabled if you'd like to AddForceAtLocation. 
[2015.05.03-02.13.27:815][359]PIE:Warning: Warning BP_TargetIncrement2_1271.Ring3 SM_Ring has to have 'Simulate Physics' enabled if you'd like to AddForceAtLocation. 
[2015.05.03-02.13.27:831][360]PIE:Warning: Warning BP_TargetIncrement2_1271.Ring3 SM_Ring has to have 'Simulate Physics' enabled if you'd like to AddForceAtLocation. 
[2015.05.03-02.13.27:847][361]PIE:Warning: Warning BP_TargetIncrement2_1271.Ring3 SM_Ring has to have 'Simulate Physics' enabled if you'd like to AddForceAtLocation. 
[2015.05.03-02.13.27:863][362]PIE:Warning: Warning BP_TargetIncrement2_1271.Ring3 SM_Ring has to have 'Simulate Physics' enabled if you'd like to AddForceAtLocation. 
[2015.05.03-02.13.27:879][363]PIE:Warning: Warning BP_TargetIncrement2_1271.Ring3 SM_Ring has to have 'Simulate Physics' enabled if you'd like to AddForceAtLocation. 
[2015.05.03-02.13.27:896][364]PIE:Warning: Warning BP_TargetIncrement2_1271.Ring3 SM_Ring has to have 'Simulate Physics' enabled if you'd like to AddForceAtLocation. 
[2015.05.03-02.13.27:912][365]PIE:Warning: Warning BP_TargetIncrement2_1271.Ring3 SM_Ring has to have 'Simulate Physics' enabled if you'd like to AddForceAtLocation. 
[2015.05.03-02.13.27:928][366]PIE:Warning: Warning BP_TargetIncrement2_1271.Ring3 SM_Ring has to have 'Simulate Physics' enabled if you'd like to AddForceAtLocation. 
[2015.05.03-02.13.27:944][367]PIE:Warning: Warning BP_TargetIncrement2_1271.Ring3 SM_Ring has to have 'Simulate Physics' enabled if you'd like to AddForceAtLocation. 
[2015.05.03-02.13.27:960][368]PIE:Warning: Warning BP_TargetIncrement2_1271.Ring3 SM_Ring has to have 'Simulate Physics' enabled if you'd like to AddForceAtLocation. 
[2015.05.03-02.13.27:976][369]PIE:Warning: Warning BP_TargetIncrement2_1271.Ring3 SM_Ring has to have 'Simulate Physics' enabled if you'd like to AddForceAtLocation. 
[2015.05.03-02.13.27:992][370]PIE:Warning: Warning BP_TargetIncrement2_1271.Ring3 SM_Ring has to have 'Simulate Physics' enabled if you'd like to AddForceAtLocation. 
[2015.05.03-02.13.28:008][371]PIE:Warning: Warning BP_TargetIncrement2_1271.Ring3 SM_Ring has to have 'Simulate Physics' enabled if you'd like to AddForceAtLocation. 
[2015.05.03-02.13.28:024][372]PIE:Warning: Warning BP_TargetIncrement2_1271.Ring3 SM_Ring has to have 'Simulate Physics' enabled if you'd like to AddForceAtLocation. 
[2015.05.03-02.13.28:041][373]PIE:Warning: Warning BP_TargetIncrement2_1271.Ring3 SM_Ring has to have 'Simulate Physics' enabled if you'd like to AddForceAtLocation. 
[2015.05.03-02.13.28:057][374]PIE:Warning: Warning BP_TargetIncrement2_1271.Ring3 SM_Ring has to have 'Simulate Physics' enabled if you'd like to AddForceAtLocation. 
[2015.05.03-02.13.28:073][375]PIE:Warning: Warning BP_TargetIncrement2_1271.Ring3 SM_Ring has to have 'Simulate Physics' enabled if you'd like to AddForceAtLocation. 
[2015.05.03-02.13.28:089][376]PIE:Warning: Warning BP_TargetIncrement2_1271.Ring3 SM_Ring has to have 'Simulate Physics' enabled if you'd like to AddForceAtLocation. 
[2015.05.03-02.13.28:105][377]PIE:Warning: Warning BP_TargetIncrement2_1271.Ring3 SM_Ring has to have 'Simulate Physics' enabled if you'd like to AddForceAtLocation. 
[2015.05.03-02.13.28:121][378]PIE:Warning: Warning BP_TargetIncrement2_1271.Ring3 SM_Ring has to have 'Simulate Physics' enabled if you'd like to AddForceAtLocation. 
[2015.05.03-02.13.28:137][379]PIE:Warning: Warning BP_TargetIncrement2_1271.Ring3 SM_Ring has to have 'Simulate Physics' enabled if you'd like to AddForceAtLocation. 
[2015.05.03-02.13.28:153][380]PIE:Warning: Warning BP_TargetIncrement2_1271.Ring3 SM_Ring has to have 'Simulate Physics' enabled if you'd like to AddForceAtLocation. 
[2015.05.03-02.13.28:170][381]PIE:Warning: Warning BP_TargetIncrement2_1271.Ring3 SM_Ring has to have 'Simulate Physics' enabled if you'd like to AddForceAtLocation. 
[2015.05.03-02.13.28:186][382]PIE:Warning: Warning BP_TargetIncrement2_1271.Ring3 SM_Ring has to have 'Simulate Physics' enabled if you'd like to AddForceAtLocation. 
[2015.05.03-02.13.28:202][383]PIE:Warning: Warning BP_TargetIncrement2_1271.Ring3 SM_Ring has to have 'Simulate Physics' enabled if you'd like to AddForceAtLocation. 
[2015.05.03-02.13.28:218][384]PIE:Warning: Warning BP_TargetIncrement2_1271.Ring3 SM_Ring has to have 'Simulate Physics' enabled if you'd like to AddForceAtLocation. 
[2015.05.03-02.13.28:234][385]PIE:Warning: Warning BP_TargetIncrement2_1271.Ring3 SM_Ring has to have 'Simulate Physics' enabled if you'd like to AddForceAtLocation. 
[2015.05.03-02.13.28:250][386]PIE:Warning: Warning BP_TargetIncrement2_1271.Ring3 SM_Ring has to have 'Simulate Physics' enabled if you'd like to AddForceAtLocation. 
[2015.05.03-02.13.28:266][387]PIE:Warning: Warning BP_TargetIncrement2_1271.Ring3 SM_Ring has to have 'Simulate Physics' enabled if you'd like to AddForceAtLocation. 
[2015.05.03-02.13.28:282][388]PIE:Warning: Warning BP_TargetIncrement2_1271.Ring3 SM_Ring has to have 'Simulate Physics' enabled if you'd like to AddForceAtLocation. 
[2015.05.03-02.13.28:299][389]PIE:Warning: Warning BP_TargetIncrement2_1271.Ring3 SM_Ring has to have 'Simulate Physics' enabled if you'd like to AddForceAtLocation. 
[2015.05.03-02.13.28:315][390]PIE:Warning: Warning BP_TargetIncrement2_1271.Ring3 SM_Ring has to have 'Simulate Physics' enabled if you'd like to AddForceAtLocation. 
[2015.05.03-02.13.28:331][391]PIE:Warning: Warning BP_TargetIncrement2_1271.Ring3 SM_Ring has to have 'Simulate Physics' enabled if you'd like to AddForceAtLocation. 
[2015.05.03-02.13.28:347][392]PIE:Warning: Warning BP_TargetIncrement2_1271.Ring3 SM_Ring has to have 'Simulate Physics' enabled if you'd like to AddForceAtLocation. 
[2015.05.03-02.13.28:363][393]PIE:Warning: Warning BP_TargetIncrement2_1271.Ring3 SM_Ring has to have 'Simulate Physics' enabled if you'd like to AddForceAtLocation. 
[2015.05.03-02.13.28:379][394]PIE:Warning: Warning BP_TargetIncrement2_1271.Ring3 SM_Ring has to have 'Simulate Physics' enabled if you'd like to AddForceAtLocation. 
[2015.05.03-02.13.28:395][395]PIE:Warning: Warning BP_TargetIncrement2_1271.Ring3 SM_Ring has to have 'Simulate Physics' enabled if you'd like to AddForceAtLocation. 
[2015.05.03-02.13.28:411][396]PIE:Warning: Warning BP_TargetIncrement2_1271.Ring3 SM_Ring has to have 'Simulate Physics' enabled if you'd like to AddForceAtLocation. 
[2015.05.03-02.13.28:428][397]PIE:Warning: Warning BP_TargetIncrement2_1271.Ring3 SM_Ring has to have 'Simulate Physics' enabled if you'd like to AddForceAtLocation. 
[2015.05.03-02.13.28:444][398]PIE:Warning: Warning BP_TargetIncrement2_1271.Ring3 SM_Ring has to have 'Simulate Physics' enabled if you'd like to AddForceAtLocation. 
[2015.05.03-02.13.28:460][399]PIE:Warning: Warning BP_TargetIncrement2_1271.Ring3 SM_Ring has to have 'Simulate Physics' enabled if you'd like to AddForceAtLocation. 
[2015.05.03-02.13.28:476][400]PIE:Warning: Warning BP_TargetIncrement2_1271.Ring3 SM_Ring has to have 'Simulate Physics' enabled if you'd like to AddForceAtLocation. 
[2015.05.03-02.13.28:492][401]PIE:Warning: Warning BP_TargetIncrement2_1271.Ring3 SM_Ring has to have 'Simulate Physics' enabled if you'd like to AddForceAtLocation. 
[2015.05.03-02.13.28:508][402]PIE:Warning: Warning BP_TargetIncrement2_1271.Ring3 SM_Ring has to have 'Simulate Physics' enabled if you'd like to AddForceAtLocation. 
[2015.05.03-02.13.28:524][403]PIE:Warning: Warning BP_TargetIncrement2_1271.Ring3 SM_Ring has to have 'Simulate Physics' enabled if you'd like to AddForceAtLocation. 
[2015.05.03-02.13.28:540][404]PIE:Warning: Warning BP_TargetIncrement2_1271.Ring3 SM_Ring has to have 'Simulate Physics' enabled if you'd like to AddForceAtLocation. 
[2015.05.03-02.13.28:557][405]PIE:Warning: Warning BP_TargetIncrement2_1271.Ring3 SM_Ring has to have 'Simulate Physics' enabled if you'd like to AddForceAtLocation. 
[2015.05.03-02.13.28:573][406]PIE:Warning: Warning BP_TargetIncrement2_1271.Ring3 SM_Ring has to have 'Simulate Physics' enabled if you'd like to AddForceAtLocation. 
[2015.05.03-02.13.28:589][407]PIE:Warning: Warning BP_TargetIncrement2_1271.Ring3 SM_Ring has to have 'Simulate Physics' enabled if you'd like to AddForceAtLocation. 
[2015.05.03-02.13.28:605][408]PIE:Warning: Warning BP_TargetIncrement2_1271.Ring3 SM_Ring has to have 'Simulate Physics' enabled if you'd like to AddForceAtLocation. 
[2015.05.03-02.13.28:621][409]PIE:Warning: Warning BP_TargetIncrement2_1271.Ring3 SM_Ring has to have 'Simulate Physics' enabled if you'd like to AddForceAtLocation. 
[2015.05.03-02.13.28:637][410]PIE:Warning: Warning BP_TargetIncrement2_1271.Ring3 SM_Ring has to have 'Simulate Physics' enabled if you'd like to AddForceAtLocation. 
[2015.05.03-02.13.28:653][411]PIE:Warning: Warning BP_TargetIncrement2_1271.Ring3 SM_Ring has to have 'Simulate Physics' enabled if you'd like to AddForceAtLocation. 
[2015.05.03-02.13.28:670][412]PIE:Warning: Warning BP_TargetIncrement2_1271.Ring3 SM_Ring has to have 'Simulate Physics' enabled if you'd like to AddForceAtLocation. 
[2015.05.03-02.13.28:686][413]PIE:Warning: Warning BP_TargetIncrement2_1271.Ring3 SM_Ring has to have 'Simulate Physics' enabled if you'd like to AddForceAtLocation. 
[2015.05.03-02.13.28:702][414]PIE:Warning: Warning BP_TargetIncrement2_1271.Ring3 SM_Ring has to have 'Simulate Physics' enabled if you'd like to AddForceAtLocation. 
[2015.05.03-02.13.28:718][415]PIE:Warning: Warning BP_TargetIncrement2_1271.Ring3 SM_Ring has to have 'Simulate Physics' enabled if you'd like to AddForceAtLocation. 
[2015.05.03-02.13.28:734][416]PIE:Warning: Warning BP_TargetIncrement2_1271.Ring3 SM_Ring has to have 'Simulate Physics' enabled if you'd like to AddForceAtLocation. 
[2015.05.03-02.13.28:750][417]PIE:Warning: Warning BP_TargetIncrement2_1271.Ring3 SM_Ring has to have 'Simulate Physics' enabled if you'd like to AddForceAtLocation. 
[2015.05.03-02.13.28:766][418]PIE:Warning: Warning BP_TargetIncrement2_1271.Ring3 SM_Ring has to have 'Simulate Physics' enabled if you'd like to AddForceAtLocation. 
[2015.05.03-02.13.28:782][419]PIE:Warning: Warning BP_TargetIncrement2_1271.Ring3 SM_Ring has to have 'Simulate Physics' enabled if you'd like to AddForceAtLocation. 
[2015.05.03-02.13.28:799][420]PIE:Warning: Warning BP_TargetIncrement2_1271.Ring3 SM_Ring has to have 'Simulate Physics' enabled if you'd like to AddForceAtLocation. 
[2015.05.03-02.13.28:815][421]PIE:Warning: Warning BP_TargetIncrement2_1271.Ring3 SM_Ring has to have 'Simulate Physics' enabled if you'd like to AddForceAtLocation. 
[2015.05.03-02.13.28:831][422]PIE:Warning: Warning BP_TargetIncrement2_1271.Ring3 SM_Ring has to have 'Simulate Physics' enabled if you'd like to AddForceAtLocation. 
[2015.05.03-02.13.28:847][423]PIE:Warning: Warning BP_TargetIncrement2_1271.Ring3 SM_Ring has to have 'Simulate Physics' enabled if you'd like to AddForceAtLocation. 
[2015.05.03-02.13.28:863][424]PIE:Warning: Warning BP_TargetIncrement2_1271.Ring3 SM_Ring has to have 'Simulate Physics' enabled if you'd like to AddForceAtLocation. 
[2015.05.03-02.13.28:879][425]PIE:Warning: Warning BP_TargetIncrement2_1271.Ring3 SM_Ring has to have 'Simulate Physics' enabled if you'd like to AddForceAtLocation. 
[2015.05.03-02.13.28:895][426]PIE:Warning: Warning BP_TargetIncrement2_1271.Ring3 SM_Ring has to have 'Simulate Physics' enabled if you'd like to AddForceAtLocation. 
[2015.05.03-02.13.28:911][427]PIE:Warning: Warning BP_TargetIncrement2_1271.Ring3 SM_Ring has to have 'Simulate Physics' enabled if you'd like to AddForceAtLocation. 
[2015.05.03-02.13.28:928][428]PIE:Warning: Warning BP_TargetIncrement2_1271.Ring3 SM_Ring has to have 'Simulate Physics' enabled if you'd like to AddForceAtLocation. 
[2015.05.03-02.13.28:944][429]PIE:Warning: Warning BP_TargetIncrement2_1271.Ring3 SM_Ring has to have 'Simulate Physics' enabled if you'd like to AddForceAtLocation. 
[2015.05.03-02.13.28:960][430]PIE:Warning: Warning BP_TargetIncrement2_1271.Ring3 SM_Ring has to have 'Simulate Physics' enabled if you'd like to AddForceAtLocation. 
[2015.05.03-02.13.28:976][431]PIE:Warning: Warning BP_TargetIncrement2_1271.Ring3 SM_Ring has to have 'Simulate Physics' enabled if you'd like to AddForceAtLocation. 
[2015.05.03-02.13.28:992][432]PIE:Warning: Warning BP_TargetIncrement2_1271.Ring3 SM_Ring has to have 'Simulate Physics' enabled if you'd like to AddForceAtLocation. 
[2015.05.03-02.13.29:008][433]PIE:Warning: Warning BP_TargetIncrement2_1271.Ring3 SM_Ring has to have 'Simulate Physics' enabled if you'd like to AddForceAtLocation. 
[2015.05.03-02.13.29:024][434]PIE:Warning: Warning BP_TargetIncrement2_1271.Ring3 SM_Ring has to have 'Simulate Physics' enabled if you'd like to AddForceAtLocation. 
[2015.05.03-02.13.29:040][435]PIE:Warning: Warning BP_TargetIncrement2_1271.Ring3 SM_Ring has to have 'Simulate Physics' enabled if you'd like to AddForceAtLocation. 
[2015.05.03-02.13.29:057][436]PIE:Warning: Warning BP_TargetIncrement2_1271.Ring3 SM_Ring has to have 'Simulate Physics' enabled if you'd like to AddForceAtLocation. 
[2015.05.03-02.13.29:073][437]PIE:Warning: Warning BP_TargetIncrement2_1271.Ring3 SM_Ring has to have 'Simulate Physics' enabled if you'd like to AddForceAtLocation. 
[2015.05.03-02.13.29:089][438]PIE:Warning: Warning BP_TargetIncrement2_1271.Ring3 SM_Ring has to have 'Simulate Physics' enabled if you'd like to AddForceAtLocation. 
[2015.05.03-02.13.29:105][439]PIE:Warning: Warning BP_TargetIncrement2_1271.Ring3 SM_Ring has to have 'Simulate Physics' enabled if you'd like to AddForceAtLocation. 
[2015.05.03-02.13.29:121][440]PIE:Warning: Warning BP_TargetIncrement2_1271.Ring3 SM_Ring has to have 'Simulate Physics' enabled if you'd like to AddForceAtLocation. 
[2015.05.03-02.13.29:137][441]PIE:Warning: Warning BP_TargetIncrement2_1271.Ring3 SM_Ring has to have 'Simulate Physics' enabled if you'd like to AddForceAtLocation. 
[2015.05.03-02.13.29:153][442]PIE:Warning: Warning BP_TargetIncrement2_1271.Ring3 SM_Ring has to have 'Simulate Physics' enabled if you'd like to AddForceAtLocation. 
[2015.05.03-02.13.29:170][443]PIE:Warning: Warning BP_TargetIncrement2_1271.Ring3 SM_Ring has to have 'Simulate Physics' enabled if you'd like to AddForceAtLocation. 
[2015.05.03-02.13.29:186][444]PIE:Warning: Warning BP_TargetIncrement2_1271.Ring3 SM_Ring has to have 'Simulate Physics' enabled if you'd like to AddForceAtLocation. 
[2015.05.03-02.13.29:202][445]PIE:Warning: Warning BP_TargetIncrement2_1271.Ring3 SM_Ring has to have 'Simulate Physics' enabled if you'd like to AddForceAtLocation. 
[2015.05.03-02.13.29:218][446]PIE:Warning: Warning BP_TargetIncrement2_1271.Ring3 SM_Ring has to have 'Simulate Physics' enabled if you'd like to AddForceAtLocation. 
[2015.05.03-02.13.29:234][447]PIE:Warning: Warning BP_TargetIncrement2_1271.Ring3 SM_Ring has to have 'Simulate Physics' enabled if you'd like to AddForceAtLocation. 
[2015.05.03-02.13.29:250][448]PIE:Warning: Warning BP_TargetIncrement2_1271.Ring3 SM_Ring has to have 'Simulate Physics' enabled if you'd like to AddForceAtLocation. 
[2015.05.03-02.13.29:266][449]PIE:Warning: Warning BP_TargetIncrement2_1271.Ring3 SM_Ring has to have 'Simulate Physics' enabled if you'd like to AddForceAtLocation. 
[2015.05.03-02.13.29:282][450]PIE:Warning: Warning BP_TargetIncrement2_1271.Ring3 SM_Ring has to have 'Simulate Physics' enabled if you'd like to AddForceAtLocation. 
[2015.05.03-02.13.29:299][451]PIE:Warning: Warning BP_TargetIncrement2_1271.Ring3 SM_Ring has to have 'Simulate Physics' enabled if you'd like to AddForceAtLocation. 
[2015.05.03-02.13.29:315][452]PIE:Warning: Warning BP_TargetIncrement2_1271.Ring3 SM_Ring has to have 'Simulate Physics' enabled if you'd like to AddForceAtLocation. 
[2015.05.03-02.13.29:331][453]PIE:Warning: Warning BP_TargetIncrement2_1271.Ring3 SM_Ring has to have 'Simulate Physics' enabled if you'd like to AddForceAtLocation. 
[2015.05.03-02.13.29:347][454]PIE:Warning: Warning BP_TargetIncrement2_1271.Ring3 SM_Ring has to have 'Simulate Physics' enabled if you'd like to AddForceAtLocation. 
[2015.05.03-02.13.29:363][455]PIE:Warning: Warning BP_TargetIncrement2_1271.Ring3 SM_Ring has to have 'Simulate Physics' enabled if you'd like to AddForceAtLocation. 
[2015.05.03-02.13.29:379][456]PIE:Warning: Warning BP_TargetIncrement2_1271.Ring3 SM_Ring has to have 'Simulate Physics' enabled if you'd like to AddForceAtLocation. 
[2015.05.03-02.13.29:395][457]PIE:Warning: Warning BP_TargetIncrement2_1271.Ring3 SM_Ring has to have 'Simulate Physics' enabled if you'd like to AddForceAtLocation. 
[2015.05.03-02.13.29:411][458]PIE:Warning: Warning BP_TargetIncrement2_1271.Ring3 SM_Ring has to have 'Simulate Physics' enabled if you'd like to AddForceAtLocation. 
[2015.05.03-02.13.29:428][459]PIE:Warning: Warning BP_TargetIncrement2_1271.Ring3 SM_Ring has to have 'Simulate Physics' enabled if you'd like to AddForceAtLocation. 
[2015.05.03-02.13.29:444][460]PIE:Warning: Warning BP_TargetIncrement2_1271.Ring3 SM_Ring has to have 'Simulate Physics' enabled if you'd like to AddForceAtLocation. 
[2015.05.03-02.13.29:460][461]PIE:Warning: Warning BP_TargetIncrement2_1271.Ring3 SM_Ring has to have 'Simulate Physics' enabled if you'd like to AddForceAtLocation. 
[2015.05.03-02.13.29:476][462]PIE:Warning: Warning BP_TargetIncrement2_1271.Ring3 SM_Ring has to have 'Simulate Physics' enabled if you'd like to AddForceAtLocation. 
[2015.05.03-02.13.29:492][463]PIE:Warning: Warning BP_TargetIncrement2_1271.Ring3 SM_Ring has to have 'Simulate Physics' enabled if you'd like to AddForceAtLocation. 
[2015.05.03-02.13.29:508][464]PIE:Warning: Warning BP_TargetIncrement2_1271.Ring3 SM_Ring has to have 'Simulate Physics' enabled if you'd like to AddForceAtLocation. 
[2015.05.03-02.13.54:300][  1]PIE:Warning: Warning BP_TargetIncrement_C_1.Ring3 SM_Ring has to have 'Simulate Physics' enabled if you'd like to AddForceAtLocation. 
[2015.05.03-02.13.54:316][  2]PIE:Warning: Warning BP_TargetIncrement_C_1.Ring3 SM_Ring has to have 'Simulate Physics' enabled if you'd like to AddForceAtLocation. 
[2015.05.03-02.13.54:333][  3]PIE:Warning: Warning BP_TargetIncrement_C_1.Ring3 SM_Ring has to have 'Simulate Physics' enabled if you'd like to AddForceAtLocation. 
[2015.05.03-02.13.54:349][  4]PIE:Warning: Warning BP_TargetIncrement_C_1.Ring3 SM_Ring has to have 'Simulate Physics' enabled if you'd like to AddForceAtLocation. 
[2015.05.03-02.13.54:365][  5]PIE:Warning: Warning BP_TargetIncrement_C_1.Ring3 SM_Ring has to have 'Simulate Physics' enabled if you'd like to AddForceAtLocation. 
[2015.05.03-02.13.54:381][  6]PIE:Warning: Warning BP_TargetIncrement_C_1.Ring3 SM_Ring has to have 'Simulate Physics' enabled if you'd like to AddForceAtLocation. 
[2015.05.03-02.13.54:397][  7]PIE:Warning: Warning BP_TargetIncrement_C_1.Ring3 SM_Ring has to have 'Simulate Physics' enabled if you'd like to AddForceAtLocation. 
[2015.05.03-02.13.54:413][  8]PIE:Warning: Warning BP_TargetIncrement_C_1.Ring3 SM_Ring has to have 'Simulate Physics' enabled if you'd like to AddForceAtLocation. 
[2015.05.03-02.13.54:429][  9]PIE:Warning: Warning BP_TargetIncrement_C_1.Ring3 SM_Ring has to have 'Simulate Physics' enabled if you'd like to AddForceAtLocation. 
[2015.05.03-02.13.54:445][ 10]PIE:Warning: Warning BP_TargetIncrement_C_1.Ring3 SM_Ring has to have 'Simulate Physics' enabled if you'd like to AddForceAtLocation. 
[2015.05.03-02.13.54:461][ 11]PIE:Warning: Warning BP_TargetIncrement_C_1.Ring3 SM_Ring has to have 'Simulate Physics' enabled if you'd like to AddForceAtLocation. 
[2015.05.03-02.13.54:478][ 12]PIE:Warning: Warning BP_TargetIncrement_C_1.Ring3 SM_Ring has to have 'Simulate Physics' enabled if you'd like to AddForceAtLocation. 
[2015.05.03-02.13.54:494][ 13]PIE:Warning: Warning BP_TargetIncrement_C_1.Ring3 SM_Ring has to have 'Simulate Physics' enabled if you'd like to AddForceAtLocation. 
[2015.05.03-02.13.54:510][ 14]PIE:Warning: Warning BP_TargetIncrement_C_1.Ring3 SM_Ring has to have 'Simulate Physics' enabled if you'd like to AddForceAtLocation. 
[2015.05.03-02.13.54:526][ 15]PIE:Warning: Warning BP_TargetIncrement_C_1.Ring3 SM_Ring has to have 'Simulate Physics' enabled if you'd like to AddForceAtLocation. 
[2015.05.03-02.13.54:542][ 16]PIE:Warning: Warning BP_TargetIncrement_C_1.Ring3 SM_Ring has to have 'Simulate Physics' enabled if you'd like to AddForceAtLocation. 
[2015.05.03-02.13.54:558][ 17]PIE:Warning: Warning BP_TargetIncrement_C_1.Ring3 SM_Ring has to have 'Simulate Physics' enabled if you'd like to AddForceAtLocation. 
[2015.05.03-02.13.54:574][ 18]PIE:Warning: Warning BP_TargetIncrement_C_1.Ring3 SM_Ring has to have 'Simulate Physics' enabled if you'd like to AddForceAtLocation. 
[2015.05.03-02.13.54:591][ 19]PIE:Warning: Warning BP_TargetIncrement_C_1.Ring3 SM_Ring has to have 'Simulate Physics' enabled if you'd like to AddForceAtLocation. 
[2015.05.03-02.13.54:607][ 20]PIE:Warning: Warning BP_TargetIncrement_C_1.Ring3 SM_Ring has to have 'Simulate Physics' enabled if you'd like to AddForceAtLocation. 
[2015.05.03-02.13.54:623][ 21]PIE:Warning: Warning BP_TargetIncrement_C_1.Ring3 SM_Ring has to have 'Simulate Physics' enabled if you'd like to AddForceAtLocation. 
[2015.05.03-02.13.54:639][ 22]PIE:Warning: Warning BP_TargetIncrement_C_1.Ring3 SM_Ring has to have 'Simulate Physics' enabled if you'd like to AddForceAtLocation. 
[2015.05.03-02.13.54:655][ 23]PIE:Warning: Warning BP_TargetIncrement_C_1.Ring3 SM_Ring has to have 'Simulate Physics' enabled if you'd like to AddForceAtLocation. 
[2015.05.03-02.13.54:671][ 24]PIE:Warning: Warning BP_TargetIncrement_C_1.Ring3 SM_Ring has to have 'Simulate Physics' enabled if you'd like to AddForceAtLocation. 
[2015.05.03-02.13.54:687][ 25]PIE:Warning: Warning BP_TargetIncrement_C_1.Ring3 SM_Ring has to have 'Simulate Physics' enabled if you'd like to AddForceAtLocation. 
[2015.05.03-02.13.54:703][ 26]PIE:Warning: Warning BP_TargetIncrement_C_1.Ring3 SM_Ring has to have 'Simulate Physics' enabled if you'd like to AddForceAtLocation. 
[2015.05.03-02.13.54:720][ 27]PIE:Warning: Warning BP_TargetIncrement_C_1.Ring3 SM_Ring has to have 'Simulate Physics' enabled if you'd like to AddForceAtLocation. 
[2015.05.03-02.13.54:736][ 28]PIE:Warning: Warning BP_TargetIncrement_C_1.Ring3 SM_Ring has to have 'Simulate Physics' enabled if you'd like to AddForceAtLocation. 
[2015.05.03-02.13.54:752][ 29]PIE:Warning: Warning BP_TargetIncrement_C_1.Ring3 SM_Ring has to have 'Simulate Physics' enabled if you'd like to AddForceAtLocation. 
[2015.05.03-02.13.54:768][ 30]PIE:Warning: Warning BP_TargetIncrement_C_1.Ring3 SM_Ring has to have 'Simulate Physics' enabled if you'd like to AddForceAtLocation. 
[2015.05.03-02.13.54:784][ 31]PIE:Warning: Warning BP_TargetIncrement_C_1.Ring3 SM_Ring has to have 'Simulate Physics' enabled if you'd like to AddForceAtLocation. 
[2015.05.03-02.13.54:800][ 32]PIE:Warning: Warning BP_TargetIncrement_C_1.Ring3 SM_Ring has to have 'Simulate Physics' enabled if you'd like to AddForceAtLocation. 
[2015.05.03-02.13.54:816][ 33]PIE:Warning: Warning BP_TargetIncrement_C_1.Ring3 SM_Ring has to have 'Simulate Physics' enabled if you'd like to AddForceAtLocation. 
[2015.05.03-02.13.54:833][ 34]PIE:Warning: Warning BP_TargetIncrement_C_1.Ring3 SM_Ring has to have 'Simulate Physics' enabled if you'd like to AddForceAtLocation. 
[2015.05.03-02.13.54:849][ 35]PIE:Warning: Warning BP_TargetIncrement_C_1.Ring3 SM_Ring has to have 'Simulate Physics' enabled if you'd like to AddForceAtLocation. 
[2015.05.03-02.13.54:865][ 36]PIE:Warning: Warning BP_TargetIncrement_C_1.Ring3 SM_Ring has to have 'Simulate Physics' enabled if you'd like to AddForceAtLocation. 
[2015.05.03-02.13.54:881][ 37]PIE:Warning: Warning BP_TargetIncrement_C_1.Ring3 SM_Ring has to have 'Simulate Physics' enabled if you'd like to AddForceAtLocation. 
[2015.05.03-02.13.54:897][ 38]PIE:Warning: Warning BP_TargetIncrement_C_1.Ring3 SM_Ring has to have 'Simulate Physics' enabled if you'd like to AddForceAtLocation. 
[2015.05.03-02.13.54:913][ 39]PIE:Warning: Warning BP_TargetIncrement_C_1.Ring3 SM_Ring has to have 'Simulate Physics' enabled if you'd like to AddForceAtLocation. 
[2015.05.03-02.13.54:929][ 40]PIE:Warning: Warning BP_TargetIncrement_C_1.Ring3 SM_Ring has to have 'Simulate Physics' enabled if you'd like to AddForceAtLocation. 
[2015.05.03-02.13.54:945][ 41]PIE:Warning: Warning BP_TargetIncrement_C_1.Ring3 SM_Ring has to have 'Simulate Physics' enabled if you'd like to AddForceAtLocation. 
[2015.05.03-02.13.54:961][ 42]PIE:Warning: Warning BP_TargetIncrement_C_1.Ring3 SM_Ring has to have 'Simulate Physics' enabled if you'd like to AddForceAtLocation. 
[2015.05.03-02.13.54:978][ 43]PIE:Warning: Warning BP_TargetIncrement_C_1.Ring3 SM_Ring has to have 'Simulate Physics' enabled if you'd like to AddForceAtLocation. 
[2015.05.03-02.13.54:994][ 44]PIE:Warning: Warning BP_TargetIncrement_C_1.Ring3 SM_Ring has to have 'Simulate Physics' enabled if you'd like to AddForceAtLocation. 
[2015.05.03-02.13.55:010][ 45]PIE:Warning: Warning BP_TargetIncrement_C_1.Ring3 SM_Ring has to have 'Simulate Physics' enabled if you'd like to AddForceAtLocation. 
[2015.05.03-02.13.55:026][ 46]PIE:Warning: Warning BP_TargetIncrement_C_1.Ring3 SM_Ring has to have 'Simulate Physics' enabled if you'd like to AddForceAtLocation. 
[2015.05.03-02.13.55:042][ 47]PIE:Warning: Warning BP_TargetIncrement_C_1.Ring3 SM_Ring has to have 'Simulate Physics' enabled if you'd like to AddForceAtLocation. 
[2015.05.03-02.13.55:058][ 48]PIE:Warning: Warning BP_TargetIncrement_C_1.Ring3 SM_Ring has to have 'Simulate Physics' enabled if you'd like to AddForceAtLocation. 
[2015.05.03-02.13.55:074][ 49]PIE:Warning: Warning BP_TargetIncrement_C_1.Ring3 SM_Ring has to have 'Simulate Physics' enabled if you'd like to AddForceAtLocation. 
[2015.05.03-02.13.55:091][ 50]PIE:Warning: Warning BP_TargetIncrement_C_1.Ring3 SM_Ring has to have 'Simulate Physics' enabled if you'd like to AddForceAtLocation. 
[2015.05.03-02.13.55:107][ 51]PIE:Warning: Warning BP_TargetIncrement_C_1.Ring3 SM_Ring has to have 'Simulate Physics' enabled if you'd like to AddForceAtLocation. 
[2015.05.03-02.13.55:123][ 52]PIE:Warning: Warning BP_TargetIncrement_C_1.Ring3 SM_Ring has to have 'Simulate Physics' enabled if you'd like to AddForceAtLocation. 
[2015.05.03-02.13.55:139][ 53]PIE:Warning: Warning BP_TargetIncrement_C_1.Ring3 SM_Ring has to have 'Simulate Physics' enabled if you'd like to AddForceAtLocation. 
[2015.05.03-02.13.55:155][ 54]PIE:Warning: Warning BP_TargetIncrement_C_1.Ring3 SM_Ring has to have 'Simulate Physics' enabled if you'd like to AddForceAtLocation. 
[2015.05.03-02.13.55:171][ 55]PIE:Warning: Warning BP_TargetIncrement_C_1.Ring3 SM_Ring has to have 'Simulate Physics' enabled if you'd like to AddForceAtLocation. 
[2015.05.03-02.13.55:187][ 56]PIE:Warning: Warning BP_TargetIncrement_C_1.Ring3 SM_Ring has to have 'Simulate Physics' enabled if you'd like to AddForceAtLocation. 
[2015.05.03-02.13.55:203][ 57]PIE:Warning: Warning BP_TargetIncrement_C_1.Ring3 SM_Ring has to have 'Simulate Physics' enabled if you'd like to AddForceAtLocation. 
[2015.05.03-02.13.55:220][ 58]PIE:Warning: Warning BP_TargetIncrement_C_1.Ring3 SM_Ring has to have 'Simulate Physics' enabled if you'd like to AddForceAtLocation. 
[2015.05.03-02.13.55:236][ 59]PIE:Warning: Warning BP_TargetIncrement_C_1.Ring3 SM_Ring has to have 'Simulate Physics' enabled if you'd like to AddForceAtLocation. 
[2015.05.03-02.13.55:252][ 60]PIE:Warning: Warning BP_TargetIncrement_C_1.Ring3 SM_Ring has to have 'Simulate Physics' enabled if you'd like to AddForceAtLocation. 
[2015.05.03-02.13.55:268][ 61]PIE:Warning: Warning BP_TargetIncrement_C_1.Ring3 SM_Ring has to have 'Simulate Physics' enabled if you'd like to AddForceAtLocation. 
[2015.05.03-02.13.55:284][ 62]PIE:Warning: Warning BP_TargetIncrement_C_1.Ring3 SM_Ring has to have 'Simulate Physics' enabled if you'd like to AddForceAtLocation. 
[2015.05.03-02.13.55:300][ 63]PIE:Warning: Warning BP_TargetIncrement_C_1.Ring3 SM_Ring has to have 'Simulate Physics' enabled if you'd like to AddForceAtLocation. 
[2015.05.03-02.13.55:316][ 64]PIE:Warning: Warning BP_TargetIncrement_C_1.Ring3 SM_Ring has to have 'Simulate Physics' enabled if you'd like to AddForceAtLocation. 
[2015.05.03-02.13.55:332][ 65]PIE:Warning: Warning BP_TargetIncrement_C_1.Ring3 SM_Ring has to have 'Simulate Physics' enabled if you'd like to AddForceAtLocation. 
[2015.05.03-02.13.55:348][ 66]PIE:Warning: Warning BP_TargetIncrement_C_1.Ring3 SM_Ring has to have 'Simulate Physics' enabled if you'd like to AddForceAtLocation. 
[2015.05.03-02.13.55:365][ 67]PIE:Warning: Warning BP_TargetIncrement_C_1.Ring3 SM_Ring has to have 'Simulate Physics' enabled if you'd like to AddForceAtLocation. 
[2015.05.03-02.13.55:381][ 68]PIE:Warning: Warning BP_TargetIncrement_C_1.Ring3 SM_Ring has to have 'Simulate Physics' enabled if you'd like to AddForceAtLocation. 
[2015.05.03-02.13.55:397][ 69]PIE:Warning: Warning BP_TargetIncrement_C_1.Ring3 SM_Ring has to have 'Simulate Physics' enabled if you'd like to AddForceAtLocation. 
[2015.05.03-02.13.55:413][ 70]PIE:Warning: Warning BP_TargetIncrement_C_1.Ring3 SM_Ring has to have 'Simulate Physics' enabled if you'd like to AddForceAtLocation. 
[2015.05.03-02.13.55:429][ 71]PIE:Warning: Warning BP_TargetIncrement_C_1.Ring3 SM_Ring has to have 'Simulate Physics' enabled if you'd like to AddForceAtLocation. 
[2015.05.03-02.13.55:445][ 72]PIE:Warning: Warning BP_TargetIncrement_C_1.Ring3 SM_Ring has to have 'Simulate Physics' enabled if you'd like to AddForceAtLocation. 
[2015.05.03-02.13.55:461][ 73]PIE:Warning: Warning BP_TargetIncrement_C_1.Ring3 SM_Ring has to have 'Simulate Physics' enabled if you'd like to AddForceAtLocation. 
[2015.05.03-02.13.55:477][ 74]PIE:Warning: Warning BP_TargetIncrement_C_1.Ring3 SM_Ring has to have 'Simulate Physics' enabled if you'd like to AddForceAtLocation. 
[2015.05.03-02.13.55:494][ 75]PIE:Warning: Warning BP_TargetIncrement_C_1.Ring3 SM_Ring has to have 'Simulate Physics' enabled if you'd like to AddForceAtLocation. 
[2015.05.03-02.13.55:510][ 76]PIE:Warning: Warning BP_TargetIncrement_C_1.Ring3 SM_Ring has to have 'Simulate Physics' enabled if you'd like to AddForceAtLocation. 
[2015.05.03-02.13.55:526][ 77]PIE:Warning: Warning BP_TargetIncrement_C_1.Ring3 SM_Ring has to have 'Simulate Physics' enabled if you'd like to AddForceAtLocation. 
[2015.05.03-02.13.55:542][ 78]PIE:Warning: Warning BP_TargetIncrement_C_1.Ring3 SM_Ring has to have 'Simulate Physics' enabled if you'd like to AddForceAtLocation. 
[2015.05.03-02.13.55:558][ 79]PIE:Warning: Warning BP_TargetIncrement_C_1.Ring3 SM_Ring has to have 'Simulate Physics' enabled if you'd like to AddForceAtLocation. 
[2015.05.03-02.13.55:574][ 80]PIE:Warning: Warning BP_TargetIncrement_C_1.Ring3 SM_Ring has to have 'Simulate Physics' enabled if you'd like to AddForceAtLocation. 
[2015.05.03-02.13.55:590][ 81]PIE:Warning: Warning BP_TargetIncrement_C_1.Ring3 SM_Ring has to have 'Simulate Physics' enabled if you'd like to AddForceAtLocation. 
[2015.05.03-02.13.55:607][ 82]PIE:Warning: Warning BP_TargetIncrement_C_1.Ring3 SM_Ring has to have 'Simulate Physics' enabled if you'd like to AddForceAtLocation. 
[2015.05.03-02.13.55:623][ 83]PIE:Warning: Warning BP_TargetIncrement_C_1.Ring3 SM_Ring has to have 'Simulate Physics' enabled if you'd like to AddForceAtLocation. 
[2015.05.03-02.13.55:639][ 84]PIE:Warning: Warning BP_TargetIncrement_C_1.Ring3 SM_Ring has to have 'Simulate Physics' enabled if you'd like to AddForceAtLocation. 
[2015.05.03-02.13.55:655][ 85]PIE:Warning: Warning BP_TargetIncrement_C_1.Ring3 SM_Ring has to have 'Simulate Physics' enabled if you'd like to AddForceAtLocation. 
[2015.05.03-02.13.55:671][ 86]PIE:Warning: Warning BP_TargetIncrement_C_1.Ring3 SM_Ring has to have 'Simulate Physics' enabled if you'd like to AddForceAtLocation. 
[2015.05.03-02.13.55:687][ 87]PIE:Warning: Warning BP_TargetIncrement_C_1.Ring3 SM_Ring has to have 'Simulate Physics' enabled if you'd like to AddForceAtLocation. 
[2015.05.03-02.13.55:703][ 88]PIE:Warning: Warning BP_TargetIncrement_C_1.Ring3 SM_Ring has to have 'Simulate Physics' enabled if you'd like to AddForceAtLocation. 
[2015.05.03-02.13.55:719][ 89]PIE:Warning: Warning BP_TargetIncrement_C_1.Ring3 SM_Ring has to have 'Simulate Physics' enabled if you'd like to AddForceAtLocation. 
[2015.05.03-02.13.55:736][ 90]PIE:Warning: Warning BP_TargetIncrement_C_1.Ring3 SM_Ring has to have 'Simulate Physics' enabled if you'd like to AddForceAtLocation. 
[2015.05.03-02.13.55:752][ 91]PIE:Warning: Warning BP_TargetIncrement_C_1.Ring3 SM_Ring has to have 'Simulate Physics' enabled if you'd like to AddForceAtLocation. 
[2015.05.03-02.13.55:768][ 92]PIE:Warning: Warning BP_TargetIncrement_C_1.Ring3 SM_Ring has to have 'Simulate Physics' enabled if you'd like to AddForceAtLocation. 
[2015.05.03-02.13.55:784][ 93]PIE:Warning: Warning BP_TargetIncrement_C_1.Ring3 SM_Ring has to have 'Simulate Physics' enabled if you'd like to AddForceAtLocation. 
[2015.05.03-02.13.55:800][ 94]PIE:Warning: Warning BP_TargetIncrement_C_1.Ring3 SM_Ring has to have 'Simulate Physics' enabled if you'd like to AddForceAtLocation. 
[2015.05.03-02.13.55:816][ 95]PIE:Warning: Warning BP_TargetIncrement_C_1.Ring3 SM_Ring has to have 'Simulate Physics' enabled if you'd like to AddForceAtLocation. 
[2015.05.03-02.13.55:833][ 96]PIE:Warning: Warning BP_TargetIncrement_C_1.Ring3 SM_Ring has to have 'Simulate Physics' enabled if you'd like to AddForceAtLocation. 
[2015.05.03-02.13.55:849][ 97]PIE:Warning: Warning BP_TargetIncrement_C_1.Ring3 SM_Ring has to have 'Simulate Physics' enabled if you'd like to AddForceAtLocation. 
[2015.05.03-02.13.55:865][ 98]PIE:Warning: Warning BP_TargetIncrement_C_1.Ring3 SM_Ring has to have 'Simulate Physics' enabled if you'd like to AddForceAtLocation. 
[2015.05.03-02.13.55:881][ 99]PIE:Warning: Warning BP_TargetIncrement_C_1.Ring3 SM_Ring has to have 'Simulate Physics' enabled if you'd like to AddForceAtLocation. 
[2015.05.03-02.13.55:897][100]PIE:Warning: Warning BP_TargetIncrement_C_1.Ring3 SM_Ring has to have 'Simulate Physics' enabled if you'd like to AddForceAtLocation. 
[2015.05.03-02.13.55:913][101]PIE:Warning: Warning BP_TargetIncrement_C_1.Ring3 SM_Ring has to have 'Simulate Physics' enabled if you'd like to AddForceAtLocation. 
[2015.05.03-02.13.55:929][102]PIE:Warning: Warning BP_TargetIncrement_C_1.Ring3 SM_Ring has to have 'Simulate Physics' enabled if you'd like to AddForceAtLocation. 
[2015.05.03-02.13.55:945][103]PIE:Warning: Warning BP_TargetIncrement_C_1.Ring3 SM_Ring has to have 'Simulate Physics' enabled if you'd like to AddForceAtLocation. 
[2015.05.03-02.13.55:961][104]PIE:Warning: Warning BP_TargetIncrement_C_1.Ring3 SM_Ring has to have 'Simulate Physics' enabled if you'd like to AddForceAtLocation. 
[2015.05.03-02.13.55:978][105]PIE:Warning: Warning BP_TargetIncrement_C_1.Ring3 SM_Ring has to have 'Simulate Physics' enabled if you'd like to AddForceAtLocation. 
[2015.05.03-02.13.55:994][106]PIE:Warning: Warning BP_TargetIncrement_C_1.Ring3 SM_Ring has to have 'Simulate Physics' enabled if you'd like to AddForceAtLocation. 
[2015.05.03-02.13.56:010][107]PIE:Warning: Warning BP_TargetIncrement_C_1.Ring3 SM_Ring has to have 'Simulate Physics' enabled if you'd like to AddForceAtLocation. 
[2015.05.03-02.13.56:026][108]PIE:Warning: Warning BP_TargetIncrement_C_1.Ring3 SM_Ring has to have 'Simulate Physics' enabled if you'd like to AddForceAtLocation. 
[2015.05.03-02.13.56:042][109]PIE:Warning: Warning BP_TargetIncrement_C_1.Ring3 SM_Ring has to have 'Simulate Physics' enabled if you'd like to AddForceAtLocation. 
[2015.05.03-02.13.56:058][110]PIE:Warning: Warning BP_TargetIncrement_C_1.Ring3 SM_Ring has to have 'Simulate Physics' enabled if you'd like to AddForceAtLocation. 
[2015.05.03-02.13.56:074][111]PIE:Warning: Warning BP_TargetIncrement_C_1.Ring3 SM_Ring has to have 'Simulate Physics' enabled if you'd like to AddForceAtLocation. 
[2015.05.03-02.13.56:090][112]PIE:Warning: Warning BP_TargetIncrement_C_1.Ring3 SM_Ring has to have 'Simulate Physics' enabled if you'd like to AddForceAtLocation. 
[2015.05.03-02.13.56:107][113]PIE:Warning: Warning BP_TargetIncrement_C_1.Ring3 SM_Ring has to have 'Simulate Physics' enabled if you'd like to AddForceAtLocation. 
[2015.05.03-02.13.56:123][114]PIE:Warning: Warning BP_TargetIncrement_C_1.Ring3 SM_Ring has to have 'Simulate Physics' enabled if you'd like to AddForceAtLocation. 
[2015.05.03-02.13.56:139][115]PIE:Warning: Warning BP_TargetIncrement_C_1.Ring3 SM_Ring has to have 'Simulate Physics' enabled if you'd like to AddForceAtLocation. 
[2015.05.03-02.13.56:155][116]PIE:Warning: Warning BP_TargetIncrement_C_1.Ring3 SM_Ring has to have 'Simulate Physics' enabled if you'd like to AddForceAtLocation. 
[2015.05.03-02.13.56:171][117]PIE:Warning: Warning BP_TargetIncrement_C_1.Ring3 SM_Ring has to have 'Simulate Physics' enabled if you'd like to AddForceAtLocation. 
[2015.05.03-02.13.56:187][118]PIE:Warning: Warning BP_TargetIncrement_C_1.Ring3 SM_Ring has to have 'Simulate Physics' enabled if you'd like to AddForceAtLocation. 
[2015.05.03-02.13.56:203][119]PIE:Warning: Warning BP_TargetIncrement_C_1.Ring3 SM_Ring has to have 'Simulate Physics' enabled if you'd like to AddForceAtLocation. 
[2015.05.03-02.13.56:220][120]PIE:Warning: Warning BP_TargetIncrement_C_1.Ring3 SM_Ring has to have 'Simulate Physics' enabled if you'd like to AddForceAtLocation. 
[2015.05.03-02.13.56:236][121]PIE:Warning: Warning BP_TargetIncrement_C_1.Ring3 SM_Ring has to have 'Simulate Physics' enabled if you'd like to AddForceAtLocation. 
[2015.05.03-02.13.56:252][122]PIE:Warning: Warning BP_TargetIncrement_C_1.Ring3 SM_Ring has to have 'Simulate Physics' enabled if you'd like to AddForceAtLocation. 
[2015.05.03-02.13.56:268][123]PIE:Warning: Warning BP_TargetIncrement_C_1.Ring3 SM_Ring has to have 'Simulate Physics' enabled if you'd like to AddForceAtLocation. 
[2015.05.03-02.13.56:284][124]PIE:Warning: Warning BP_TargetIncrement_C_1.Ring3 SM_Ring has to have 'Simulate Physics' enabled if you'd like to AddForceAtLocation. 
[2015.05.03-02.13.56:300][125]PIE:Warning: Warning BP_TargetIncrement_C_1.Ring3 SM_Ring has to have 'Simulate Physics' enabled if you'd like to AddForceAtLocation. 
[2015.05.03-02.13.56:316][126]PIE:Warning: Warning BP_TargetIncrement_C_1.Ring3 SM_Ring has to have 'Simulate Physics' enabled if you'd like to AddForceAtLocation. 
[2015.05.03-02.13.56:332][127]PIE:Warning: Warning BP_TargetIncrement_C_1.Ring3 SM_Ring has to have 'Simulate Physics' enabled if you'd like to AddForceAtLocation. 
[2015.05.03-02.13.56:348][128]PIE:Warning: Warning BP_TargetIncrement_C_1.Ring3 SM_Ring has to have 'Simulate Physics' enabled if you'd like to AddForceAtLocation. 
[2015.05.03-02.13.56:365][129]PIE:Warning: Warning BP_TargetIncrement_C_1.Ring3 SM_Ring has to have 'Simulate Physics' enabled if you'd like to AddForceAtLocation. 
[2015.05.03-02.13.56:381][130]PIE:Warning: Warning BP_TargetIncrement_C_1.Ring3 SM_Ring has to have 'Simulate Physics' enabled if you'd like to AddForceAtLocation. 
[2015.05.03-02.13.56:397][131]PIE:Warning: Warning BP_TargetIncrement_C_1.Ring3 SM_Ring has to have 'Simulate Physics' enabled if you'd like to AddForceAtLocation. 
[2015.05.03-02.13.56:413][132]PIE:Warning: Warning BP_TargetIncrement_C_1.Ring3 SM_Ring has to have 'Simulate Physics' enabled if you'd like to AddForceAtLocation. 
[2015.05.03-02.13.56:429][133]PIE:Warning: Warning BP_TargetIncrement_C_1.Ring3 SM_Ring has to have 'Simulate Physics' enabled if you'd like to AddForceAtLocation. 
[2015.05.03-02.13.56:445][134]PIE:Warning: Warning BP_TargetIncrement_C_1.Ring3 SM_Ring has to have 'Simulate Physics' enabled if you'd like to AddForceAtLocation. 
[2015.05.03-02.13.56:461][135]PIE:Warning: Warning BP_TargetIncrement_C_1.Ring3 SM_Ring has to have 'Simulate Physics' enabled if you'd like to AddForceAtLocation. 
[2015.05.03-02.13.56:477][136]PIE:Warning: Warning BP_TargetIncrement_C_1.Ring3 SM_Ring has to have 'Simulate Physics' enabled if you'd like to AddForceAtLocation. 
[2015.05.03-02.13.56:494][137]PIE:Warning: Warning BP_TargetIncrement_C_1.Ring3 SM_Ring has to have 'Simulate Physics' enabled if you'd like to AddForceAtLocation. 
[2015.05.03-02.13.56:510][138]PIE:Warning: Warning BP_TargetIncrement_C_1.Ring3 SM_Ring has to have 'Simulate Physics' enabled if you'd like to AddForceAtLocation. 
[2015.05.03-02.13.56:526][139]PIE:Warning: Warning BP_TargetIncrement_C_1.Ring3 SM_Ring has to have 'Simulate Physics' enabled if you'd like to AddForceAtLocation. 
[2015.05.03-02.13.56:542][140]PIE:Warning: Warning BP_TargetIncrement_C_1.Ring3 SM_Ring has to have 'Simulate Physics' enabled if you'd like to AddForceAtLocation. 
[2015.05.03-02.13.56:558][141]PIE:Warning: Warning BP_TargetIncrement_C_1.Ring3 SM_Ring has to have 'Simulate Physics' enabled if you'd like to AddForceAtLocation. 
[2015.05.03-02.13.56:574][142]PIE:Warning: Warning BP_TargetIncrement_C_1.Ring3 SM_Ring has to have 'Simulate Physics' enabled if you'd like to AddForceAtLocation. 
[2015.05.03-02.13.56:590][143]PIE:Warning: Warning BP_TargetIncrement_C_1.Ring3 SM_Ring has to have 'Simulate Physics' enabled if you'd like to AddForceAtLocation. 
[2015.05.03-02.13.56:606][144]PIE:Warning: Warning BP_TargetIncrement_C_1.Ring3 SM_Ring has to have 'Simulate Physics' enabled if you'd like to AddForceAtLocation. 
[2015.05.03-02.13.56:623][145]PIE:Warning: Warning BP_TargetIncrement_C_1.Ring3 SM_Ring has to have 'Simulate Physics' enabled if you'd like to AddForceAtLocation. 
[2015.05.03-02.13.56:639][146]PIE:Warning: Warning BP_TargetIncrement_C_1.Ring3 SM_Ring has to have 'Simulate Physics' enabled if you'd like to AddForceAtLocation. 
[2015.05.03-02.13.56:655][147]PIE:Warning: Warning BP_TargetIncrement_C_1.Ring3 SM_Ring has to have 'Simulate Physics' enabled if you'd like to AddForceAtLocation. 
[2015.05.03-02.13.56:671][148]PIE:Warning: Warning BP_TargetIncrement_C_1.Ring3 SM_Ring has to have 'Simulate Physics' enabled if you'd like to AddForceAtLocation. 
[2015.05.03-02.13.56:687][149]PIE:Warning: Warning BP_TargetIncrement_C_1.Ring3 SM_Ring has to have 'Simulate Physics' enabled if you'd like to AddForceAtLocation. 
[2015.05.03-02.13.56:703][150]PIE:Warning: Warning BP_TargetIncrement_C_1.Ring3 SM_Ring has to have 'Simulate Physics' enabled if you'd like to AddForceAtLocation. 
[2015.05.03-02.13.56:720][151]PIE:Warning: Warning BP_TargetIncrement_C_1.Ring3 SM_Ring has to have 'Simulate Physics' enabled if you'd like to AddForceAtLocation. 
[2015.05.03-02.13.56:736][152]PIE:Warning: Warning BP_TargetIncrement_C_1.Ring3 SM_Ring has to have 'Simulate Physics' enabled if you'd like to AddForceAtLocation. 
[2015.05.03-02.13.56:752][153]PIE:Warning: Warning BP_TargetIncrement_C_1.Ring3 SM_Ring has to have 'Simulate Physics' enabled if you'd like to AddForceAtLocation. 
[2015.05.03-02.13.56:768][154]PIE:Warning: Warning BP_TargetIncrement_C_1.Ring3 SM_Ring has to have 'Simulate Physics' enabled if you'd like to AddForceAtLocation. 
[2015.05.03-02.13.56:784][155]PIE:Warning: Warning BP_TargetIncrement_C_1.Ring3 SM_Ring has to have 'Simulate Physics' enabled if you'd like to AddForceAtLocation. 
[2015.05.03-02.13.56:800][156]PIE:Warning: Warning BP_TargetIncrement_C_1.Ring3 SM_Ring has to have 'Simulate Physics' enabled if you'd like to AddForceAtLocation. 
[2015.05.03-02.13.56:816][157]PIE:Warning: Warning BP_TargetIncrement_C_1.Ring3 SM_Ring has to have 'Simulate Physics' enabled if you'd like to AddForceAtLocation. 
[2015.05.03-02.13.56:832][158]PIE:Warning: Warning BP_TargetIncrement_C_1.Ring3 SM_Ring has to have 'Simulate Physics' enabled if you'd like to AddForceAtLocation. 
[2015.05.03-02.13.56:849][159]PIE:Warning: Warning BP_TargetIncrement_C_1.Ring3 SM_Ring has to have 'Simulate Physics' enabled if you'd like to AddForceAtLocation. 
[2015.05.03-02.13.56:865][160]PIE:Warning: Warning BP_TargetIncrement_C_1.Ring3 SM_Ring has to have 'Simulate Physics' enabled if you'd like to AddForceAtLocation. 
[2015.05.03-02.13.56:881][161]PIE:Warning: Warning BP_TargetIncrement_C_1.Ring3 SM_Ring has to have 'Simulate Physics' enabled if you'd like to AddForceAtLocation. 
[2015.05.03-02.13.56:897][162]PIE:Warning: Warning BP_TargetIncrement_C_1.Ring3 SM_Ring has to have 'Simulate Physics' enabled if you'd like to AddForceAtLocation. 
[2015.05.03-02.13.56:913][163]PIE:Warning: Warning BP_TargetIncrement_C_1.Ring3 SM_Ring has to have 'Simulate Physics' enabled if you'd like to AddForceAtLocation. 
[2015.05.03-02.13.56:929][164]PIE:Warning: Warning BP_TargetIncrement_C_1.Ring3 SM_Ring has to have 'Simulate Physics' enabled if you'd like to AddForceAtLocation. 
[2015.05.03-02.13.56:945][165]PIE:Warning: Warning BP_TargetIncrement_C_1.Ring3 SM_Ring has to have 'Simulate Physics' enabled if you'd like to AddForceAtLocation. 
[2015.05.03-02.13.56:961][166]PIE:Warning: Warning BP_TargetIncrement_C_1.Ring3 SM_Ring has to have 'Simulate Physics' enabled if you'd like to AddForceAtLocation. 
[2015.05.03-02.13.56:977][167]PIE:Warning: Warning BP_TargetIncrement_C_1.Ring3 SM_Ring has to have 'Simulate Physics' enabled if you'd like to AddForceAtLocation. 
[2015.05.03-02.13.56:994][168]PIE:Warning: Warning BP_TargetIncrement_C_1.Ring3 SM_Ring has to have 'Simulate Physics' enabled if you'd like to AddForceAtLocation. 
[2015.05.03-02.13.57:010][169]PIE:Warning: Warning BP_TargetIncrement_C_1.Ring3 SM_Ring has to have 'Simulate Physics' enabled if you'd like to AddForceAtLocation. 
[2015.05.03-02.13.57:026][170]PIE:Warning: Warning BP_TargetIncrement_C_1.Ring3 SM_Ring has to have 'Simulate Physics' enabled if you'd like to AddForceAtLocation. 
[2015.05.03-02.13.57:042][171]PIE:Warning: Warning BP_TargetIncrement_C_1.Ring3 SM_Ring has to have 'Simulate Physics' enabled if you'd like to AddForceAtLocation. 
[2015.05.03-02.13.57:058][172]PIE:Warning: Warning BP_TargetIncrement_C_1.Ring3 SM_Ring has to have 'Simulate Physics' enabled if you'd like to AddForceAtLocation. 
[2015.05.03-02.13.57:074][173]PIE:Warning: Warning BP_TargetIncrement_C_1.Ring3 SM_Ring has to have 'Simulate Physics' enabled if you'd like to AddForceAtLocation. 
[2015.05.03-02.13.57:090][174]PIE:Warning: Warning BP_TargetIncrement_C_1.Ring3 SM_Ring has to have 'Simulate Physics' enabled if you'd like to AddForceAtLocation. 
[2015.05.03-02.13.57:106][175]PIE:Warning: Warning BP_TargetIncrement_C_1.Ring3 SM_Ring has to have 'Simulate Physics' enabled if you'd like to AddForceAtLocation. 
[2015.05.03-02.13.57:123][176]PIE:Warning: Warning BP_TargetIncrement_C_1.Ring3 SM_Ring has to have 'Simulate Physics' enabled if you'd like to AddForceAtLocation. 
[2015.05.03-02.13.57:139][177]PIE:Warning: Warning BP_TargetIncrement_C_1.Ring3 SM_Ring has to have 'Simulate Physics' enabled if you'd like to AddForceAtLocation. 
[2015.05.03-02.13.57:155][178]PIE:Warning: Warning BP_TargetIncrement_C_1.Ring3 SM_Ring has to have 'Simulate Physics' enabled if you'd like to AddForceAtLocation. 
[2015.05.03-02.13.57:171][179]PIE:Warning: Warning BP_TargetIncrement_C_1.Ring3 SM_Ring has to have 'Simulate Physics' enabled if you'd like to AddForceAtLocation. 
[2015.05.03-02.13.57:187][180]PIE:Warning: Warning BP_TargetIncrement_C_1.Ring3 SM_Ring has to have 'Simulate Physics' enabled if you'd like to AddForceAtLocation. 
[2015.05.03-02.13.57:203][181]PIE:Warning: Warning BP_TargetIncrement_C_1.Ring3 SM_Ring has to have 'Simulate Physics' enabled if you'd like to AddForceAtLocation. 
[2015.05.03-02.13.57:220][182]PIE:Warning: Warning BP_TargetIncrement_C_1.Ring3 SM_Ring has to have 'Simulate Physics' enabled if you'd like to AddForceAtLocation. 
[2015.05.03-02.13.57:236][183]PIE:Warning: Warning BP_TargetIncrement_C_1.Ring3 SM_Ring has to have 'Simulate Physics' enabled if you'd like to AddForceAtLocation. 
[2015.05.03-02.13.57:252][184]PIE:Warning: Warning BP_TargetIncrement_C_1.Ring3 SM_Ring has to have 'Simulate Physics' enabled if you'd like to AddForceAtLocation. 
[2015.05.03-02.13.57:268][185]PIE:Warning: Warning BP_TargetIncrement_C_1.Ring3 SM_Ring has to have 'Simulate Physics' enabled if you'd like to AddForceAtLocation. 
[2015.05.03-02.14.23:737][826]Closing by request
[2015.05.03-02.14.23:737][826]LogWindows: FPlatformMisc::RequestExit(0)
[2015.05.03-02.14.23:796][827]LogExit: Preparing to exit.
[2015.05.03-02.14.23:896][827]LogParticles: Destroying 0 GPU particle simulations for FXSystem 0x000000000D597920
[2015.05.03-02.14.23:896][827]LogExit: Game engine shut down
[2015.05.03-02.14.23:947][827]LogExit: Object subsystem successfully closed.
[2015.05.03-02.14.23:987][827]LogModuleManager: Shutting down and abandoning module AndroidDeviceDetection (106)
[2015.05.03-02.14.24:148][827]LogModuleManager: Shutting down and abandoning module AutomationWorker (105)
[2015.05.03-02.14.24:148][827]LogModuleManager: Shutting down and abandoning module CharacterAI (104)
[2015.05.03-02.14.24:148][827]LogModuleManager: Shutting down and abandoning module AITestSuite (103)
[2015.05.03-02.14.24:148][827]LogModuleManager: Shutting down and abandoning module GameplayDebugger (102)
[2015.05.03-02.14.24:148][827]LogModuleManager: Shutting down and abandoning module AIModule (101)
[2015.05.03-02.14.24:148][827]LogModuleManager: Shutting down and abandoning module GameLiveStreaming (100)
[2015.05.03-02.14.24:148][827]LogModuleManager: Shutting down and abandoning module StreamingPauseRendering (99)
[2015.05.03-02.14.24:148][827]LogModuleManager: Shutting down and abandoning module HTTP (98)
[2015.05.03-02.14.24:148][827]LogModuleManager: Shutting down and abandoning module AnalyticsET (97)
[2015.05.03-02.14.24:148][827]LogModuleManager: Shutting down and abandoning module Analytics (96)
[2015.05.03-02.14.24:148][827]LogModuleManager: Shutting down and abandoning module ProfilerService (95)
[2015.05.03-02.14.24:368][827]LogModuleManager: Shutting down and abandoning module TaskGraph (94)
[2015.05.03-02.14.24:368][827]LogModuleManager: Shutting down and abandoning module SlateRemote (93)
[2015.05.03-02.14.24:368][827]LogModuleManager: Shutting down and abandoning module CustomMeshComponent (92)
[2015.05.03-02.14.24:368][827]LogModuleManager: Shutting down and abandoning module CableComponent (91)
[2015.05.03-02.14.24:368][827]LogModuleManager: Shutting down and abandoning module DesktopPlatform (90)
[2015.05.03-02.14.24:368][827]LogModuleManager: Shutting down and abandoning module DirectoryWatcher (89)
[2015.05.03-02.14.24:368][827]LogModuleManager: Shutting down and abandoning module HotReload (88)
[2015.05.03-02.14.24:368][827]LogModuleManager: Shutting down and abandoning module VisualStudioSourceCodeAccess (87)
[2015.05.03-02.14.24:368][827]LogModuleManager: Shutting down and abandoning module UObjectPlugin (86)
[2015.05.03-02.14.24:368][827]LogModuleManager: Shutting down and abandoning module SubversionSourceControl (85)
[2015.05.03-02.14.24:368][827]LogModuleManager: Shutting down and abandoning module GitSourceControl (84)
[2015.05.03-02.14.24:368][827]LogModuleManager: Shutting down and abandoning module SourceControl (83)
[2015.05.03-02.14.24:368][827]LogModuleManager: Shutting down and abandoning module PerforceSourceControl (82)
[2015.05.03-02.14.24:368][827]LogModuleManager: Shutting down and abandoning module BlankPlugin (81)
[2015.05.03-02.14.24:368][827]LogModuleManager: Shutting down and abandoning module ScriptPlugin (80)
[2015.05.03-02.14.24:368][827]LogModuleManager: Shutting down and abandoning module UdpMessaging (79)
[2015.05.03-02.14.24:368][827]LogModuleManager: Shutting down and abandoning module Paper2D (78)
[2015.05.03-02.14.24:368][827]LogModuleManager: Shutting down and abandoning module WindowsMoviePlayer (77)
[2015.05.03-02.14.24:373][827]LogModuleManager: Shutting down and abandoning module Media (76)
[2015.05.03-02.14.24:373][827]LogModuleManager: Shutting down and abandoning module WmfMedia (75)
[2015.05.03-02.14.24:373][827]LogModuleManager: Shutting down and abandoning module OnlineBlueprintSupport (74)
[2015.05.03-02.14.24:373][827]LogModuleManager: Shutting down and abandoning module PropertyEditor (73)
[2015.05.03-02.14.24:373][827]LogModuleManager: Shutting down and abandoning module BehaviorTreeEditor (72)
[2015.05.03-02.14.24:373][827]LogModuleManager: Shutting down and abandoning module FunctionalTesting (71)
[2015.05.03-02.14.24:373][827]LogModuleManager: Shutting down and abandoning module CollisionAnalyzer (70)
[2015.05.03-02.14.24:373][827]LogModuleManager: Shutting down and abandoning module WorkspaceMenuStructure (69)
[2015.05.03-02.14.24:373][827]LogModuleManager: Shutting down and abandoning module MessageLog (68)
[2015.05.03-02.14.24:373][827]LogModuleManager: Shutting down and abandoning module Sequencer (67)
[2015.05.03-02.14.24:373][827]LogModuleManager: Shutting down and abandoning module AssetTools (66)
[2015.05.03-02.14.24:373][827]LogModuleManager: Shutting down and abandoning module UMGEditor (65)
[2015.05.03-02.14.24:373][827]LogModuleManager: Shutting down and abandoning module UMG (64)
[2015.05.03-02.14.24:373][827]LogModuleManager: Shutting down and abandoning module Slate (63)
[2015.05.03-02.14.24:373][827]LogModuleManager: Shutting down and abandoning module EditorStyle (62)
[2015.05.03-02.14.24:377][827]LogModuleManager: Shutting down and abandoning module SessionServices (61)
[2015.05.03-02.14.24:377][827]LogModuleManager: Shutting down and abandoning module SourceCodeAccess (60)
[2015.05.03-02.14.24:377][827]LogModuleManager: Shutting down and abandoning module HeadMountedDisplay (59)
[2015.05.03-02.14.24:377][827]LogModuleManager: Shutting down and abandoning module XAudio2 (58)
[2015.05.03-02.14.24:377][827]LogModuleManager: Shutting down and abandoning module Networking (56)
[2015.05.03-02.14.24:377][827]LogModuleManager: Shutting down and abandoning module Core (55)
[2015.05.03-02.14.24:377][827]LogModuleManager: Shutting down and abandoning module KismetCompiler (54)
[2015.05.03-02.14.24:377][827]LogModuleManager: Shutting down and abandoning module PhysXFormats (53)
[2015.05.03-02.14.24:377][827]LogModuleManager: Shutting down and abandoning module MeshUtilities (52)
[2015.05.03-02.14.24:377][827]LogModuleManager: Shutting down and abandoning module DerivedDataCache (51)
[2015.05.03-02.14.24:403][827]LogDerivedDataCache: Shutdown
[2015.05.03-02.14.24:403][827]LogModuleManager: Shutting down and abandoning module ShaderFormatOpenGL (50)
[2015.05.03-02.14.24:403][827]LogModuleManager: Shutting down and abandoning module ShaderFormatD3D (49)
[2015.05.03-02.14.24:403][827]LogModuleManager: Shutting down and abandoning module MetalShaderFormat (48)
[2015.05.03-02.14.24:403][827]LogModuleManager: Shutting down and abandoning module TextureFormatUncompressed (47)
[2015.05.03-02.14.24:403][827]LogModuleManager: Shutting down and abandoning module TextureFormatPVR (46)
[2015.05.03-02.14.24:403][827]LogModuleManager: Shutting down and abandoning module TextureFormatIntelISPCTexComp (45)
[2015.05.03-02.14.24:403][827]LogModuleManager: Shutting down and abandoning module TextureFormatDXT (44)
[2015.05.03-02.14.24:403][827]LogModuleManager: Shutting down and abandoning module ImageWrapper (43)
[2015.05.03-02.14.24:403][827]LogModuleManager: Shutting down and abandoning module TextureFormatASTC (42)
[2015.05.03-02.14.24:403][827]LogModuleManager: Shutting down and abandoning module TextureFormatAndroid (41)
[2015.05.03-02.14.24:403][827]LogModuleManager: Shutting down and abandoning module AudioFormatOpus (40)
[2015.05.03-02.14.24:403][827]LogModuleManager: Shutting down and abandoning module AudioFormatOgg (39)
[2015.05.03-02.14.24:403][827]LogModuleManager: Shutting down and abandoning module AudioFormatADPCM (38)
[2015.05.03-02.14.24:403][827]LogModuleManager: Shutting down and abandoning module LinuxTargetPlatform (37)
[2015.05.03-02.14.24:403][827]LogModuleManager: Shutting down and abandoning module LinuxServerTargetPlatform (36)
[2015.05.03-02.14.24:403][827]LogModuleManager: Shutting down and abandoning module LinuxNoEditorTargetPlatform (35)
[2015.05.03-02.14.24:403][827]LogModuleManager: Shutting down and abandoning module Messaging (34)
[2015.05.03-02.14.24:403][827]LogModuleManager: Shutting down and abandoning module IOSTargetPlatform (33)
[2015.05.03-02.14.24:403][827]LogModuleManager: Shutting down and abandoning module HTML5TargetPlatform (32)
[2015.05.03-02.14.24:403][827]LogModuleManager: Shutting down and abandoning module Android_PVRTCTargetPlatform (31)
[2015.05.03-02.14.24:403][827]LogModuleManager: Shutting down and abandoning module Android_ETC2TargetPlatform (30)
[2015.05.03-02.14.24:403][827]LogModuleManager: Shutting down and abandoning module Android_ETC1TargetPlatform (29)
[2015.05.03-02.14.24:403][827]LogModuleManager: Shutting down and abandoning module Android_ES31TargetPlatform (28)
[2015.05.03-02.14.24:403][827]LogModuleManager: Shutting down and abandoning module Android_DXTTargetPlatform (27)
[2015.05.03-02.14.24:403][827]LogModuleManager: Shutting down and abandoning module Android_ATCTargetPlatform (26)
[2015.05.03-02.14.24:403][827]LogModuleManager: Shutting down and abandoning module AndroidTargetPlatform (25)
[2015.05.03-02.14.24:403][827]LogModuleManager: Shutting down and abandoning module WindowsTargetPlatform (24)
[2015.05.03-02.14.24:403][827]LogModuleManager: Shutting down and abandoning module WindowsServerTargetPlatform (23)
[2015.05.03-02.14.24:403][827]LogModuleManager: Shutting down and abandoning module WindowsNoEditorTargetPlatform (22)
[2015.05.03-02.14.24:403][827]LogModuleManager: Shutting down and abandoning module WindowsClientTargetPlatform (21)
[2015.05.03-02.14.24:403][827]LogModuleManager: Shutting down and abandoning module TargetPlatform (20)
[2015.05.03-02.14.24:403][827]LogModuleManager: Shutting down and abandoning module InputCore (19)
[2015.05.03-02.14.24:403][827]LogModuleManager: Shutting down and abandoning module Settings (18)
[2015.05.03-02.14.24:403][827]LogModuleManager: Shutting down and abandoning module OnlineSubsystem (16)
[2015.05.03-02.14.24:403][827]LogModuleManager: Shutting down and abandoning module OculusRift (15)
[2015.05.03-02.14.24:403][827]LogModuleManager: Shutting down and abandoning module ExampleDeviceProfileSelector (14)
[2015.05.03-02.14.24:403][827]LogModuleManager: Shutting down and abandoning module TextureCompressor (13)
[2015.05.03-02.14.24:404][827]LogModuleManager: Shutting down and abandoning module ShaderCore (12)
[2015.05.03-02.14.24:404][827]LogModuleManager: Shutting down and abandoning module Landscape (11)
[2015.05.03-02.14.24:404][827]LogModuleManager: Shutting down and abandoning module SlateRHIRenderer (10)
[2015.05.03-02.14.24:404][827]LogModuleManager: Shutting down and abandoning module OpenGLDrv (9)
[2015.05.03-02.14.24:404][827]LogModuleManager: Shutting down and abandoning module D3D11RHI (8)
[2015.05.03-02.14.24:404][827]LogModuleManager: Shutting down and abandoning module Renderer (7)
[2015.05.03-02.14.24:404][827]LogModuleManager: Shutting down and abandoning module Engine (6)
[2015.05.03-02.14.24:404][827]LogModuleManager: Shutting down and abandoning module CoreUObject (5)
[2015.05.03-02.14.24:404][827]LogModuleManager: Shutting down and abandoning module NetworkFile (4)
[2015.05.03-02.14.24:404][827]LogModuleManager: Shutting down and abandoning module StreamingFile (3)
[2015.05.03-02.14.24:404][827]LogModuleManager: Shutting down and abandoning module SandboxFile (2)
[2015.05.03-02.14.24:404][827]LogModuleManager: Shutting down and abandoning module PakFile (1)
[2015.05.03-02.14.24:405][827]LogExit: Exiting.
[2015.05.03-02.14.24:407][827]Log file closed, 05/02/15 19:14:24
