Log file open, 05/03/15 03:51:09
LogInit:Display: Running engine for game: RoadRunner
LogInit: Version: 4.7.5-2503383+++depot+UE4-Releases+4.7
LogInit: API Version: 2455222
LogInit: Compiled (64-bit): Apr  6 2015 23:21:51
LogInit: Compiled with Visual C++: 18.00.21005.01
LogInit: Build Configuration: Development
LogInit: Branch Name: ++depot+UE4-Releases+4.7
LogInit: Command line:  /Temp/Autosaves/Game/Maps/UEDPCPhysicsLevel -game -PIEVIACONSOLE -ResX=1280 -ResY=720  -Multiprocess 
LogInit: Base directory: C:/Program Files/Epic Games/4.7/Engine/Binaries/Win64/
LogInit: Rocket: 1
[2015.05.03-10.51.09:974][  0]LogTaskGraph: Started task graph with 3 named threads and 7 total threads.
[2015.05.03-10.51.10:040][  0]LogOnline:Warning: No default platform service specified for OnlineSubsystem
[2015.05.03-10.51.10:051][  0]LogInit: Presizing for 0 objects not considered by GC, pre-allocating 0 bytes.
[2015.05.03-10.51.10:060][  0]LogInit: Object subsystem initialized
[2015.05.03-10.51.10:061][  0]LogConsoleResponse:Warning: Skipping Unknown console variable: 'TranslucentSortAxis = (X=0.000000,Y=-1.000000,Z=0.000000)'
[2015.05.03-10.51.10:061][  0]LogConsoleResponse:Warning:   Found in ini file 'D:/RoadRunner/Saved/Config/Windows/Engine.ini', in section '[/Script/Engine.RendererSettings]'
[2015.05.03-10.51.10:061][  0]LogConsoleResponse:Warning: Skipping Unknown console variable: 'UIScaleRule = ShortestSide'
[2015.05.03-10.51.10:061][  0]LogConsoleResponse:Warning:   Found in ini file 'D:/RoadRunner/Saved/Config/Windows/Engine.ini', in section '[/Script/Engine.RendererSettings]'
[2015.05.03-10.51.10:061][  0]LogConsoleResponse:Warning: Skipping Unknown console variable: 'UIScaleCurve = (EditorCurveData=(Keys=),ExternalCurve=None)'
[2015.05.03-10.51.10:061][  0]LogConsoleResponse:Warning:   Found in ini file 'D:/RoadRunner/Saved/Config/Windows/Engine.ini', in section '[/Script/Engine.RendererSettings]'
[2015.05.03-10.51.10:061][  0]LogInit: Selected Device Profile: [Windows]
[2015.05.03-10.51.10:062][  0]LogInit: Applying CVar settings loaded from the selected device profile: [Windows]
[2015.05.03-10.51.10:066][  0]LogInit: Computer: CS210-WS-05
[2015.05.03-10.51.10:066][  0]LogInit: User: CS210
[2015.05.03-10.51.10:066][  0]LogInit: CPU Page size=4096, Cores=6
[2015.05.03-10.51.10:066][  0]LogInit: High frequency timer resolution =3.215263 MHz
[2015.05.03-10.51.10:066][  0]LogMemory: Memory total: Physical=15.9GB (16GB approx) Virtual=8192.0GB
[2015.05.03-10.51.10:066][  0]LogMemory: Platform Memory Stats for Windows
[2015.05.03-10.51.10:066][  0]LogMemory: Process Physical Memory: 49.36 MB used, 49.36 MB peak
[2015.05.03-10.51.10:066][  0]LogMemory: Process Virtual Memory: 29.40 MB used, 29.40 MB peak
[2015.05.03-10.51.10:066][  0]LogMemory: Physical Memory: 6245.03 MB used, 16271.58 MB total
[2015.05.03-10.51.10:066][  0]LogMemory: Virtual Memory: 282.82 MB used, 8388608.00 MB total
[2015.05.03-10.51.10:097][  0]LogD3D11RHI: Found D3D11 adapter 0: NVIDIA GeForce GTX 980 (Feature Level 11_0)
[2015.05.03-10.51.10:097][  0]LogD3D11RHI: Adapter has 3972MB of dedicated video memory, 0MB of dedicated system memory, and 7879MB of shared system memory, 1 output[s]
[2015.05.03-10.51.10:097][  0]LogD3D11RHI: Chosen D3D11 Adapter Id = 0
[2015.05.03-10.51.10:103][  0]LogRHI: Texture pool is 1361 MB (70% of 1945 MB)
[2015.05.03-10.51.10:110][  0]LogD3D11RHI: Async texture creation enabled
[2015.05.03-10.51.10:164][  0]LogTextLocalizationManager: The requested culture ('en_US') has no localization data; parent culture's ('en') localization data will be used.
[2015.05.03-10.51.10:215][  0]LogTextLocalizationManager:Warning: Loading localization resources contain conflicting entries for (Namespace:UICommands, Key:Save_ToolTip):
Resource: (C:/Program Files/Epic Games/4.7/Engine/Content/Localization/Editor/en/Editor.locres) Hash: (-29098895) String: (Saves the current level to disk)
Resource: (C:/Program Files/Epic Games/4.7/Engine/Content/Localization/Engine/en/Engine.locres) Hash: (-1280300587) String: (Save selected data to vlog file)
[2015.05.03-10.51.10:215][  0]LogTextLocalizationManager:Warning: Loading localization resources contain conflicting entries for (Namespace:ContentBrowser, Key:ImportAssetToolTip):
Resource: (C:/Program Files/Epic Games/4.7/Engine/Content/Localization/Editor/en/Editor.locres) Hash: (-630476809) String: (Import to {0}...)
Resource: (C:/Program Files/Epic Games/4.7/Engine/Content/Localization/Editor/en/Editor.locres) Hash: (1271782899) String: (Imports an asset from file to this folder.)
[2015.05.03-10.51.10:288][  0]LogContentStreaming: Texture pool size is 1000.000000MB
[2015.05.03-10.51.12:353][  0]LogTargetPlatformManager:Display: Building Assets For Windows
[2015.05.03-10.51.12:860][  0]LogTargetPlatformManager:Display: Building Assets For Windows
[2015.05.03-10.51.12:915][  0]LogDerivedDataCache:Display: Max Cache Size: 512 MB
[2015.05.03-10.51.12:954][  0]LogDerivedDataCache: Loaded boot cache 0.04s 39MB C:/Users/CS210/AppData/Local/UnrealEngine/4.7/DerivedDataCache/Boot.ddc.
[2015.05.03-10.51.12:954][  0]LogDerivedDataCache:Display: Loaded Boot cache: C:/Users/CS210/AppData/Local/UnrealEngine/4.7/DerivedDataCache/Boot.ddc
[2015.05.03-10.51.12:954][  0]LogDerivedDataCache: FDerivedDataBackendGraph:  Pak pak cache file D:/RoadRunner/DerivedDataCache/DDC.ddp not found, will not use a pak cache.
[2015.05.03-10.51.12:954][  0]LogDerivedDataCache: Unable to find inner node Pak for hierarchical cache Hierarchy.
[2015.05.03-10.51.13:085][  0]LogDerivedDataCache:Display: Pak cache opened for reading ../../../Engine/DerivedDataCache/Compressed.ddp.
[2015.05.03-10.51.13:096][  0]LogDerivedDataCache: Using Local data cache path C:/Users/CS210/AppData/Local/UnrealEngine/Common/DerivedDataCache: Writable
[2015.05.03-10.51.13:352][  0]LogMeshUtilities: No automatic mesh reduction module available
[2015.05.03-10.51.13:352][  0]LogMeshUtilities: No automatic mesh merging module available
[2015.05.03-10.51.13:674][  0]LogInit: WinSock: version 1.1 (2.2), MaxSocks=32767, MaxUdp=65467
[2015.05.03-10.51.14:017][  0]LogWindowsMoviePlayer: Unable to load movie: D:/RoadRunner/Content/Movies/Default_Startup.mp4
[2015.05.03-10.51.14:134][  0]LogSourceControl: RunCommandInternalRaw: 'git version'
[2015.05.03-10.51.14:134][  0]LogSourceControl: RunCommandInternalRaw: ExecProcess ReturnCode=2 OutResults=''
[2015.05.03-10.51.14:157][  0]SourceControl: Info Source control is disabled
[2015.05.03-10.51.14:157][  0]SourceControl: Info Source control is disabled
[2015.05.03-10.51.14:157][  0]SourceControl: Info Source control is disabled
[2015.05.03-10.51.14:164][  0]SourceControl: Info Source control is disabled
[2015.05.03-10.51.14:240][  0]LogObj: 23971 objects as part of root set at end of initial load.
[2015.05.03-10.51.14:241][  0]LogUObjectAllocator: 4988928 out of 0 bytes used by permanent object pool.
[2015.05.03-10.51.14:333][  0]LogAutomationTest:Warning: ERR: Transient text cannot be serialized "Testing Transient serialization detection".
[2015.05.03-10.51.14:333][  0]LogEngine: Initializing Engine...
[2015.05.03-10.51.16:497][  0]LogInit: XAudio2 using 'Speakers (Sound Blaster Recon3Di)' : 2 channels at 48 kHz using 32 bits per sample (channel mask 0x3)
[2015.05.03-10.51.16:511][  0]LogInit: FAudioDevice initialized.
[2015.05.03-10.51.16:517][  0]LogInit: Texture streaming: Enabled
[2015.05.03-10.51.16:597][  0]LogAnalytics: Creating configured Analytics provider AnalyticsET
[2015.05.03-10.51.16:597][  0]LogAnalytics: ET APIKey = Rocket.Release. APIServer = http://et2.epicgames.com/ET2/. AppVersion = 4.7.5-2503383+++depot+UE4-Releases+4.7
[2015.05.03-10.51.16:597][  0]LogAnalytics: ET APIKey = Rocket.Release. DataRouterUploadURL = https://datarouter-public-service-gamedev.ol.epicgames.net/datarouter/api/v1/public/data. AppVersion = 4.7.5-2503383+++depot+UE4-Releases+4.7
[2015.05.03-10.51.16:597][  0]LogAnalytics: SetUserId d86d34d3402a841cf4326b90cfa07967|871743be8dc147e2bc510dfc1f536030|3a315af8-1361-406b-977f-a279fe964dc9
[2015.05.03-10.51.16:597][  0]LogAnalytics: AnalyticsET::StartSession [Rocket.Release]
[2015.05.03-10.51.16:619][  0]LogNet: Browse: /Temp/Autosaves/Game/Maps/UEDPCPhysicsLevel?Name=Player
[2015.05.03-10.51.16:619][  0]LogLoad: LoadMap: /Temp/Autosaves/Game/Maps/UEDPCPhysicsLevel?Name=Player
[2015.05.03-10.51.16:632][  0]LogMemory: Platform Memory Stats for Windows
[2015.05.03-10.51.16:632][  0]LogMemory: Process Physical Memory: 283.59 MB used, 293.55 MB peak
[2015.05.03-10.51.16:632][  0]LogMemory: Process Virtual Memory: 244.75 MB used, 253.79 MB peak
[2015.05.03-10.51.16:632][  0]LogMemory: Physical Memory: 6428.89 MB used, 16271.58 MB total
[2015.05.03-10.51.16:632][  0]LogMemory: Virtual Memory: 699.88 MB used, 8388608.00 MB total
[2015.05.03-10.51.16:632][  0]LogMemory: 
[2015.05.03-10.51.16:632][  0]Allocator Stats for TBB: (not implemented)
[2015.05.03-10.51.18:181][  0]LogLinker:Warning: Asset '../../../Engine/Content/EngineMeshes/Humanoid.uasset' has been saved with empty engine version. The asset will be loaded but may be incompatible.
[2015.05.03-10.51.18:923][  0]LogWorld: Game class is 'MyGameMode_C'
[2015.05.03-10.51.19:046][  0]LogAIModule: Creating AISystem for world PhysicsLevel
[2015.05.03-10.51.19:396][  0]PIE:Warning: Warning AttachTo: '/Temp/Autosaves/Game/Maps/UEDPCPhysicsLevel.PhysicsLevel:PersistentLevel.StartingPlatform.Root' is not static  (in blueprint "BP_BuildingBlockMovable"), cannot attach '/Temp/Autosaves/Game/Maps/UEDPCPhysicsLevel.PhysicsLevel:PersistentLevel.StartingPlatform.Floor' which is static to it. Aborting.
[2015.05.03-10.51.19:396][  0]PIE:Warning: Warning AttachTo: '/Temp/Autosaves/Game/Maps/UEDPCPhysicsLevel.PhysicsLevel:PersistentLevel.StartingPlatform.Root' is not static  (in blueprint "BP_BuildingBlockMovable"), cannot attach '/Temp/Autosaves/Game/Maps/UEDPCPhysicsLevel.PhysicsLevel:PersistentLevel.StartingPlatform.Ceilling' which is static to it. Aborting.
[2015.05.03-10.51.19:396][  0]PIE:Warning: Warning AttachTo: '/Temp/Autosaves/Game/Maps/UEDPCPhysicsLevel.PhysicsLevel:PersistentLevel.StartingPlatform.Root' is not static  (in blueprint "BP_BuildingBlockMovable"), cannot attach '/Temp/Autosaves/Game/Maps/UEDPCPhysicsLevel.PhysicsLevel:PersistentLevel.StartingPlatform.Wall1' which is static to it. Aborting.
[2015.05.03-10.51.19:396][  0]PIE:Warning: Warning AttachTo: '/Temp/Autosaves/Game/Maps/UEDPCPhysicsLevel.PhysicsLevel:PersistentLevel.StartingPlatform.Root' is not static  (in blueprint "BP_BuildingBlockMovable"), cannot attach '/Temp/Autosaves/Game/Maps/UEDPCPhysicsLevel.PhysicsLevel:PersistentLevel.StartingPlatform.Wall2' which is static to it. Aborting.
[2015.05.03-10.51.19:396][  0]PIE:Warning: Warning AttachTo: '/Temp/Autosaves/Game/Maps/UEDPCPhysicsLevel.PhysicsLevel:PersistentLevel.StartingPlatform.Root' is not static  (in blueprint "BP_BuildingBlockMovable"), cannot attach '/Temp/Autosaves/Game/Maps/UEDPCPhysicsLevel.PhysicsLevel:PersistentLevel.StartingPlatform.Wall3' which is static to it. Aborting.
[2015.05.03-10.51.19:396][  0]PIE:Warning: Warning AttachTo: '/Temp/Autosaves/Game/Maps/UEDPCPhysicsLevel.PhysicsLevel:PersistentLevel.StartingPlatform.Root' is not static  (in blueprint "BP_BuildingBlockMovable"), cannot attach '/Temp/Autosaves/Game/Maps/UEDPCPhysicsLevel.PhysicsLevel:PersistentLevel.StartingPlatform.Wall4' which is static to it. Aborting.
[2015.05.03-10.51.19:397][  0]PIE:Warning: Warning AttachTo: '/Temp/Autosaves/Game/Maps/UEDPCPhysicsLevel.PhysicsLevel:PersistentLevel.StartingPlatform.Root' is not static  (in blueprint "BP_BuildingBlockMovable"), cannot attach '/Temp/Autosaves/Game/Maps/UEDPCPhysicsLevel.PhysicsLevel:PersistentLevel.StartingPlatform.Support1' which is static to it. Aborting.
[2015.05.03-10.51.19:397][  0]PIE:Warning: Warning AttachTo: '/Temp/Autosaves/Game/Maps/UEDPCPhysicsLevel.PhysicsLevel:PersistentLevel.StartingPlatform.Root' is not static  (in blueprint "BP_BuildingBlockMovable"), cannot attach '/Temp/Autosaves/Game/Maps/UEDPCPhysicsLevel.PhysicsLevel:PersistentLevel.StartingPlatform.Support2' which is static to it. Aborting.
[2015.05.03-10.51.19:397][  0]PIE:Warning: Warning AttachTo: '/Temp/Autosaves/Game/Maps/UEDPCPhysicsLevel.PhysicsLevel:PersistentLevel.StartingPlatform.Root' is not static  (in blueprint "BP_BuildingBlockMovable"), cannot attach '/Temp/Autosaves/Game/Maps/UEDPCPhysicsLevel.PhysicsLevel:PersistentLevel.StartingPlatform.Support3' which is static to it. Aborting.
[2015.05.03-10.51.19:397][  0]PIE:Warning: Warning AttachTo: '/Temp/Autosaves/Game/Maps/UEDPCPhysicsLevel.PhysicsLevel:PersistentLevel.StartingPlatform.Root' is not static  (in blueprint "BP_BuildingBlockMovable"), cannot attach '/Temp/Autosaves/Game/Maps/UEDPCPhysicsLevel.PhysicsLevel:PersistentLevel.StartingPlatform.Support4' which is static to it. Aborting.
[2015.05.03-10.51.19:397][  0]PIE:Warning: Warning AttachTo: '/Temp/Autosaves/Game/Maps/UEDPCPhysicsLevel.PhysicsLevel:PersistentLevel.StartingPlatform.Root' is not static  (in blueprint "BP_BuildingBlockMovable"), cannot attach '/Temp/Autosaves/Game/Maps/UEDPCPhysicsLevel.PhysicsLevel:PersistentLevel.StartingPlatform.FillWall1Top' which is static to it. Aborting.
[2015.05.03-10.51.19:397][  0]PIE:Warning: Warning AttachTo: '/Temp/Autosaves/Game/Maps/UEDPCPhysicsLevel.PhysicsLevel:PersistentLevel.StartingPlatform.Root' is not static  (in blueprint "BP_BuildingBlockMovable"), cannot attach '/Temp/Autosaves/Game/Maps/UEDPCPhysicsLevel.PhysicsLevel:PersistentLevel.StartingPlatform.FIllWall1Bottom' which is static to it. Aborting.
[2015.05.03-10.51.19:397][  0]PIE:Warning: Warning AttachTo: '/Temp/Autosaves/Game/Maps/UEDPCPhysicsLevel.PhysicsLevel:PersistentLevel.StartingPlatform.Root' is not static  (in blueprint "BP_BuildingBlockMovable"), cannot attach '/Temp/Autosaves/Game/Maps/UEDPCPhysicsLevel.PhysicsLevel:PersistentLevel.StartingPlatform.FillWall2Top' which is static to it. Aborting.
[2015.05.03-10.51.19:397][  0]PIE:Warning: Warning AttachTo: '/Temp/Autosaves/Game/Maps/UEDPCPhysicsLevel.PhysicsLevel:PersistentLevel.StartingPlatform.Root' is not static  (in blueprint "BP_BuildingBlockMovable"), cannot attach '/Temp/Autosaves/Game/Maps/UEDPCPhysicsLevel.PhysicsLevel:PersistentLevel.StartingPlatform.FillWall2Bottom' which is static to it. Aborting.
[2015.05.03-10.51.19:397][  0]PIE:Warning: Warning AttachTo: '/Temp/Autosaves/Game/Maps/UEDPCPhysicsLevel.PhysicsLevel:PersistentLevel.StartingPlatform.Root' is not static  (in blueprint "BP_BuildingBlockMovable"), cannot attach '/Temp/Autosaves/Game/Maps/UEDPCPhysicsLevel.PhysicsLevel:PersistentLevel.StartingPlatform.FillWall3Top' which is static to it. Aborting.
[2015.05.03-10.51.19:397][  0]PIE:Warning: Warning AttachTo: '/Temp/Autosaves/Game/Maps/UEDPCPhysicsLevel.PhysicsLevel:PersistentLevel.StartingPlatform.Root' is not static  (in blueprint "BP_BuildingBlockMovable"), cannot attach '/Temp/Autosaves/Game/Maps/UEDPCPhysicsLevel.PhysicsLevel:PersistentLevel.StartingPlatform.FillWall3Bottom' which is static to it. Aborting.
[2015.05.03-10.51.19:398][  0]PIE:Warning: Warning AttachTo: '/Temp/Autosaves/Game/Maps/UEDPCPhysicsLevel.PhysicsLevel:PersistentLevel.StartingPlatform.Root' is not static  (in blueprint "BP_BuildingBlockMovable"), cannot attach '/Temp/Autosaves/Game/Maps/UEDPCPhysicsLevel.PhysicsLevel:PersistentLevel.StartingPlatform.FillWall4Top' which is static to it. Aborting.
[2015.05.03-10.51.19:398][  0]PIE:Warning: Warning AttachTo: '/Temp/Autosaves/Game/Maps/UEDPCPhysicsLevel.PhysicsLevel:PersistentLevel.StartingPlatform.Root' is not static  (in blueprint "BP_BuildingBlockMovable"), cannot attach '/Temp/Autosaves/Game/Maps/UEDPCPhysicsLevel.PhysicsLevel:PersistentLevel.StartingPlatform.FillWall4Bottom' which is static to it. Aborting.
[2015.05.03-10.51.19:737][  0]PIE:Warning: Warning AttachTo: '/Temp/Autosaves/Game/Maps/UEDPCPhysicsLevel.PhysicsLevel:PersistentLevel.StartingPlatform2.Root' is not static  (in blueprint "BP_BuildingBlockMovable"), cannot attach '/Temp/Autosaves/Game/Maps/UEDPCPhysicsLevel.PhysicsLevel:PersistentLevel.StartingPlatform2.Floor' which is static to it. Aborting.
[2015.05.03-10.51.19:737][  0]PIE:Warning: Warning AttachTo: '/Temp/Autosaves/Game/Maps/UEDPCPhysicsLevel.PhysicsLevel:PersistentLevel.StartingPlatform2.Root' is not static  (in blueprint "BP_BuildingBlockMovable"), cannot attach '/Temp/Autosaves/Game/Maps/UEDPCPhysicsLevel.PhysicsLevel:PersistentLevel.StartingPlatform2.Ceilling' which is static to it. Aborting.
[2015.05.03-10.51.19:737][  0]PIE:Warning: Warning AttachTo: '/Temp/Autosaves/Game/Maps/UEDPCPhysicsLevel.PhysicsLevel:PersistentLevel.StartingPlatform2.Root' is not static  (in blueprint "BP_BuildingBlockMovable"), cannot attach '/Temp/Autosaves/Game/Maps/UEDPCPhysicsLevel.PhysicsLevel:PersistentLevel.StartingPlatform2.Wall1' which is static to it. Aborting.
[2015.05.03-10.51.19:738][  0]PIE:Warning: Warning AttachTo: '/Temp/Autosaves/Game/Maps/UEDPCPhysicsLevel.PhysicsLevel:PersistentLevel.StartingPlatform2.Root' is not static  (in blueprint "BP_BuildingBlockMovable"), cannot attach '/Temp/Autosaves/Game/Maps/UEDPCPhysicsLevel.PhysicsLevel:PersistentLevel.StartingPlatform2.Wall2' which is static to it. Aborting.
[2015.05.03-10.51.19:738][  0]PIE:Warning: Warning AttachTo: '/Temp/Autosaves/Game/Maps/UEDPCPhysicsLevel.PhysicsLevel:PersistentLevel.StartingPlatform2.Root' is not static  (in blueprint "BP_BuildingBlockMovable"), cannot attach '/Temp/Autosaves/Game/Maps/UEDPCPhysicsLevel.PhysicsLevel:PersistentLevel.StartingPlatform2.Wall3' which is static to it. Aborting.
[2015.05.03-10.51.19:738][  0]PIE:Warning: Warning AttachTo: '/Temp/Autosaves/Game/Maps/UEDPCPhysicsLevel.PhysicsLevel:PersistentLevel.StartingPlatform2.Root' is not static  (in blueprint "BP_BuildingBlockMovable"), cannot attach '/Temp/Autosaves/Game/Maps/UEDPCPhysicsLevel.PhysicsLevel:PersistentLevel.StartingPlatform2.Wall4' which is static to it. Aborting.
[2015.05.03-10.51.19:738][  0]PIE:Warning: Warning AttachTo: '/Temp/Autosaves/Game/Maps/UEDPCPhysicsLevel.PhysicsLevel:PersistentLevel.StartingPlatform2.Root' is not static  (in blueprint "BP_BuildingBlockMovable"), cannot attach '/Temp/Autosaves/Game/Maps/UEDPCPhysicsLevel.PhysicsLevel:PersistentLevel.StartingPlatform2.Support1' which is static to it. Aborting.
[2015.05.03-10.51.19:738][  0]PIE:Warning: Warning AttachTo: '/Temp/Autosaves/Game/Maps/UEDPCPhysicsLevel.PhysicsLevel:PersistentLevel.StartingPlatform2.Root' is not static  (in blueprint "BP_BuildingBlockMovable"), cannot attach '/Temp/Autosaves/Game/Maps/UEDPCPhysicsLevel.PhysicsLevel:PersistentLevel.StartingPlatform2.Support2' which is static to it. Aborting.
[2015.05.03-10.51.19:738][  0]PIE:Warning: Warning AttachTo: '/Temp/Autosaves/Game/Maps/UEDPCPhysicsLevel.PhysicsLevel:PersistentLevel.StartingPlatform2.Root' is not static  (in blueprint "BP_BuildingBlockMovable"), cannot attach '/Temp/Autosaves/Game/Maps/UEDPCPhysicsLevel.PhysicsLevel:PersistentLevel.StartingPlatform2.Support3' which is static to it. Aborting.
[2015.05.03-10.51.19:738][  0]PIE:Warning: Warning AttachTo: '/Temp/Autosaves/Game/Maps/UEDPCPhysicsLevel.PhysicsLevel:PersistentLevel.StartingPlatform2.Root' is not static  (in blueprint "BP_BuildingBlockMovable"), cannot attach '/Temp/Autosaves/Game/Maps/UEDPCPhysicsLevel.PhysicsLevel:PersistentLevel.StartingPlatform2.Support4' which is static to it. Aborting.
[2015.05.03-10.51.19:738][  0]PIE:Warning: Warning AttachTo: '/Temp/Autosaves/Game/Maps/UEDPCPhysicsLevel.PhysicsLevel:PersistentLevel.StartingPlatform2.Root' is not static  (in blueprint "BP_BuildingBlockMovable"), cannot attach '/Temp/Autosaves/Game/Maps/UEDPCPhysicsLevel.PhysicsLevel:PersistentLevel.StartingPlatform2.FillWall1Top' which is static to it. Aborting.
[2015.05.03-10.51.19:738][  0]PIE:Warning: Warning AttachTo: '/Temp/Autosaves/Game/Maps/UEDPCPhysicsLevel.PhysicsLevel:PersistentLevel.StartingPlatform2.Root' is not static  (in blueprint "BP_BuildingBlockMovable"), cannot attach '/Temp/Autosaves/Game/Maps/UEDPCPhysicsLevel.PhysicsLevel:PersistentLevel.StartingPlatform2.FIllWall1Bottom' which is static to it. Aborting.
[2015.05.03-10.51.19:739][  0]PIE:Warning: Warning AttachTo: '/Temp/Autosaves/Game/Maps/UEDPCPhysicsLevel.PhysicsLevel:PersistentLevel.StartingPlatform2.Root' is not static  (in blueprint "BP_BuildingBlockMovable"), cannot attach '/Temp/Autosaves/Game/Maps/UEDPCPhysicsLevel.PhysicsLevel:PersistentLevel.StartingPlatform2.FillWall2Top' which is static to it. Aborting.
[2015.05.03-10.51.19:739][  0]PIE:Warning: Warning AttachTo: '/Temp/Autosaves/Game/Maps/UEDPCPhysicsLevel.PhysicsLevel:PersistentLevel.StartingPlatform2.Root' is not static  (in blueprint "BP_BuildingBlockMovable"), cannot attach '/Temp/Autosaves/Game/Maps/UEDPCPhysicsLevel.PhysicsLevel:PersistentLevel.StartingPlatform2.FillWall2Bottom' which is static to it. Aborting.
[2015.05.03-10.51.19:739][  0]PIE:Warning: Warning AttachTo: '/Temp/Autosaves/Game/Maps/UEDPCPhysicsLevel.PhysicsLevel:PersistentLevel.StartingPlatform2.Root' is not static  (in blueprint "BP_BuildingBlockMovable"), cannot attach '/Temp/Autosaves/Game/Maps/UEDPCPhysicsLevel.PhysicsLevel:PersistentLevel.StartingPlatform2.FillWall3Top' which is static to it. Aborting.
[2015.05.03-10.51.19:739][  0]PIE:Warning: Warning AttachTo: '/Temp/Autosaves/Game/Maps/UEDPCPhysicsLevel.PhysicsLevel:PersistentLevel.StartingPlatform2.Root' is not static  (in blueprint "BP_BuildingBlockMovable"), cannot attach '/Temp/Autosaves/Game/Maps/UEDPCPhysicsLevel.PhysicsLevel:PersistentLevel.StartingPlatform2.FillWall3Bottom' which is static to it. Aborting.
[2015.05.03-10.51.19:739][  0]PIE:Warning: Warning AttachTo: '/Temp/Autosaves/Game/Maps/UEDPCPhysicsLevel.PhysicsLevel:PersistentLevel.StartingPlatform2.Root' is not static  (in blueprint "BP_BuildingBlockMovable"), cannot attach '/Temp/Autosaves/Game/Maps/UEDPCPhysicsLevel.PhysicsLevel:PersistentLevel.StartingPlatform2.FillWall4Top' which is static to it. Aborting.
[2015.05.03-10.51.19:739][  0]PIE:Warning: Warning AttachTo: '/Temp/Autosaves/Game/Maps/UEDPCPhysicsLevel.PhysicsLevel:PersistentLevel.StartingPlatform2.Root' is not static  (in blueprint "BP_BuildingBlockMovable"), cannot attach '/Temp/Autosaves/Game/Maps/UEDPCPhysicsLevel.PhysicsLevel:PersistentLevel.StartingPlatform2.FillWall4Bottom' which is static to it. Aborting.
[2015.05.03-10.51.19:741][  0]LogWorld: Bringing World /Temp/Autosaves/Game/Maps/UEDPCPhysicsLevel.PhysicsLevel up for play (max tick rate 0) at 2015.05.03-03.51.19
[2015.05.03-10.51.19:757][  0]LogWorld: Bringing up level for play took: 0.709896
[2015.05.03-10.51.19:760][  0]LogInit:Display: Game Engine Initialized.
[2015.05.03-10.51.19:997][  0]LogLoad: Full Startup: 10.64 seconds (BP compile: 0.32 seconds)
[2015.05.03-10.51.20:191][  2]LogRenderer:Warning: Reallocating scene render targets to support 1280x720 (Frame:2).
[2015.05.03-10.51.31:704][700]Closing by request
[2015.05.03-10.51.31:704][700]LogWindows: FPlatformMisc::RequestExit(0)
[2015.05.03-10.51.31:802][701]LogExit: Preparing to exit.
[2015.05.03-10.51.31:931][701]LogParticles: Destroying 0 GPU particle simulations for FXSystem 0x0000000019ACE200
[2015.05.03-10.51.31:931][701]LogExit: Game engine shut down
[2015.05.03-10.51.32:034][701]LogExit: Object subsystem successfully closed.
[2015.05.03-10.51.32:073][701]LogModuleManager: Shutting down and abandoning module AndroidDeviceDetection (106)
[2015.05.03-10.51.33:027][701]LogModuleManager: Shutting down and abandoning module AutomationWorker (105)
[2015.05.03-10.51.33:027][701]LogModuleManager: Shutting down and abandoning module CharacterAI (104)
[2015.05.03-10.51.33:027][701]LogModuleManager: Shutting down and abandoning module AITestSuite (103)
[2015.05.03-10.51.33:027][701]LogModuleManager: Shutting down and abandoning module GameplayDebugger (102)
[2015.05.03-10.51.33:027][701]LogModuleManager: Shutting down and abandoning module AIModule (101)
[2015.05.03-10.51.33:027][701]LogModuleManager: Shutting down and abandoning module GameLiveStreaming (100)
[2015.05.03-10.51.33:027][701]LogModuleManager: Shutting down and abandoning module StreamingPauseRendering (99)
[2015.05.03-10.51.33:027][701]LogModuleManager: Shutting down and abandoning module HTTP (98)
[2015.05.03-10.51.33:027][701]LogModuleManager: Shutting down and abandoning module AnalyticsET (97)
[2015.05.03-10.51.33:027][701]LogModuleManager: Shutting down and abandoning module Analytics (96)
[2015.05.03-10.51.33:027][701]LogModuleManager: Shutting down and abandoning module ProfilerService (95)
[2015.05.03-10.51.33:262][701]LogModuleManager: Shutting down and abandoning module TaskGraph (94)
[2015.05.03-10.51.33:262][701]LogModuleManager: Shutting down and abandoning module SlateRemote (93)
[2015.05.03-10.51.33:262][701]LogModuleManager: Shutting down and abandoning module CustomMeshComponent (92)
[2015.05.03-10.51.33:262][701]LogModuleManager: Shutting down and abandoning module CableComponent (91)
[2015.05.03-10.51.33:262][701]LogModuleManager: Shutting down and abandoning module DesktopPlatform (90)
[2015.05.03-10.51.33:262][701]LogModuleManager: Shutting down and abandoning module DirectoryWatcher (89)
[2015.05.03-10.51.33:262][701]LogModuleManager: Shutting down and abandoning module HotReload (88)
[2015.05.03-10.51.33:262][701]LogModuleManager: Shutting down and abandoning module VisualStudioSourceCodeAccess (87)
[2015.05.03-10.51.33:262][701]LogModuleManager: Shutting down and abandoning module UObjectPlugin (86)
[2015.05.03-10.51.33:262][701]LogModuleManager: Shutting down and abandoning module SubversionSourceControl (85)
[2015.05.03-10.51.33:262][701]LogModuleManager: Shutting down and abandoning module GitSourceControl (84)
[2015.05.03-10.51.33:262][701]LogModuleManager: Shutting down and abandoning module SourceControl (83)
[2015.05.03-10.51.33:262][701]LogModuleManager: Shutting down and abandoning module PerforceSourceControl (82)
[2015.05.03-10.51.33:262][701]LogModuleManager: Shutting down and abandoning module BlankPlugin (81)
[2015.05.03-10.51.33:262][701]LogModuleManager: Shutting down and abandoning module ScriptPlugin (80)
[2015.05.03-10.51.33:262][701]LogModuleManager: Shutting down and abandoning module UdpMessaging (79)
[2015.05.03-10.51.33:262][701]LogModuleManager: Shutting down and abandoning module Paper2D (78)
[2015.05.03-10.51.33:262][701]LogModuleManager: Shutting down and abandoning module WindowsMoviePlayer (77)
[2015.05.03-10.51.33:267][701]LogModuleManager: Shutting down and abandoning module Media (76)
[2015.05.03-10.51.33:267][701]LogModuleManager: Shutting down and abandoning module WmfMedia (75)
[2015.05.03-10.51.33:267][701]LogModuleManager: Shutting down and abandoning module OnlineBlueprintSupport (74)
[2015.05.03-10.51.33:267][701]LogModuleManager: Shutting down and abandoning module PropertyEditor (73)
[2015.05.03-10.51.33:267][701]LogModuleManager: Shutting down and abandoning module BehaviorTreeEditor (72)
[2015.05.03-10.51.33:267][701]LogModuleManager: Shutting down and abandoning module FunctionalTesting (71)
[2015.05.03-10.51.33:267][701]LogModuleManager: Shutting down and abandoning module CollisionAnalyzer (70)
[2015.05.03-10.51.33:267][701]LogModuleManager: Shutting down and abandoning module WorkspaceMenuStructure (69)
[2015.05.03-10.51.33:267][701]LogModuleManager: Shutting down and abandoning module MessageLog (68)
[2015.05.03-10.51.33:267][701]LogModuleManager: Shutting down and abandoning module Sequencer (67)
[2015.05.03-10.51.33:267][701]LogModuleManager: Shutting down and abandoning module AssetTools (66)
[2015.05.03-10.51.33:267][701]LogModuleManager: Shutting down and abandoning module UMGEditor (65)
[2015.05.03-10.51.33:267][701]LogModuleManager: Shutting down and abandoning module UMG (64)
[2015.05.03-10.51.33:267][701]LogModuleManager: Shutting down and abandoning module Slate (63)
[2015.05.03-10.51.33:267][701]LogModuleManager: Shutting down and abandoning module EditorStyle (62)
[2015.05.03-10.51.33:274][701]LogModuleManager: Shutting down and abandoning module SessionServices (61)
[2015.05.03-10.51.33:274][701]LogModuleManager: Shutting down and abandoning module SourceCodeAccess (60)
[2015.05.03-10.51.33:275][701]LogModuleManager: Shutting down and abandoning module HeadMountedDisplay (59)
[2015.05.03-10.51.33:275][701]LogModuleManager: Shutting down and abandoning module XAudio2