Log file open, 04/25/15 21:39:40
LogInit:Display: Running engine for game: Week4_Starting
LogInit: Version: 4.7.4-2497108+++depot+UE4-Releases+4.7
LogInit: API Version: 2455222
LogInit: Compiled (64-bit): Mar 31 2015 09:40:25
LogInit: Compiled with Visual C++: 18.00.21005.01
LogInit: Build Configuration: Development
LogInit: Branch Name: ++depot+UE4-Releases+4.7
LogInit: Command line:  
LogInit: Base directory: C:/Program Files/Epic Games/4.7/Engine/Binaries/Win64/
LogInit: Rocket: 1
[2015.04.26-04.39.40:772][  0]LogTaskGraph: Started task graph with 3 named threads and 8 total threads.
[2015.04.26-04.39.40:856][  0]LogOnline:Warning: No default platform service specified for OnlineSubsystem
[2015.04.26-04.39.40:873][  0]LogInit: Presizing for 0 objects not considered by GC, pre-allocating 0 bytes.
[2015.04.26-04.39.40:884][  0]LogInit: Object subsystem initialized
[2015.04.26-04.39.40:886][  0]LogConsoleResponse:Warning: Skipping Unknown console variable: 'TranslucentSortAxis = (X=0.000000,Y=-1.000000,Z=0.000000)'
[2015.04.26-04.39.40:886][  0]LogConsoleResponse:Warning:   Found in ini file 'C:/Users/CS210/Documents/Unreal Projects/Calexan/grumpyWheels-master/Saved/Config/Windows/Engine.ini', in section '[/Script/Engine.RendererSettings]'
[2015.04.26-04.39.40:886][  0]LogConsoleResponse:Warning: Skipping Unknown console variable: 'UIScaleRule = ShortestSide'
[2015.04.26-04.39.40:886][  0]LogConsoleResponse:Warning:   Found in ini file 'C:/Users/CS210/Documents/Unreal Projects/Calexan/grumpyWheels-master/Saved/Config/Windows/Engine.ini', in section '[/Script/Engine.RendererSettings]'
[2015.04.26-04.39.40:886][  0]LogConsoleResponse:Warning: Skipping Unknown console variable: 'UIScaleCurve = (EditorCurveData=(Keys=),ExternalCurve=None)'
[2015.04.26-04.39.40:886][  0]LogConsoleResponse:Warning:   Found in ini file 'C:/Users/CS210/Documents/Unreal Projects/Calexan/grumpyWheels-master/Saved/Config/Windows/Engine.ini', in section '[/Script/Engine.RendererSettings]'
[2015.04.26-04.39.40:886][  0]LogInit: Selected Device Profile: [Windows]
[2015.04.26-04.39.40:886][  0]LogInit: Applying CVar settings loaded from the selected device profile: [Windows]
[2015.04.26-04.39.40:896][  0]LogInit: Computer: CS210-WS-08
[2015.04.26-04.39.40:896][  0]LogInit: User: CS210
[2015.04.26-04.39.40:896][  0]LogInit: CPU Page size=4096, Cores=6
[2015.04.26-04.39.40:896][  0]LogInit: High frequency timer resolution =3.215253 MHz
[2015.04.26-04.39.40:896][  0]LogMemory: Memory total: Physical=15.9GB (16GB approx) Virtual=8192.0GB
[2015.04.26-04.39.40:896][  0]LogMemory: Platform Memory Stats for Windows
[2015.04.26-04.39.40:896][  0]LogMemory: Process Physical Memory: 49.25 MB used, 49.25 MB peak
[2015.04.26-04.39.40:896][  0]LogMemory: Process Virtual Memory: 29.41 MB used, 29.41 MB peak
[2015.04.26-04.39.40:896][  0]LogMemory: Physical Memory: 3326.32 MB used, 16271.58 MB total
[2015.04.26-04.39.40:896][  0]LogMemory: Virtual Memory: 283.13 MB used, 8388608.00 MB total
[2015.04.26-04.39.40:935][  0]LogD3D11RHI: Found D3D11 adapter 0: NVIDIA GeForce GTX 980 (Feature Level 11_0)
[2015.04.26-04.39.40:935][  0]LogD3D11RHI: Adapter has 3972MB of dedicated video memory, 0MB of dedicated system memory, and 7879MB of shared system memory, 1 output[s]
[2015.04.26-04.39.40:935][  0]LogD3D11RHI: Chosen D3D11 Adapter Id = 0
[2015.04.26-04.39.40:941][  0]LogRHI: Texture pool is 1361 MB (70% of 1945 MB)
[2015.04.26-04.39.40:949][  0]LogD3D11RHI: Async texture creation enabled
[2015.04.26-04.39.41:004][  0]LogTextLocalizationManager: The requested culture ('en_US') has no localization data; parent culture's ('en') localization data will be used.
[2015.04.26-04.39.41:066][  0]LogTextLocalizationManager:Warning: Loading localization resources contain conflicting entries for (Namespace:UICommands, Key:Save_ToolTip):
Resource: (C:/Program Files/Epic Games/4.7/Engine/Content/Localization/Editor/en/Editor.locres) Hash: (-29098895) String: (Saves the current level to disk)
Resource: (C:/Program Files/Epic Games/4.7/Engine/Content/Localization/Engine/en/Engine.locres) Hash: (-1280300587) String: (Save selected data to vlog file)
[2015.04.26-04.39.41:066][  0]LogTextLocalizationManager:Warning: Loading localization resources contain conflicting entries for (Namespace:ContentBrowser, Key:ImportAssetToolTip):
Resource: (C:/Program Files/Epic Games/4.7/Engine/Content/Localization/Editor/en/Editor.locres) Hash: (-630476809) String: (Import to {0}...)
Resource: (C:/Program Files/Epic Games/4.7/Engine/Content/Localization/Editor/en/Editor.locres) Hash: (1271782899) String: (Imports an asset from file to this folder.)
[2015.04.26-04.39.41:139][  0]LogContentStreaming: Texture pool size is 0.000000MB
[2015.04.26-04.39.43:435][  0]LogTargetPlatformManager:Display: Building Assets For Windows
[2015.04.26-04.39.43:923][  0]LogTargetPlatformManager:Display: Building Assets For Windows
[2015.04.26-04.39.43:976][  0]LogDerivedDataCache:Display: Max Cache Size: 512 MB
[2015.04.26-04.39.44:014][  0]LogDerivedDataCache: Loaded boot cache 0.04s 39MB C:/Users/CS210/AppData/Local/UnrealEngine/4.7/DerivedDataCache/Boot.ddc.
[2015.04.26-04.39.44:014][  0]LogDerivedDataCache:Display: Loaded Boot cache: C:/Users/CS210/AppData/Local/UnrealEngine/4.7/DerivedDataCache/Boot.ddc
[2015.04.26-04.39.44:014][  0]LogDerivedDataCache: FDerivedDataBackendGraph:  Pak pak cache file ../../../../../../Users/CS210/Documents/Unreal Projects/Calexan/grumpyWheels-master/DerivedDataCache/DDC.ddp not found, will not use a pak cache.
[2015.04.26-04.39.44:014][  0]LogDerivedDataCache: Unable to find inner node Pak for hierarchical cache Hierarchy.
[2015.04.26-04.39.44:122][  0]LogDerivedDataCache:Display: Pak cache opened for reading ../../../Engine/DerivedDataCache/Compressed.ddp.
[2015.04.26-04.39.44:133][  0]LogDerivedDataCache: Using Local data cache path C:/Users/CS210/AppData/Local/UnrealEngine/Common/DerivedDataCache: Writable
[2015.04.26-04.39.44:431][  0]LogMeshUtilities: No automatic mesh reduction module available
[2015.04.26-04.39.44:431][  0]LogMeshUtilities: No automatic mesh merging module available
[2015.04.26-04.39.44:817][  0]LogInit: WinSock: version 1.1 (2.2), MaxSocks=32767, MaxUdp=65467
[2015.04.26-04.39.44:881][  0]LogSlate:Warning: Failed to load font data from '../../../Engine/Content/Slate/Fonts/Roboto-Italic.ttf'
[2015.04.26-04.39.45:608][  0]UdpMessaging: Initializing bridge on interface 0.0.0.0:0 to multicast group 230.0.0.1:6666.
[2015.04.26-04.39.45:822][  0]SourceControl: Info Source control is disabled
[2015.04.26-04.39.45:822][  0]SourceControl: Info Source control is disabled
[2015.04.26-04.39.45:822][  0]SourceControl: Info Source control is disabled
[2015.04.26-04.39.45:822][  0]LogSourceControl: RunCommandInternalRaw: 'git version'
[2015.04.26-04.39.45:822][  0]LogSourceControl: RunCommandInternalRaw: ExecProcess ReturnCode=2 OutResults=''
[2015.04.26-04.39.45:830][  0]SourceControl: Info Source control is disabled
[2015.04.26-04.39.45:980][  0]LogObj: 24232 objects as part of root set at end of initial load.
[2015.04.26-04.39.45:980][  0]LogUObjectAllocator: 5137176 out of 0 bytes used by permanent object pool.
[2015.04.26-04.39.46:073][  0]LogEngine: Initializing Engine...
[2015.04.26-04.39.48:298][  0]LogInit: XAudio2 using 'Speakers (Sound Blaster Recon3Di)' : 2 channels at 48 kHz using 32 bits per sample (channel mask 0x3)
[2015.04.26-04.39.48:338][  0]LogInit: FAudioDevice initialized.
[2015.04.26-04.39.48:392][  0]LogAIModule: Creating AISystem for world NewWorld
[2015.04.26-04.39.48:421][  0]LogDerivedDataCache: Saved boot cache 0.03s 39MB C:/Users/CS210/AppData/Local/UnrealEngine/4.7/DerivedDataCache/Boot.ddc.
[2015.04.26-04.39.48:430][  0]LogInit: Texture streaming: Enabled
[2015.04.26-04.39.48:509][  0]LogAnalytics: Creating configured Analytics provider AnalyticsET
[2015.04.26-04.39.48:509][  0]LogAnalytics: ET APIKey = Rocket.Release. APIServer = http://et2.epicgames.com/ET2/. AppVersion = 4.7.4-2497108+++depot+UE4-Releases+4.7
[2015.04.26-04.39.48:509][  0]LogAnalytics: ET APIKey = Rocket.Release. DataRouterUploadURL = https://datarouter-public-service-gamedev.ol.epicgames.net/datarouter/api/v1/public/data. AppVersion = 4.7.4-2497108+++depot+UE4-Releases+4.7
[2015.04.26-04.39.48:510][  0]LogAnalytics: SetUserId f16068c6498a34924484ecb825586d2c|871743be8dc147e2bc510dfc1f536030|c2231d5a-73cd-41df-9751-42c2ec2ee226
[2015.04.26-04.39.48:510][  0]LogAnalytics: AnalyticsET::StartSession [Rocket.Release]
[2015.04.26-04.39.48:533][  0]LogInit: Transaction tracking system initialized
[2015.04.26-04.39.48:670][  0]BlueprintLog: New page: Editor Load
[2015.04.26-04.39.48:700][  0]LogAssetRegistry: FAssetRegistry took 0.0100 seconds to start up
[2015.04.26-04.39.48:700][  0]LogDirectoryWatcher:Warning: Failed to begin reading directory changes for ../../../Engine/Plugins/Experimental/CharacterAI/Content/. Error: 0
[2015.04.26-04.39.49:287][  0]LogTargetPlatformManager:Display: Building Assets For Windows
[2015.04.26-04.39.49:619][  0]LogTargetPlatformManager:Display: Building Assets For Windows
[2015.04.26-04.39.49:879][  0]LogLinker:Warning: Can't find file '/Game/FirstPersonBP/FirstPersonOverview'
[2015.04.26-04.39.49:880][  0]LogLinker:Warning: Can't find file '/Game/FirstPersonBP/FirstPersonOverview'
[2015.04.26-04.39.49:880][  0]LogUObjectGlobals:Warning: Failed to find object 'Class /Game/FirstPersonBP/FirstPersonOverview.FirstPersonOverview_C'
[2015.04.26-04.39.49:906][  0]LogSlate:Warning: Failed to load font data from '../../../Engine/Content/Editor/Slate/Fonts/Roboto-Regular.ttf'
[2015.04.26-04.39.49:906][  0]LogSlate:Warning: Failed to load font data from '../../../Engine/Content/Editor/Slate/Fonts/Roboto-Bold.ttf'
[2015.04.26-04.39.49:911][  0]LogConsoleResponse:Display: 
[2015.04.26-04.39.50:020][  0]LogCook:Display: Done creating registry. It took  0.00s.
[2015.04.26-04.39.50:183][  0]SourceControl: Info Source control is disabled
[2015.04.26-04.39.50:183][  0]Cmd: MAP LOAD FILE="../../../../../../Users/CS210/Documents/Unreal Projects/Calexan/grumpyWheels-master/Content/LayoutContent/EmptyLevel.umap" TEMPLATE=0 SHOWPROGRESS=1 FEATURELEVEL=3
[2015.04.26-04.39.50:184][  0]LightingResults: New page: Lighting Build
[2015.04.26-04.39.50:195][  0]MapCheck: New page: Map Check
[2015.04.26-04.39.50:195][  0]LightingResults: New page: Lighting Build
[2015.04.26-04.39.50:206][  0]LogParticles: Destroying 0 GPU particle simulations for FXSystem 0x0000000016730C20
[2015.04.26-04.39.50:224][  0]LogLinker:Warning: Asset '../../../Engine/Content/EngineMeshes/Humanoid.uasset' has been saved with empty engine version. The asset will be loaded but may be incompatible.
[2015.04.26-04.39.53:095][  0]LogEditorServer: Finished looking for orphan Actors (0.000 secs)
[2015.04.26-04.39.53:274][  0]LogAIModule: Creating AISystem for world EmptyLevel
[2015.04.26-04.39.53:275][  0]Cmd: MAP CHECKDEP
[2015.04.26-04.39.53:276][  0]MapCheck: New page: EmptyLevel - Apr 25, 2015, 2:39:53 PM
[2015.04.26-04.39.53:375][  0]MapCheck: Info Map check complete: 0 Error(s), 0 Warning(s), took 99.313ms to complete.
[2015.04.26-04.39.53:375][  0]LogFileHelpers: Loading map 'EmptyLevel' took 3.192
[2015.04.26-04.39.53:513][  0]LogCollectionManager: Loaded 0 collections in 0.001554 seconds
[2015.04.26-04.39.53:524][  0]LogContentBrowser: Native class hierarchy populated in 0.0102 seconds. Added 1696 classes and 261 folders.
[2015.04.26-04.39.53:551][  0]LogContentBrowser: Native class hierarchy updated for 'SceneOutliner' in 0.0016 seconds. Added 1 classes and 2 folders.
[2015.04.26-04.39.53:599][  0]LogCrashTracker: Crashtracker disabled due to settings.
[2015.04.26-04.39.53:600][  0]LogSlate:Warning: Failed to load font data from 'Veranda'
[2015.04.26-04.39.53:629][  0]LogUObjectGlobals:Warning: Failed to find object 'Class None.'
[2015.04.26-04.39.53:653][  0]LogLoad: Full Startup: 13.78 seconds (BP compile: 1.01 seconds)
[2015.04.26-04.39.53:695][  0]LogContentBrowser:Verbose: The content browser source was changed by the sources view to '/Game/Blueprints'
[2015.04.26-04.39.54:013][  1]LogRenderer:Warning: Reallocating scene render targets to support 848x800 (Frame:2).
[2015.04.26-04.39.54:393][  7]LogAssetRegistry: Asset discovery search completed in 5.7034 seconds
[2015.04.26-04.39.58:681][438]LogRenderer:Warning: Reallocating scene render targets to support 1616x808 (Frame:419).
[2015.04.26-04.40.00:915][689]LogContentBrowser:Verbose: The content browser source was changed by the sources view to '/Game'
[2015.04.26-04.40.16:422][ 43]LogActorComponent: UnregisterComponent: (/Engine/Transient.CharMoveComp) Not registered. Aborting.
[2015.04.26-04.40.16:422][ 43]LogActorComponent: UnregisterComponent: (/Engine/Transient.ProjectileMovementComponent_0) Not registered. Aborting.
[2015.04.26-04.40.17:998][ 43]LogSavePackage: Save=1515.095093ms
[2015.04.26-04.40.17:998][ 43]LogSavePackage: Moving '../../../../../../Users/CS210/Documents/Unreal Projects/Calexan/grumpyWheels-master/Saved/EmptyLevel33CE77D043DF2FCDACCDB18E7776CACC.tmp' to '../../../../../../Users/CS210/Documents/Unreal Projects/Calexan/grumpyWheels-master/Content/LayoutContent/EmptyLevel.umap'
[2015.04.26-04.40.18:031][ 43]LogFileHelpers: Saving map 'EmptyLevel' took 1.720
[2015.04.26-04.40.18:035][ 43]LightingResults: New page: Lighting Build
[2015.04.26-04.40.18:038][ 43]MapCheck: New page: Map Check
[2015.04.26-04.40.18:038][ 43]LightingResults: New page: Lighting Build
[2015.04.26-04.40.18:056][ 43]LogParticles: Destroying 0 GPU particle simulations for FXSystem 0x0000000019170900
[2015.04.26-04.40.18:071][ 43]LogAIModule: Creating AISystem for world NewWorld
[2015.04.26-04.40.18:076][ 43]LoadErrors: New page: New Map
[2015.04.26-04.41.02:337][565]LogGameProjectGeneration: Created new project with 3 files (plus project files)
[2015.04.26-04.41.02:350][566]Cmd: CLOSE_SLATE_MAINFRAME
[2015.04.26-04.41.02:350][566]LogActorComponent: UnregisterComponent: (/Engine/Transient.ProjectileMovementComponent_0) Not registered. Aborting.
[2015.04.26-04.41.19:011][566]LogSavePackage: Save=8.738659ms
[2015.04.26-04.41.19:011][566]LogSavePackage: Moving '../../../../../../Users/CS210/Documents/Unreal Projects/Calexan/grumpyWheels-master/Saved/ObstacleCourseFBC8C86249453075346380980145A3CF.tmp' to '../../../../../../Users/CS210/Documents/Unreal Projects/Calexan/grumpyWheels-master/Content/LayoutContent/ObstacleCourse.umap'
[2015.04.26-04.41.19:041][566]LogFileHelpers: Saving map 'ObstacleCourse' took 0.208
[2015.04.26-04.41.19:465][567]Cmd: QUIT_EDITOR
[2015.04.26-04.41.19:798][567]LogExit: Preparing to exit.
[2015.04.26-04.41.20:732][567]LogExit: Editor shut down
[2015.04.26-04.41.20:733][567]LogExit: Transaction tracking system shut down
[2015.04.26-04.41.20:734][567]LogParticles: Destroying 0 GPU particle simulations for FXSystem 0x000000002084CAE0
[2015.04.26-04.41.20:735][567]LogParticles: Destroying 0 GPU particle simulations for FXSystem 0x000000000D180220
[2015.04.26-04.41.20:801][567]LogParticles: Destroying 0 GPU particle simulations for FXSystem 0x0000000018A960C0
[2015.04.26-04.41.20:801][567]LogExit: Object subsystem successfully closed.
[2015.04.26-04.41.20:867][567]LogModuleManager: Shutting down and abandoning module NewLevelDialog (179)
[2015.04.26-04.41.20:867][567]LogModuleManager: Shutting down and abandoning module ExternalImagePicker (178)
[2015.04.26-04.41.20:867][567]LogModuleManager: Shutting down and abandoning module CrashTracker (177)
[2015.04.26-04.41.20:867][567]LogModuleManager: Shutting down and abandoning module SuperSearch (176)
[2015.04.26-04.41.20:867][567]LogModuleManager: Shutting down and abandoning module SceneOutliner (175)
[2015.04.26-04.41.20:867][567]LogModuleManager: Shutting down and abandoning module EditorWidgets (174)
[2015.04.26-04.41.20:867][567]LogModuleManager: Shutting down and abandoning module CollectionManager (173)
[2015.04.26-04.41.20:868][567]LogModuleManager: Shutting down and abandoning module StatsViewer (172)
[2015.04.26-04.41.20:868][567]LogModuleManager: Shutting down and abandoning module FoliageEdit (171)
[2015.04.26-04.41.20:868][567]LogModuleManager: Shutting down and abandoning module LandscapeEditor (170)
[2015.04.26-04.41.20:868][567]LogModuleManager: Shutting down and abandoning module MeshPaint (169)
[2015.04.26-04.41.20:868][567]LogModuleManager: Shutting down and abandoning module ActorPickerMode (168)
[2015.04.26-04.41.20:868][567]LogModuleManager: Shutting down and abandoning module GeometryMode (167)
[2015.04.26-04.41.20:868][567]LogModuleManager: Shutting down and abandoning module TextureAlignMode (166)
[2015.04.26-04.41.20:868][567]LogModuleManager: Shutting down and abandoning module BspMode (165)
[2015.04.26-04.41.20:868][567]LogModuleManager: Shutting down and abandoning module PlacementMode (164)
[2015.04.26-04.41.20:868][567]LogModuleManager: Shutting down and abandoning module AutomationWorker (163)
[2015.04.26-04.41.20:868][567]LogModuleManager: Shutting down and abandoning module CharacterAI (162)
[2015.04.26-04.41.20:868][567]LogModuleManager: Shutting down and abandoning module SmartSnapping (161)
[2015.04.26-04.41.20:868][567]LogModuleManager: Shutting down and abandoning module ViewportSnapping (160)
[2015.04.26-04.41.20:868][567]LogModuleManager: Shutting down and abandoning module LogVisualizer (159)
[2015.04.26-04.41.20:868][567]LogModuleManager: Shutting down and abandoning module GameProjectGeneration (158)
[2015.04.26-04.41.20:868][567]LogModuleManager: Shutting down and abandoning module IntroTutorials (157)
[2015.04.26-04.41.20:868][567]LogModuleManager: Shutting down and abandoning module EditorLiveStreaming (156)
[2015.04.26-04.41.20:868][567]LogModuleManager: Shutting down and abandoning module HardwareTargeting (155)
[2015.04.26-04.41.20:868][567]LogModuleManager: Shutting down and abandoning module DeviceProfileEditor (154)
[2015.04.26-04.41.20:868][567]LogModuleManager: Shutting down and abandoning module UndoHistory (153)
[2015.04.26-04.41.20:868][567]LogModuleManager: Shutting down and abandoning module GameplayTagsEditor (152)
[2015.04.26-04.41.20:868][567]LogModuleManager: Shutting down and abandoning module UserFeedback (151)
[2015.04.26-04.41.20:868][567]LogModuleManager: Shutting down and abandoning module XmlParser (150)
[2015.04.26-04.41.20:868][567]LogModuleManager: Shutting down and abandoning module Blutility (149)
[2015.04.26-04.41.20:868][567]LogModuleManager: Shutting down and abandoning module IOSPlatformEditor (148)
[2015.04.26-04.41.20:868][567]LogModuleManager: Shutting down and abandoning module IOSRuntimeSettings (147)
[2015.04.26-04.41.20:868][567]LogModuleManager: Shutting down and abandoning module AndroidDeviceDetection (146)
[2015.04.26-04.41.21:687][567]LogModuleManager: Shutting down and abandoning module AndroidPlatformEditor (145)
[2015.04.26-04.41.21:687][567]LogModuleManager: Shutting down and abandoning module AndroidRuntimeSettings (144)
[2015.04.26-04.41.21:687][567]LogModuleManager: Shutting down and abandoning module ProjectTargetPlatformEditor (143)
[2015.04.26-04.41.21:687][567]LogModuleManager: Shutting down and abandoning module ProjectSettingsViewer (142)
[2015.04.26-04.41.21:687][567]LogModuleManager: Shutting down and abandoning module InputBindingEditor (141)
[2015.04.26-04.41.21:687][567]LogModuleManager: Shutting down and abandoning module EditorSettingsViewer (140)
[2015.04.26-04.41.21:687][567]LogModuleManager: Shutting down and abandoning module SettingsEditor (139)
[2015.04.26-04.41.21:687][567]LogModuleManager: Shutting down and abandoning module ProjectLauncher (138)
[2015.04.26-04.41.21:688][567]LogModuleManager: Shutting down and abandoning module SessionFrontend (137)
[2015.04.26-04.41.21:688][567]LogModuleManager: Shutting down and abandoning module ProfilerClient (136)
[2015.04.26-04.41.21:688][567]LogModuleManager: Shutting down and abandoning module TargetDeviceServices (135)
[2015.04.26-04.41.21:688][567]LogModuleManager: Shutting down and abandoning module DeviceManager (134)
[2015.04.26-04.41.21:688][567]LogModuleManager: Shutting down and abandoning module AutomationController (133)
[2015.04.26-04.41.21:688][567]LogModuleManager: Shutting down and abandoning module AutomationWindow (132)
[2015.04.26-04.41.21:688][567]LogModuleManager: Shutting down and abandoning module Layers (131)
[2015.04.26-04.41.21:688][567]LogModuleManager: Shutting down and abandoning module ComponentVisualizers (130)
[2015.04.26-04.41.21:688][567]LogModuleManager: Shutting down and abandoning module DetailCustomizations (129)
[2015.04.26-04.41.21:688][567]LogModuleManager: Shutting down and abandoning module PackagesDialog (128)
[2015.04.26-04.41.21:688][567]LogModuleManager: Shutting down and abandoning module AssetRegistry (127)
[2015.04.26-04.41.21:771][567]LogModuleManager: Shutting down and abandoning module Persona (126)
[2015.04.26-04.41.21:772][567]LogModuleManager: Shutting down and abandoning module SlateReflector (125)
[2015.04.26-04.41.21:772][567]LogModuleManager: Shutting down and abandoning module LevelEditor (124)
[2015.04.26-04.41.21:773][567]LogModuleManager: Shutting down and abandoning module Kismet (123)
[2015.04.26-04.41.21:773][567]LogModuleManager: Shutting down and abandoning module GraphEditor (122)
[2015.04.26-04.41.21:773][567]LogModuleManager: Shutting down and abandoning module ClassViewer (121)
[2015.04.26-04.41.21:773][567]LogModuleManager: Shutting down and abandoning module Toolbox (120)
[2015.04.26-04.41.21:773][567]LogModuleManager: Shutting down and abandoning module ModuleUI (119)
[2015.04.26-04.41.21:773][567]LogModuleManager: Shutting down and abandoning module MovieSceneTools (118)
[2015.04.26-04.41.21:774][567]LogModuleManager: Shutting down and abandoning module OutputLog (117)
[2015.04.26-04.41.21:774][567]LogModuleManager: Shutting down and abandoning module GammaUI (116)
[2015.04.26-04.41.21:774][567]LogModuleManager: Shutting down and abandoning module Documentation (115)
[2015.04.26-04.41.21:774][567]LogModuleManager: Shutting down and abandoning module GameLiveStreaming (114)
[2015.04.26-04.41.21:774][567]LogModuleManager: Shutting down and abandoning module StreamingPauseRendering (113)
[2015.04.26-04.41.21:774][567]LogModuleManager: Shutting down and abandoning module HTTP (112)
[2015.04.26-04.41.21:774][567]LogModuleManager: Shutting down and abandoning module AnalyticsET (111)
[2015.04.26-04.41.21:774][567]LogModuleManager: Shutting down and abandoning module Analytics (110)
[2015.04.26-04.41.21:774][567]LogModuleManager: Shutting down and abandoning module AITestSuite (109)
[2015.04.26-04.41.21:774][567]LogModuleManager: Shutting down and abandoning module GameplayDebugger (108)
[2015.04.26-04.41.21:774][567]LogModuleManager: Shutting down and abandoning module AIModule (107)
[2015.04.26-04.41.21:774][567]LogModuleManager: Shutting down and abandoning module ProfilerService (106)
[2015.04.26-04.41.22:006][567]LogModuleManager: Shutting down and abandoning module TaskGraph (105)
[2015.04.26-04.41.22:006][567]LogModuleManager: Shutting down and abandoning module SlateRemote (104)
[2015.04.26-04.41.22:006][567]LogModuleManager: Shutting down and abandoning module ScriptEditorPlugin (103)
[2015.04.26-04.41.22:006][567]LogModuleManager: Shutting down and abandoning module CustomMeshComponent (102)
[2015.04.26-04.41.22:006][567]LogModuleManager: Shutting down and abandoning module CableComponent (101)
[2015.04.26-04.41.22:006][567]LogModuleManager: Shutting down and abandoning module MessagingDebugger (100)
[2015.04.26-04.41.22:006][567]LogModuleManager: Shutting down and abandoning module MediaPlayerEditor (99)
[2015.04.26-04.41.22:006][567]LogModuleManager: Shutting down and abandoning module SpeedTreeImporter (98)
[2015.04.26-04.41.22:006][567]LogModuleManager: Shutting down and abandoning module PluginsEditor (97)
[2015.04.26-04.41.22:006][567]LogModuleManager: Shutting down and abandoning module MainFrame (96)
[2015.04.26-04.41.22:006][567]LogModuleManager: Shutting down and abandoning module EpicSurvey (95)
[2015.04.26-04.41.22:006][567]LogModuleManager: Shutting down and abandoning module DesktopPlatform (94)
[2015.04.26-04.41.22:006][567]LogModuleManager: Shutting down and abandoning module DirectoryWatcher (93)
[2015.04.26-04.41.22:007][567]LogModuleManager: Shutting down and abandoning module HotReload (92)
[2015.04.26-04.41.22:007][567]LogModuleManager: Shutting down and abandoning module VisualStudioSourceCodeAccess (91)
[2015.04.26-04.41.22:007][567]LogModuleManager: Shutting down and abandoning module UObjectPlugin (90)
[2015.04.26-04.41.22:007][567]LogModuleManager: Shutting down and abandoning module SubversionSourceControl (89)
[2015.04.26-04.41.22:007][567]LogModuleManager: Shutting down and abandoning module PerforceSourceControl (88)
[2015.04.26-04.41.22:007][567]LogModuleManager: Shutting down and abandoning module SourceControl (87)
[2015.04.26-04.41.22:007][567]LogModuleManager: Shutting down and abandoning module GitSourceControl (86)
[2015.04.26-04.41.22:007][567]LogModuleManager: Shutting down and abandoning module BlankPlugin (85)
[2015.04.26-04.41.22:007][567]LogModuleManager: Shutting down and abandoning module PaperTiledImporter (84)
[2015.04.26-04.41.22:007][567]LogModuleManager: Shutting down and abandoning module PaperJsonImporter (83)
[2015.04.26-04.41.22:007][567]LogModuleManager: Shutting down and abandoning module ContentBrowser (82)
[2015.04.26-04.41.22:008][567]LogModuleManager: Shutting down and abandoning module Paper2DEditor (81)
[2015.04.26-04.41.22:008][567]LogModuleManager: Shutting down and abandoning module ScriptPlugin (80)
[2015.04.26-04.41.22:008][567]LogModuleManager: Shutting down and abandoning module UdpMessaging (79)
[2015.04.26-04.41.22:108][567]LogModuleManager: Shutting down and abandoning module Paper2D (78)
[2015.04.26-04.41.22:108][567]LogModuleManager: Shutting down and abandoning module WindowsMoviePlayer (77)
[2015.04.26-04.41.22:112][567]LogModuleManager: Shutting down and abandoning module Media (76)
[2015.04.26-04.41.22:112][567]LogModuleManager: Shutting down and abandoning module WmfMedia (75)
[2015.04.26-04.41.22:112][567]LogModuleManager: Shutting down and abandoning module OnlineBlueprintSupport (74)
[2015.04.26-04.41.22:112][567]LogModuleManager: Shutting down and abandoning module PropertyEditor (73)
[2015.04.26-04.41.22:112][567]LogModuleManager: Shutting down and abandoning module BehaviorTreeEditor (72)
[2015.04.26-04.41.22:112][567]LogModuleManager: Shutting down and abandoning module FunctionalTesting (71)
[2015.04.26-04.41.22:112][567]LogModuleManager: Shutting down and abandoning module CollisionAnalyzer (70)
[2015.04.26-04.41.22:112][567]LogModuleManager: Shutting down and abandoning module WorkspaceMenuStructure (69)
[2015.04.26-04.41.22:113][567]LogModuleManager: Shutting down and abandoning module MessageLog (68)
[2015.04.26-04.41.22:113][567]LogModuleManager: Shutting down and abandoning module Sequencer (67)
[2015.04.26-04.41.22:113][567]LogModuleManager: Shutting down and abandoning module AssetTools (66)
[2015.04.26-04.41.22:113][567]LogModuleManager: Shutting down and abandoning module UMGEditor (65)
[2015.04.26-04.41.22:113][567]LogModuleManager: Shutting down and abandoning module UMG (64)
[2015.04.26-04.41.22:113][567]LogModuleManager: Shutting down and abandoning module Slate (63)
[2015.04.26-04.41.22:113][567]LogModuleManager: Shutting down and abandoning module EditorStyle (62)
[2015.04.26-04.41.22:120][567]LogModuleManager: Shutting down and abandoning module SessionServices (61)
[2015.04.26-04.41.22:120][567]LogModuleManager: Shutting down and abandoning module SourceCodeAccess (60)
[2015.04.26-04.41.22:120][567]LogModuleManager: Shutting down and abandoning module HeadMountedDisplay (59)
[2015.04.26-04.41.22:120][567]LogModuleManager: Shutting down and abandoning module XAudio2 (58)
[2015.04.26-04.41.22:120][567]LogModuleManager: Shutting down and abandoning module Networking (56)
[2015.04.26-04.41.22:120][567]LogModuleManager: Shutting down and abandoning module Core (55)
[2015.04.26-04.41.22:120][567]LogModuleManager: Shutting down and abandoning module KismetCompiler (54)
[2015.04.26-04.41.22:120][567]LogModuleManager: Shutting down and abandoning module PhysXFormats (53)
[2015.04.26-04.41.22:120][567]LogModuleManager: Shutting down and abandoning module MeshUtilities (52)
[2015.04.26-04.41.22:120][567]LogModuleManager: Shutting down and abandoning module DerivedDataCache (51)
[2015.04.26-04.41.22:129][567]LogDerivedDataCache: Shutdown
[2015.04.26-04.41.22:129][567]LogModuleManager: Shutting down and abandoning module ShaderFormatOpenGL (50)
[2015.04.26-04.41.22:129][567]LogModuleManager: Shutting down and abandoning module ShaderFormatD3D (49)
[2015.04.26-04.41.22:129][567]LogModuleManager: Shutting down and abandoning module MetalShaderFormat (48)
[2015.04.26-04.41.22:129][567]LogModuleManager: Shutting down and abandoning module TextureFormatUncompressed (47)
[2015.04.26-04.41.22:129][567]LogModuleManager: Shutting down and abandoning module TextureFormatPVR (46)
[2015.04.26-04.41.22:129][567]LogModuleManager: Shutting down and abandoning module TextureFormatIntelISPCTexComp (45)
[2015.04.26-04.41.22:129][567]LogModuleManager: Shutting down and abandoning module TextureFormatDXT (44)
[2015.04.26-04.41.22:129][567]LogModuleManager: Shutting down and abandoning module ImageWrapper (43)
[2015.04.26-04.41.22:130][567]LogModuleManager: Shutting down and abandoning module TextureFormatASTC (42)
[2015.04.26-04.41.22:130][567]LogModuleManager: Shutting down and abandoning module TextureFormatAndroid (41)
[2015.04.26-04.41.22:130][567]LogModuleManager: Shutting down and abandoning module AudioFormatOpus (40)
[2015.04.26-04.41.22:130][567]LogModuleManager: Shutting down and abandoning module AudioFormatOgg (39)
[2015.04.26-04.41.22:130][567]LogModuleManager: Shutting down and abandoning module AudioFormatADPCM (38)
[2015.04.26-04.41.22:130][567]LogModuleManager: Shutting down and abandoning module LinuxTargetPlatform (37)
[2015.04.26-04.41.22:130][567]LogModuleManager: Shutting down and abandoning module LinuxServerTargetPlatform (36)
[2015.04.26-04.41.22:130][567]LogModuleManager: Shutting down and abandoning module LinuxNoEditorTargetPlatform (35)
[2015.04.26-04.41.22:130][567]LogModuleManager: Shutting down and abandoning module Messaging (34)
[2015.04.26-04.41.22:130][567]LogModuleManager: Shutting down and abandoning module IOSTargetPlatform (33)
[2015.04.26-04.41.22:130][567]LogModuleManager: Shutting down and abandoning module HTML5TargetPlatform (32)
[2015.04.26-04.41.22:130][567]LogModuleManager: Shutting down and abandoning module Android_PVRTCTargetPlatform (31)
[2015.04.26-04.41.22:130][567]LogModuleManager: Shutting down and abandoning module Android_ETC2TargetPlatform (30)
[2015.04.26-04.41.22:130][567]LogModuleManager: Shutting down and abandoning module Android_ETC1TargetPlatform (29)
[2015.04.26-04.41.22:130][567]LogModuleManager: Shutting down and abandoning module Android_ES31TargetPlatform (28)
[2015.04.26-04.41.22:130][567]LogModuleManager: Shutting down and abandoning module Android_DXTTargetPlatform (27)
[2015.04.26-04.41.22:130][567]LogModuleManager: Shutting down and abandoning module Android_ATCTargetPlatform (26)
[2015.04.26-04.41.22:130][567]LogModuleManager: Shutting down and abandoning module AndroidTargetPlatform (25)
[2015.04.26-04.41.22:130][567]LogModuleManager: Shutting down and abandoning module WindowsTargetPlatform (24)
[2015.04.26-04.41.22:130][567]LogModuleManager: Shutting down and abandoning module WindowsServerTargetPlatform (23)
[2015.04.26-04.41.22:130][567]LogModuleManager: Shutting down and abandoning module WindowsNoEditorTargetPlatform (22)
[2015.04.26-04.41.22:130][567]LogModuleManager: Shutting down and abandoning module WindowsClientTargetPlatform (21)
[2015.04.26-04.41.22:130][567]LogModuleManager: Shutting down and abandoning module TargetPlatform (20)
[2015.04.26-04.41.22:130][567]LogModuleManager: Shutting down and abandoning module InputCore (19)
[2015.04.26-04.41.22:130][567]LogModuleManager: Shutting down and abandoning module Settings (18)
[2015.04.26-04.41.22:130][567]LogModuleManager: Shutting down and abandoning module OnlineSubsystem (16)
[2015.04.26-04.41.22:130][567]LogModuleManager: Shutting down and abandoning module OculusRift (15)
[2015.04.26-04.41.22:130][567]LogModuleManager: Shutting down and abandoning module ExampleDeviceProfileSelector (14)
[2015.04.26-04.41.22:130][567]LogModuleManager: Shutting down and abandoning module TextureCompressor (13)
[2015.04.26-04.41.22:130][567]LogModuleManager: Shutting down and abandoning module ShaderCore (12)
[2015.04.26-04.41.22:130][567]LogModuleManager: Shutting down and abandoning module Landscape (11)
[2015.04.26-04.41.22:130][567]LogModuleManager: Shutting down and abandoning module SlateRHIRenderer (10)
[2015.04.26-04.41.22:133][567]LogModuleManager: Shutting down and abandoning module OpenGLDrv (9)
[2015.04.26-04.41.22:133][567]LogModuleManager: Shutting down and abandoning module D3D11RHI (8)
[2015.04.26-04.41.22:133][567]LogModuleManager: Shutting down and abandoning module Renderer (7)
[2015.04.26-04.41.22:133][567]LogModuleManager: Shutting down and abandoning module Engine (6)
[2015.04.26-04.41.22:133][567]LogModuleManager: Shutting down and abandoning module CoreUObject (5)
[2015.04.26-04.41.22:133][567]LogModuleManager: Shutting down and abandoning module NetworkFile (4)
[2015.04.26-04.41.22:133][567]LogModuleManager: Shutting down and abandoning module StreamingFile (3)
[2015.04.26-04.41.22:133][567]LogModuleManager: Shutting down and abandoning module SandboxFile (2)
[2015.04.26-04.41.22:133][567]LogModuleManager: Shutting down and abandoning module PakFile (1)
[2015.04.26-04.41.22:134][567]LogExit: Exiting.
[2015.04.26-04.41.22:176][567]Log file closed, 04/25/15 21:41:22
