Log file open, 04/25/15 19:56:42
LogInit:Display: Running engine for game: Week4_Starting
LogInit: Version: 4.7.4-2497108+++depot+UE4-Releases+4.7
LogInit: API Version: 2455222
LogInit: Compiled (64-bit): Mar 31 2015 09:40:25
LogInit: Compiled with Visual C++: 18.00.21005.01
LogInit: Build Configuration: Development
LogInit: Branch Name: ++depot+UE4-Releases+4.7
LogInit: Command line:  
LogInit: Base directory: C:/Program Files/Epic Games/4.7/Engine/Binaries/Win64/
LogInit: Rocket: 1
[2015.04.26-02.56.42:909][  0]LogTaskGraph: Started task graph with 3 named threads and 8 total threads.
[2015.04.26-02.56.42:994][  0]LogOnline:Warning: No default platform service specified for OnlineSubsystem
[2015.04.26-02.56.43:016][  0]LogInit: Presizing for 0 objects not considered by GC, pre-allocating 0 bytes.
[2015.04.26-02.56.43:025][  0]LogInit: Object subsystem initialized
[2015.04.26-02.56.43:026][  0]LogConsoleResponse:Warning: Skipping Unknown console variable: 'TranslucentSortAxis = (X=0.000000,Y=-1.000000,Z=0.000000)'
[2015.04.26-02.56.43:026][  0]LogConsoleResponse:Warning:   Found in ini file 'D:/Unreal Projects/Calexan/grumpyWheels-master/Saved/Config/Windows/Engine.ini', in section '[/Script/Engine.RendererSettings]'
[2015.04.26-02.56.43:026][  0]LogConsoleResponse:Warning: Skipping Unknown console variable: 'UIScaleRule = ShortestSide'
[2015.04.26-02.56.43:026][  0]LogConsoleResponse:Warning:   Found in ini file 'D:/Unreal Projects/Calexan/grumpyWheels-master/Saved/Config/Windows/Engine.ini', in section '[/Script/Engine.RendererSettings]'
[2015.04.26-02.56.43:026][  0]LogConsoleResponse:Warning: Skipping Unknown console variable: 'UIScaleCurve = (EditorCurveData=(Keys=),ExternalCurve=None)'
[2015.04.26-02.56.43:026][  0]LogConsoleResponse:Warning:   Found in ini file 'D:/Unreal Projects/Calexan/grumpyWheels-master/Saved/Config/Windows/Engine.ini', in section '[/Script/Engine.RendererSettings]'
[2015.04.26-02.56.43:027][  0]LogInit: Selected Device Profile: [Windows]
[2015.04.26-02.56.43:027][  0]LogInit: Applying CVar settings loaded from the selected device profile: [Windows]
[2015.04.26-02.56.43:034][  0]LogInit: Computer: CS210-WS-08
[2015.04.26-02.56.43:034][  0]LogInit: User: CS210
[2015.04.26-02.56.43:034][  0]LogInit: CPU Page size=4096, Cores=6
[2015.04.26-02.56.43:034][  0]LogInit: High frequency timer resolution =3.215253 MHz
[2015.04.26-02.56.43:034][  0]LogMemory: Memory total: Physical=15.9GB (16GB approx) Virtual=8192.0GB
[2015.04.26-02.56.43:035][  0]LogMemory: Platform Memory Stats for Windows
[2015.04.26-02.56.43:035][  0]LogMemory: Process Physical Memory: 49.08 MB used, 49.08 MB peak
[2015.04.26-02.56.43:035][  0]LogMemory: Process Virtual Memory: 29.42 MB used, 29.42 MB peak
[2015.04.26-02.56.43:035][  0]LogMemory: Physical Memory: 3193.16 MB used, 16271.58 MB total
[2015.04.26-02.56.43:035][  0]LogMemory: Virtual Memory: 283.13 MB used, 8388608.00 MB total
[2015.04.26-02.56.43:067][  0]LogD3D11RHI: Found D3D11 adapter 0: NVIDIA GeForce GTX 980 (Feature Level 11_0)
[2015.04.26-02.56.43:067][  0]LogD3D11RHI: Adapter has 3972MB of dedicated video memory, 0MB of dedicated system memory, and 7879MB of shared system memory, 1 output[s]
[2015.04.26-02.56.43:067][  0]LogD3D11RHI: Chosen D3D11 Adapter Id = 0
[2015.04.26-02.56.43:072][  0]LogRHI: Texture pool is 1361 MB (70% of 1945 MB)
[2015.04.26-02.56.43:080][  0]LogD3D11RHI: Async texture creation enabled
[2015.04.26-02.56.43:140][  0]LogTextLocalizationManager: The requested culture ('en_US') has no localization data; parent culture's ('en') localization data will be used.
[2015.04.26-02.56.43:190][  0]LogTextLocalizationManager:Warning: Loading localization resources contain conflicting entries for (Namespace:UICommands, Key:Save_ToolTip):
Resource: (C:/Program Files/Epic Games/4.7/Engine/Content/Localization/Editor/en/Editor.locres) Hash: (-29098895) String: (Saves the current level to disk)
Resource: (C:/Program Files/Epic Games/4.7/Engine/Content/Localization/Engine/en/Engine.locres) Hash: (-1280300587) String: (Save selected data to vlog file)
[2015.04.26-02.56.43:190][  0]LogTextLocalizationManager:Warning: Loading localization resources contain conflicting entries for (Namespace:ContentBrowser, Key:ImportAssetToolTip):
Resource: (C:/Program Files/Epic Games/4.7/Engine/Content/Localization/Editor/en/Editor.locres) Hash: (-630476809) String: (Import to {0}...)
Resource: (C:/Program Files/Epic Games/4.7/Engine/Content/Localization/Editor/en/Editor.locres) Hash: (1271782899) String: (Imports an asset from file to this folder.)
[2015.04.26-02.56.43:262][  0]LogContentStreaming: Texture pool size is 0.000000MB
[2015.04.26-02.56.45:491][  0]LogTargetPlatformManager:Display: Building Assets For Windows
[2015.04.26-02.56.46:045][  0]LogTargetPlatformManager:Display: Building Assets For Windows
[2015.04.26-02.56.46:129][  0]LogDerivedDataCache:Display: Max Cache Size: 512 MB
[2015.04.26-02.56.46:170][  0]LogDerivedDataCache: Loaded boot cache 0.04s 39MB C:/Users/CS210/AppData/Local/UnrealEngine/4.7/DerivedDataCache/Boot.ddc.
[2015.04.26-02.56.46:170][  0]LogDerivedDataCache:Display: Loaded Boot cache: C:/Users/CS210/AppData/Local/UnrealEngine/4.7/DerivedDataCache/Boot.ddc
[2015.04.26-02.56.46:170][  0]LogDerivedDataCache: FDerivedDataBackendGraph:  Pak pak cache file D:/Unreal Projects/Calexan/grumpyWheels-master/DerivedDataCache/DDC.ddp not found, will not use a pak cache.
[2015.04.26-02.56.46:170][  0]LogDerivedDataCache: Unable to find inner node Pak for hierarchical cache Hierarchy.
[2015.04.26-02.56.46:276][  0]LogDerivedDataCache:Display: Pak cache opened for reading ../../../Engine/DerivedDataCache/Compressed.ddp.
[2015.04.26-02.56.46:287][  0]LogDerivedDataCache: Using Local data cache path C:/Users/CS210/AppData/Local/UnrealEngine/Common/DerivedDataCache: Writable
[2015.04.26-02.56.46:647][  0]LogMeshUtilities: No automatic mesh reduction module available
[2015.04.26-02.56.46:647][  0]LogMeshUtilities: No automatic mesh merging module available
[2015.04.26-02.56.46:994][  0]LogInit: WinSock: version 1.1 (2.2), MaxSocks=32767, MaxUdp=65467
[2015.04.26-02.56.47:072][  0]LogSlate:Warning: Failed to load font data from '../../../Engine/Content/Slate/Fonts/Roboto-Italic.ttf'
[2015.04.26-02.56.47:965][  0]UdpMessaging: Initializing bridge on interface 0.0.0.0:0 to multicast group 230.0.0.1:6666.
[2015.04.26-02.56.48:157][  0]SourceControl: Info Source control is disabled
[2015.04.26-02.56.48:157][  0]SourceControl: Info Source control is disabled
[2015.04.26-02.56.48:158][  0]SourceControl: Info Source control is disabled
[2015.04.26-02.56.48:158][  0]LogSourceControl: RunCommandInternalRaw: 'git version'
[2015.04.26-02.56.48:158][  0]LogSourceControl: RunCommandInternalRaw: ExecProcess ReturnCode=2 OutResults=''
[2015.04.26-02.56.48:165][  0]SourceControl: Info Source control is disabled
[2015.04.26-02.56.48:377][  0]LogObj: 24232 objects as part of root set at end of initial load.
[2015.04.26-02.56.48:377][  0]LogUObjectAllocator: 5137176 out of 0 bytes used by permanent object pool.
[2015.04.26-02.56.48:471][  0]LogEngine: Initializing Engine...
[2015.04.26-02.56.50:636][  0]LogInit: XAudio2 using 'Speakers (Sound Blaster Recon3Di)' : 2 channels at 48 kHz using 32 bits per sample (channel mask 0x3)
[2015.04.26-02.56.50:652][  0]LogInit: FAudioDevice initialized.
[2015.04.26-02.56.50:726][  0]LogAIModule: Creating AISystem for world NewWorld
[2015.04.26-02.56.50:763][  0]LogDerivedDataCache: Saved boot cache 0.03s 39MB C:/Users/CS210/AppData/Local/UnrealEngine/4.7/DerivedDataCache/Boot.ddc.
[2015.04.26-02.56.50:772][  0]LogInit: Texture streaming: Enabled
[2015.04.26-02.56.50:852][  0]LogAnalytics: Creating configured Analytics provider AnalyticsET
[2015.04.26-02.56.50:852][  0]LogAnalytics: ET APIKey = Rocket.Release. APIServer = http://et2.epicgames.com/ET2/. AppVersion = 4.7.4-2497108+++depot+UE4-Releases+4.7
[2015.04.26-02.56.50:852][  0]LogAnalytics: ET APIKey = Rocket.Release. DataRouterUploadURL = https://datarouter-public-service-gamedev.ol.epicgames.net/datarouter/api/v1/public/data. AppVersion = 4.7.4-2497108+++depot+UE4-Releases+4.7
[2015.04.26-02.56.50:852][  0]LogAnalytics: SetUserId f16068c6498a34924484ecb825586d2c|871743be8dc147e2bc510dfc1f536030|c2231d5a-73cd-41df-9751-42c2ec2ee226
[2015.04.26-02.56.50:852][  0]LogAnalytics: AnalyticsET::StartSession [Rocket.Release]
[2015.04.26-02.56.50:873][  0]LogInit: Transaction tracking system initialized
[2015.04.26-02.56.51:014][  0]BlueprintLog: New page: Editor Load
[2015.04.26-02.56.51:043][  0]LogAssetRegistry: FAssetRegistry took 0.0095 seconds to start up
[2015.04.26-02.56.51:043][  0]LogDirectoryWatcher:Warning: Failed to begin reading directory changes for ../../../Engine/Plugins/Experimental/CharacterAI/Content/. Error: 0
[2015.04.26-02.56.51:750][  0]LogTargetPlatformManager:Display: Building Assets For Windows
[2015.04.26-02.56.52:112][  0]LogTargetPlatformManager:Display: Building Assets For Windows
[2015.04.26-02.56.52:395][  0]LogLinker:Warning: Can't find file '/Game/FirstPersonBP/FirstPersonOverview'
[2015.04.26-02.56.52:395][  0]LogLinker:Warning: Can't find file '/Game/FirstPersonBP/FirstPersonOverview'
[2015.04.26-02.56.52:395][  0]LogUObjectGlobals:Warning: Failed to find object 'Class /Game/FirstPersonBP/FirstPersonOverview.FirstPersonOverview_C'
[2015.04.26-02.56.52:444][  0]LogSlate:Warning: Failed to load font data from '../../../Engine/Content/Editor/Slate/Fonts/Roboto-Regular.ttf'
[2015.04.26-02.56.52:444][  0]LogSlate:Warning: Failed to load font data from '../../../Engine/Content/Editor/Slate/Fonts/Roboto-Bold.ttf'
[2015.04.26-02.56.52:449][  0]LogConsoleResponse:Display: 
[2015.04.26-02.56.52:626][  0]LogCook:Display: Done creating registry. It took  0.00s.
[2015.04.26-02.56.52:789][  0]SourceControl: Info Source control is disabled
[2015.04.26-02.56.52:789][  0]Cmd: MAP LOAD FILE="D:/Unreal Projects/Calexan/grumpyWheels-master/Content/LayoutContent/EmptyLevel.umap" TEMPLATE=0 SHOWPROGRESS=1 FEATURELEVEL=3
[2015.04.26-02.56.52:789][  0]LightingResults: New page: Lighting Build
[2015.04.26-02.56.52:799][  0]MapCheck: New page: Map Check
[2015.04.26-02.56.52:799][  0]LightingResults: New page: Lighting Build
[2015.04.26-02.56.52:809][  0]LogParticles: Destroying 0 GPU particle simulations for FXSystem 0x0000000003F6E200
[2015.04.26-02.56.52:826][  0]LogLinker:Warning: Asset '../../../Engine/Content/EngineMeshes/Humanoid.uasset' has been saved with empty engine version. The asset will be loaded but may be incompatible.
[2015.04.26-02.56.55:430][  0]LogEditorServer: Finished looking for orphan Actors (0.000 secs)
[2015.04.26-02.56.55:594][  0]LogAIModule: Creating AISystem for world EmptyLevel
[2015.04.26-02.56.55:595][  0]Cmd: MAP CHECKDEP
[2015.04.26-02.56.55:595][  0]MapCheck: New page: EmptyLevel - Apr 25, 2015, 12:56:55 PM
[2015.04.26-02.56.55:711][  0]MapCheck: Info Map check complete: 0 Error(s), 0 Warning(s), took 115.738ms to complete.
[2015.04.26-02.56.55:711][  0]LogFileHelpers: Loading map 'EmptyLevel' took 2.922
[2015.04.26-02.56.55:839][  0]LogCollectionManager: Loaded 0 collections in 0.001395 seconds
[2015.04.26-02.56.55:848][  0]LogContentBrowser: Native class hierarchy populated in 0.0098 seconds. Added 1696 classes and 261 folders.
[2015.04.26-02.56.55:875][  0]LogContentBrowser: Native class hierarchy updated for 'SceneOutliner' in 0.0015 seconds. Added 1 classes and 2 folders.
[2015.04.26-02.56.55:918][  0]LogCrashTracker: Crashtracker disabled due to settings.
[2015.04.26-02.56.55:919][  0]LogSlate:Warning: Failed to load font data from 'Veranda'
[2015.04.26-02.56.55:924][  0]LogUObjectGlobals:Warning: Failed to find object 'Class None.'
[2015.04.26-02.56.55:949][  0]LogLoad: Full Startup: 13.85 seconds (BP compile: 0.90 seconds)
[2015.04.26-02.56.56:356][  0]LogContentBrowser:Verbose: The content browser source was changed by the sources view to '/Game/Character/Character'
[2015.04.26-02.56.56:600][  0]LogRenderer:Warning: Reallocating scene render targets to support 1616x808 (Frame:2).
[2015.04.26-02.57.00:096][ 11]LogAssetRegistry: Asset discovery search completed in 9.0628 seconds
[2015.04.26-02.57.23:292][629]Cmd: OBJ SAVEPACKAGE PACKAGE="/Game/LayoutContent/EmptyLevel" FILE="D:/Unreal Projects/Calexan/grumpyWheels-master/Content/LayoutContent/EmptyLevel.umap" SILENT=true AUTOSAVING=false KEEPDIRTY=false
[2015.04.26-02.57.24:716][629]LogSavePackage: Save=1400.250977ms
[2015.04.26-02.57.24:716][629]LogSavePackage: Moving 'D:/Unreal Projects/Calexan/grumpyWheels-master/Saved/EmptyLevel830A10B448526058104C399BE3613690.tmp' to 'D:/Unreal Projects/Calexan/grumpyWheels-master/Content/LayoutContent/EmptyLevel.umap'
[2015.04.26-02.57.24:785][629]LogFileHelpers: Saving map 'EmptyLevel' took 1.625
[2015.04.26-02.59.27:299][608]AssetRegistry: New page: Content migration completed successfully!
[2015.04.26-02.59.27:301][608]AssetRegistry: Info /Game/Character/Character/FirstPersonSkelMesh
[2015.04.26-02.59.27:301][608]AssetRegistry: Info /Game/Character/Character/ThirdPersonSkeleton
[2015.04.26-02.59.27:301][608]AssetRegistry: Info /Game/Character/Character/FirstPerson_AnimBlueprint
[2015.04.26-02.59.27:301][608]AssetRegistry: Info /Game/Character/Animations/ThirdPersonJump_End
[2015.04.26-02.59.27:301][608]AssetRegistry: Info /Game/Character/Animations/ThirdPersonJump_Loop
[2015.04.26-02.59.27:301][608]AssetRegistry: Info /Game/Character/Animations/ThirdPersonJump_Start
[2015.04.26-02.59.27:301][608]AssetRegistry: Info /Game/Character/Character/ThirdPersonIdleRun
[2015.04.26-02.59.27:301][608]AssetRegistry: Info /Game/Character/Animations/ThirdPersonIdle
[2015.04.26-02.59.27:301][608]AssetRegistry: Info /Game/Character/Animations/ThirdPersonRun
[2015.04.26-02.59.27:301][608]AssetRegistry: Info /Game/Character/Animations/ThirdPersonWalk
[2015.04.26-02.59.31:014][959]LogContentBrowser:Verbose: The content browser source was changed by the sources view to '/Game/Character/Animations'
[2015.04.26-02.59.31:900][ 46]LogContentBrowser:Verbose: The content browser source was changed by the sources view to '/Game/Blueprints'
[2015.04.26-03.00.06:351][667]LogActorComponent: UnregisterComponent: (/Engine/Transient.CharMoveComp) Not registered. Aborting.
[2015.04.26-03.00.06:351][667]LogActorComponent: UnregisterComponent: (/Engine/Transient.ProjectileMovementComponent_0) Not registered. Aborting.
[2015.04.26-03.00.38:052][ 95]AssetRegistry: New page: Content migration completed successfully!
[2015.04.26-03.00.38:052][ 95]AssetRegistry: Info /Game/Blueprints/FlyingPawn
[2015.04.26-03.00.38:052][ 95]AssetRegistry: Info /Game/LayoutContent/BuildingBlock/RingFloor
[2015.04.26-03.00.38:052][ 95]AssetRegistry: Info /Game/LayoutContent/BuildingBlock/LightStone
[2015.04.26-03.00.38:052][ 95]AssetRegistry: Info /Game/Blueprints/MyCustomProjectile
[2015.04.26-03.00.38:052][ 95]AssetRegistry: Info /Game/LayoutContent/BuildingBlock/LightStone2
[2015.04.26-03.00.38:052][ 95]AssetRegistry: Info /Game/StarterContent/Shapes/Shape_Sphere
[2015.04.26-03.00.38:052][ 95]AssetRegistry: Info /Game/StarterContent/Materials/M_Basic_Wall
[2015.04.26-03.00.38:052][ 95]AssetRegistry: Info /Game/Blueprints/MyFPChar
[2015.04.26-03.00.38:052][ 95]AssetRegistry: Info /Game/Blueprints/BPI_UseInterface
[2015.04.26-03.00.38:053][ 95]AssetRegistry: Info /Game/Materials/M_Reticle
[2015.04.26-03.00.41:588][428]LogContentBrowser:Verbose: The content browser source was changed by the sources view to '/Game/LayoutContent'
[2015.04.26-03.00.46:191][920]LogActorComponent: UnregisterComponent: (/Engine/Transient.CharMoveComp) Not registered. Aborting.
[2015.04.26-03.00.46:192][920]LogActorComponent: UnregisterComponent: (/Engine/Transient.ProjectileMovementComponent_0) Not registered. Aborting.
[2015.04.26-03.01.03:431][733]AssetRegistry: New page: Content migration completed successfully!
[2015.04.26-03.01.03:431][733]AssetRegistry: Info /Game/LayoutContent/BuildingBlock/LightStone2
[2015.04.26-03.01.03:432][733]AssetRegistry: Info /Game/LayoutContent/BuildingBlock/LightStone
[2015.04.26-03.01.03:432][733]AssetRegistry: Info /Game/LayoutContent/BuildingBlock/Panel25x450x25
[2015.04.26-03.01.03:432][733]AssetRegistry: Info /Game/LayoutContent/BuildingBlock/Panel25x475x25
[2015.04.26-03.01.03:432][733]AssetRegistry: Info /Game/LayoutContent/BuildingBlock/Panel25x500x25
[2015.04.26-03.01.03:432][733]AssetRegistry: Info /Game/LayoutContent/BuildingBlock/Panel450x25x25
[2015.04.26-03.01.03:432][733]AssetRegistry: Info /Game/LayoutContent/BuildingBlock/Panel450x450x25
[2015.04.26-03.01.03:432][733]AssetRegistry: Info /Game/LayoutContent/BuildingBlock/Panel500x25x500
[2015.04.26-03.01.03:432][733]AssetRegistry: Info /Game/LayoutContent/BuildingBlock/BP_BuildingBlock500
[2015.04.26-03.01.03:432][733]AssetRegistry: Info /Game/LayoutContent/BuildingBlock/LightStone4
[2015.04.26-03.01.03:432][733]AssetRegistry: Info /Game/LayoutContent/BuildingBlock/ConstraintCeiling
[2015.04.26-03.01.03:432][733]AssetRegistry: Info /Game/LayoutContent/BuildingBlock/Panel25x225x25
[2015.04.26-03.01.03:432][733]AssetRegistry: Info /Game/LayoutContent/BuildingBlock/Panel450x225x25
[2015.04.26-03.01.03:432][733]AssetRegistry: Info /Game/LayoutContent/BuildingBlock/RampLowerThin
[2015.04.26-03.01.03:432][733]AssetRegistry: Info /Game/LayoutContent/BuildingBlock/RampUpperThin
[2015.04.26-03.01.03:432][733]AssetRegistry: Info /Game/LayoutContent/BuildingBlock/RingFloor
[2015.04.26-03.01.03:432][733]AssetRegistry: Info /Game/LayoutContent/BuildingBlock/CrossFloor
[2015.04.26-03.01.03:432][733]AssetRegistry: Info /Game/LayoutContent/BuildingBlock/LightStone3
[2015.04.26-03.01.05:646][948]LogContentBrowser:Verbose: The content browser source was changed by the sources view to '/Game/LayoutContent/CityBlock'
[2015.04.26-03.01.11:626][659]LogContentBrowser:Verbose: The content browser source was changed by the sources view to '/Game/LayoutContent/FlightCheckpoint'
[2015.04.26-03.01.26:224][700]AssetRegistry: New page: Content migration completed successfully!
[2015.04.26-03.01.26:225][700]AssetRegistry: Info /Game/LayoutContent/Greeting/M_Text
[2015.04.26-03.01.26:225][700]AssetRegistry: Info /Game/LayoutContent/Greeting/BP_Greeting
[2015.04.26-03.01.26:225][700]AssetRegistry: Info /Game/Blueprints/BPI_Gallery
[2015.04.26-03.01.57:073][917]AssetRegistry: New page: Content migration completed successfully!
[2015.04.26-03.01.57:073][917]AssetRegistry: Info /Game/LayoutContent/Target/BP_Target
[2015.04.26-03.01.57:073][917]AssetRegistry: Info /Game/LayoutContent/Target/SM_Ring
[2015.04.26-03.01.57:073][917]AssetRegistry: Info /Game/LayoutContent/Target/M_Ring
[2015.04.26-03.01.57:073][917]AssetRegistry: Info /Game/LayoutContent/Target/BP_TargetColorChanger
[2015.04.26-03.01.57:073][917]AssetRegistry: Info /Game/Blueprints/BPI_Gallery
[2015.04.26-03.01.57:073][917]AssetRegistry: Info /Game/Blueprints/BPI_UseInterface
[2015.04.26-03.01.57:074][917]AssetRegistry: Info /Game/LayoutContent/Target/BP_TargetExplode
[2015.04.26-03.01.57:074][917]AssetRegistry: Info /Game/StarterContent/Particles/P_Explosion
[2015.04.26-03.01.57:074][917]AssetRegistry: Info /Game/StarterContent/Particles/Materials/M_Burst
[2015.04.26-03.01.57:074][917]AssetRegistry: Info /Game/StarterContent/Textures/T_Burst_M
[2015.04.26-03.01.57:074][917]AssetRegistry: Info /Game/StarterContent/Particles/Materials/M_explosion_subUV
[2015.04.26-03.01.57:074][917]AssetRegistry: Info /Game/StarterContent/Textures/T_Explosion_SubUV
[2015.04.26-03.01.57:074][917]AssetRegistry: Info /Game/StarterContent/Particles/Materials/m_flare_01
[2015.04.26-03.01.57:074][917]AssetRegistry: Info /Game/StarterContent/Particles/Materials/M_radial_ramp
[2015.04.26-03.01.57:074][917]AssetRegistry: Info /Game/StarterContent/Particles/Materials/M_smoke_subUV
[2015.04.26-03.01.57:074][917]AssetRegistry: Info /Game/StarterContent/Textures/T_Smoke_SubUV
[2015.04.26-03.01.57:074][917]AssetRegistry: Info /Game/StarterContent/Textures/T_Smoke_Tiled_D
[2015.04.26-03.01.57:074][917]AssetRegistry: Info /Game/LayoutContent/Target/BP_TargetIncrement
[2015.04.26-03.01.57:074][917]AssetRegistry: Info /Game/LayoutContent/Target/BP_TargetMover
[2015.04.26-03.02.01:297][365]LogContentBrowser:Verbose: The content browser source was changed by the sources view to '/Game/Materials'
[2015.04.26-03.02.02:538][509]LogContentBrowser:Verbose: The content browser source was changed by the sources view to '/Game/StarterContent'
[2015.04.26-03.02.09:962][388]LogContentBrowser:Verbose: The content browser source was changed by the sources view to '/Game/Blueprints'
[2015.04.26-03.02.42:368][830]LogActorComponent: UnregisterComponent: (/Engine/Transient.CharMoveComp) Not registered. Aborting.
[2015.04.26-03.02.42:369][830]LogActorComponent: UnregisterComponent: (/Engine/Transient.ProjectileMovementComponent_0) Not registered. Aborting.
[2015.04.26-03.03.01:180][370]AssetRegistry: New page: Content migration completed successfully!
[2015.04.26-03.03.01:180][370]AssetRegistry: Info /Game/Blueprints/BP_CharacterLauncher
[2015.04.26-03.03.01:180][370]AssetRegistry: Info /Game/LayoutContent/BuildingBlock/RingFloor
[2015.04.26-03.03.01:180][370]AssetRegistry: Info /Game/LayoutContent/BuildingBlock/LightStone
[2015.04.26-03.03.01:180][370]AssetRegistry: Info /Game/StarterContent/Particles/P_Steam_Lit
[2015.04.26-03.03.01:180][370]AssetRegistry: Info /Game/StarterContent/Particles/Materials/M_smoke_subUV
[2015.04.26-03.03.01:180][370]AssetRegistry: Info /Game/StarterContent/Textures/T_Smoke_SubUV
[2015.04.26-03.03.01:180][370]AssetRegistry: Info /Game/StarterContent/Textures/T_Smoke_Tiled_D
[2015.04.26-03.03.01:180][370]AssetRegistry: Info /Game/Blueprints/BP_JumpPickup
[2015.04.26-03.03.01:181][370]AssetRegistry: Info /Game/StarterContent/Particles/P_Explosion
[2015.04.26-03.03.01:181][370]AssetRegistry: Info /Game/StarterContent/Particles/Materials/M_Burst
[2015.04.26-03.03.01:181][370]AssetRegistry: Info /Game/StarterContent/Textures/T_Burst_M
[2015.04.26-03.03.01:181][370]AssetRegistry: Info /Game/StarterContent/Particles/Materials/M_explosion_subUV
[2015.04.26-03.03.01:181][370]AssetRegistry: Info /Game/StarterContent/Textures/T_Explosion_SubUV
[2015.04.26-03.03.01:181][370]AssetRegistry: Info /Game/StarterContent/Particles/Materials/m_flare_01
[2015.04.26-03.03.01:181][370]AssetRegistry: Info /Game/StarterContent/Particles/Materials/M_radial_ramp
[2015.04.26-03.03.01:181][370]AssetRegistry: Info /Game/StarterContent/Shapes/Shape_WideCapsule
[2015.04.26-03.03.01:181][370]AssetRegistry: Info /Game/StarterContent/Materials/M_Basic_Wall
[2015.04.26-03.39.40:504][322]LogRenderer:Warning: Reallocating scene render targets to support 1616x1248 (Frame:61244).
[2015.04.26-03.41.43:032][974]LogActorComponent: UnregisterComponent: (/Engine/Transient.CharMoveComp) Not registered. Aborting.
[2015.04.26-03.41.43:033][974]LogActorComponent: UnregisterComponent: (/Engine/Transient.ProjectileMovementComponent_0) Not registered. Aborting.
[2015.04.26-03.41.43:057][974]LogParticles: Destroying 0 GPU particle simulations for FXSystem 0x000000000D036FC0
[2015.04.26-03.41.43:065][974]LogFileHelpers: Editor autosave (incl. sublevels) for '/Game/LayoutContent/EmptyLevel' took 0.033
[2015.04.26-03.41.43:115][974]OBJ SavePackage: Generating thumbnails for [1] asset(s) in package [/Game/Blueprints/MyFPChar] ([1] browsable assets)...
[2015.04.26-03.41.43:171][974]OBJ SavePackage:     Rendered thumbnail for [Blueprint /Game/Blueprints/MyFPChar.MyFPChar]
[2015.04.26-03.41.43:171][974]OBJ SavePackage: Finished generating thumbnails for package [/Game/Blueprints/MyFPChar]
[2015.04.26-03.41.43:173][974]Cmd: OBJ SAVEPACKAGE PACKAGE="/Game/Blueprints/MyFPChar" FILE="D:/Unreal Projects/Calexan/grumpyWheels-master/Saved/Autosaves/Game/Blueprints/MyFPChar_Auto1.uasset" SILENT=false AUTOSAVING=true
[2015.04.26-03.41.43:909][974]LogSavePackage: Save=725.909302ms
[2015.04.26-03.41.43:910][974]LogSavePackage: Moving 'D:/Unreal Projects/Calexan/grumpyWheels-master/Saved/MyFPChar_Auto1C234DFFD449E3C66E64870AD8CB31BE1.tmp' to 'D:/Unreal Projects/Calexan/grumpyWheels-master/Saved/Autosaves/Game/Blueprints/MyFPChar_Auto1.uasset'
[2015.04.26-03.41.43:916][974]LogFileHelpers: Auto-saving content packages took 0.851
[2015.04.26-03.41.58:569][600]BlueprintLog: New page: Compile MyFPChar
[2015.04.26-03.41.58:714][600]LogActorComponent: UnregisterComponent: (/Engine/Transient.CharMoveComp) Not registered. Aborting.
[2015.04.26-03.41.58:753][600]BlueprintEditorCompileResults: Info [2716.62] Compile of MyFPChar successful! [in 183 ms]
[2015.04.26-03.42.38:749][818]Cmd: TRANSACTION UNDO
[2015.04.26-03.42.38:749][818]LogEditorTransaction: Undo Delete current selection
[2015.04.26-03.42.38:775][818]LogActorComponent: UnregisterComponent: (/Engine/Transient.CharMoveComp) Not registered. Aborting.
[2015.04.26-03.42.40:686][970]Cmd: TRANSACTION UNDO
[2015.04.26-03.42.40:686][970]LogEditorTransaction: Undo Delete current selection
[2015.04.26-03.42.42:009][ 90]Cmd: TRANSACTION UNDO
[2015.04.26-03.42.42:009][ 90]LogEditorTransaction: Undo Delete current selection
[2015.04.26-03.42.55:349][416]BlueprintLog: New page: Compile MyFPChar
[2015.04.26-03.42.55:534][416]BlueprintEditorCompileResults: Info [2773.40] Compile of MyFPChar successful! [in 184 ms]
[2015.04.26-03.51.44:534][905]LogActorComponent: UnregisterComponent: (/Engine/Transient.CharMoveComp) Not registered. Aborting.
[2015.04.26-03.51.44:562][905]LogFileHelpers: Editor autosave (incl. sublevels) for '/Game/LayoutContent/EmptyLevel' took 0.028
[2015.04.26-03.51.44:609][905]OBJ SavePackage: Generating thumbnails for [1] asset(s) in package [/Game/Blueprints/MyFPChar] ([1] browsable assets)...
[2015.04.26-03.51.44:684][905]OBJ SavePackage:     Rendered thumbnail for [Blueprint /Game/Blueprints/MyFPChar.MyFPChar]
[2015.04.26-03.51.44:684][905]OBJ SavePackage: Finished generating thumbnails for package [/Game/Blueprints/MyFPChar]
[2015.04.26-03.51.44:685][905]Cmd: OBJ SAVEPACKAGE PACKAGE="/Game/Blueprints/MyFPChar" FILE="D:/Unreal Projects/Calexan/grumpyWheels-master/Saved/Autosaves/Game/Blueprints/MyFPChar_Auto2.uasset" SILENT=false AUTOSAVING=true
[2015.04.26-03.51.45:458][905]LogSavePackage: Save=763.038879ms
[2015.04.26-03.51.45:459][905]LogSavePackage: Moving 'D:/Unreal Projects/Calexan/grumpyWheels-master/Saved/MyFPChar_Auto2566FE65A4DA4C939A53358B2B67AE35E.tmp' to 'D:/Unreal Projects/Calexan/grumpyWheels-master/Saved/Autosaves/Game/Blueprints/MyFPChar_Auto2.uasset'
[2015.04.26-03.51.45:466][905]LogFileHelpers: Auto-saving content packages took 0.904
[2015.04.26-04.00.46:435][979]LogContentBrowser:Verbose: The content browser source was changed by the sources view to '/Game/Character/Animations'
[2015.04.26-04.00.48:107][157]LogContentBrowser:Verbose: The content browser source was changed by the sources view to '/Game/Character/Character'
[2015.04.26-04.02.54:553][769]LogLinker:Warning: Asset '../../../Engine/Content/Tutorial/SubEditors/PersonaAnimEditorTutorial.uasset' has been saved with empty engine version. The asset will be loaded but may be incompatible.
[2015.04.26-04.08.49:091][238]LogContentBrowser:Verbose: The content browser source was changed by the sources view to '/Game/Character/Animations'
[2015.04.26-04.09.31:559][801]LogRenderer:Warning: Reallocating scene render targets to support 1616x1264 (Frame:82598).
[2015.04.26-04.09.31:559][801]LogContentBrowser:Verbose: The majority of assets in the view are of type: AnimSequence
[2015.04.26-04.15.21:793][912]LogContentBrowser:Verbose: The content browser source was changed by the sources view to '/Game/Character'
[2015.04.26-04.15.23:360][ 97]LogContentBrowser:Verbose: The content browser source was changed by the sources view to '/Game/Character/Character'
[2015.04.26-04.26.43:400][  4]LogContentBrowser:Verbose: The majority of assets in the view are of type: AnimSequence
[2015.04.26-04.29.06:510][909]LogContentBrowser:Verbose: The majority of assets in the view are of type: AnimSequence
[2015.04.26-04.30.41:242][290]LogContentBrowser:Verbose: The content browser source was changed by the sources view to '/Game/Character/Animations'
[2015.04.26-04.31.21:403][325]LogContentBrowser:Verbose: The majority of assets in the view are of type: AnimSequence
[2015.04.26-04.33.43:260][523]LogContentBrowser:Verbose: The content browser source was changed by the sources view to '/Game/Character'
[2015.04.26-04.33.45:856][813]LogContentBrowser:Verbose: The content browser source was changed by the sources view to '/Game/Character/Character'
[2015.04.26-04.33.49:848][225]LogContentBrowser:Verbose: The content browser source was changed by the sources view to '/Game/Blueprints'
[2015.04.26-04.33.57:455][885]Cmd: OBJ SAVEPACKAGE PACKAGE="/Game/Blueprints/MyFPChar" FILE="D:/Unreal Projects/Calexan/grumpyWheels-master/Content/Blueprints/MyFPChar.uasset" SILENT=true
[2015.04.26-04.33.57:756][885]LogSavePackage: Save=290.718323ms
[2015.04.26-04.33.57:756][885]LogSavePackage: Moving 'D:/Unreal Projects/Calexan/grumpyWheels-master/Saved/MyFPCharAAA9B1F344732A6C62B6629E855529FA.tmp' to 'D:/Unreal Projects/Calexan/grumpyWheels-master/Content/Blueprints/MyFPChar.uasset'
[2015.04.26-04.34.02:898][357]LogActorComponent: UnregisterComponent: (/Engine/Transient.CharMoveComp) Not registered. Aborting.
[2015.04.26-04.34.02:898][357]LogActorComponent: UnregisterComponent: (/Engine/Transient.ProjectileMovementComponent_0) Not registered. Aborting.
[2015.04.26-04.34.02:929][357]LogParticles: Destroying 0 GPU particle simulations for FXSystem 0x00000000217D3880
[2015.04.26-04.34.02:930][357]LogParticles: Destroying 0 GPU particle simulations for FXSystem 0x0000000051093240
[2015.04.26-04.34.02:930][357]LogParticles: Destroying 0 GPU particle simulations for FXSystem 0x0000000048B1FEC0
[2015.04.26-04.34.02:931][357]LogParticles: Destroying 0 GPU particle simulations for FXSystem 0x000000004A4F3060
[2015.04.26-04.34.02:933][357]LogParticles: Destroying 0 GPU particle simulations for FXSystem 0x00000000546F74C0
[2015.04.26-04.34.02:933][357]LogParticles: Destroying 0 GPU particle simulations for FXSystem 0x000000004D7F9800
[2015.04.26-04.34.02:934][357]LogParticles: Destroying 0 GPU particle simulations for FXSystem 0x000000004D7F87C0
[2015.04.26-04.34.02:934][357]LogParticles: Destroying 0 GPU particle simulations for FXSystem 0x000000004F3F6FC0
[2015.04.26-04.34.02:934][357]LogParticles: Destroying 0 GPU particle simulations for FXSystem 0x0000000028686DE0
[2015.04.26-04.34.02:935][357]LogParticles: Destroying 0 GPU particle simulations for FXSystem 0x000000004E4FD1C0
[2015.04.26-04.34.02:935][357]LogParticles: Destroying 0 GPU particle simulations for FXSystem 0x00000000456DB880
[2015.04.26-04.34.02:935][357]LogParticles: Destroying 0 GPU particle simulations for FXSystem 0x000000002185DEE0
[2015.04.26-04.34.02:936][357]LogParticles: Destroying 0 GPU particle simulations for FXSystem 0x0000000051F413A0
[2015.04.26-04.34.02:937][357]LogParticles: Destroying 0 GPU particle simulations for FXSystem 0x000000004F2E8B80
[2015.04.26-04.34.02:937][357]LogParticles: Destroying 0 GPU particle simulations for FXSystem 0x0000000029A836A0
[2015.04.26-04.34.02:938][357]LogParticles: Destroying 0 GPU particle simulations for FXSystem 0x000000004D946160
[2015.04.26-04.34.02:938][357]LogParticles: Destroying 0 GPU particle simulations for FXSystem 0x0000000059E1A020
[2015.04.26-04.34.36:967][288]AssetRegistry: New page: Content migration completed successfully!
[2015.04.26-04.34.36:967][288]AssetRegistry: Info /Game/Blueprints/MyFPChar
[2015.04.26-04.34.36:967][288]AssetRegistry: Info /Game/Character/Character/FirstPerson_AnimBlueprint
[2015.04.26-04.34.36:967][288]AssetRegistry: Info /Game/Character/Animations/ThirdPersonJump_End
[2015.04.26-04.34.36:967][288]AssetRegistry: Info /Game/Character/Character/ThirdPersonSkeleton
[2015.04.26-04.34.36:967][288]AssetRegistry: Info /Game/Character/Character/FirstPersonSkelMesh
[2015.04.26-04.34.36:968][288]AssetRegistry: Info /Game/Character/Animations/ThirdPersonJump_Loop
[2015.04.26-04.34.36:968][288]AssetRegistry: Info /Game/Character/Animations/ThirdPersonJump_Start
[2015.04.26-04.34.36:968][288]AssetRegistry: Info /Game/Character/Character/ThirdPersonIdleRun
[2015.04.26-04.34.36:968][288]AssetRegistry: Info /Game/Character/Animations/ThirdPersonIdle
[2015.04.26-04.34.36:968][288]AssetRegistry: Info /Game/Character/Animations/ThirdPersonRun
[2015.04.26-04.34.36:968][288]AssetRegistry: Info /Game/Character/Animations/ThirdPersonWalk
[2015.04.26-04.34.36:968][288]AssetRegistry: Info /Game/Blueprints/BPI_UseInterface
[2015.04.26-04.34.36:968][288]AssetRegistry: Info /Game/Blueprints/MyCustomProjectile
[2015.04.26-04.34.36:968][288]AssetRegistry: Info /Game/LayoutContent/BuildingBlock/LightStone2
[2015.04.26-04.34.36:968][288]AssetRegistry: Info /Game/StarterContent/Shapes/Shape_Sphere
[2015.04.26-04.34.36:968][288]AssetRegistry: Info /Game/StarterContent/Materials/M_Basic_Wall
[2015.04.26-04.34.36:968][288]AssetRegistry: Info /Game/Materials/M_Reticle
[2015.04.26-04.35.37:773][505]LogActorComponent: UnregisterComponent: (/Engine/Transient.CharMoveComp) Not registered. Aborting.
[2015.04.26-04.35.37:773][505]LogActorComponent: UnregisterComponent: (/Engine/Transient.ProjectileMovementComponent_0) Not registered. Aborting.
[2015.04.26-04.35.51:338][736]LogDesktopPlatform:Warning: Error reading results of folder dialog.
[2015.04.26-04.35.55:058][ 79]LogActorComponent: UnregisterComponent: (/Engine/Transient.CharMoveComp) Not registered. Aborting.
[2015.04.26-04.35.55:058][ 79]LogActorComponent: UnregisterComponent: (/Engine/Transient.ProjectileMovementComponent_0) Not registered. Aborting.
[2015.04.26-04.37.30:307][456]AssetRegistry: New page: Content migration completed successfully!
[2015.04.26-04.37.30:307][456]AssetRegistry: Info /Game/Blueprints/MyFPChar
[2015.04.26-04.37.30:307][456]AssetRegistry: Info /Game/Character/Character/FirstPerson_AnimBlueprint
[2015.04.26-04.37.30:307][456]AssetRegistry: Info /Game/Character/Animations/ThirdPersonJump_End
[2015.04.26-04.37.30:307][456]AssetRegistry: Info /Game/Character/Character/ThirdPersonSkeleton
[2015.04.26-04.37.30:307][456]AssetRegistry: Info /Game/Character/Character/FirstPersonSkelMesh
[2015.04.26-04.37.30:307][456]AssetRegistry: Info /Game/Character/Animations/ThirdPersonJump_Loop
[2015.04.26-04.37.30:307][456]AssetRegistry: Info /Game/Character/Animations/ThirdPersonJump_Start
[2015.04.26-04.37.30:307][456]AssetRegistry: Info /Game/Character/Character/ThirdPersonIdleRun
[2015.04.26-04.37.30:307][456]AssetRegistry: Info /Game/Character/Animations/ThirdPersonIdle
[2015.04.26-04.37.30:307][456]AssetRegistry: Info /Game/Character/Animations/ThirdPersonRun
[2015.04.26-04.37.30:307][456]AssetRegistry: Info /Game/Character/Animations/ThirdPersonWalk
[2015.04.26-04.37.30:307][456]AssetRegistry: Info /Game/Blueprints/BPI_UseInterface
[2015.04.26-04.37.30:307][456]AssetRegistry: Info /Game/Blueprints/MyCustomProjectile
[2015.04.26-04.37.30:307][456]AssetRegistry: Info /Game/LayoutContent/BuildingBlock/LightStone2
[2015.04.26-04.37.30:307][456]AssetRegistry: Info /Game/StarterContent/Shapes/Shape_Sphere
[2015.04.26-04.37.30:307][456]AssetRegistry: Info /Game/StarterContent/Materials/M_Basic_Wall
[2015.04.26-04.37.30:308][456]AssetRegistry: Info /Game/Materials/M_Reticle
[2015.04.26-04.37.43:045][281]LogUProjectInfo: Found projects:
[2015.04.26-04.37.52:616][351]Cmd: CLOSE_SLATE_MAINFRAME
[2015.04.26-04.37.52:617][351]LogActorComponent: UnregisterComponent: (/Engine/Transient.CharMoveComp) Not registered. Aborting.
[2015.04.26-04.37.52:618][351]LogActorComponent: UnregisterComponent: (/Engine/Transient.ProjectileMovementComponent_0) Not registered. Aborting.
[2015.04.26-04.37.53:125][352]Cmd: QUIT_EDITOR
[2015.04.26-04.37.53:426][352]LogExit: Preparing to exit.
[2015.04.26-04.37.54:396][352]LogExit: Editor shut down
[2015.04.26-04.37.54:396][352]LogExit: Transaction tracking system shut down
[2015.04.26-04.37.54:399][352]LogParticles: Destroying 0 GPU particle simulations for FXSystem 0x0000000018939E40
[2015.04.26-04.37.54:399][352]LogParticles: Destroying 0 GPU particle simulations for FXSystem 0x000000000A9EBBA0
[2015.04.26-04.37.54:399][352]LogParticles: Destroying 0 GPU particle simulations for FXSystem 0x000000000D602340
[2015.04.26-04.37.54:400][352]LogParticles: Destroying 0 GPU particle simulations for FXSystem 0x0000000021231440
[2015.04.26-04.37.54:400][352]LogParticles: Destroying 0 GPU particle simulations for FXSystem 0x000000000D7A7560
[2015.04.26-04.37.54:401][352]LogParticles: Destroying 0 GPU particle simulations for FXSystem 0x000000000D7A7CE0
[2015.04.26-04.37.54:401][352]LogParticles: Destroying 0 GPU particle simulations for FXSystem 0x0000000025DDEAC0
[2015.04.26-04.37.54:401][352]LogParticles: Destroying 0 GPU particle simulations for FXSystem 0x000000000D112E80
[2015.04.26-04.37.54:401][352]LogParticles: Destroying 0 GPU particle simulations for FXSystem 0x000000004E4FF740
[2015.04.26-04.37.54:401][352]LogParticles: Destroying 0 GPU particle simulations for FXSystem 0x000000004E4FE020
[2015.04.26-04.37.54:471][352]LogParticles: Destroying 0 GPU particle simulations for FXSystem 0x0000000059C5E3E0
[2015.04.26-04.37.54:471][352]LogParticles: Destroying 0 GPU particle simulations for FXSystem 0x0000000058DF87C0
[2015.04.26-04.37.54:471][352]LogExit: Object subsystem successfully closed.
[2015.04.26-04.37.54:517][352]LogModuleManager: Shutting down and abandoning module ExternalImagePicker (178)
[2015.04.26-04.37.54:517][352]LogModuleManager: Shutting down and abandoning module CrashTracker (177)
[2015.04.26-04.37.54:517][352]LogModuleManager: Shutting down and abandoning module SuperSearch (176)
[2015.04.26-04.37.54:517][352]LogModuleManager: Shutting down and abandoning module SceneOutliner (175)
[2015.04.26-04.37.54:517][352]LogModuleManager: Shutting down and abandoning module EditorWidgets (174)
[2015.04.26-04.37.54:517][352]LogModuleManager: Shutting down and abandoning module CollectionManager (173)
[2015.04.26-04.37.54:517][352]LogModuleManager: Shutting down and abandoning module StatsViewer (172)
[2015.04.26-04.37.54:517][352]LogModuleManager: Shutting down and abandoning module FoliageEdit (171)
[2015.04.26-04.37.54:517][352]LogModuleManager: Shutting down and abandoning module LandscapeEditor (170)
[2015.04.26-04.37.54:517][352]LogModuleManager: Shutting down and abandoning module MeshPaint (169)
[2015.04.26-04.37.54:517][352]LogModuleManager: Shutting down and abandoning module ActorPickerMode (168)
[2015.04.26-04.37.54:517][352]LogModuleManager: Shutting down and abandoning module GeometryMode (167)
[2015.04.26-04.37.54:517][352]LogModuleManager: Shutting down and abandoning module TextureAlignMode (166)
[2015.04.26-04.37.54:517][352]LogModuleManager: Shutting down and abandoning module BspMode (165)
[2015.04.26-04.37.54:517][352]LogModuleManager: Shutting down and abandoning module PlacementMode (164)
[2015.04.26-04.37.54:517][352]LogModuleManager: Shutting down and abandoning module AutomationWorker (163)
[2015.04.26-04.37.54:517][352]LogModuleManager: Shutting down and abandoning module CharacterAI (162)
[2015.04.26-04.37.54:517][352]LogModuleManager: Shutting down and abandoning module SmartSnapping (161)
[2015.04.26-04.37.54:517][352]LogModuleManager: Shutting down and abandoning module ViewportSnapping (160)
[2015.04.26-04.37.54:517][352]LogModuleManager: Shutting down and abandoning module LogVisualizer (159)
[2015.04.26-04.37.54:517][352]LogModuleManager: Shutting down and abandoning module GameProjectGeneration (158)
[2015.04.26-04.37.54:517][352]LogModuleManager: Shutting down and abandoning module IntroTutorials (157)
[2015.04.26-04.37.54:517][352]LogModuleManager: Shutting down and abandoning module EditorLiveStreaming (156)
[2015.04.26-04.37.54:517][352]LogModuleManager: Shutting down and abandoning module HardwareTargeting (155)
[2015.04.26-04.37.54:518][352]LogModuleManager: Shutting down and abandoning module DeviceProfileEditor (154)
[2015.04.26-04.37.54:518][352]LogModuleManager: Shutting down and abandoning module UndoHistory (153)
[2015.04.26-04.37.54:518][352]LogModuleManager: Shutting down and abandoning module GameplayTagsEditor (152)
[2015.04.26-04.37.54:518][352]LogModuleManager: Shutting down and abandoning module UserFeedback (151)
[2015.04.26-04.37.54:518][352]LogModuleManager: Shutting down and abandoning module XmlParser (150)
[2015.04.26-04.37.54:518][352]LogModuleManager: Shutting down and abandoning module Blutility (149)
[2015.04.26-04.37.54:518][352]LogModuleManager: Shutting down and abandoning module IOSPlatformEditor (148)
[2015.04.26-04.37.54:518][352]LogModuleManager: Shutting down and abandoning module IOSRuntimeSettings (147)
[2015.04.26-04.37.54:518][352]LogModuleManager: Shutting down and abandoning module AndroidDeviceDetection (146)
[2015.04.26-04.37.54:520][352]LogModuleManager: Shutting down and abandoning module AndroidPlatformEditor (145)
[2015.04.26-04.37.54:520][352]LogModuleManager: Shutting down and abandoning module AndroidRuntimeSettings (144)
[2015.04.26-04.37.54:520][352]LogModuleManager: Shutting down and abandoning module ProjectTargetPlatformEditor (143)
[2015.04.26-04.37.54:520][352]LogModuleManager: Shutting down and abandoning module ProjectSettingsViewer (142)
[2015.04.26-04.37.54:520][352]LogModuleManager: Shutting down and abandoning module InputBindingEditor (141)
[2015.04.26-04.37.54:520][352]LogModuleManager: Shutting down and abandoning module EditorSettingsViewer (140)
[2015.04.26-04.37.54:520][352]LogModuleManager: Shutting down and abandoning module SettingsEditor (139)
[2015.04.26-04.37.54:520][352]LogModuleManager: Shutting down and abandoning module ProjectLauncher (138)
[2015.04.26-04.37.54:520][352]LogModuleManager: Shutting down and abandoning module SessionFrontend (137)
[2015.04.26-04.37.54:520][352]LogModuleManager: Shutting down and abandoning module ProfilerClient (136)
[2015.04.26-04.37.54:520][352]LogModuleManager: Shutting down and abandoning module TargetDeviceServices (135)
[2015.04.26-04.37.54:520][352]LogModuleManager: Shutting down and abandoning module DeviceManager (134)
[2015.04.26-04.37.54:520][352]LogModuleManager: Shutting down and abandoning module AutomationController (133)
[2015.04.26-04.37.54:520][352]LogModuleManager: Shutting down and abandoning module AutomationWindow (132)
[2015.04.26-04.37.54:520][352]LogModuleManager: Shutting down and abandoning module Layers (131)
[2015.04.26-04.37.54:520][352]LogModuleManager: Shutting down and abandoning module ComponentVisualizers (130)
[2015.04.26-04.37.54:520][352]LogModuleManager: Shutting down and abandoning module DetailCustomizations (129)
[2015.04.26-04.37.54:520][352]LogModuleManager: Shutting down and abandoning module PackagesDialog (128)
[2015.04.26-04.37.54:520][352]LogModuleManager: Shutting down and abandoning module AssetRegistry (127)
[2015.04.26-04.37.54:557][352]LogModuleManager: Shutting down and abandoning module Persona (126)
[2015.04.26-04.37.54:557][352]LogModuleManager: Shutting down and abandoning module SlateReflector (125)
[2015.04.26-04.37.54:557][352]LogModuleManager: Shutting down and abandoning module LevelEditor (124)
[2015.04.26-04.37.54:559][352]LogModuleManager: Shutting down and abandoning module Kismet (123)
[2015.04.26-04.37.54:559][352]LogModuleManager: Shutting down and abandoning module GraphEditor (122)
[2015.04.26-04.37.54:559][352]LogModuleManager: Shutting down and abandoning module ClassViewer (121)
[2015.04.26-04.37.54:559][352]LogModuleManager: Shutting down and abandoning module Toolbox (120)
[2015.04.26-04.37.54:559][352]LogModuleManager: Shutting down and abandoning module ModuleUI (119)
[2015.04.26-04.37.54:559][352]LogModuleManager: Shutting down and abandoning module MovieSceneTools (118)
[2015.04.26-04.37.54:559][352]LogModuleManager: Shutting down and abandoning module OutputLog (117)
[2015.04.26-04.37.54:559][352]LogModuleManager: Shutting down and abandoning module GammaUI (116)
[2015.04.26-04.37.54:559][352]LogModuleManager: Shutting down and abandoning module Documentation (115)
[2015.04.26-04.37.54:559][352]LogModuleManager: Shutting down and abandoning module GameLiveStreaming (114)
[2015.04.26-04.37.54:559][352]LogModuleManager: Shutting down and abandoning module StreamingPauseRendering (113)
[2015.04.26-04.37.54:559][352]LogModuleManager: Shutting down and abandoning module HTTP (112)
[2015.04.26-04.37.54:559][352]LogModuleManager: Shutting down and abandoning module AnalyticsET (111)
[2015.04.26-04.37.54:559][352]LogModuleManager: Shutting down and abandoning module Analytics (110)
[2015.04.26-04.37.54:559][352]LogModuleManager: Shutting down and abandoning module AITestSuite (109)
[2015.04.26-04.37.54:559][352]LogModuleManager: Shutting down and abandoning module GameplayDebugger (108)
[2015.04.26-04.37.54:559][352]LogModuleManager: Shutting down and abandoning module AIModule (107)
[2015.04.26-04.37.54:559][352]LogModuleManager: Shutting down and abandoning module ProfilerService (106)
[2015.04.26-04.37.54:747][352]LogModuleManager: Shutting down and abandoning module TaskGraph (105)
[2015.04.26-04.37.54:747][352]LogModuleManager: Shutting down and abandoning module SlateRemote (104)
[2015.04.26-04.37.54:747][352]LogModuleManager: Shutting down and abandoning module ScriptEditorPlugin (103)
[2015.04.26-04.37.54:747][352]LogModuleManager: Shutting down and abandoning module CustomMeshComponent (102)
[2015.04.26-04.37.54:747][352]LogModuleManager: Shutting down and abandoning module CableComponent (101)
[2015.04.26-04.37.54:747][352]LogModuleManager: Shutting down and abandoning module MessagingDebugger (100)
[2015.04.26-04.37.54:747][352]LogModuleManager: Shutting down and abandoning module MediaPlayerEditor (99)
[2015.04.26-04.37.54:747][352]LogModuleManager: Shutting down and abandoning module SpeedTreeImporter (98)
[2015.04.26-04.37.54:747][352]LogModuleManager: Shutting down and abandoning module PluginsEditor (97)
[2015.04.26-04.37.54:747][352]LogModuleManager: Shutting down and abandoning module MainFrame (96)
[2015.04.26-04.37.54:747][352]LogModuleManager: Shutting down and abandoning module EpicSurvey (95)
[2015.04.26-04.37.54:747][352]LogModuleManager: Shutting down and abandoning module DesktopPlatform (94)
[2015.04.26-04.37.54:747][352]LogModuleManager: Shutting down and abandoning module DirectoryWatcher (93)
[2015.04.26-04.37.54:747][352]LogModuleManager: Shutting down and abandoning module HotReload (92)
[2015.04.26-04.37.54:748][352]LogModuleManager: Shutting down and abandoning module VisualStudioSourceCodeAccess (91)
[2015.04.26-04.37.54:748][352]LogModuleManager: Shutting down and abandoning module UObjectPlugin (90)
[2015.04.26-04.37.54:748][352]LogModuleManager: Shutting down and abandoning module SubversionSourceControl (89)
[2015.04.26-04.37.54:748][352]LogModuleManager: Shutting down and abandoning module PerforceSourceControl (88)
[2015.04.26-04.37.54:748][352]LogModuleManager: Shutting down and abandoning module SourceControl (87)
[2015.04.26-04.37.54:748][352]LogModuleManager: Shutting down and abandoning module GitSourceControl (86)
[2015.04.26-04.37.54:748][352]LogModuleManager: Shutting down and abandoning module BlankPlugin (85)
[2015.04.26-04.37.54:748][352]LogModuleManager: Shutting down and abandoning module PaperTiledImporter (84)
[2015.04.26-04.37.54:748][352]LogModuleManager: Shutting down and abandoning module PaperJsonImporter (83)
[2015.04.26-04.37.54:748][352]LogModuleManager: Shutting down and abandoning module ContentBrowser (82)
[2015.04.26-04.37.54:749][352]LogModuleManager: Shutting down and abandoning module Paper2DEditor (81)
[2015.04.26-04.37.54:749][352]LogModuleManager: Shutting down and abandoning module ScriptPlugin (80)
[2015.04.26-04.37.54:750][352]LogModuleManager: Shutting down and abandoning module UdpMessaging (79)
[2015.04.26-04.37.54:850][352]LogModuleManager: Shutting down and abandoning module Paper2D (78)
[2015.04.26-04.37.54:850][352]LogModuleManager: Shutting down and abandoning module WindowsMoviePlayer (77)
[2015.04.26-04.37.54:855][352]LogModuleManager: Shutting down and abandoning module Media (76)
[2015.04.26-04.37.54:855][352]LogModuleManager: Shutting down and abandoning module WmfMedia (75)
[2015.04.26-04.37.54:855][352]LogModuleManager: Shutting down and abandoning module OnlineBlueprintSupport (74)
[2015.04.26-04.37.54:855][352]LogModuleManager: Shutting down and abandoning module PropertyEditor (73)
[2015.04.26-04.37.54:855][352]LogModuleManager: Shutting down and abandoning module BehaviorTreeEditor (72)
[2015.04.26-04.37.54:855][352]LogModuleManager: Shutting down and abandoning module FunctionalTesting (71)
[2015.04.26-04.37.54:855][352]LogModuleManager: Shutting down and abandoning module CollisionAnalyzer (70)
[2015.04.26-04.37.54:855][352]LogModuleManager: Shutting down and abandoning module WorkspaceMenuStructure (69)
[2015.04.26-04.37.54:855][352]LogModuleManager: Shutting down and abandoning module MessageLog (68)
[2015.04.26-04.37.54:855][352]LogModuleManager: Shutting down and abandoning module Sequencer (67)
[2015.04.26-04.37.54:855][352]LogModuleManager: Shutting down and abandoning module AssetTools (66)
[2015.04.26-04.37.54:855][352]LogModuleManager: Shutting down and abandoning module UMGEditor (65)
[2015.04.26-04.37.54:855][352]LogModuleManager: Shutting down and abandoning module UMG (64)
[2015.04.26-04.37.54:855][352]LogModuleManager: Shutting down and abandoning module Slate (63)
[2015.04.26-04.37.54:855][352]LogModuleManager: Shutting down and abandoning module EditorStyle (62)
[2015.04.26-04.37.54:862][352]LogModuleManager: Shutting down and abandoning module SessionServices (61)
[2015.04.26-04.37.54:863][352]LogModuleManager: Shutting down and abandoning module SourceCodeAccess (60)
[2015.04.26-04.37.54:863][352]LogModuleManager: Shutting down and abandoning module HeadMountedDisplay (59)
[2015.04.26-04.37.54:863][352]LogModuleManager: Shutting down and abandoning module XAudio2 (58)
[2015.04.26-04.37.54:863][352]LogModuleManager: Shutting down and abandoning module Networking (56)
[2015.04.26-04.37.54:863][352]LogModuleManager: Shutting down and abandoning module Core (55)
[2015.04.26-04.37.54:863][352]LogModuleManager: Shutting down and abandoning module KismetCompiler (54)
[2015.04.26-04.37.54:863][352]LogModuleManager: Shutting down and abandoning module PhysXFormats (53)
[2015.04.26-04.37.54:863][352]LogModuleManager: Shutting down and abandoning module MeshUtilities (52)
[2015.04.26-04.37.54:863][352]LogModuleManager: Shutting down and abandoning module DerivedDataCache (51)
[2015.04.26-04.37.54:895][352]LogDerivedDataCache: Shutdown
[2015.04.26-04.37.54:895][352]LogModuleManager: Shutting down and abandoning module ShaderFormatOpenGL (50)
[2015.04.26-04.37.54:895][352]LogModuleManager: Shutting down and abandoning module ShaderFormatD3D (49)
[2015.04.26-04.37.54:895][352]LogModuleManager: Shutting down and abandoning module MetalShaderFormat (48)
[2015.04.26-04.37.54:895][352]LogModuleManager: Shutting down and abandoning module TextureFormatUncompressed (47)
[2015.04.26-04.37.54:895][352]LogModuleManager: Shutting down and abandoning module TextureFormatPVR (46)
[2015.04.26-04.37.54:895][352]LogModuleManager: Shutting down and abandoning module TextureFormatIntelISPCTexComp (45)
[2015.04.26-04.37.54:895][352]LogModuleManager: Shutting down and abandoning module TextureFormatDXT (44)
[2015.04.26-04.37.54:895][352]LogModuleManager: Shutting down and abandoning module ImageWrapper (43)
[2015.04.26-04.37.54:895][352]LogModuleManager: Shutting down and abandoning module TextureFormatASTC (42)
[2015.04.26-04.37.54:895][352]LogModuleManager: Shutting down and abandoning module TextureFormatAndroid (41)
[2015.04.26-04.37.54:895][352]LogModuleManager: Shutting down and abandoning module AudioFormatOpus (40)
[2015.04.26-04.37.54:895][352]LogModuleManager: Shutting down and abandoning module AudioFormatOgg (39)
[2015.04.26-04.37.54:895][352]LogModuleManager: Shutting down and abandoning module AudioFormatADPCM (38)
[2015.04.26-04.37.54:895][352]LogModuleManager: Shutting down and abandoning module LinuxTargetPlatform (37)
[2015.04.26-04.37.54:895][352]LogModuleManager: Shutting down and abandoning module LinuxServerTargetPlatform (36)
[2015.04.26-04.37.54:895][352]LogModuleManager: Shutting down and abandoning module LinuxNoEditorTargetPlatform (35)
[2015.04.26-04.37.54:895][352]LogModuleManager: Shutting down and abandoning module Messaging (34)
[2015.04.26-04.37.54:895][352]LogModuleManager: Shutting down and abandoning module IOSTargetPlatform (33)
[2015.04.26-04.37.54:895][352]LogModuleManager: Shutting down and abandoning module HTML5TargetPlatform (32)
[2015.04.26-04.37.54:895][352]LogModuleManager: Shutting down and abandoning module Android_PVRTCTargetPlatform (31)
[2015.04.26-04.37.54:895][352]LogModuleManager: Shutting down and abandoning module Android_ETC2TargetPlatform (30)
[2015.04.26-04.37.54:895][352]LogModuleManager: Shutting down and abandoning module Android_ETC1TargetPlatform (29)
[2015.04.26-04.37.54:895][352]LogModuleManager: Shutting down and abandoning module Android_ES31TargetPlatform (28)
[2015.04.26-04.37.54:895][352]LogModuleManager: Shutting down and abandoning module Android_DXTTargetPlatform (27)
[2015.04.26-04.37.54:895][352]LogModuleManager: Shutting down and abandoning module Android_ATCTargetPlatform (26)
[2015.04.26-04.37.54:895][352]LogModuleManager: Shutting down and abandoning module AndroidTargetPlatform (25)
[2015.04.26-04.37.54:895][352]LogModuleManager: Shutting down and abandoning module WindowsTargetPlatform (24)
[2015.04.26-04.37.54:895][352]LogModuleManager: Shutting down and abandoning module WindowsServerTargetPlatform (23)
[2015.04.26-04.37.54:895][352]LogModuleManager: Shutting down and abandoning module WindowsNoEditorTargetPlatform (22)
[2015.04.26-04.37.54:895][352]LogModuleManager: Shutting down and abandoning module WindowsClientTargetPlatform (21)
[2015.04.26-04.37.54:895][352]LogModuleManager: Shutting down and abandoning module TargetPlatform (20)
[2015.04.26-04.37.54:895][352]LogModuleManager: Shutting down and abandoning module InputCore (19)
[2015.04.26-04.37.54:895][352]LogModuleManager: Shutting down and abandoning module Settings (18)
[2015.04.26-04.37.54:896][352]LogModuleManager: Shutting down and abandoning module OnlineSubsystem (16)
[2015.04.26-04.37.54:896][352]LogModuleManager: Shutting down and abandoning module OculusRift (15)
[2015.04.26-04.37.54:896][352]LogModuleManager: Shutting down and abandoning module ExampleDeviceProfileSelector (14)
[2015.04.26-04.37.54:896][352]LogModuleManager: Shutting down and abandoning module TextureCompressor (13)
[2015.04.26-04.37.54:896][352]LogModuleManager: Shutting down and abandoning module ShaderCore (12)
[2015.04.26-04.37.54:896][352]LogModuleManager: Shutting down and abandoning module Landscape (11)
[2015.04.26-04.37.54:896][352]LogModuleManager: Shutting down and abandoning module SlateRHIRenderer (10)
[2015.04.26-04.37.54:900][352]LogModuleManager: Shutting down and abandoning module OpenGLDrv (9)
[2015.04.26-04.37.54:900][352]LogModuleManager: Shutting down and abandoning module D3D11RHI (8)
[2015.04.26-04.37.54:900][352]LogModuleManager: Shutting down and abandoning module Renderer (7)
[2015.04.26-04.37.54:900][352]LogModuleManager: Shutting down and abandoning module Engine (6)
[2015.04.26-04.37.54:900][352]LogModuleManager: Shutting down and abandoning module CoreUObject (5)
[2015.04.26-04.37.54:900][352]LogModuleManager: Shutting down and abandoning module NetworkFile (4)
[2015.04.26-04.37.54:900][352]LogModuleManager: Shutting down and abandoning module StreamingFile (3)
[2015.04.26-04.37.54:900][352]LogModuleManager: Shutting down and abandoning module SandboxFile (2)
[2015.04.26-04.37.54:900][352]LogModuleManager: Shutting down and abandoning module PakFile (1)
[2015.04.26-04.37.54:901][352]LogExit: Exiting.
[2015.04.26-04.37.54:924][352]Log file closed, 04/25/15 21:37:54
